== SUBMISSION (2025-08-21 21:14:52)
-- CODE: 
Nome = input()
Idade = input()
Altura = input()
print(Evelyn, Nome)
print(19, Idade)
print(162, Altura)
-- EXECUTION TIME: 
0.0
-- TEST CASE 1:
---- input:
Teresa
13
1.45
---- correct output:
Nome: Teresa
Idade: 13
Altura: 1.45
-- ERROR:
Traceback (most recent call last):
  File "XXXX", line 4, in <module>
    print(Evelyn, Nome)
          ^^^^^^
NameError: name 'Evelyn' is not defined
-- TEST CASE 2:
---- input:
Marcelo
34
1.79
---- correct output:
Nome: Marcelo
Idade: 34
Altura: 1.79
-- ERROR:
Traceback (most recent call last):
  File "XXXX", line 4, in <module>
    print(Evelyn, Nome)
          ^^^^^^
NameError: name 'Evelyn' is not defined
-- TEST CASE 3:
---- input:
Larissa
23
1.68
---- correct output:
Nome: Larissa
Idade: 23
Altura: 1.68
-- ERROR:
Traceback (most recent call last):
  File "XXXX", line 4, in <module>
    print(Evelyn, Nome)
          ^^^^^^
NameError: name 'Evelyn' is not defined
-- TEST CASE 4:
---- input:
Jose
45
1.89
---- correct output:
Nome: Jose
Idade: 45
Altura: 1.89
-- ERROR:
Traceback (most recent call last):
  File "XXXX", line 4, in <module>
    print(Evelyn, Nome)
          ^^^^^^
NameError: name 'Evelyn' is not defined
-- GRADE:
0%
*-*-*-*-*-*-*-*-*-*-*-*-*-*-*-*-*-*-*-*-*-*-*-*
== SUBMISSION (2025-08-21 21:32:29)
-- CODE: 
nome = input(Evelyn)
idade = input(19)
altura = input(162)
print("Nome:", nome)
print("Idade", idade)
print(altura), altura
-- EXECUTION TIME: 
0.0
-- TEST CASE 1:
---- input:
Teresa
13
1.45
---- correct output:
Nome: Teresa
Idade: 13
Altura: 1.45
-- ERROR:
Traceback (most recent call last):
  File "XXXX", line 1, in <module>
    nome = input(Evelyn)
                 ^^^^^^
NameError: name 'Evelyn' is not defined
-- TEST CASE 2:
---- input:
Marcelo
34
1.79
---- correct output:
Nome: Marcelo
Idade: 34
Altura: 1.79
-- ERROR:
Traceback (most recent call last):
  File "XXXX", line 1, in <module>
    nome = input(Evelyn)
                 ^^^^^^
NameError: name 'Evelyn' is not defined
-- TEST CASE 3:
---- input:
Larissa
23
1.68
---- correct output:
Nome: Larissa
Idade: 23
Altura: 1.68
-- ERROR:
Traceback (most recent call last):
  File "XXXX", line 1, in <module>
    nome = input(Evelyn)
                 ^^^^^^
NameError: name 'Evelyn' is not defined
-- TEST CASE 4:
---- input:
Jose
45
1.89
---- correct output:
Nome: Jose
Idade: 45
Altura: 1.89
-- ERROR:
Traceback (most recent call last):
  File "XXXX", line 1, in <module>
    nome = input(Evelyn)
                 ^^^^^^
NameError: name 'Evelyn' is not defined
-- GRADE:
0%
*-*-*-*-*-*-*-*-*-*-*-*-*-*-*-*-*-*-*-*-*-*-*-*
== SUBMISSION (2025-08-21 21:02:21)
-- CODE: 
"Nome= Evelyn"
"Idade= 19"
"Altura= 162"
-- EXECUTION TIME: 
0.01
-- TEST CASE 1:
---- input:
Teresa
13
1.45
---- correct output:
Nome: Teresa
Idade: 13
Altura: 1.45
---- user output:
None
-- TEST CASE 2:
---- input:
Marcelo
34
1.79
---- correct output:
Nome: Marcelo
Idade: 34
Altura: 1.79
---- user output:
None
-- TEST CASE 3:
---- input:
Larissa
23
1.68
---- correct output:
Nome: Larissa
Idade: 23
Altura: 1.68
---- user output:
None
-- TEST CASE 4:
---- input:
Jose
45
1.89
---- correct output:
Nome: Jose
Idade: 45
Altura: 1.89
---- user output:
None
-- GRADE:
0%
*-*-*-*-*-*-*-*-*-*-*-*-*-*-*-*-*-*-*-*-*-*-*-*
== RUN (2025-08-21 21:28:08)
-- CODE: 
input(nome)
input(idade)
input(altura)
print("evelyn")
print("19")
print("162")
-- EXECUTION TIME: 
0.0
-- TEST CASE 1:
---- input:
Teresa
13
1.45
---- correct output:
Nome: Teresa
Idade: 13
Altura: 1.45
-- ERROR:
Traceback (most recent call last):
  File "XXXX", line 1, in <module>
    input(nome)
          ^^^^
NameError: name 'nome' is not defined. Did you mean: 'None'?
-- TEST CASE 2:
---- input:
Marcelo
34
1.79
---- correct output:
Nome: Marcelo
Idade: 34
Altura: 1.79
-- ERROR:
Traceback (most recent call last):
  File "XXXX", line 1, in <module>
    input(nome)
          ^^^^
NameError: name 'nome' is not defined. Did you mean: 'None'?
-- TEST CASE 3:
---- input:
Larissa
23
1.68
---- correct output:
Nome: Larissa
Idade: 23
Altura: 1.68
-- ERROR:
Traceback (most recent call last):
  File "XXXX", line 1, in <module>
    input(nome)
          ^^^^
NameError: name 'nome' is not defined. Did you mean: 'None'?
-- TEST CASE 4:
---- input:
Jose
45
1.89
---- correct output:
Nome: Jose
Idade: 45
Altura: 1.89
-- ERROR:
Traceback (most recent call last):
  File "XXXX", line 1, in <module>
    input(nome)
          ^^^^
NameError: name 'nome' is not defined. Did you mean: 'None'?
*-*-*-*-*-*-*-*-*-*-*-*-*-*-*-*-*-*-*-*-*-*-*-*
== RUN (2025-08-21 21:33:24)
-- CODE: 
nome = input(Evelyn)
idade = input(19)
altura = input(162)
print("Nome:" , nome)
print("Idade:" , idade)
print("altura:" , altura)
-- EXECUTION TIME: 
0.0
-- TEST CASE 1:
---- input:
Teresa
13
1.45
---- correct output:
Nome: Teresa
Idade: 13
Altura: 1.45
-- ERROR:
Traceback (most recent call last):
  File "XXXX", line 1, in <module>
    nome = input(Evelyn)
                 ^^^^^^
NameError: name 'Evelyn' is not defined
-- TEST CASE 2:
---- input:
Marcelo
34
1.79
---- correct output:
Nome: Marcelo
Idade: 34
Altura: 1.79
-- ERROR:
Traceback (most recent call last):
  File "XXXX", line 1, in <module>
    nome = input(Evelyn)
                 ^^^^^^
NameError: name 'Evelyn' is not defined
-- TEST CASE 3:
---- input:
Larissa
23
1.68
---- correct output:
Nome: Larissa
Idade: 23
Altura: 1.68
-- ERROR:
Traceback (most recent call last):
  File "XXXX", line 1, in <module>
    nome = input(Evelyn)
                 ^^^^^^
NameError: name 'Evelyn' is not defined
-- TEST CASE 4:
---- input:
Jose
45
1.89
---- correct output:
Nome: Jose
Idade: 45
Altura: 1.89
-- ERROR:
Traceback (most recent call last):
  File "XXXX", line 1, in <module>
    nome = input(Evelyn)
                 ^^^^^^
NameError: name 'Evelyn' is not defined
*-*-*-*-*-*-*-*-*-*-*-*-*-*-*-*-*-*-*-*-*-*-*-*
== RUN (2025-08-21 21:17:12)
-- CODE: 
Nome : input(4)
Idade : input(5)
Altura : input(6)
print("Evelyn", Nome)
print("19", Idade)
print("162", Altura)
-- EXECUTION TIME: 
0.0
-- TEST CASE 1:
---- input:
Teresa
13
1.45
---- correct output:
Nome: Teresa
Idade: 13
Altura: 1.45
-- ERROR:
Traceback (most recent call last):
  File "XXXX", line 4, in <module>
    print("Evelyn", Nome)
                    ^^^^
NameError: name 'Nome' is not defined. Did you mean: 'None'?
-- TEST CASE 2:
---- input:
Marcelo
34
1.79
---- correct output:
Nome: Marcelo
Idade: 34
Altura: 1.79
-- ERROR:
Traceback (most recent call last):
  File "XXXX", line 4, in <module>
    print("Evelyn", Nome)
                    ^^^^
NameError: name 'Nome' is not defined. Did you mean: 'None'?
-- TEST CASE 3:
---- input:
Larissa
23
1.68
---- correct output:
Nome: Larissa
Idade: 23
Altura: 1.68
-- ERROR:
Traceback (most recent call last):
  File "XXXX", line 4, in <module>
    print("Evelyn", Nome)
                    ^^^^
NameError: name 'Nome' is not defined. Did you mean: 'None'?
-- TEST CASE 4:
---- input:
Jose
45
1.89
---- correct output:
Nome: Jose
Idade: 45
Altura: 1.89
-- ERROR:
Traceback (most recent call last):
  File "XXXX", line 4, in <module>
    print("Evelyn", Nome)
                    ^^^^
NameError: name 'Nome' is not defined. Did you mean: 'None'?
*-*-*-*-*-*-*-*-*-*-*-*-*-*-*-*-*-*-*-*-*-*-*-*
== RUN (2025-08-21 21:32:52)
-- CODE: 
nome = input(Evelyn)
idade = input(19)
altura = input(162)
print("Nome:", nome)
print("Idade", idade)
print("altura", altura)
-- EXECUTION TIME: 
0.0
-- TEST CASE 1:
---- input:
Teresa
13
1.45
---- correct output:
Nome: Teresa
Idade: 13
Altura: 1.45
-- ERROR:
Traceback (most recent call last):
  File "XXXX", line 1, in <module>
    nome = input(Evelyn)
                 ^^^^^^
NameError: name 'Evelyn' is not defined
-- TEST CASE 2:
---- input:
Marcelo
34
1.79
---- correct output:
Nome: Marcelo
Idade: 34
Altura: 1.79
-- ERROR:
Traceback (most recent call last):
  File "XXXX", line 1, in <module>
    nome = input(Evelyn)
                 ^^^^^^
NameError: name 'Evelyn' is not defined
-- TEST CASE 3:
---- input:
Larissa
23
1.68
---- correct output:
Nome: Larissa
Idade: 23
Altura: 1.68
-- ERROR:
Traceback (most recent call last):
  File "XXXX", line 1, in <module>
    nome = input(Evelyn)
                 ^^^^^^
NameError: name 'Evelyn' is not defined
-- TEST CASE 4:
---- input:
Jose
45
1.89
---- correct output:
Nome: Jose
Idade: 45
Altura: 1.89
-- ERROR:
Traceback (most recent call last):
  File "XXXX", line 1, in <module>
    nome = input(Evelyn)
                 ^^^^^^
NameError: name 'Evelyn' is not defined
*-*-*-*-*-*-*-*-*-*-*-*-*-*-*-*-*-*-*-*-*-*-*-*
== RUN (2025-08-21 21:05:43)
-- CODE: 
Evelyn
19
162


-- EXECUTION TIME: 
0.0
-- TEST CASE 1:
---- input:
Teresa
13
1.45
---- correct output:
Nome: Teresa
Idade: 13
Altura: 1.45
-- ERROR:
Traceback (most recent call last):
  File "XXXX", line 1, in <module>
    Evelyn
NameError: name 'Evelyn' is not defined
-- TEST CASE 2:
---- input:
Marcelo
34
1.79
---- correct output:
Nome: Marcelo
Idade: 34
Altura: 1.79
-- ERROR:
Traceback (most recent call last):
  File "XXXX", line 1, in <module>
    Evelyn
NameError: name 'Evelyn' is not defined
-- TEST CASE 3:
---- input:
Larissa
23
1.68
---- correct output:
Nome: Larissa
Idade: 23
Altura: 1.68
-- ERROR:
Traceback (most recent call last):
  File "XXXX", line 1, in <module>
    Evelyn
NameError: name 'Evelyn' is not defined
-- TEST CASE 4:
---- input:
Jose
45
1.89
---- correct output:
Nome: Jose
Idade: 45
Altura: 1.89
-- ERROR:
Traceback (most recent call last):
  File "XXXX", line 1, in <module>
    Evelyn
NameError: name 'Evelyn' is not defined
*-*-*-*-*-*-*-*-*-*-*-*-*-*-*-*-*-*-*-*-*-*-*-*
== RUN (2025-08-21 21:41:24)
-- CODE: 
nome = input("Digite meu nome: evelyn")
idade = float(input("digite a idade: "))
altura = float(input("digite a minha altura: "))

print(nome)
print(idade)
-- EXECUTION TIME: 
0.0
-- TEST CASE 1:
---- input:
Teresa
13
1.45
---- correct output:
Nome: Teresa
Idade: 13
Altura: 1.45
---- user output:
13.0
-- TEST CASE 2:
---- input:
Marcelo
34
1.79
---- correct output:
Nome: Marcelo
Idade: 34
Altura: 1.79
---- user output:
34.0
-- TEST CASE 3:
---- input:
Larissa
23
1.68
---- correct output:
Nome: Larissa
Idade: 23
Altura: 1.68
---- user output:
23.0
-- TEST CASE 4:
---- input:
Jose
45
1.89
---- correct output:
Nome: Jose
Idade: 45
Altura: 1.89
---- user output:
45.0
*-*-*-*-*-*-*-*-*-*-*-*-*-*-*-*-*-*-*-*-*-*-*-*
== RUN (2025-08-21 21:32:30)
-- CODE: 
nome = input(Evelyn)
idade = input(19)
altura = input(162)
print("Nome:", nome)
print("Idade", idade)
print(altura), altura
-- EXECUTION TIME: 
0.0
-- TEST CASE 1:
---- input:
Teresa
13
1.45
---- correct output:
Nome: Teresa
Idade: 13
Altura: 1.45
-- ERROR:
Traceback (most recent call last):
  File "XXXX", line 1, in <module>
    nome = input(Evelyn)
                 ^^^^^^
NameError: name 'Evelyn' is not defined
-- TEST CASE 2:
---- input:
Marcelo
34
1.79
---- correct output:
Nome: Marcelo
Idade: 34
Altura: 1.79
-- ERROR:
Traceback (most recent call last):
  File "XXXX", line 1, in <module>
    nome = input(Evelyn)
                 ^^^^^^
NameError: name 'Evelyn' is not defined
-- TEST CASE 3:
---- input:
Larissa
23
1.68
---- correct output:
Nome: Larissa
Idade: 23
Altura: 1.68
-- ERROR:
Traceback (most recent call last):
  File "XXXX", line 1, in <module>
    nome = input(Evelyn)
                 ^^^^^^
NameError: name 'Evelyn' is not defined
-- TEST CASE 4:
---- input:
Jose
45
1.89
---- correct output:
Nome: Jose
Idade: 45
Altura: 1.89
-- ERROR:
Traceback (most recent call last):
  File "XXXX", line 1, in <module>
    nome = input(Evelyn)
                 ^^^^^^
NameError: name 'Evelyn' is not defined
*-*-*-*-*-*-*-*-*-*-*-*-*-*-*-*-*-*-*-*-*-*-*-*
== SUBMISSION (2025-08-21 21:17:34)
-- CODE: 
Nome : input()
Idade : input()
Altura : input()
print("Evelyn", Nome)
print("19", Idade)
print("162", Altura)
-- EXECUTION TIME: 
0.0
-- TEST CASE 1:
---- input:
Teresa
13
1.45
---- correct output:
Nome: Teresa
Idade: 13
Altura: 1.45
-- ERROR:
Traceback (most recent call last):
  File "XXXX", line 4, in <module>
    print("Evelyn", Nome)
                    ^^^^
NameError: name 'Nome' is not defined. Did you mean: 'None'?
-- TEST CASE 2:
---- input:
Marcelo
34
1.79
---- correct output:
Nome: Marcelo
Idade: 34
Altura: 1.79
-- ERROR:
Traceback (most recent call last):
  File "XXXX", line 4, in <module>
    print("Evelyn", Nome)
                    ^^^^
NameError: name 'Nome' is not defined. Did you mean: 'None'?
-- TEST CASE 3:
---- input:
Larissa
23
1.68
---- correct output:
Nome: Larissa
Idade: 23
Altura: 1.68
-- ERROR:
Traceback (most recent call last):
  File "XXXX", line 4, in <module>
    print("Evelyn", Nome)
                    ^^^^
NameError: name 'Nome' is not defined. Did you mean: 'None'?
-- TEST CASE 4:
---- input:
Jose
45
1.89
---- correct output:
Nome: Jose
Idade: 45
Altura: 1.89
-- ERROR:
Traceback (most recent call last):
  File "XXXX", line 4, in <module>
    print("Evelyn", Nome)
                    ^^^^
NameError: name 'Nome' is not defined. Did you mean: 'None'?
-- GRADE:
0%
*-*-*-*-*-*-*-*-*-*-*-*-*-*-*-*-*-*-*-*-*-*-*-*
== RUN (2025-08-21 21:05:44)
-- CODE: 
Evelyn
19
162


-- EXECUTION TIME: 
0.0
-- TEST CASE 1:
---- input:
Teresa
13
1.45
---- correct output:
Nome: Teresa
Idade: 13
Altura: 1.45
-- ERROR:
Traceback (most recent call last):
  File "XXXX", line 1, in <module>
    Evelyn
NameError: name 'Evelyn' is not defined
-- TEST CASE 2:
---- input:
Marcelo
34
1.79
---- correct output:
Nome: Marcelo
Idade: 34
Altura: 1.79
-- ERROR:
Traceback (most recent call last):
  File "XXXX", line 1, in <module>
    Evelyn
NameError: name 'Evelyn' is not defined
-- TEST CASE 3:
---- input:
Larissa
23
1.68
---- correct output:
Nome: Larissa
Idade: 23
Altura: 1.68
-- ERROR:
Traceback (most recent call last):
  File "XXXX", line 1, in <module>
    Evelyn
NameError: name 'Evelyn' is not defined
-- TEST CASE 4:
---- input:
Jose
45
1.89
---- correct output:
Nome: Jose
Idade: 45
Altura: 1.89
-- ERROR:
Traceback (most recent call last):
  File "XXXX", line 1, in <module>
    Evelyn
NameError: name 'Evelyn' is not defined
*-*-*-*-*-*-*-*-*-*-*-*-*-*-*-*-*-*-*-*-*-*-*-*
== RUN (2025-08-21 21:02:19)
-- CODE: 
"Nome= Evelyn"
"Idade= 19"
"Altura= 162"
-- EXECUTION TIME: 
0.0
-- TEST CASE 1:
---- input:
Teresa
13
1.45
---- correct output:
Nome: Teresa
Idade: 13
Altura: 1.45
---- user output:
None
-- TEST CASE 2:
---- input:
Marcelo
34
1.79
---- correct output:
Nome: Marcelo
Idade: 34
Altura: 1.79
---- user output:
None
-- TEST CASE 3:
---- input:
Larissa
23
1.68
---- correct output:
Nome: Larissa
Idade: 23
Altura: 1.68
---- user output:
None
-- TEST CASE 4:
---- input:
Jose
45
1.89
---- correct output:
Nome: Jose
Idade: 45
Altura: 1.89
---- user output:
None
*-*-*-*-*-*-*-*-*-*-*-*-*-*-*-*-*-*-*-*-*-*-*-*
== RUN (2025-08-21 21:27:54)
-- CODE: 
input(nome)
input(idade)
input(altura)
print("evelyn".nome)
print("19".idade)
print("162".altura)
-- EXECUTION TIME: 
0.0
-- TEST CASE 1:
---- input:
Teresa
13
1.45
---- correct output:
Nome: Teresa
Idade: 13
Altura: 1.45
-- ERROR:
Traceback (most recent call last):
  File "XXXX", line 1, in <module>
    input(nome)
          ^^^^
NameError: name 'nome' is not defined. Did you mean: 'None'?
-- TEST CASE 2:
---- input:
Marcelo
34
1.79
---- correct output:
Nome: Marcelo
Idade: 34
Altura: 1.79
-- ERROR:
Traceback (most recent call last):
  File "XXXX", line 1, in <module>
    input(nome)
          ^^^^
NameError: name 'nome' is not defined. Did you mean: 'None'?
-- TEST CASE 3:
---- input:
Larissa
23
1.68
---- correct output:
Nome: Larissa
Idade: 23
Altura: 1.68
-- ERROR:
Traceback (most recent call last):
  File "XXXX", line 1, in <module>
    input(nome)
          ^^^^
NameError: name 'nome' is not defined. Did you mean: 'None'?
-- TEST CASE 4:
---- input:
Jose
45
1.89
---- correct output:
Nome: Jose
Idade: 45
Altura: 1.89
-- ERROR:
Traceback (most recent call last):
  File "XXXX", line 1, in <module>
    input(nome)
          ^^^^
NameError: name 'nome' is not defined. Did you mean: 'None'?
*-*-*-*-*-*-*-*-*-*-*-*-*-*-*-*-*-*-*-*-*-*-*-*
== RUN (2025-08-21 21:25:01)
-- CODE: 
nome = input().strip()
idade = input().strip()
altura = input().strip()
print("evelyn")
print("19")
print("162")
-- EXECUTION TIME: 
0.0
-- TEST CASE 1:
---- input:
Teresa
13
1.45
---- correct output:
Nome: Teresa
Idade: 13
Altura: 1.45
---- user output:
162
-- TEST CASE 2:
---- input:
Marcelo
34
1.79
---- correct output:
Nome: Marcelo
Idade: 34
Altura: 1.79
---- user output:
162
-- TEST CASE 3:
---- input:
Larissa
23
1.68
---- correct output:
Nome: Larissa
Idade: 23
Altura: 1.68
---- user output:
162
-- TEST CASE 4:
---- input:
Jose
45
1.89
---- correct output:
Nome: Jose
Idade: 45
Altura: 1.89
---- user output:
162
*-*-*-*-*-*-*-*-*-*-*-*-*-*-*-*-*-*-*-*-*-*-*-*
== RUN (2025-08-28 16:57:20)
-- CODE: 
# Entrada 
nome = input("Nome:")
idade = input("Idade:")
altura = input("Altura:")

#Sa√≠da
print("Nome:" + nome)
print("Idade:" + idade)
print("Altura:" + altura)

-- EXECUTION TIME: 
0.0
-- TEST CASE 1:
---- input:
Teresa
13
1.45
---- correct output:
Nome: Teresa
Idade: 13
Altura: 1.45
---- user output:
Altura:1.45
-- TEST CASE 2:
---- input:
Marcelo
34
1.79
---- correct output:
Nome: Marcelo
Idade: 34
Altura: 1.79
---- user output:
Altura:1.79
-- TEST CASE 3:
---- input:
Larissa
23
1.68
---- correct output:
Nome: Larissa
Idade: 23
Altura: 1.68
---- user output:
Altura:1.68
-- TEST CASE 4:
---- input:
Jose
45
1.89
---- correct output:
Nome: Jose
Idade: 45
Altura: 1.89
---- user output:
Altura:1.89
*-*-*-*-*-*-*-*-*-*-*-*-*-*-*-*-*-*-*-*-*-*-*-*
== SUBMISSION (2025-08-21 21:32:54)
-- CODE: 
nome = input(Evelyn)
idade = input(19)
altura = input(162)
print("Nome:", nome)
print("Idade", idade)
print("altura", altura)
-- EXECUTION TIME: 
0.0
-- TEST CASE 1:
---- input:
Teresa
13
1.45
---- correct output:
Nome: Teresa
Idade: 13
Altura: 1.45
-- ERROR:
Traceback (most recent call last):
  File "XXXX", line 1, in <module>
    nome = input(Evelyn)
                 ^^^^^^
NameError: name 'Evelyn' is not defined
-- TEST CASE 2:
---- input:
Marcelo
34
1.79
---- correct output:
Nome: Marcelo
Idade: 34
Altura: 1.79
-- ERROR:
Traceback (most recent call last):
  File "XXXX", line 1, in <module>
    nome = input(Evelyn)
                 ^^^^^^
NameError: name 'Evelyn' is not defined
-- TEST CASE 3:
---- input:
Larissa
23
1.68
---- correct output:
Nome: Larissa
Idade: 23
Altura: 1.68
-- ERROR:
Traceback (most recent call last):
  File "XXXX", line 1, in <module>
    nome = input(Evelyn)
                 ^^^^^^
NameError: name 'Evelyn' is not defined
-- TEST CASE 4:
---- input:
Jose
45
1.89
---- correct output:
Nome: Jose
Idade: 45
Altura: 1.89
-- ERROR:
Traceback (most recent call last):
  File "XXXX", line 1, in <module>
    nome = input(Evelyn)
                 ^^^^^^
NameError: name 'Evelyn' is not defined
-- GRADE:
0%
*-*-*-*-*-*-*-*-*-*-*-*-*-*-*-*-*-*-*-*-*-*-*-*
== SUBMISSION (2025-08-21 21:04:34)
-- CODE: 
"Nome:Fulano"
"Idade:YY"
"Altura:XXX"
Evelyn
19
162

-- EXECUTION TIME: 
0.0
-- TEST CASE 1:
---- input:
Teresa
13
1.45
---- correct output:
Nome: Teresa
Idade: 13
Altura: 1.45
-- ERROR:
Traceback (most recent call last):
  File "XXXX", line 4, in <module>
    Evelyn
NameError: name 'Evelyn' is not defined
-- TEST CASE 2:
---- input:
Marcelo
34
1.79
---- correct output:
Nome: Marcelo
Idade: 34
Altura: 1.79
-- ERROR:
Traceback (most recent call last):
  File "XXXX", line 4, in <module>
    Evelyn
NameError: name 'Evelyn' is not defined
-- TEST CASE 3:
---- input:
Larissa
23
1.68
---- correct output:
Nome: Larissa
Idade: 23
Altura: 1.68
-- ERROR:
Traceback (most recent call last):
  File "XXXX", line 4, in <module>
    Evelyn
NameError: name 'Evelyn' is not defined
-- TEST CASE 4:
---- input:
Jose
45
1.89
---- correct output:
Nome: Jose
Idade: 45
Altura: 1.89
-- ERROR:
Traceback (most recent call last):
  File "XXXX", line 4, in <module>
    Evelyn
NameError: name 'Evelyn' is not defined
-- GRADE:
0%
*-*-*-*-*-*-*-*-*-*-*-*-*-*-*-*-*-*-*-*-*-*-*-*
== RUN (2025-08-21 21:16:47)
-- CODE: 
Nome : input()
Idade : input()
Altura : input()
print("Evelyn", Nome)
print("19", Idade)
print("162", Altura)
-- EXECUTION TIME: 
0.0
-- TEST CASE 1:
---- input:
Teresa
13
1.45
---- correct output:
Nome: Teresa
Idade: 13
Altura: 1.45
-- ERROR:
Traceback (most recent call last):
  File "XXXX", line 4, in <module>
    print("Evelyn", Nome)
                    ^^^^
NameError: name 'Nome' is not defined. Did you mean: 'None'?
-- TEST CASE 2:
---- input:
Marcelo
34
1.79
---- correct output:
Nome: Marcelo
Idade: 34
Altura: 1.79
-- ERROR:
Traceback (most recent call last):
  File "XXXX", line 4, in <module>
    print("Evelyn", Nome)
                    ^^^^
NameError: name 'Nome' is not defined. Did you mean: 'None'?
-- TEST CASE 3:
---- input:
Larissa
23
1.68
---- correct output:
Nome: Larissa
Idade: 23
Altura: 1.68
-- ERROR:
Traceback (most recent call last):
  File "XXXX", line 4, in <module>
    print("Evelyn", Nome)
                    ^^^^
NameError: name 'Nome' is not defined. Did you mean: 'None'?
-- TEST CASE 4:
---- input:
Jose
45
1.89
---- correct output:
Nome: Jose
Idade: 45
Altura: 1.89
-- ERROR:
Traceback (most recent call last):
  File "XXXX", line 4, in <module>
    print("Evelyn", Nome)
                    ^^^^
NameError: name 'Nome' is not defined. Did you mean: 'None'?
*-*-*-*-*-*-*-*-*-*-*-*-*-*-*-*-*-*-*-*-*-*-*-*
== RUN (2025-08-21 21:40:55)
-- CODE: 
nome = input("Digite meu nome: ")
idade = float(input("digite a idade: "))
altura = float(input("digite a minha altura: "))

print(nome)
-- EXECUTION TIME: 
0.0
-- TEST CASE 1:
---- input:
Teresa
13
1.45
---- correct output:
Nome: Teresa
Idade: 13
Altura: 1.45
---- user output:
Digite meu nome: digite a idade: digite a minha altura: Teresa
-- TEST CASE 2:
---- input:
Marcelo
34
1.79
---- correct output:
Nome: Marcelo
Idade: 34
Altura: 1.79
---- user output:
Digite meu nome: digite a idade: digite a minha altura: Marcelo
-- TEST CASE 3:
---- input:
Larissa
23
1.68
---- correct output:
Nome: Larissa
Idade: 23
Altura: 1.68
---- user output:
Digite meu nome: digite a idade: digite a minha altura: Larissa
-- TEST CASE 4:
---- input:
Jose
45
1.89
---- correct output:
Nome: Jose
Idade: 45
Altura: 1.89
---- user output:
Digite meu nome: digite a idade: digite a minha altura: Jose
*-*-*-*-*-*-*-*-*-*-*-*-*-*-*-*-*-*-*-*-*-*-*-*
== RUN (2025-08-21 21:07:06)
-- CODE: 
"Nome:"
"Idade:"
"Altura:"



-- EXECUTION TIME: 
0.0
-- TEST CASE 1:
---- input:
Teresa
13
1.45
---- correct output:
Nome: Teresa
Idade: 13
Altura: 1.45
---- user output:
None
-- TEST CASE 2:
---- input:
Marcelo
34
1.79
---- correct output:
Nome: Marcelo
Idade: 34
Altura: 1.79
---- user output:
None
-- TEST CASE 3:
---- input:
Larissa
23
1.68
---- correct output:
Nome: Larissa
Idade: 23
Altura: 1.68
---- user output:
None
-- TEST CASE 4:
---- input:
Jose
45
1.89
---- correct output:
Nome: Jose
Idade: 45
Altura: 1.89
---- user output:
None
*-*-*-*-*-*-*-*-*-*-*-*-*-*-*-*-*-*-*-*-*-*-*-*
== SUBMISSION (2025-08-21 21:16:49)
-- CODE: 
Nome : input()
Idade : input()
Altura : input()
print("Evelyn", Nome)
print("19", Idade)
print("162", Altura)
-- EXECUTION TIME: 
0.0
-- TEST CASE 1:
---- input:
Teresa
13
1.45
---- correct output:
Nome: Teresa
Idade: 13
Altura: 1.45
-- ERROR:
Traceback (most recent call last):
  File "XXXX", line 4, in <module>
    print("Evelyn", Nome)
                    ^^^^
NameError: name 'Nome' is not defined. Did you mean: 'None'?
-- TEST CASE 2:
---- input:
Marcelo
34
1.79
---- correct output:
Nome: Marcelo
Idade: 34
Altura: 1.79
-- ERROR:
Traceback (most recent call last):
  File "XXXX", line 4, in <module>
    print("Evelyn", Nome)
                    ^^^^
NameError: name 'Nome' is not defined. Did you mean: 'None'?
-- TEST CASE 3:
---- input:
Larissa
23
1.68
---- correct output:
Nome: Larissa
Idade: 23
Altura: 1.68
-- ERROR:
Traceback (most recent call last):
  File "XXXX", line 4, in <module>
    print("Evelyn", Nome)
                    ^^^^
NameError: name 'Nome' is not defined. Did you mean: 'None'?
-- TEST CASE 4:
---- input:
Jose
45
1.89
---- correct output:
Nome: Jose
Idade: 45
Altura: 1.89
-- ERROR:
Traceback (most recent call last):
  File "XXXX", line 4, in <module>
    print("Evelyn", Nome)
                    ^^^^
NameError: name 'Nome' is not defined. Did you mean: 'None'?
-- GRADE:
0%
*-*-*-*-*-*-*-*-*-*-*-*-*-*-*-*-*-*-*-*-*-*-*-*
== RUN (2025-08-21 21:02:40)
-- CODE: 
"Nome:Evelyn"
"Idade:19"
"Altura:162"
-- EXECUTION TIME: 
0.0
-- TEST CASE 1:
---- input:
Teresa
13
1.45
---- correct output:
Nome: Teresa
Idade: 13
Altura: 1.45
---- user output:
None
-- TEST CASE 2:
---- input:
Marcelo
34
1.79
---- correct output:
Nome: Marcelo
Idade: 34
Altura: 1.79
---- user output:
None
-- TEST CASE 3:
---- input:
Larissa
23
1.68
---- correct output:
Nome: Larissa
Idade: 23
Altura: 1.68
---- user output:
None
-- TEST CASE 4:
---- input:
Jose
45
1.89
---- correct output:
Nome: Jose
Idade: 45
Altura: 1.89
---- user output:
None
*-*-*-*-*-*-*-*-*-*-*-*-*-*-*-*-*-*-*-*-*-*-*-*
== RUN (2025-08-21 21:17:26)
-- CODE: 
Nome : input(4)
Idade : input(5)
Altura : input(6)
print("Evelyn", Nome)
print("19", Idade)
print("162", Altura)
-- EXECUTION TIME: 
0.0
-- TEST CASE 1:
---- input:
Teresa
13
1.45
---- correct output:
Nome: Teresa
Idade: 13
Altura: 1.45
-- ERROR:
Traceback (most recent call last):
  File "XXXX", line 4, in <module>
    print("Evelyn", Nome)
                    ^^^^
NameError: name 'Nome' is not defined. Did you mean: 'None'?
-- TEST CASE 2:
---- input:
Marcelo
34
1.79
---- correct output:
Nome: Marcelo
Idade: 34
Altura: 1.79
-- ERROR:
Traceback (most recent call last):
  File "XXXX", line 4, in <module>
    print("Evelyn", Nome)
                    ^^^^
NameError: name 'Nome' is not defined. Did you mean: 'None'?
-- TEST CASE 3:
---- input:
Larissa
23
1.68
---- correct output:
Nome: Larissa
Idade: 23
Altura: 1.68
-- ERROR:
Traceback (most recent call last):
  File "XXXX", line 4, in <module>
    print("Evelyn", Nome)
                    ^^^^
NameError: name 'Nome' is not defined. Did you mean: 'None'?
-- TEST CASE 4:
---- input:
Jose
45
1.89
---- correct output:
Nome: Jose
Idade: 45
Altura: 1.89
-- ERROR:
Traceback (most recent call last):
  File "XXXX", line 4, in <module>
    print("Evelyn", Nome)
                    ^^^^
NameError: name 'Nome' is not defined. Did you mean: 'None'?
*-*-*-*-*-*-*-*-*-*-*-*-*-*-*-*-*-*-*-*-*-*-*-*
== RUN (2025-08-21 21:21:03)
-- CODE: 
print("Evelyn", Nome)
print("19", Idade)
print("162", Altura)
Nome= input()
Idade= input()
Altura= input()

-- EXECUTION TIME: 
0.0
-- TEST CASE 1:
---- input:
Teresa
13
1.45
---- correct output:
Nome: Teresa
Idade: 13
Altura: 1.45
-- ERROR:
Traceback (most recent call last):
  File "XXXX", line 1, in <module>
    print("Evelyn", Nome)
                    ^^^^
NameError: name 'Nome' is not defined. Did you mean: 'None'?
-- TEST CASE 2:
---- input:
Marcelo
34
1.79
---- correct output:
Nome: Marcelo
Idade: 34
Altura: 1.79
-- ERROR:
Traceback (most recent call last):
  File "XXXX", line 1, in <module>
    print("Evelyn", Nome)
                    ^^^^
NameError: name 'Nome' is not defined. Did you mean: 'None'?
-- TEST CASE 3:
---- input:
Larissa
23
1.68
---- correct output:
Nome: Larissa
Idade: 23
Altura: 1.68
-- ERROR:
Traceback (most recent call last):
  File "XXXX", line 1, in <module>
    print("Evelyn", Nome)
                    ^^^^
NameError: name 'Nome' is not defined. Did you mean: 'None'?
-- TEST CASE 4:
---- input:
Jose
45
1.89
---- correct output:
Nome: Jose
Idade: 45
Altura: 1.89
-- ERROR:
Traceback (most recent call last):
  File "XXXX", line 1, in <module>
    print("Evelyn", Nome)
                    ^^^^
NameError: name 'Nome' is not defined. Did you mean: 'None'?
*-*-*-*-*-*-*-*-*-*-*-*-*-*-*-*-*-*-*-*-*-*-*-*
== RUN (2025-08-21 21:19:34)
-- CODE: 
print("Evelyn:", Nome)
print("19:", Idade)
print("162:", Altura)
Nome=input()
Idade=input()
Altura=input()

-- EXECUTION TIME: 
0.0
-- TEST CASE 1:
---- input:
Teresa
13
1.45
---- correct output:
Nome: Teresa
Idade: 13
Altura: 1.45
-- ERROR:
Traceback (most recent call last):
  File "XXXX", line 1, in <module>
    print("Evelyn:", Nome)
                     ^^^^
NameError: name 'Nome' is not defined. Did you mean: 'None'?
-- TEST CASE 2:
---- input:
Marcelo
34
1.79
---- correct output:
Nome: Marcelo
Idade: 34
Altura: 1.79
-- ERROR:
Traceback (most recent call last):
  File "XXXX", line 1, in <module>
    print("Evelyn:", Nome)
                     ^^^^
NameError: name 'Nome' is not defined. Did you mean: 'None'?
-- TEST CASE 3:
---- input:
Larissa
23
1.68
---- correct output:
Nome: Larissa
Idade: 23
Altura: 1.68
-- ERROR:
Traceback (most recent call last):
  File "XXXX", line 1, in <module>
    print("Evelyn:", Nome)
                     ^^^^
NameError: name 'Nome' is not defined. Did you mean: 'None'?
-- TEST CASE 4:
---- input:
Jose
45
1.89
---- correct output:
Nome: Jose
Idade: 45
Altura: 1.89
-- ERROR:
Traceback (most recent call last):
  File "XXXX", line 1, in <module>
    print("Evelyn:", Nome)
                     ^^^^
NameError: name 'Nome' is not defined. Did you mean: 'None'?
*-*-*-*-*-*-*-*-*-*-*-*-*-*-*-*-*-*-*-*-*-*-*-*
== RUN (2025-08-21 21:32:31)
-- CODE: 
nome = input(Evelyn)
idade = input(19)
altura = input(162)
print("Nome:", nome)
print("Idade", idade)
print(altura), altura
-- EXECUTION TIME: 
0.0
-- TEST CASE 1:
---- input:
Teresa
13
1.45
---- correct output:
Nome: Teresa
Idade: 13
Altura: 1.45
-- ERROR:
Traceback (most recent call last):
  File "XXXX", line 1, in <module>
    nome = input(Evelyn)
                 ^^^^^^
NameError: name 'Evelyn' is not defined
-- TEST CASE 2:
---- input:
Marcelo
34
1.79
---- correct output:
Nome: Marcelo
Idade: 34
Altura: 1.79
-- ERROR:
Traceback (most recent call last):
  File "XXXX", line 1, in <module>
    nome = input(Evelyn)
                 ^^^^^^
NameError: name 'Evelyn' is not defined
-- TEST CASE 3:
---- input:
Larissa
23
1.68
---- correct output:
Nome: Larissa
Idade: 23
Altura: 1.68
-- ERROR:
Traceback (most recent call last):
  File "XXXX", line 1, in <module>
    nome = input(Evelyn)
                 ^^^^^^
NameError: name 'Evelyn' is not defined
-- TEST CASE 4:
---- input:
Jose
45
1.89
---- correct output:
Nome: Jose
Idade: 45
Altura: 1.89
-- ERROR:
Traceback (most recent call last):
  File "XXXX", line 1, in <module>
    nome = input(Evelyn)
                 ^^^^^^
NameError: name 'Evelyn' is not defined
*-*-*-*-*-*-*-*-*-*-*-*-*-*-*-*-*-*-*-*-*-*-*-*
== RUN (2025-08-21 21:25:02)
-- CODE: 
nome = input().strip()
idade = input().strip()
altura = input().strip()
print("evelyn")
print("19")
print("162")
-- EXECUTION TIME: 
0.0
-- TEST CASE 1:
---- input:
Teresa
13
1.45
---- correct output:
Nome: Teresa
Idade: 13
Altura: 1.45
---- user output:
162
-- TEST CASE 2:
---- input:
Marcelo
34
1.79
---- correct output:
Nome: Marcelo
Idade: 34
Altura: 1.79
---- user output:
162
-- TEST CASE 3:
---- input:
Larissa
23
1.68
---- correct output:
Nome: Larissa
Idade: 23
Altura: 1.68
---- user output:
162
-- TEST CASE 4:
---- input:
Jose
45
1.89
---- correct output:
Nome: Jose
Idade: 45
Altura: 1.89
---- user output:
162
*-*-*-*-*-*-*-*-*-*-*-*-*-*-*-*-*-*-*-*-*-*-*-*
== SUBMISSION (2025-08-21 21:15:38)
-- CODE: 
"Nome = input()"
"Idade = input()"
"Altura = input()"
print("Evelyn", Nome)
print("19", Idade)
print("162", Altura)
-- EXECUTION TIME: 
0.0
-- TEST CASE 1:
---- input:
Teresa
13
1.45
---- correct output:
Nome: Teresa
Idade: 13
Altura: 1.45
-- ERROR:
Traceback (most recent call last):
  File "XXXX", line 4, in <module>
    print("Evelyn", Nome)
                    ^^^^
NameError: name 'Nome' is not defined. Did you mean: 'None'?
-- TEST CASE 2:
---- input:
Marcelo
34
1.79
---- correct output:
Nome: Marcelo
Idade: 34
Altura: 1.79
-- ERROR:
Traceback (most recent call last):
  File "XXXX", line 4, in <module>
    print("Evelyn", Nome)
                    ^^^^
NameError: name 'Nome' is not defined. Did you mean: 'None'?
-- TEST CASE 3:
---- input:
Larissa
23
1.68
---- correct output:
Nome: Larissa
Idade: 23
Altura: 1.68
-- ERROR:
Traceback (most recent call last):
  File "XXXX", line 4, in <module>
    print("Evelyn", Nome)
                    ^^^^
NameError: name 'Nome' is not defined. Did you mean: 'None'?
-- TEST CASE 4:
---- input:
Jose
45
1.89
---- correct output:
Nome: Jose
Idade: 45
Altura: 1.89
-- ERROR:
Traceback (most recent call last):
  File "XXXX", line 4, in <module>
    print("Evelyn", Nome)
                    ^^^^
NameError: name 'Nome' is not defined. Did you mean: 'None'?
-- GRADE:
0%
*-*-*-*-*-*-*-*-*-*-*-*-*-*-*-*-*-*-*-*-*-*-*-*
== RUN (2025-08-21 21:07:07)
-- CODE: 
"Nome:"
"Idade:"
"Altura:"



-- EXECUTION TIME: 
0.0
-- TEST CASE 1:
---- input:
Teresa
13
1.45
---- correct output:
Nome: Teresa
Idade: 13
Altura: 1.45
---- user output:
None
-- TEST CASE 2:
---- input:
Marcelo
34
1.79
---- correct output:
Nome: Marcelo
Idade: 34
Altura: 1.79
---- user output:
None
-- TEST CASE 3:
---- input:
Larissa
23
1.68
---- correct output:
Nome: Larissa
Idade: 23
Altura: 1.68
---- user output:
None
-- TEST CASE 4:
---- input:
Jose
45
1.89
---- correct output:
Nome: Jose
Idade: 45
Altura: 1.89
---- user output:
None
*-*-*-*-*-*-*-*-*-*-*-*-*-*-*-*-*-*-*-*-*-*-*-*
== RUN (2025-08-21 21:01:49)
-- CODE: 
Nome= "Evelyn"
Idade= "19"
Altura= "162"
-- EXECUTION TIME: 
0.0
-- TEST CASE 1:
---- input:
Teresa
13
1.45
---- correct output:
Nome: Teresa
Idade: 13
Altura: 1.45
---- user output:
None
-- TEST CASE 2:
---- input:
Marcelo
34
1.79
---- correct output:
Nome: Marcelo
Idade: 34
Altura: 1.79
---- user output:
None
-- TEST CASE 3:
---- input:
Larissa
23
1.68
---- correct output:
Nome: Larissa
Idade: 23
Altura: 1.68
---- user output:
None
-- TEST CASE 4:
---- input:
Jose
45
1.89
---- correct output:
Nome: Jose
Idade: 45
Altura: 1.89
---- user output:
None
*-*-*-*-*-*-*-*-*-*-*-*-*-*-*-*-*-*-*-*-*-*-*-*
== SUBMISSION (2025-08-21 21:15:14)
-- CODE: 
Nome = input()
Idade = input()
Altura = input()
print("Evelyn", Nome)
print("19", Idade)
print("162", Altura)
-- EXECUTION TIME: 
0.01
-- TEST CASE 1:
---- input:
Teresa
13
1.45
---- correct output:
Nome: Teresa
Idade: 13
Altura: 1.45
---- user output:
162 1.45
-- TEST CASE 2:
---- input:
Marcelo
34
1.79
---- correct output:
Nome: Marcelo
Idade: 34
Altura: 1.79
---- user output:
162 1.79
-- TEST CASE 3:
---- input:
Larissa
23
1.68
---- correct output:
Nome: Larissa
Idade: 23
Altura: 1.68
---- user output:
162 1.68
-- TEST CASE 4:
---- input:
Jose
45
1.89
---- correct output:
Nome: Jose
Idade: 45
Altura: 1.89
---- user output:
162 1.89
-- GRADE:
0%
*-*-*-*-*-*-*-*-*-*-*-*-*-*-*-*-*-*-*-*-*-*-*-*
== RUN (2025-08-21 21:18:29)
-- CODE: 
Nome : input()
Idade : input()
Altura : input()
print("Evelyn:", Nome)
print("19:", Idade)
print("162:", Altura)
-- EXECUTION TIME: 
0.0
-- TEST CASE 1:
---- input:
Teresa
13
1.45
---- correct output:
Nome: Teresa
Idade: 13
Altura: 1.45
-- ERROR:
Traceback (most recent call last):
  File "XXXX", line 4, in <module>
    print("Evelyn:", Nome)
                     ^^^^
NameError: name 'Nome' is not defined. Did you mean: 'None'?
-- TEST CASE 2:
---- input:
Marcelo
34
1.79
---- correct output:
Nome: Marcelo
Idade: 34
Altura: 1.79
-- ERROR:
Traceback (most recent call last):
  File "XXXX", line 4, in <module>
    print("Evelyn:", Nome)
                     ^^^^
NameError: name 'Nome' is not defined. Did you mean: 'None'?
-- TEST CASE 3:
---- input:
Larissa
23
1.68
---- correct output:
Nome: Larissa
Idade: 23
Altura: 1.68
-- ERROR:
Traceback (most recent call last):
  File "XXXX", line 4, in <module>
    print("Evelyn:", Nome)
                     ^^^^
NameError: name 'Nome' is not defined. Did you mean: 'None'?
-- TEST CASE 4:
---- input:
Jose
45
1.89
---- correct output:
Nome: Jose
Idade: 45
Altura: 1.89
-- ERROR:
Traceback (most recent call last):
  File "XXXX", line 4, in <module>
    print("Evelyn:", Nome)
                     ^^^^
NameError: name 'Nome' is not defined. Did you mean: 'None'?
*-*-*-*-*-*-*-*-*-*-*-*-*-*-*-*-*-*-*-*-*-*-*-*
== RUN (2025-08-21 21:17:21)
-- CODE: 
Nome : input(4)
Idade : input(5)
Altura : input(6)
print("Evelyn", Nome)
print("19", Idade)
print("162", Altura)
-- EXECUTION TIME: 
0.0
-- TEST CASE 1:
---- input:
Teresa
13
1.45
---- correct output:
Nome: Teresa
Idade: 13
Altura: 1.45
-- ERROR:
Traceback (most recent call last):
  File "XXXX", line 4, in <module>
    print("Evelyn", Nome)
                    ^^^^
NameError: name 'Nome' is not defined. Did you mean: 'None'?
-- TEST CASE 2:
---- input:
Marcelo
34
1.79
---- correct output:
Nome: Marcelo
Idade: 34
Altura: 1.79
-- ERROR:
Traceback (most recent call last):
  File "XXXX", line 4, in <module>
    print("Evelyn", Nome)
                    ^^^^
NameError: name 'Nome' is not defined. Did you mean: 'None'?
-- TEST CASE 3:
---- input:
Larissa
23
1.68
---- correct output:
Nome: Larissa
Idade: 23
Altura: 1.68
-- ERROR:
Traceback (most recent call last):
  File "XXXX", line 4, in <module>
    print("Evelyn", Nome)
                    ^^^^
NameError: name 'Nome' is not defined. Did you mean: 'None'?
-- TEST CASE 4:
---- input:
Jose
45
1.89
---- correct output:
Nome: Jose
Idade: 45
Altura: 1.89
-- ERROR:
Traceback (most recent call last):
  File "XXXX", line 4, in <module>
    print("Evelyn", Nome)
                    ^^^^
NameError: name 'Nome' is not defined. Did you mean: 'None'?
*-*-*-*-*-*-*-*-*-*-*-*-*-*-*-*-*-*-*-*-*-*-*-*
== RUN (2025-08-21 21:32:55)
-- CODE: 
nome = input(Evelyn)
idade = input(19)
altura = input(162)
print("Nome:", nome)
print("Idade", idade)
print("altura", altura)
-- EXECUTION TIME: 
0.0
-- TEST CASE 1:
---- input:
Teresa
13
1.45
---- correct output:
Nome: Teresa
Idade: 13
Altura: 1.45
-- ERROR:
Traceback (most recent call last):
  File "XXXX", line 1, in <module>
    nome = input(Evelyn)
                 ^^^^^^
NameError: name 'Evelyn' is not defined
-- TEST CASE 2:
---- input:
Marcelo
34
1.79
---- correct output:
Nome: Marcelo
Idade: 34
Altura: 1.79
-- ERROR:
Traceback (most recent call last):
  File "XXXX", line 1, in <module>
    nome = input(Evelyn)
                 ^^^^^^
NameError: name 'Evelyn' is not defined
-- TEST CASE 3:
---- input:
Larissa
23
1.68
---- correct output:
Nome: Larissa
Idade: 23
Altura: 1.68
-- ERROR:
Traceback (most recent call last):
  File "XXXX", line 1, in <module>
    nome = input(Evelyn)
                 ^^^^^^
NameError: name 'Evelyn' is not defined
-- TEST CASE 4:
---- input:
Jose
45
1.89
---- correct output:
Nome: Jose
Idade: 45
Altura: 1.89
-- ERROR:
Traceback (most recent call last):
  File "XXXX", line 1, in <module>
    nome = input(Evelyn)
                 ^^^^^^
NameError: name 'Evelyn' is not defined
*-*-*-*-*-*-*-*-*-*-*-*-*-*-*-*-*-*-*-*-*-*-*-*
== SUBMISSION (2025-08-21 21:33:26)
-- CODE: 
nome = input(Evelyn)
idade = input(19)
altura = input(162)
print("Nome:" , nome)
print("Idade:" , idade)
print("altura:" , altura)
-- EXECUTION TIME: 
0.0
-- TEST CASE 1:
---- input:
Teresa
13
1.45
---- correct output:
Nome: Teresa
Idade: 13
Altura: 1.45
-- ERROR:
Traceback (most recent call last):
  File "XXXX", line 1, in <module>
    nome = input(Evelyn)
                 ^^^^^^
NameError: name 'Evelyn' is not defined
-- TEST CASE 2:
---- input:
Marcelo
34
1.79
---- correct output:
Nome: Marcelo
Idade: 34
Altura: 1.79
-- ERROR:
Traceback (most recent call last):
  File "XXXX", line 1, in <module>
    nome = input(Evelyn)
                 ^^^^^^
NameError: name 'Evelyn' is not defined
-- TEST CASE 3:
---- input:
Larissa
23
1.68
---- correct output:
Nome: Larissa
Idade: 23
Altura: 1.68
-- ERROR:
Traceback (most recent call last):
  File "XXXX", line 1, in <module>
    nome = input(Evelyn)
                 ^^^^^^
NameError: name 'Evelyn' is not defined
-- TEST CASE 4:
---- input:
Jose
45
1.89
---- correct output:
Nome: Jose
Idade: 45
Altura: 1.89
-- ERROR:
Traceback (most recent call last):
  File "XXXX", line 1, in <module>
    nome = input(Evelyn)
                 ^^^^^^
NameError: name 'Evelyn' is not defined
-- GRADE:
0%
*-*-*-*-*-*-*-*-*-*-*-*-*-*-*-*-*-*-*-*-*-*-*-*
== RUN (2025-08-21 21:20:06)
-- CODE: 
print("Evelyn", Nome)
print("19", Idade)
print("162", Altura)
Nome= input()
Idade= input()
Altura= input()

-- EXECUTION TIME: 
0.0
-- TEST CASE 1:
---- input:
Teresa
13
1.45
---- correct output:
Nome: Teresa
Idade: 13
Altura: 1.45
-- ERROR:
Traceback (most recent call last):
  File "XXXX", line 1, in <module>
    print("Evelyn", Nome)
                    ^^^^
NameError: name 'Nome' is not defined. Did you mean: 'None'?
-- TEST CASE 2:
---- input:
Marcelo
34
1.79
---- correct output:
Nome: Marcelo
Idade: 34
Altura: 1.79
-- ERROR:
Traceback (most recent call last):
  File "XXXX", line 1, in <module>
    print("Evelyn", Nome)
                    ^^^^
NameError: name 'Nome' is not defined. Did you mean: 'None'?
-- TEST CASE 3:
---- input:
Larissa
23
1.68
---- correct output:
Nome: Larissa
Idade: 23
Altura: 1.68
-- ERROR:
Traceback (most recent call last):
  File "XXXX", line 1, in <module>
    print("Evelyn", Nome)
                    ^^^^
NameError: name 'Nome' is not defined. Did you mean: 'None'?
-- TEST CASE 4:
---- input:
Jose
45
1.89
---- correct output:
Nome: Jose
Idade: 45
Altura: 1.89
-- ERROR:
Traceback (most recent call last):
  File "XXXX", line 1, in <module>
    print("Evelyn", Nome)
                    ^^^^
NameError: name 'Nome' is not defined. Did you mean: 'None'?
*-*-*-*-*-*-*-*-*-*-*-*-*-*-*-*-*-*-*-*-*-*-*-*
== RUN (2025-08-21 21:08:39)
-- CODE: 
Evelyn
19
162

-- EXECUTION TIME: 
0.0
-- TEST CASE 1:
---- input:
Teresa
13
1.45
---- correct output:
Nome: Teresa
Idade: 13
Altura: 1.45
-- ERROR:
Traceback (most recent call last):
  File "XXXX", line 1, in <module>
    Evelyn
NameError: name 'Evelyn' is not defined
-- TEST CASE 2:
---- input:
Marcelo
34
1.79
---- correct output:
Nome: Marcelo
Idade: 34
Altura: 1.79
-- ERROR:
Traceback (most recent call last):
  File "XXXX", line 1, in <module>
    Evelyn
NameError: name 'Evelyn' is not defined
-- TEST CASE 3:
---- input:
Larissa
23
1.68
---- correct output:
Nome: Larissa
Idade: 23
Altura: 1.68
-- ERROR:
Traceback (most recent call last):
  File "XXXX", line 1, in <module>
    Evelyn
NameError: name 'Evelyn' is not defined
-- TEST CASE 4:
---- input:
Jose
45
1.89
---- correct output:
Nome: Jose
Idade: 45
Altura: 1.89
-- ERROR:
Traceback (most recent call last):
  File "XXXX", line 1, in <module>
    Evelyn
NameError: name 'Evelyn' is not defined
*-*-*-*-*-*-*-*-*-*-*-*-*-*-*-*-*-*-*-*-*-*-*-*
== RUN (2025-08-21 21:07:26)
-- CODE: 
"Nome:"
"Idade:"
"Altura:"
Evelyn
19
162

-- EXECUTION TIME: 
0.0
-- TEST CASE 1:
---- input:
Teresa
13
1.45
---- correct output:
Nome: Teresa
Idade: 13
Altura: 1.45
-- ERROR:
Traceback (most recent call last):
  File "XXXX", line 4, in <module>
    Evelyn
NameError: name 'Evelyn' is not defined
-- TEST CASE 2:
---- input:
Marcelo
34
1.79
---- correct output:
Nome: Marcelo
Idade: 34
Altura: 1.79
-- ERROR:
Traceback (most recent call last):
  File "XXXX", line 4, in <module>
    Evelyn
NameError: name 'Evelyn' is not defined
-- TEST CASE 3:
---- input:
Larissa
23
1.68
---- correct output:
Nome: Larissa
Idade: 23
Altura: 1.68
-- ERROR:
Traceback (most recent call last):
  File "XXXX", line 4, in <module>
    Evelyn
NameError: name 'Evelyn' is not defined
-- TEST CASE 4:
---- input:
Jose
45
1.89
---- correct output:
Nome: Jose
Idade: 45
Altura: 1.89
-- ERROR:
Traceback (most recent call last):
  File "XXXX", line 4, in <module>
    Evelyn
NameError: name 'Evelyn' is not defined
*-*-*-*-*-*-*-*-*-*-*-*-*-*-*-*-*-*-*-*-*-*-*-*
== SUBMISSION (2025-08-21 21:20:06)
-- CODE: 
print("Evelyn", Nome)
print("19", Idade)
print("162", Altura)
Nome= input()
Idade= input()
Altura= input()

-- EXECUTION TIME: 
0.0
-- TEST CASE 1:
---- input:
Teresa
13
1.45
---- correct output:
Nome: Teresa
Idade: 13
Altura: 1.45
-- ERROR:
Traceback (most recent call last):
  File "XXXX", line 1, in <module>
    print("Evelyn", Nome)
                    ^^^^
NameError: name 'Nome' is not defined. Did you mean: 'None'?
-- TEST CASE 2:
---- input:
Marcelo
34
1.79
---- correct output:
Nome: Marcelo
Idade: 34
Altura: 1.79
-- ERROR:
Traceback (most recent call last):
  File "XXXX", line 1, in <module>
    print("Evelyn", Nome)
                    ^^^^
NameError: name 'Nome' is not defined. Did you mean: 'None'?
-- TEST CASE 3:
---- input:
Larissa
23
1.68
---- correct output:
Nome: Larissa
Idade: 23
Altura: 1.68
-- ERROR:
Traceback (most recent call last):
  File "XXXX", line 1, in <module>
    print("Evelyn", Nome)
                    ^^^^
NameError: name 'Nome' is not defined. Did you mean: 'None'?
-- TEST CASE 4:
---- input:
Jose
45
1.89
---- correct output:
Nome: Jose
Idade: 45
Altura: 1.89
-- ERROR:
Traceback (most recent call last):
  File "XXXX", line 1, in <module>
    print("Evelyn", Nome)
                    ^^^^
NameError: name 'Nome' is not defined. Did you mean: 'None'?
-- GRADE:
0%
*-*-*-*-*-*-*-*-*-*-*-*-*-*-*-*-*-*-*-*-*-*-*-*
== RUN (2025-08-21 21:08:40)
-- CODE: 
Evelyn
19
162

-- EXECUTION TIME: 
0.0
-- TEST CASE 1:
---- input:
Teresa
13
1.45
---- correct output:
Nome: Teresa
Idade: 13
Altura: 1.45
-- ERROR:
Traceback (most recent call last):
  File "XXXX", line 1, in <module>
    Evelyn
NameError: name 'Evelyn' is not defined
-- TEST CASE 2:
---- input:
Marcelo
34
1.79
---- correct output:
Nome: Marcelo
Idade: 34
Altura: 1.79
-- ERROR:
Traceback (most recent call last):
  File "XXXX", line 1, in <module>
    Evelyn
NameError: name 'Evelyn' is not defined
-- TEST CASE 3:
---- input:
Larissa
23
1.68
---- correct output:
Nome: Larissa
Idade: 23
Altura: 1.68
-- ERROR:
Traceback (most recent call last):
  File "XXXX", line 1, in <module>
    Evelyn
NameError: name 'Evelyn' is not defined
-- TEST CASE 4:
---- input:
Jose
45
1.89
---- correct output:
Nome: Jose
Idade: 45
Altura: 1.89
-- ERROR:
Traceback (most recent call last):
  File "XXXX", line 1, in <module>
    Evelyn
NameError: name 'Evelyn' is not defined
*-*-*-*-*-*-*-*-*-*-*-*-*-*-*-*-*-*-*-*-*-*-*-*
== RUN (2025-08-21 21:16:08)
-- CODE: 
Nome:input()"
Idade:input()"
Altura:input()
print("Evelyn", Nome)
print("19", Idade)
print("162", Altura)
-- EXECUTION TIME: 
0.0
-- TEST CASE 1:
---- input:
Teresa
13
1.45
---- correct output:
Nome: Teresa
Idade: 13
Altura: 1.45
-- ERROR:
File "XXXX", line 1
    Nome:input()"
                ^
SyntaxError: unterminated string literal (detected at line 1)
-- TEST CASE 2:
---- input:
Marcelo
34
1.79
---- correct output:
Nome: Marcelo
Idade: 34
Altura: 1.79
-- ERROR:
File "XXXX", line 1
    Nome:input()"
                ^
SyntaxError: unterminated string literal (detected at line 1)
-- TEST CASE 3:
---- input:
Larissa
23
1.68
---- correct output:
Nome: Larissa
Idade: 23
Altura: 1.68
-- ERROR:
File "XXXX", line 1
    Nome:input()"
                ^
SyntaxError: unterminated string literal (detected at line 1)
-- TEST CASE 4:
---- input:
Jose
45
1.89
---- correct output:
Nome: Jose
Idade: 45
Altura: 1.89
-- ERROR:
File "XXXX", line 1
    Nome:input()"
                ^
SyntaxError: unterminated string literal (detected at line 1)
*-*-*-*-*-*-*-*-*-*-*-*-*-*-*-*-*-*-*-*-*-*-*-*
== RUN (2025-08-21 21:21:45)
-- CODE: 
print("Evelyn, Nome")
print("19, Idade")
print("162, Altura")
Nome= input()
Idade= input()
Altura= input()

-- EXECUTION TIME: 
0.0
-- TEST CASE 1:
---- input:
Teresa
13
1.45
---- correct output:
Nome: Teresa
Idade: 13
Altura: 1.45
---- user output:
162, Altura
-- TEST CASE 2:
---- input:
Marcelo
34
1.79
---- correct output:
Nome: Marcelo
Idade: 34
Altura: 1.79
---- user output:
162, Altura
-- TEST CASE 3:
---- input:
Larissa
23
1.68
---- correct output:
Nome: Larissa
Idade: 23
Altura: 1.68
---- user output:
162, Altura
-- TEST CASE 4:
---- input:
Jose
45
1.89
---- correct output:
Nome: Jose
Idade: 45
Altura: 1.89
---- user output:
162, Altura
*-*-*-*-*-*-*-*-*-*-*-*-*-*-*-*-*-*-*-*-*-*-*-*
== RUN (2025-08-21 21:33:10)
-- CODE: 
nome = input(Evelyn)
idade = input(19)
altura = input(162)
print("Nome:", nome)
print("Idade:", idade)
print("altura:", altura)
-- EXECUTION TIME: 
0.0
-- TEST CASE 1:
---- input:
Teresa
13
1.45
---- correct output:
Nome: Teresa
Idade: 13
Altura: 1.45
-- ERROR:
Traceback (most recent call last):
  File "XXXX", line 1, in <module>
    nome = input(Evelyn)
                 ^^^^^^
NameError: name 'Evelyn' is not defined
-- TEST CASE 2:
---- input:
Marcelo
34
1.79
---- correct output:
Nome: Marcelo
Idade: 34
Altura: 1.79
-- ERROR:
Traceback (most recent call last):
  File "XXXX", line 1, in <module>
    nome = input(Evelyn)
                 ^^^^^^
NameError: name 'Evelyn' is not defined
-- TEST CASE 3:
---- input:
Larissa
23
1.68
---- correct output:
Nome: Larissa
Idade: 23
Altura: 1.68
-- ERROR:
Traceback (most recent call last):
  File "XXXX", line 1, in <module>
    nome = input(Evelyn)
                 ^^^^^^
NameError: name 'Evelyn' is not defined
-- TEST CASE 4:
---- input:
Jose
45
1.89
---- correct output:
Nome: Jose
Idade: 45
Altura: 1.89
-- ERROR:
Traceback (most recent call last):
  File "XXXX", line 1, in <module>
    nome = input(Evelyn)
                 ^^^^^^
NameError: name 'Evelyn' is not defined
*-*-*-*-*-*-*-*-*-*-*-*-*-*-*-*-*-*-*-*-*-*-*-*
== RUN (2025-08-21 21:16:38)
-- CODE: 
Nome: input()
Idade: input()
Altura: input()
print("Evelyn", Nome)
print("19", Idade)
print("162", Altura)
-- EXECUTION TIME: 
0.0
-- TEST CASE 1:
---- input:
Teresa
13
1.45
---- correct output:
Nome: Teresa
Idade: 13
Altura: 1.45
-- ERROR:
Traceback (most recent call last):
  File "XXXX", line 4, in <module>
    print("Evelyn", Nome)
                    ^^^^
NameError: name 'Nome' is not defined. Did you mean: 'None'?
-- TEST CASE 2:
---- input:
Marcelo
34
1.79
---- correct output:
Nome: Marcelo
Idade: 34
Altura: 1.79
-- ERROR:
Traceback (most recent call last):
  File "XXXX", line 4, in <module>
    print("Evelyn", Nome)
                    ^^^^
NameError: name 'Nome' is not defined. Did you mean: 'None'?
-- TEST CASE 3:
---- input:
Larissa
23
1.68
---- correct output:
Nome: Larissa
Idade: 23
Altura: 1.68
-- ERROR:
Traceback (most recent call last):
  File "XXXX", line 4, in <module>
    print("Evelyn", Nome)
                    ^^^^
NameError: name 'Nome' is not defined. Did you mean: 'None'?
-- TEST CASE 4:
---- input:
Jose
45
1.89
---- correct output:
Nome: Jose
Idade: 45
Altura: 1.89
-- ERROR:
Traceback (most recent call last):
  File "XXXX", line 4, in <module>
    print("Evelyn", Nome)
                    ^^^^
NameError: name 'Nome' is not defined. Did you mean: 'None'?
*-*-*-*-*-*-*-*-*-*-*-*-*-*-*-*-*-*-*-*-*-*-*-*
== RUN (2025-08-21 21:03:29)
-- CODE: 
"Nome:fulano"
"Idade:yy"
"Altura:xxx"
-- EXECUTION TIME: 
0.0
-- TEST CASE 1:
---- input:
Teresa
13
1.45
---- correct output:
Nome: Teresa
Idade: 13
Altura: 1.45
---- user output:
None
-- TEST CASE 2:
---- input:
Marcelo
34
1.79
---- correct output:
Nome: Marcelo
Idade: 34
Altura: 1.79
---- user output:
None
-- TEST CASE 3:
---- input:
Larissa
23
1.68
---- correct output:
Nome: Larissa
Idade: 23
Altura: 1.68
---- user output:
None
-- TEST CASE 4:
---- input:
Jose
45
1.89
---- correct output:
Nome: Jose
Idade: 45
Altura: 1.89
---- user output:
None
*-*-*-*-*-*-*-*-*-*-*-*-*-*-*-*-*-*-*-*-*-*-*-*
== RUN (2025-08-21 21:27:05)
-- CODE: 
nome = input(idade)
idade = input(nome)
altura = input(altura)
print("evelyn".nome)
print("19".idade)
print("162".altura)
-- EXECUTION TIME: 
0.0
-- TEST CASE 1:
---- input:
Teresa
13
1.45
---- correct output:
Nome: Teresa
Idade: 13
Altura: 1.45
-- ERROR:
Traceback (most recent call last):
  File "XXXX", line 1, in <module>
    nome = input(idade)
                 ^^^^^
NameError: name 'idade' is not defined
-- TEST CASE 2:
---- input:
Marcelo
34
1.79
---- correct output:
Nome: Marcelo
Idade: 34
Altura: 1.79
-- ERROR:
Traceback (most recent call last):
  File "XXXX", line 1, in <module>
    nome = input(idade)
                 ^^^^^
NameError: name 'idade' is not defined
-- TEST CASE 3:
---- input:
Larissa
23
1.68
---- correct output:
Nome: Larissa
Idade: 23
Altura: 1.68
-- ERROR:
Traceback (most recent call last):
  File "XXXX", line 1, in <module>
    nome = input(idade)
                 ^^^^^
NameError: name 'idade' is not defined
-- TEST CASE 4:
---- input:
Jose
45
1.89
---- correct output:
Nome: Jose
Idade: 45
Altura: 1.89
-- ERROR:
Traceback (most recent call last):
  File "XXXX", line 1, in <module>
    nome = input(idade)
                 ^^^^^
NameError: name 'idade' is not defined
*-*-*-*-*-*-*-*-*-*-*-*-*-*-*-*-*-*-*-*-*-*-*-*
== RUN (2025-08-21 21:19:50)
-- CODE: 
print("Evelyn", Nome)
print("19", Idade)
print("162", Altura)
Nome=input()
Idade=input()
Altura=input()

-- EXECUTION TIME: 
0.0
-- TEST CASE 1:
---- input:
Teresa
13
1.45
---- correct output:
Nome: Teresa
Idade: 13
Altura: 1.45
-- ERROR:
Traceback (most recent call last):
  File "XXXX", line 1, in <module>
    print("Evelyn", Nome)
                    ^^^^
NameError: name 'Nome' is not defined. Did you mean: 'None'?
-- TEST CASE 2:
---- input:
Marcelo
34
1.79
---- correct output:
Nome: Marcelo
Idade: 34
Altura: 1.79
-- ERROR:
Traceback (most recent call last):
  File "XXXX", line 1, in <module>
    print("Evelyn", Nome)
                    ^^^^
NameError: name 'Nome' is not defined. Did you mean: 'None'?
-- TEST CASE 3:
---- input:
Larissa
23
1.68
---- correct output:
Nome: Larissa
Idade: 23
Altura: 1.68
-- ERROR:
Traceback (most recent call last):
  File "XXXX", line 1, in <module>
    print("Evelyn", Nome)
                    ^^^^
NameError: name 'Nome' is not defined. Did you mean: 'None'?
-- TEST CASE 4:
---- input:
Jose
45
1.89
---- correct output:
Nome: Jose
Idade: 45
Altura: 1.89
-- ERROR:
Traceback (most recent call last):
  File "XXXX", line 1, in <module>
    print("Evelyn", Nome)
                    ^^^^
NameError: name 'Nome' is not defined. Did you mean: 'None'?
*-*-*-*-*-*-*-*-*-*-*-*-*-*-*-*-*-*-*-*-*-*-*-*
== RUN (2025-08-21 21:14:46)
-- CODE: 
Nome = input()
Idade = input()
Altura = input()
print(Evelyn, Nome)
print(19, Idade)
print(162, Altura)
-- EXECUTION TIME: 
0.0
-- TEST CASE 1:
---- input:
Teresa
13
1.45
---- correct output:
Nome: Teresa
Idade: 13
Altura: 1.45
-- ERROR:
Traceback (most recent call last):
  File "XXXX", line 4, in <module>
    print(Evelyn, Nome)
          ^^^^^^
NameError: name 'Evelyn' is not defined
-- TEST CASE 2:
---- input:
Marcelo
34
1.79
---- correct output:
Nome: Marcelo
Idade: 34
Altura: 1.79
-- ERROR:
Traceback (most recent call last):
  File "XXXX", line 4, in <module>
    print(Evelyn, Nome)
          ^^^^^^
NameError: name 'Evelyn' is not defined
-- TEST CASE 3:
---- input:
Larissa
23
1.68
---- correct output:
Nome: Larissa
Idade: 23
Altura: 1.68
-- ERROR:
Traceback (most recent call last):
  File "XXXX", line 4, in <module>
    print(Evelyn, Nome)
          ^^^^^^
NameError: name 'Evelyn' is not defined
-- TEST CASE 4:
---- input:
Jose
45
1.89
---- correct output:
Nome: Jose
Idade: 45
Altura: 1.89
-- ERROR:
Traceback (most recent call last):
  File "XXXX", line 4, in <module>
    print(Evelyn, Nome)
          ^^^^^^
NameError: name 'Evelyn' is not defined
*-*-*-*-*-*-*-*-*-*-*-*-*-*-*-*-*-*-*-*-*-*-*-*
== RUN (2025-08-21 21:21:50)
-- CODE: 
print("Evelyn, Nome")
print("19, Idade")
print("162, Altura")
Nome= input()
Idade= input()
Altura= input()

-- EXECUTION TIME: 
0.0
-- TEST CASE 1:
---- input:
Teresa
13
1.45
---- correct output:
Nome: Teresa
Idade: 13
Altura: 1.45
---- user output:
162, Altura
-- TEST CASE 2:
---- input:
Marcelo
34
1.79
---- correct output:
Nome: Marcelo
Idade: 34
Altura: 1.79
---- user output:
162, Altura
-- TEST CASE 3:
---- input:
Larissa
23
1.68
---- correct output:
Nome: Larissa
Idade: 23
Altura: 1.68
---- user output:
162, Altura
-- TEST CASE 4:
---- input:
Jose
45
1.89
---- correct output:
Nome: Jose
Idade: 45
Altura: 1.89
---- user output:
162, Altura
*-*-*-*-*-*-*-*-*-*-*-*-*-*-*-*-*-*-*-*-*-*-*-*
== RUN (2025-08-21 21:04:29)
-- CODE: 
"Nome:Fulano"
"Idade:YY"
"Altura:XXX"
Evelyn
19
162

-- EXECUTION TIME: 
0.0
-- TEST CASE 1:
---- input:
Teresa
13
1.45
---- correct output:
Nome: Teresa
Idade: 13
Altura: 1.45
-- ERROR:
Traceback (most recent call last):
  File "XXXX", line 4, in <module>
    Evelyn
NameError: name 'Evelyn' is not defined
-- TEST CASE 2:
---- input:
Marcelo
34
1.79
---- correct output:
Nome: Marcelo
Idade: 34
Altura: 1.79
-- ERROR:
Traceback (most recent call last):
  File "XXXX", line 4, in <module>
    Evelyn
NameError: name 'Evelyn' is not defined
-- TEST CASE 3:
---- input:
Larissa
23
1.68
---- correct output:
Nome: Larissa
Idade: 23
Altura: 1.68
-- ERROR:
Traceback (most recent call last):
  File "XXXX", line 4, in <module>
    Evelyn
NameError: name 'Evelyn' is not defined
-- TEST CASE 4:
---- input:
Jose
45
1.89
---- correct output:
Nome: Jose
Idade: 45
Altura: 1.89
-- ERROR:
Traceback (most recent call last):
  File "XXXX", line 4, in <module>
    Evelyn
NameError: name 'Evelyn' is not defined
*-*-*-*-*-*-*-*-*-*-*-*-*-*-*-*-*-*-*-*-*-*-*-*
== RUN (2025-08-21 21:07:25)
-- CODE: 
"Nome:"
"Idade:"
"Altura:"
Evelyn
19
162

-- EXECUTION TIME: 
0.0
-- TEST CASE 1:
---- input:
Teresa
13
1.45
---- correct output:
Nome: Teresa
Idade: 13
Altura: 1.45
-- ERROR:
Traceback (most recent call last):
  File "XXXX", line 4, in <module>
    Evelyn
NameError: name 'Evelyn' is not defined
-- TEST CASE 2:
---- input:
Marcelo
34
1.79
---- correct output:
Nome: Marcelo
Idade: 34
Altura: 1.79
-- ERROR:
Traceback (most recent call last):
  File "XXXX", line 4, in <module>
    Evelyn
NameError: name 'Evelyn' is not defined
-- TEST CASE 3:
---- input:
Larissa
23
1.68
---- correct output:
Nome: Larissa
Idade: 23
Altura: 1.68
-- ERROR:
Traceback (most recent call last):
  File "XXXX", line 4, in <module>
    Evelyn
NameError: name 'Evelyn' is not defined
-- TEST CASE 4:
---- input:
Jose
45
1.89
---- correct output:
Nome: Jose
Idade: 45
Altura: 1.89
-- ERROR:
Traceback (most recent call last):
  File "XXXX", line 4, in <module>
    Evelyn
NameError: name 'Evelyn' is not defined
*-*-*-*-*-*-*-*-*-*-*-*-*-*-*-*-*-*-*-*-*-*-*-*
== RUN (2025-08-21 21:17:13)
-- CODE: 
Nome : input(4)
Idade : input(5)
Altura : input(6)
print("Evelyn", Nome)
print("19", Idade)
print("162", Altura)
-- EXECUTION TIME: 
0.0
-- TEST CASE 1:
---- input:
Teresa
13
1.45
---- correct output:
Nome: Teresa
Idade: 13
Altura: 1.45
-- ERROR:
Traceback (most recent call last):
  File "XXXX", line 4, in <module>
    print("Evelyn", Nome)
                    ^^^^
NameError: name 'Nome' is not defined. Did you mean: 'None'?
-- TEST CASE 2:
---- input:
Marcelo
34
1.79
---- correct output:
Nome: Marcelo
Idade: 34
Altura: 1.79
-- ERROR:
Traceback (most recent call last):
  File "XXXX", line 4, in <module>
    print("Evelyn", Nome)
                    ^^^^
NameError: name 'Nome' is not defined. Did you mean: 'None'?
-- TEST CASE 3:
---- input:
Larissa
23
1.68
---- correct output:
Nome: Larissa
Idade: 23
Altura: 1.68
-- ERROR:
Traceback (most recent call last):
  File "XXXX", line 4, in <module>
    print("Evelyn", Nome)
                    ^^^^
NameError: name 'Nome' is not defined. Did you mean: 'None'?
-- TEST CASE 4:
---- input:
Jose
45
1.89
---- correct output:
Nome: Jose
Idade: 45
Altura: 1.89
-- ERROR:
Traceback (most recent call last):
  File "XXXX", line 4, in <module>
    print("Evelyn", Nome)
                    ^^^^
NameError: name 'Nome' is not defined. Did you mean: 'None'?
*-*-*-*-*-*-*-*-*-*-*-*-*-*-*-*-*-*-*-*-*-*-*-*
== RUN (2025-08-21 21:41:05)
-- CODE: 
nome = input("Digite meu nome: evelyn")
idade = float(input("digite a idade: "))
altura = float(input("digite a minha altura: "))

print(nome)
-- EXECUTION TIME: 
0.0
-- TEST CASE 1:
---- input:
Teresa
13
1.45
---- correct output:
Nome: Teresa
Idade: 13
Altura: 1.45
---- user output:
Digite meu nome: evelyndigite a idade: digite a minha altura: Teresa
-- TEST CASE 2:
---- input:
Marcelo
34
1.79
---- correct output:
Nome: Marcelo
Idade: 34
Altura: 1.79
---- user output:
Digite meu nome: evelyndigite a idade: digite a minha altura: Marcelo
-- TEST CASE 3:
---- input:
Larissa
23
1.68
---- correct output:
Nome: Larissa
Idade: 23
Altura: 1.68
---- user output:
Digite meu nome: evelyndigite a idade: digite a minha altura: Larissa
-- TEST CASE 4:
---- input:
Jose
45
1.89
---- correct output:
Nome: Jose
Idade: 45
Altura: 1.89
---- user output:
Digite meu nome: evelyndigite a idade: digite a minha altura: Jose
*-*-*-*-*-*-*-*-*-*-*-*-*-*-*-*-*-*-*-*-*-*-*-*
== RUN (2025-08-21 21:19:35)
-- CODE: 
print("Evelyn:", Nome)
print("19:", Idade)
print("162:", Altura)
Nome=input()
Idade=input()
Altura=input()

-- EXECUTION TIME: 
0.0
-- TEST CASE 1:
---- input:
Teresa
13
1.45
---- correct output:
Nome: Teresa
Idade: 13
Altura: 1.45
-- ERROR:
Traceback (most recent call last):
  File "XXXX", line 1, in <module>
    print("Evelyn:", Nome)
                     ^^^^
NameError: name 'Nome' is not defined. Did you mean: 'None'?
-- TEST CASE 2:
---- input:
Marcelo
34
1.79
---- correct output:
Nome: Marcelo
Idade: 34
Altura: 1.79
-- ERROR:
Traceback (most recent call last):
  File "XXXX", line 1, in <module>
    print("Evelyn:", Nome)
                     ^^^^
NameError: name 'Nome' is not defined. Did you mean: 'None'?
-- TEST CASE 3:
---- input:
Larissa
23
1.68
---- correct output:
Nome: Larissa
Idade: 23
Altura: 1.68
-- ERROR:
Traceback (most recent call last):
  File "XXXX", line 1, in <module>
    print("Evelyn:", Nome)
                     ^^^^
NameError: name 'Nome' is not defined. Did you mean: 'None'?
-- TEST CASE 4:
---- input:
Jose
45
1.89
---- correct output:
Nome: Jose
Idade: 45
Altura: 1.89
-- ERROR:
Traceback (most recent call last):
  File "XXXX", line 1, in <module>
    print("Evelyn:", Nome)
                     ^^^^
NameError: name 'Nome' is not defined. Did you mean: 'None'?
*-*-*-*-*-*-*-*-*-*-*-*-*-*-*-*-*-*-*-*-*-*-*-*
== SUBMISSION (2025-08-21 21:05:45)
-- CODE: 
Evelyn
19
162


-- EXECUTION TIME: 
0.0
-- TEST CASE 1:
---- input:
Teresa
13
1.45
---- correct output:
Nome: Teresa
Idade: 13
Altura: 1.45
-- ERROR:
Traceback (most recent call last):
  File "XXXX", line 1, in <module>
    Evelyn
NameError: name 'Evelyn' is not defined
-- TEST CASE 2:
---- input:
Marcelo
34
1.79
---- correct output:
Nome: Marcelo
Idade: 34
Altura: 1.79
-- ERROR:
Traceback (most recent call last):
  File "XXXX", line 1, in <module>
    Evelyn
NameError: name 'Evelyn' is not defined
-- TEST CASE 3:
---- input:
Larissa
23
1.68
---- correct output:
Nome: Larissa
Idade: 23
Altura: 1.68
-- ERROR:
Traceback (most recent call last):
  File "XXXX", line 1, in <module>
    Evelyn
NameError: name 'Evelyn' is not defined
-- TEST CASE 4:
---- input:
Jose
45
1.89
---- correct output:
Nome: Jose
Idade: 45
Altura: 1.89
-- ERROR:
Traceback (most recent call last):
  File "XXXX", line 1, in <module>
    Evelyn
NameError: name 'Evelyn' is not defined
-- GRADE:
0%
*-*-*-*-*-*-*-*-*-*-*-*-*-*-*-*-*-*-*-*-*-*-*-*
== RUN (2025-08-21 21:14:48)
-- CODE: 
Nome = input()
Idade = input()
Altura = input()
print(Evelyn, Nome)
print(19, Idade)
print(162, Altura)
-- EXECUTION TIME: 
0.0
-- TEST CASE 1:
---- input:
Teresa
13
1.45
---- correct output:
Nome: Teresa
Idade: 13
Altura: 1.45
-- ERROR:
Traceback (most recent call last):
  File "XXXX", line 4, in <module>
    print(Evelyn, Nome)
          ^^^^^^
NameError: name 'Evelyn' is not defined
-- TEST CASE 2:
---- input:
Marcelo
34
1.79
---- correct output:
Nome: Marcelo
Idade: 34
Altura: 1.79
-- ERROR:
Traceback (most recent call last):
  File "XXXX", line 4, in <module>
    print(Evelyn, Nome)
          ^^^^^^
NameError: name 'Evelyn' is not defined
-- TEST CASE 3:
---- input:
Larissa
23
1.68
---- correct output:
Nome: Larissa
Idade: 23
Altura: 1.68
-- ERROR:
Traceback (most recent call last):
  File "XXXX", line 4, in <module>
    print(Evelyn, Nome)
          ^^^^^^
NameError: name 'Evelyn' is not defined
-- TEST CASE 4:
---- input:
Jose
45
1.89
---- correct output:
Nome: Jose
Idade: 45
Altura: 1.89
-- ERROR:
Traceback (most recent call last):
  File "XXXX", line 4, in <module>
    print(Evelyn, Nome)
          ^^^^^^
NameError: name 'Evelyn' is not defined
*-*-*-*-*-*-*-*-*-*-*-*-*-*-*-*-*-*-*-*-*-*-*-*
== RUN (2025-08-21 21:16:39)
-- CODE: 
Nome: input()
Idade: input()
Altura: input()
print("Evelyn", Nome)
print("19", Idade)
print("162", Altura)
-- EXECUTION TIME: 
0.0
-- TEST CASE 1:
---- input:
Teresa
13
1.45
---- correct output:
Nome: Teresa
Idade: 13
Altura: 1.45
-- ERROR:
Traceback (most recent call last):
  File "XXXX", line 4, in <module>
    print("Evelyn", Nome)
                    ^^^^
NameError: name 'Nome' is not defined. Did you mean: 'None'?
-- TEST CASE 2:
---- input:
Marcelo
34
1.79
---- correct output:
Nome: Marcelo
Idade: 34
Altura: 1.79
-- ERROR:
Traceback (most recent call last):
  File "XXXX", line 4, in <module>
    print("Evelyn", Nome)
                    ^^^^
NameError: name 'Nome' is not defined. Did you mean: 'None'?
-- TEST CASE 3:
---- input:
Larissa
23
1.68
---- correct output:
Nome: Larissa
Idade: 23
Altura: 1.68
-- ERROR:
Traceback (most recent call last):
  File "XXXX", line 4, in <module>
    print("Evelyn", Nome)
                    ^^^^
NameError: name 'Nome' is not defined. Did you mean: 'None'?
-- TEST CASE 4:
---- input:
Jose
45
1.89
---- correct output:
Nome: Jose
Idade: 45
Altura: 1.89
-- ERROR:
Traceback (most recent call last):
  File "XXXX", line 4, in <module>
    print("Evelyn", Nome)
                    ^^^^
NameError: name 'Nome' is not defined. Did you mean: 'None'?
*-*-*-*-*-*-*-*-*-*-*-*-*-*-*-*-*-*-*-*-*-*-*-*
== SUBMISSION (2025-08-21 21:26:26)
-- CODE: 
nome = input()
idade = input()
altura = input()
print("evelyn".nome)
print("19".idade)
print("162".altura)
-- EXECUTION TIME: 
0.0
-- TEST CASE 1:
---- input:
Teresa
13
1.45
---- correct output:
Nome: Teresa
Idade: 13
Altura: 1.45
-- ERROR:
Traceback (most recent call last):
  File "XXXX", line 4, in <module>
    print("evelyn".nome)
          ^^^^^^^^^^^^^
AttributeError: 'str' object has no attribute 'nome'
-- TEST CASE 2:
---- input:
Marcelo
34
1.79
---- correct output:
Nome: Marcelo
Idade: 34
Altura: 1.79
-- ERROR:
Traceback (most recent call last):
  File "XXXX", line 4, in <module>
    print("evelyn".nome)
          ^^^^^^^^^^^^^
AttributeError: 'str' object has no attribute 'nome'
-- TEST CASE 3:
---- input:
Larissa
23
1.68
---- correct output:
Nome: Larissa
Idade: 23
Altura: 1.68
-- ERROR:
Traceback (most recent call last):
  File "XXXX", line 4, in <module>
    print("evelyn".nome)
          ^^^^^^^^^^^^^
AttributeError: 'str' object has no attribute 'nome'
-- TEST CASE 4:
---- input:
Jose
45
1.89
---- correct output:
Nome: Jose
Idade: 45
Altura: 1.89
-- ERROR:
Traceback (most recent call last):
  File "XXXX", line 4, in <module>
    print("evelyn".nome)
          ^^^^^^^^^^^^^
AttributeError: 'str' object has no attribute 'nome'
-- GRADE:
0%
*-*-*-*-*-*-*-*-*-*-*-*-*-*-*-*-*-*-*-*-*-*-*-*
== SUBMISSION (2025-08-21 21:17:14)
-- CODE: 
Nome : input(4)
Idade : input(5)
Altura : input(6)
print("Evelyn", Nome)
print("19", Idade)
print("162", Altura)
-- EXECUTION TIME: 
0.0
-- TEST CASE 1:
---- input:
Teresa
13
1.45
---- correct output:
Nome: Teresa
Idade: 13
Altura: 1.45
-- ERROR:
Traceback (most recent call last):
  File "XXXX", line 4, in <module>
    print("Evelyn", Nome)
                    ^^^^
NameError: name 'Nome' is not defined. Did you mean: 'None'?
-- TEST CASE 2:
---- input:
Marcelo
34
1.79
---- correct output:
Nome: Marcelo
Idade: 34
Altura: 1.79
-- ERROR:
Traceback (most recent call last):
  File "XXXX", line 4, in <module>
    print("Evelyn", Nome)
                    ^^^^
NameError: name 'Nome' is not defined. Did you mean: 'None'?
-- TEST CASE 3:
---- input:
Larissa
23
1.68
---- correct output:
Nome: Larissa
Idade: 23
Altura: 1.68
-- ERROR:
Traceback (most recent call last):
  File "XXXX", line 4, in <module>
    print("Evelyn", Nome)
                    ^^^^
NameError: name 'Nome' is not defined. Did you mean: 'None'?
-- TEST CASE 4:
---- input:
Jose
45
1.89
---- correct output:
Nome: Jose
Idade: 45
Altura: 1.89
-- ERROR:
Traceback (most recent call last):
  File "XXXX", line 4, in <module>
    print("Evelyn", Nome)
                    ^^^^
NameError: name 'Nome' is not defined. Did you mean: 'None'?
-- GRADE:
0%
*-*-*-*-*-*-*-*-*-*-*-*-*-*-*-*-*-*-*-*-*-*-*-*
== SUBMISSION (2025-08-21 21:17:24)
-- CODE: 
Nome : input(4)
Idade : input(5)
Altura : input(6)
print("Evelyn", Nome)
print("19", Idade)
print("162", Altura)
-- EXECUTION TIME: 
0.0
-- TEST CASE 1:
---- input:
Teresa
13
1.45
---- correct output:
Nome: Teresa
Idade: 13
Altura: 1.45
-- ERROR:
Traceback (most recent call last):
  File "XXXX", line 4, in <module>
    print("Evelyn", Nome)
                    ^^^^
NameError: name 'Nome' is not defined. Did you mean: 'None'?
-- TEST CASE 2:
---- input:
Marcelo
34
1.79
---- correct output:
Nome: Marcelo
Idade: 34
Altura: 1.79
-- ERROR:
Traceback (most recent call last):
  File "XXXX", line 4, in <module>
    print("Evelyn", Nome)
                    ^^^^
NameError: name 'Nome' is not defined. Did you mean: 'None'?
-- TEST CASE 3:
---- input:
Larissa
23
1.68
---- correct output:
Nome: Larissa
Idade: 23
Altura: 1.68
-- ERROR:
Traceback (most recent call last):
  File "XXXX", line 4, in <module>
    print("Evelyn", Nome)
                    ^^^^
NameError: name 'Nome' is not defined. Did you mean: 'None'?
-- TEST CASE 4:
---- input:
Jose
45
1.89
---- correct output:
Nome: Jose
Idade: 45
Altura: 1.89
-- ERROR:
Traceback (most recent call last):
  File "XXXX", line 4, in <module>
    print("Evelyn", Nome)
                    ^^^^
NameError: name 'Nome' is not defined. Did you mean: 'None'?
-- GRADE:
0%
*-*-*-*-*-*-*-*-*-*-*-*-*-*-*-*-*-*-*-*-*-*-*-*
== RUN (2025-08-21 21:26:27)
-- CODE: 
nome = input()
idade = input()
altura = input()
print("evelyn".nome)
print("19".idade)
print("162".altura)
-- EXECUTION TIME: 
0.0
-- TEST CASE 1:
---- input:
Teresa
13
1.45
---- correct output:
Nome: Teresa
Idade: 13
Altura: 1.45
-- ERROR:
Traceback (most recent call last):
  File "XXXX", line 4, in <module>
    print("evelyn".nome)
          ^^^^^^^^^^^^^
AttributeError: 'str' object has no attribute 'nome'
-- TEST CASE 2:
---- input:
Marcelo
34
1.79
---- correct output:
Nome: Marcelo
Idade: 34
Altura: 1.79
-- ERROR:
Traceback (most recent call last):
  File "XXXX", line 4, in <module>
    print("evelyn".nome)
          ^^^^^^^^^^^^^
AttributeError: 'str' object has no attribute 'nome'
-- TEST CASE 3:
---- input:
Larissa
23
1.68
---- correct output:
Nome: Larissa
Idade: 23
Altura: 1.68
-- ERROR:
Traceback (most recent call last):
  File "XXXX", line 4, in <module>
    print("evelyn".nome)
          ^^^^^^^^^^^^^
AttributeError: 'str' object has no attribute 'nome'
-- TEST CASE 4:
---- input:
Jose
45
1.89
---- correct output:
Nome: Jose
Idade: 45
Altura: 1.89
-- ERROR:
Traceback (most recent call last):
  File "XXXX", line 4, in <module>
    print("evelyn".nome)
          ^^^^^^^^^^^^^
AttributeError: 'str' object has no attribute 'nome'
*-*-*-*-*-*-*-*-*-*-*-*-*-*-*-*-*-*-*-*-*-*-*-*
== RUN (2025-08-21 21:41:29)
-- CODE: 
nome = input("Digite meu nome: evelyn")
idade = float(input("digite a idade: "))
altura = float(input("digite a minha altura: "))

print(nome)
print(idade)
-- EXECUTION TIME: 
0.0
-- TEST CASE 1:
---- input:
Teresa
13
1.45
---- correct output:
Nome: Teresa
Idade: 13
Altura: 1.45
---- user output:
13.0
-- TEST CASE 2:
---- input:
Marcelo
34
1.79
---- correct output:
Nome: Marcelo
Idade: 34
Altura: 1.79
---- user output:
34.0
-- TEST CASE 3:
---- input:
Larissa
23
1.68
---- correct output:
Nome: Larissa
Idade: 23
Altura: 1.68
---- user output:
23.0
-- TEST CASE 4:
---- input:
Jose
45
1.89
---- correct output:
Nome: Jose
Idade: 45
Altura: 1.89
---- user output:
45.0
*-*-*-*-*-*-*-*-*-*-*-*-*-*-*-*-*-*-*-*-*-*-*-*
== SUBMISSION (2025-08-21 21:28:10)
-- CODE: 
input(nome)
input(idade)
input(altura)
print("evelyn")
print("19")
print("162")
-- EXECUTION TIME: 
0.0
-- TEST CASE 1:
---- input:
Teresa
13
1.45
---- correct output:
Nome: Teresa
Idade: 13
Altura: 1.45
-- ERROR:
Traceback (most recent call last):
  File "XXXX", line 1, in <module>
    input(nome)
          ^^^^
NameError: name 'nome' is not defined. Did you mean: 'None'?
-- TEST CASE 2:
---- input:
Marcelo
34
1.79
---- correct output:
Nome: Marcelo
Idade: 34
Altura: 1.79
-- ERROR:
Traceback (most recent call last):
  File "XXXX", line 1, in <module>
    input(nome)
          ^^^^
NameError: name 'nome' is not defined. Did you mean: 'None'?
-- TEST CASE 3:
---- input:
Larissa
23
1.68
---- correct output:
Nome: Larissa
Idade: 23
Altura: 1.68
-- ERROR:
Traceback (most recent call last):
  File "XXXX", line 1, in <module>
    input(nome)
          ^^^^
NameError: name 'nome' is not defined. Did you mean: 'None'?
-- TEST CASE 4:
---- input:
Jose
45
1.89
---- correct output:
Nome: Jose
Idade: 45
Altura: 1.89
-- ERROR:
Traceback (most recent call last):
  File "XXXX", line 1, in <module>
    input(nome)
          ^^^^
NameError: name 'nome' is not defined. Did you mean: 'None'?
-- GRADE:
0%
*-*-*-*-*-*-*-*-*-*-*-*-*-*-*-*-*-*-*-*-*-*-*-*
== RUN (2025-08-21 21:27:04)
-- CODE: 
nome = input(idade)
idade = input(nome)
altura = input(altura)
print("evelyn".nome)
print("19".idade)
print("162".altura)
-- EXECUTION TIME: 
0.0
-- TEST CASE 1:
---- input:
Teresa
13
1.45
---- correct output:
Nome: Teresa
Idade: 13
Altura: 1.45
-- ERROR:
Traceback (most recent call last):
  File "XXXX", line 1, in <module>
    nome = input(idade)
                 ^^^^^
NameError: name 'idade' is not defined
-- TEST CASE 2:
---- input:
Marcelo
34
1.79
---- correct output:
Nome: Marcelo
Idade: 34
Altura: 1.79
-- ERROR:
Traceback (most recent call last):
  File "XXXX", line 1, in <module>
    nome = input(idade)
                 ^^^^^
NameError: name 'idade' is not defined
-- TEST CASE 3:
---- input:
Larissa
23
1.68
---- correct output:
Nome: Larissa
Idade: 23
Altura: 1.68
-- ERROR:
Traceback (most recent call last):
  File "XXXX", line 1, in <module>
    nome = input(idade)
                 ^^^^^
NameError: name 'idade' is not defined
-- TEST CASE 4:
---- input:
Jose
45
1.89
---- correct output:
Nome: Jose
Idade: 45
Altura: 1.89
-- ERROR:
Traceback (most recent call last):
  File "XXXX", line 1, in <module>
    nome = input(idade)
                 ^^^^^
NameError: name 'idade' is not defined
*-*-*-*-*-*-*-*-*-*-*-*-*-*-*-*-*-*-*-*-*-*-*-*
== RUN (2025-08-21 21:06:44)
-- CODE: 
"Nome:"
"Idade:"
"Altura:"


-- EXECUTION TIME: 
0.0
-- TEST CASE 1:
---- input:
Teresa
13
1.45
---- correct output:
Nome: Teresa
Idade: 13
Altura: 1.45
---- user output:
None
-- TEST CASE 2:
---- input:
Marcelo
34
1.79
---- correct output:
Nome: Marcelo
Idade: 34
Altura: 1.79
---- user output:
None
-- TEST CASE 3:
---- input:
Larissa
23
1.68
---- correct output:
Nome: Larissa
Idade: 23
Altura: 1.68
---- user output:
None
-- TEST CASE 4:
---- input:
Jose
45
1.89
---- correct output:
Nome: Jose
Idade: 45
Altura: 1.89
---- user output:
None
*-*-*-*-*-*-*-*-*-*-*-*-*-*-*-*-*-*-*-*-*-*-*-*
== RUN (2025-08-21 21:32:53)
-- CODE: 
nome = input(Evelyn)
idade = input(19)
altura = input(162)
print("Nome:", nome)
print("Idade", idade)
print("altura", altura)
-- EXECUTION TIME: 
0.0
-- TEST CASE 1:
---- input:
Teresa
13
1.45
---- correct output:
Nome: Teresa
Idade: 13
Altura: 1.45
-- ERROR:
Traceback (most recent call last):
  File "XXXX", line 1, in <module>
    nome = input(Evelyn)
                 ^^^^^^
NameError: name 'Evelyn' is not defined
-- TEST CASE 2:
---- input:
Marcelo
34
1.79
---- correct output:
Nome: Marcelo
Idade: 34
Altura: 1.79
-- ERROR:
Traceback (most recent call last):
  File "XXXX", line 1, in <module>
    nome = input(Evelyn)
                 ^^^^^^
NameError: name 'Evelyn' is not defined
-- TEST CASE 3:
---- input:
Larissa
23
1.68
---- correct output:
Nome: Larissa
Idade: 23
Altura: 1.68
-- ERROR:
Traceback (most recent call last):
  File "XXXX", line 1, in <module>
    nome = input(Evelyn)
                 ^^^^^^
NameError: name 'Evelyn' is not defined
-- TEST CASE 4:
---- input:
Jose
45
1.89
---- correct output:
Nome: Jose
Idade: 45
Altura: 1.89
-- ERROR:
Traceback (most recent call last):
  File "XXXX", line 1, in <module>
    nome = input(Evelyn)
                 ^^^^^^
NameError: name 'Evelyn' is not defined
*-*-*-*-*-*-*-*-*-*-*-*-*-*-*-*-*-*-*-*-*-*-*-*
== RUN (2025-08-21 21:30:05)
-- CODE: 
nome = input(Evelyn)

-- EXECUTION TIME: 
0.0
-- TEST CASE 1:
---- input:
Teresa
13
1.45
---- correct output:
Nome: Teresa
Idade: 13
Altura: 1.45
-- ERROR:
Traceback (most recent call last):
  File "XXXX", line 1, in <module>
    nome = input(Evelyn)
                 ^^^^^^
NameError: name 'Evelyn' is not defined
-- TEST CASE 2:
---- input:
Marcelo
34
1.79
---- correct output:
Nome: Marcelo
Idade: 34
Altura: 1.79
-- ERROR:
Traceback (most recent call last):
  File "XXXX", line 1, in <module>
    nome = input(Evelyn)
                 ^^^^^^
NameError: name 'Evelyn' is not defined
-- TEST CASE 3:
---- input:
Larissa
23
1.68
---- correct output:
Nome: Larissa
Idade: 23
Altura: 1.68
-- ERROR:
Traceback (most recent call last):
  File "XXXX", line 1, in <module>
    nome = input(Evelyn)
                 ^^^^^^
NameError: name 'Evelyn' is not defined
-- TEST CASE 4:
---- input:
Jose
45
1.89
---- correct output:
Nome: Jose
Idade: 45
Altura: 1.89
-- ERROR:
Traceback (most recent call last):
  File "XXXX", line 1, in <module>
    nome = input(Evelyn)
                 ^^^^^^
NameError: name 'Evelyn' is not defined
*-*-*-*-*-*-*-*-*-*-*-*-*-*-*-*-*-*-*-*-*-*-*-*
== SUBMISSION (2025-08-21 21:19:12)
-- CODE: 
print("Evelyn:", Nome)
print("19:", Idade)
print("162:", Altura)


Nome : input()
Idade : input()
Altura : input()

-- EXECUTION TIME: 
0.0
-- TEST CASE 1:
---- input:
Teresa
13
1.45
---- correct output:
Nome: Teresa
Idade: 13
Altura: 1.45
-- ERROR:
Traceback (most recent call last):
  File "XXXX", line 1, in <module>
    print("Evelyn:", Nome)
                     ^^^^
NameError: name 'Nome' is not defined. Did you mean: 'None'?
-- TEST CASE 2:
---- input:
Marcelo
34
1.79
---- correct output:
Nome: Marcelo
Idade: 34
Altura: 1.79
-- ERROR:
Traceback (most recent call last):
  File "XXXX", line 1, in <module>
    print("Evelyn:", Nome)
                     ^^^^
NameError: name 'Nome' is not defined. Did you mean: 'None'?
-- TEST CASE 3:
---- input:
Larissa
23
1.68
---- correct output:
Nome: Larissa
Idade: 23
Altura: 1.68
-- ERROR:
Traceback (most recent call last):
  File "XXXX", line 1, in <module>
    print("Evelyn:", Nome)
                     ^^^^
NameError: name 'Nome' is not defined. Did you mean: 'None'?
-- TEST CASE 4:
---- input:
Jose
45
1.89
---- correct output:
Nome: Jose
Idade: 45
Altura: 1.89
-- ERROR:
Traceback (most recent call last):
  File "XXXX", line 1, in <module>
    print("Evelyn:", Nome)
                     ^^^^
NameError: name 'Nome' is not defined. Did you mean: 'None'?
-- GRADE:
0%
*-*-*-*-*-*-*-*-*-*-*-*-*-*-*-*-*-*-*-*-*-*-*-*
== SUBMISSION (2025-08-21 21:17:15)
-- CODE: 
Nome : input(4)
Idade : input(5)
Altura : input(6)
print("Evelyn", Nome)
print("19", Idade)
print("162", Altura)
-- EXECUTION TIME: 
0.0
-- TEST CASE 1:
---- input:
Teresa
13
1.45
---- correct output:
Nome: Teresa
Idade: 13
Altura: 1.45
-- ERROR:
Traceback (most recent call last):
  File "XXXX", line 4, in <module>
    print("Evelyn", Nome)
                    ^^^^
NameError: name 'Nome' is not defined. Did you mean: 'None'?
-- TEST CASE 2:
---- input:
Marcelo
34
1.79
---- correct output:
Nome: Marcelo
Idade: 34
Altura: 1.79
-- ERROR:
Traceback (most recent call last):
  File "XXXX", line 4, in <module>
    print("Evelyn", Nome)
                    ^^^^
NameError: name 'Nome' is not defined. Did you mean: 'None'?
-- TEST CASE 3:
---- input:
Larissa
23
1.68
---- correct output:
Nome: Larissa
Idade: 23
Altura: 1.68
-- ERROR:
Traceback (most recent call last):
  File "XXXX", line 4, in <module>
    print("Evelyn", Nome)
                    ^^^^
NameError: name 'Nome' is not defined. Did you mean: 'None'?
-- TEST CASE 4:
---- input:
Jose
45
1.89
---- correct output:
Nome: Jose
Idade: 45
Altura: 1.89
-- ERROR:
Traceback (most recent call last):
  File "XXXX", line 4, in <module>
    print("Evelyn", Nome)
                    ^^^^
NameError: name 'Nome' is not defined. Did you mean: 'None'?
-- GRADE:
0%
*-*-*-*-*-*-*-*-*-*-*-*-*-*-*-*-*-*-*-*-*-*-*-*
== RUN (2025-08-21 21:25:23)
-- CODE: 
nome = input()
idade = input()
altura = input()
print("evelyn")
print("19")
print("162")
-- EXECUTION TIME: 
0.0
-- TEST CASE 1:
---- input:
Teresa
13
1.45
---- correct output:
Nome: Teresa
Idade: 13
Altura: 1.45
---- user output:
162
-- TEST CASE 2:
---- input:
Marcelo
34
1.79
---- correct output:
Nome: Marcelo
Idade: 34
Altura: 1.79
---- user output:
162
-- TEST CASE 3:
---- input:
Larissa
23
1.68
---- correct output:
Nome: Larissa
Idade: 23
Altura: 1.68
---- user output:
162
-- TEST CASE 4:
---- input:
Jose
45
1.89
---- correct output:
Nome: Jose
Idade: 45
Altura: 1.89
---- user output:
162
*-*-*-*-*-*-*-*-*-*-*-*-*-*-*-*-*-*-*-*-*-*-*-*
== RUN (2025-08-21 21:22:26)
-- CODE: 
print("Evelyn")
print("19")
print("162")
Nome= input(1)
Idade= input(2)
Altura= input(3)

-- EXECUTION TIME: 
0.0
-- TEST CASE 1:
---- input:
Teresa
13
1.45
---- correct output:
Nome: Teresa
Idade: 13
Altura: 1.45
---- user output:
123
-- TEST CASE 2:
---- input:
Marcelo
34
1.79
---- correct output:
Nome: Marcelo
Idade: 34
Altura: 1.79
---- user output:
123
-- TEST CASE 3:
---- input:
Larissa
23
1.68
---- correct output:
Nome: Larissa
Idade: 23
Altura: 1.68
---- user output:
123
-- TEST CASE 4:
---- input:
Jose
45
1.89
---- correct output:
Nome: Jose
Idade: 45
Altura: 1.89
---- user output:
123
*-*-*-*-*-*-*-*-*-*-*-*-*-*-*-*-*-*-*-*-*-*-*-*
== SUBMISSION (2025-08-21 21:26:08)
-- CODE: 
nome = input()
idade = input()
altura = input()
print("evelyn"nome)
print("19"idade)
print("162"altura)
-- EXECUTION TIME: 
0.0
-- TEST CASE 1:
---- input:
Teresa
13
1.45
---- correct output:
Nome: Teresa
Idade: 13
Altura: 1.45
-- ERROR:
File "XXXX", line 4
    print("evelyn"nome)
          ^^^^^^^^^^^^
SyntaxError: invalid syntax. Perhaps you forgot a comma?
-- TEST CASE 2:
---- input:
Marcelo
34
1.79
---- correct output:
Nome: Marcelo
Idade: 34
Altura: 1.79
-- ERROR:
File "XXXX", line 4
    print("evelyn"nome)
          ^^^^^^^^^^^^
SyntaxError: invalid syntax. Perhaps you forgot a comma?
-- TEST CASE 3:
---- input:
Larissa
23
1.68
---- correct output:
Nome: Larissa
Idade: 23
Altura: 1.68
-- ERROR:
File "XXXX", line 4
    print("evelyn"nome)
          ^^^^^^^^^^^^
SyntaxError: invalid syntax. Perhaps you forgot a comma?
-- TEST CASE 4:
---- input:
Jose
45
1.89
---- correct output:
Nome: Jose
Idade: 45
Altura: 1.89
-- ERROR:
File "XXXX", line 4
    print("evelyn"nome)
          ^^^^^^^^^^^^
SyntaxError: invalid syntax. Perhaps you forgot a comma?
-- GRADE:
0%
*-*-*-*-*-*-*-*-*-*-*-*-*-*-*-*-*-*-*-*-*-*-*-*
== SUBMISSION (2025-08-21 21:15:37)
-- CODE: 
"Nome = input()"
"Idade = input()"
"Altura = input()"
print("Evelyn", Nome)
print("19", Idade)
print("162", Altura)
-- EXECUTION TIME: 
0.0
-- TEST CASE 1:
---- input:
Teresa
13
1.45
---- correct output:
Nome: Teresa
Idade: 13
Altura: 1.45
-- ERROR:
Traceback (most recent call last):
  File "XXXX", line 4, in <module>
    print("Evelyn", Nome)
                    ^^^^
NameError: name 'Nome' is not defined. Did you mean: 'None'?
-- TEST CASE 2:
---- input:
Marcelo
34
1.79
---- correct output:
Nome: Marcelo
Idade: 34
Altura: 1.79
-- ERROR:
Traceback (most recent call last):
  File "XXXX", line 4, in <module>
    print("Evelyn", Nome)
                    ^^^^
NameError: name 'Nome' is not defined. Did you mean: 'None'?
-- TEST CASE 3:
---- input:
Larissa
23
1.68
---- correct output:
Nome: Larissa
Idade: 23
Altura: 1.68
-- ERROR:
Traceback (most recent call last):
  File "XXXX", line 4, in <module>
    print("Evelyn", Nome)
                    ^^^^
NameError: name 'Nome' is not defined. Did you mean: 'None'?
-- TEST CASE 4:
---- input:
Jose
45
1.89
---- correct output:
Nome: Jose
Idade: 45
Altura: 1.89
-- ERROR:
Traceback (most recent call last):
  File "XXXX", line 4, in <module>
    print("Evelyn", Nome)
                    ^^^^
NameError: name 'Nome' is not defined. Did you mean: 'None'?
-- GRADE:
0%
*-*-*-*-*-*-*-*-*-*-*-*-*-*-*-*-*-*-*-*-*-*-*-*
== SUBMISSION (2025-08-21 21:17:25)
-- CODE: 
Nome : input(4)
Idade : input(5)
Altura : input(6)
print("Evelyn", Nome)
print("19", Idade)
print("162", Altura)
-- EXECUTION TIME: 
0.0
-- TEST CASE 1:
---- input:
Teresa
13
1.45
---- correct output:
Nome: Teresa
Idade: 13
Altura: 1.45
-- ERROR:
Traceback (most recent call last):
  File "XXXX", line 4, in <module>
    print("Evelyn", Nome)
                    ^^^^
NameError: name 'Nome' is not defined. Did you mean: 'None'?
-- TEST CASE 2:
---- input:
Marcelo
34
1.79
---- correct output:
Nome: Marcelo
Idade: 34
Altura: 1.79
-- ERROR:
Traceback (most recent call last):
  File "XXXX", line 4, in <module>
    print("Evelyn", Nome)
                    ^^^^
NameError: name 'Nome' is not defined. Did you mean: 'None'?
-- TEST CASE 3:
---- input:
Larissa
23
1.68
---- correct output:
Nome: Larissa
Idade: 23
Altura: 1.68
-- ERROR:
Traceback (most recent call last):
  File "XXXX", line 4, in <module>
    print("Evelyn", Nome)
                    ^^^^
NameError: name 'Nome' is not defined. Did you mean: 'None'?
-- TEST CASE 4:
---- input:
Jose
45
1.89
---- correct output:
Nome: Jose
Idade: 45
Altura: 1.89
-- ERROR:
Traceback (most recent call last):
  File "XXXX", line 4, in <module>
    print("Evelyn", Nome)
                    ^^^^
NameError: name 'Nome' is not defined. Did you mean: 'None'?
-- GRADE:
0%
*-*-*-*-*-*-*-*-*-*-*-*-*-*-*-*-*-*-*-*-*-*-*-*
== RUN (2025-08-21 21:26:29)
-- CODE: 
nome = input()
idade = input()
altura = input()
print("evelyn".nome)
print("19".idade)
print("162".altura)
-- EXECUTION TIME: 
0.0
-- TEST CASE 1:
---- input:
Teresa
13
1.45
---- correct output:
Nome: Teresa
Idade: 13
Altura: 1.45
-- ERROR:
Traceback (most recent call last):
  File "XXXX", line 4, in <module>
    print("evelyn".nome)
          ^^^^^^^^^^^^^
AttributeError: 'str' object has no attribute 'nome'
-- TEST CASE 2:
---- input:
Marcelo
34
1.79
---- correct output:
Nome: Marcelo
Idade: 34
Altura: 1.79
-- ERROR:
Traceback (most recent call last):
  File "XXXX", line 4, in <module>
    print("evelyn".nome)
          ^^^^^^^^^^^^^
AttributeError: 'str' object has no attribute 'nome'
-- TEST CASE 3:
---- input:
Larissa
23
1.68
---- correct output:
Nome: Larissa
Idade: 23
Altura: 1.68
-- ERROR:
Traceback (most recent call last):
  File "XXXX", line 4, in <module>
    print("evelyn".nome)
          ^^^^^^^^^^^^^
AttributeError: 'str' object has no attribute 'nome'
-- TEST CASE 4:
---- input:
Jose
45
1.89
---- correct output:
Nome: Jose
Idade: 45
Altura: 1.89
-- ERROR:
Traceback (most recent call last):
  File "XXXX", line 4, in <module>
    print("evelyn".nome)
          ^^^^^^^^^^^^^
AttributeError: 'str' object has no attribute 'nome'
*-*-*-*-*-*-*-*-*-*-*-*-*-*-*-*-*-*-*-*-*-*-*-*
== RUN (2025-08-21 21:20:04)
-- CODE: 
print("Evelyn", Nome)
print("19", Idade)
print("162", Altura)
Nome= input()
Idade= input()
Altura= input()

-- EXECUTION TIME: 
0.0
-- TEST CASE 1:
---- input:
Teresa
13
1.45
---- correct output:
Nome: Teresa
Idade: 13
Altura: 1.45
-- ERROR:
Traceback (most recent call last):
  File "XXXX", line 1, in <module>
    print("Evelyn", Nome)
                    ^^^^
NameError: name 'Nome' is not defined. Did you mean: 'None'?
-- TEST CASE 2:
---- input:
Marcelo
34
1.79
---- correct output:
Nome: Marcelo
Idade: 34
Altura: 1.79
-- ERROR:
Traceback (most recent call last):
  File "XXXX", line 1, in <module>
    print("Evelyn", Nome)
                    ^^^^
NameError: name 'Nome' is not defined. Did you mean: 'None'?
-- TEST CASE 3:
---- input:
Larissa
23
1.68
---- correct output:
Nome: Larissa
Idade: 23
Altura: 1.68
-- ERROR:
Traceback (most recent call last):
  File "XXXX", line 1, in <module>
    print("Evelyn", Nome)
                    ^^^^
NameError: name 'Nome' is not defined. Did you mean: 'None'?
-- TEST CASE 4:
---- input:
Jose
45
1.89
---- correct output:
Nome: Jose
Idade: 45
Altura: 1.89
-- ERROR:
Traceback (most recent call last):
  File "XXXX", line 1, in <module>
    print("Evelyn", Nome)
                    ^^^^
NameError: name 'Nome' is not defined. Did you mean: 'None'?
*-*-*-*-*-*-*-*-*-*-*-*-*-*-*-*-*-*-*-*-*-*-*-*
== SUBMISSION (2025-08-21 21:27:52)
-- CODE: 
input(nome)
input(idade)
input(altura)
print("evelyn".nome)
print("19".idade)
print("162".altura)
-- EXECUTION TIME: 
0.0
-- TEST CASE 1:
---- input:
Teresa
13
1.45
---- correct output:
Nome: Teresa
Idade: 13
Altura: 1.45
-- ERROR:
Traceback (most recent call last):
  File "XXXX", line 1, in <module>
    input(nome)
          ^^^^
NameError: name 'nome' is not defined. Did you mean: 'None'?
-- TEST CASE 2:
---- input:
Marcelo
34
1.79
---- correct output:
Nome: Marcelo
Idade: 34
Altura: 1.79
-- ERROR:
Traceback (most recent call last):
  File "XXXX", line 1, in <module>
    input(nome)
          ^^^^
NameError: name 'nome' is not defined. Did you mean: 'None'?
-- TEST CASE 3:
---- input:
Larissa
23
1.68
---- correct output:
Nome: Larissa
Idade: 23
Altura: 1.68
-- ERROR:
Traceback (most recent call last):
  File "XXXX", line 1, in <module>
    input(nome)
          ^^^^
NameError: name 'nome' is not defined. Did you mean: 'None'?
-- TEST CASE 4:
---- input:
Jose
45
1.89
---- correct output:
Nome: Jose
Idade: 45
Altura: 1.89
-- ERROR:
Traceback (most recent call last):
  File "XXXX", line 1, in <module>
    input(nome)
          ^^^^
NameError: name 'nome' is not defined. Did you mean: 'None'?
-- GRADE:
0%
*-*-*-*-*-*-*-*-*-*-*-*-*-*-*-*-*-*-*-*-*-*-*-*
== SUBMISSION (2025-08-21 21:16:24)
-- CODE: 
Nome: input()"
Idade: input()"
Altura: input()
print("Evelyn", Nome)
print("19", Idade)
print("162", Altura)
-- EXECUTION TIME: 
0.0
-- TEST CASE 1:
---- input:
Teresa
13
1.45
---- correct output:
Nome: Teresa
Idade: 13
Altura: 1.45
-- ERROR:
File "XXXX", line 1
    Nome: input()"
                 ^
SyntaxError: unterminated string literal (detected at line 1)
-- TEST CASE 2:
---- input:
Marcelo
34
1.79
---- correct output:
Nome: Marcelo
Idade: 34
Altura: 1.79
-- ERROR:
File "XXXX", line 1
    Nome: input()"
                 ^
SyntaxError: unterminated string literal (detected at line 1)
-- TEST CASE 3:
---- input:
Larissa
23
1.68
---- correct output:
Nome: Larissa
Idade: 23
Altura: 1.68
-- ERROR:
File "XXXX", line 1
    Nome: input()"
                 ^
SyntaxError: unterminated string literal (detected at line 1)
-- TEST CASE 4:
---- input:
Jose
45
1.89
---- correct output:
Nome: Jose
Idade: 45
Altura: 1.89
-- ERROR:
File "XXXX", line 1
    Nome: input()"
                 ^
SyntaxError: unterminated string literal (detected at line 1)
-- GRADE:
0%
*-*-*-*-*-*-*-*-*-*-*-*-*-*-*-*-*-*-*-*-*-*-*-*
== RUN (2025-08-21 21:17:26)
-- CODE: 
Nome : input(4)
Idade : input(5)
Altura : input(6)
print("Evelyn", Nome)
print("19", Idade)
print("162", Altura)
-- EXECUTION TIME: 
0.0
-- TEST CASE 1:
---- input:
Teresa
13
1.45
---- correct output:
Nome: Teresa
Idade: 13
Altura: 1.45
-- ERROR:
Traceback (most recent call last):
  File "XXXX", line 4, in <module>
    print("Evelyn", Nome)
                    ^^^^
NameError: name 'Nome' is not defined. Did you mean: 'None'?
-- TEST CASE 2:
---- input:
Marcelo
34
1.79
---- correct output:
Nome: Marcelo
Idade: 34
Altura: 1.79
-- ERROR:
Traceback (most recent call last):
  File "XXXX", line 4, in <module>
    print("Evelyn", Nome)
                    ^^^^
NameError: name 'Nome' is not defined. Did you mean: 'None'?
-- TEST CASE 3:
---- input:
Larissa
23
1.68
---- correct output:
Nome: Larissa
Idade: 23
Altura: 1.68
-- ERROR:
Traceback (most recent call last):
  File "XXXX", line 4, in <module>
    print("Evelyn", Nome)
                    ^^^^
NameError: name 'Nome' is not defined. Did you mean: 'None'?
-- TEST CASE 4:
---- input:
Jose
45
1.89
---- correct output:
Nome: Jose
Idade: 45
Altura: 1.89
-- ERROR:
Traceback (most recent call last):
  File "XXXX", line 4, in <module>
    print("Evelyn", Nome)
                    ^^^^
NameError: name 'Nome' is not defined. Did you mean: 'None'?
*-*-*-*-*-*-*-*-*-*-*-*-*-*-*-*-*-*-*-*-*-*-*-*
== RUN (2025-08-21 21:17:22)
-- CODE: 
Nome : input(4)
Idade : input(5)
Altura : input(6)
print("Evelyn", Nome)
print("19", Idade)
print("162", Altura)
-- EXECUTION TIME: 
0.0
-- TEST CASE 1:
---- input:
Teresa
13
1.45
---- correct output:
Nome: Teresa
Idade: 13
Altura: 1.45
-- ERROR:
Traceback (most recent call last):
  File "XXXX", line 4, in <module>
    print("Evelyn", Nome)
                    ^^^^
NameError: name 'Nome' is not defined. Did you mean: 'None'?
-- TEST CASE 2:
---- input:
Marcelo
34
1.79
---- correct output:
Nome: Marcelo
Idade: 34
Altura: 1.79
-- ERROR:
Traceback (most recent call last):
  File "XXXX", line 4, in <module>
    print("Evelyn", Nome)
                    ^^^^
NameError: name 'Nome' is not defined. Did you mean: 'None'?
-- TEST CASE 3:
---- input:
Larissa
23
1.68
---- correct output:
Nome: Larissa
Idade: 23
Altura: 1.68
-- ERROR:
Traceback (most recent call last):
  File "XXXX", line 4, in <module>
    print("Evelyn", Nome)
                    ^^^^
NameError: name 'Nome' is not defined. Did you mean: 'None'?
-- TEST CASE 4:
---- input:
Jose
45
1.89
---- correct output:
Nome: Jose
Idade: 45
Altura: 1.89
-- ERROR:
Traceback (most recent call last):
  File "XXXX", line 4, in <module>
    print("Evelyn", Nome)
                    ^^^^
NameError: name 'Nome' is not defined. Did you mean: 'None'?
*-*-*-*-*-*-*-*-*-*-*-*-*-*-*-*-*-*-*-*-*-*-*-*
== RUN (2025-08-21 21:02:41)
-- CODE: 
"Nome:Evelyn"
"Idade:19"
"Altura:162"
-- EXECUTION TIME: 
0.0
-- TEST CASE 1:
---- input:
Teresa
13
1.45
---- correct output:
Nome: Teresa
Idade: 13
Altura: 1.45
---- user output:
None
-- TEST CASE 2:
---- input:
Marcelo
34
1.79
---- correct output:
Nome: Marcelo
Idade: 34
Altura: 1.79
---- user output:
None
-- TEST CASE 3:
---- input:
Larissa
23
1.68
---- correct output:
Nome: Larissa
Idade: 23
Altura: 1.68
---- user output:
None
-- TEST CASE 4:
---- input:
Jose
45
1.89
---- correct output:
Nome: Jose
Idade: 45
Altura: 1.89
---- user output:
None
*-*-*-*-*-*-*-*-*-*-*-*-*-*-*-*-*-*-*-*-*-*-*-*
== RUN (2025-08-21 21:02:20)
-- CODE: 
"Nome= Evelyn"
"Idade= 19"
"Altura= 162"
-- EXECUTION TIME: 
0.0
-- TEST CASE 1:
---- input:
Teresa
13
1.45
---- correct output:
Nome: Teresa
Idade: 13
Altura: 1.45
---- user output:
None
-- TEST CASE 2:
---- input:
Marcelo
34
1.79
---- correct output:
Nome: Marcelo
Idade: 34
Altura: 1.79
---- user output:
None
-- TEST CASE 3:
---- input:
Larissa
23
1.68
---- correct output:
Nome: Larissa
Idade: 23
Altura: 1.68
---- user output:
None
-- TEST CASE 4:
---- input:
Jose
45
1.89
---- correct output:
Nome: Jose
Idade: 45
Altura: 1.89
---- user output:
None
*-*-*-*-*-*-*-*-*-*-*-*-*-*-*-*-*-*-*-*-*-*-*-*
== SUBMISSION (2025-08-21 21:21:48)
-- CODE: 
print("Evelyn, Nome")
print("19, Idade")
print("162, Altura")
Nome= input()
Idade= input()
Altura= input()

-- EXECUTION TIME: 
0.01
-- TEST CASE 1:
---- input:
Teresa
13
1.45
---- correct output:
Nome: Teresa
Idade: 13
Altura: 1.45
---- user output:
162, Altura
-- TEST CASE 2:
---- input:
Marcelo
34
1.79
---- correct output:
Nome: Marcelo
Idade: 34
Altura: 1.79
---- user output:
162, Altura
-- TEST CASE 3:
---- input:
Larissa
23
1.68
---- correct output:
Nome: Larissa
Idade: 23
Altura: 1.68
---- user output:
162, Altura
-- TEST CASE 4:
---- input:
Jose
45
1.89
---- correct output:
Nome: Jose
Idade: 45
Altura: 1.89
---- user output:
162, Altura
-- GRADE:
0%
*-*-*-*-*-*-*-*-*-*-*-*-*-*-*-*-*-*-*-*-*-*-*-*
== RUN (2025-08-21 21:16:09)
-- CODE: 
Nome:input()"
Idade:input()"
Altura:input()
print("Evelyn", Nome)
print("19", Idade)
print("162", Altura)
-- EXECUTION TIME: 
0.0
-- TEST CASE 1:
---- input:
Teresa
13
1.45
---- correct output:
Nome: Teresa
Idade: 13
Altura: 1.45
-- ERROR:
File "XXXX", line 1
    Nome:input()"
                ^
SyntaxError: unterminated string literal (detected at line 1)
-- TEST CASE 2:
---- input:
Marcelo
34
1.79
---- correct output:
Nome: Marcelo
Idade: 34
Altura: 1.79
-- ERROR:
File "XXXX", line 1
    Nome:input()"
                ^
SyntaxError: unterminated string literal (detected at line 1)
-- TEST CASE 3:
---- input:
Larissa
23
1.68
---- correct output:
Nome: Larissa
Idade: 23
Altura: 1.68
-- ERROR:
File "XXXX", line 1
    Nome:input()"
                ^
SyntaxError: unterminated string literal (detected at line 1)
-- TEST CASE 4:
---- input:
Jose
45
1.89
---- correct output:
Nome: Jose
Idade: 45
Altura: 1.89
-- ERROR:
File "XXXX", line 1
    Nome:input()"
                ^
SyntaxError: unterminated string literal (detected at line 1)
*-*-*-*-*-*-*-*-*-*-*-*-*-*-*-*-*-*-*-*-*-*-*-*
== RUN (2025-08-21 21:28:11)
-- CODE: 
input(nome)
input(idade)
input(altura)
print("evelyn")
print("19")
print("162")
-- EXECUTION TIME: 
0.0
-- TEST CASE 1:
---- input:
Teresa
13
1.45
---- correct output:
Nome: Teresa
Idade: 13
Altura: 1.45
-- ERROR:
Traceback (most recent call last):
  File "XXXX", line 1, in <module>
    input(nome)
          ^^^^
NameError: name 'nome' is not defined. Did you mean: 'None'?
-- TEST CASE 2:
---- input:
Marcelo
34
1.79
---- correct output:
Nome: Marcelo
Idade: 34
Altura: 1.79
-- ERROR:
Traceback (most recent call last):
  File "XXXX", line 1, in <module>
    input(nome)
          ^^^^
NameError: name 'nome' is not defined. Did you mean: 'None'?
-- TEST CASE 3:
---- input:
Larissa
23
1.68
---- correct output:
Nome: Larissa
Idade: 23
Altura: 1.68
-- ERROR:
Traceback (most recent call last):
  File "XXXX", line 1, in <module>
    input(nome)
          ^^^^
NameError: name 'nome' is not defined. Did you mean: 'None'?
-- TEST CASE 4:
---- input:
Jose
45
1.89
---- correct output:
Nome: Jose
Idade: 45
Altura: 1.89
-- ERROR:
Traceback (most recent call last):
  File "XXXX", line 1, in <module>
    input(nome)
          ^^^^
NameError: name 'nome' is not defined. Did you mean: 'None'?
*-*-*-*-*-*-*-*-*-*-*-*-*-*-*-*-*-*-*-*-*-*-*-*
== SUBMISSION (2025-08-21 21:25:25)
-- CODE: 
nome = input()
idade = input()
altura = input()
print("evelyn")
print("19")
print("162")
-- EXECUTION TIME: 
0.01
-- TEST CASE 1:
---- input:
Teresa
13
1.45
---- correct output:
Nome: Teresa
Idade: 13
Altura: 1.45
---- user output:
162
-- TEST CASE 2:
---- input:
Marcelo
34
1.79
---- correct output:
Nome: Marcelo
Idade: 34
Altura: 1.79
---- user output:
162
-- TEST CASE 3:
---- input:
Larissa
23
1.68
---- correct output:
Nome: Larissa
Idade: 23
Altura: 1.68
---- user output:
162
-- TEST CASE 4:
---- input:
Jose
45
1.89
---- correct output:
Nome: Jose
Idade: 45
Altura: 1.89
---- user output:
162
-- GRADE:
0%
*-*-*-*-*-*-*-*-*-*-*-*-*-*-*-*-*-*-*-*-*-*-*-*
== SUBMISSION (2025-08-21 21:40:52)
-- CODE: 
nome = input("Digite meu nome: ")
idade = float(input("digite a idade: "))
altura = float(input("digite a minha altura: "))

print(nome)
-- EXECUTION TIME: 
0.01
-- TEST CASE 1:
---- input:
Teresa
13
1.45
---- correct output:
Nome: Teresa
Idade: 13
Altura: 1.45
---- user output:
Digite meu nome: digite a idade: digite a minha altura: Teresa
-- TEST CASE 2:
---- input:
Marcelo
34
1.79
---- correct output:
Nome: Marcelo
Idade: 34
Altura: 1.79
---- user output:
Digite meu nome: digite a idade: digite a minha altura: Marcelo
-- TEST CASE 3:
---- input:
Larissa
23
1.68
---- correct output:
Nome: Larissa
Idade: 23
Altura: 1.68
---- user output:
Digite meu nome: digite a idade: digite a minha altura: Larissa
-- TEST CASE 4:
---- input:
Jose
45
1.89
---- correct output:
Nome: Jose
Idade: 45
Altura: 1.89
---- user output:
Digite meu nome: digite a idade: digite a minha altura: Jose
-- GRADE:
0%
*-*-*-*-*-*-*-*-*-*-*-*-*-*-*-*-*-*-*-*-*-*-*-*
== RUN (2025-08-21 21:14:44)
-- CODE: 
Nome = input()
Idade = input()
Altura = input()
print(Evelyn, Nome)
print(19, Idade)
print(162, Altura)
-- EXECUTION TIME: 
0.0
-- TEST CASE 1:
---- input:
Teresa
13
1.45
---- correct output:
Nome: Teresa
Idade: 13
Altura: 1.45
-- ERROR:
Traceback (most recent call last):
  File "XXXX", line 4, in <module>
    print(Evelyn, Nome)
          ^^^^^^
NameError: name 'Evelyn' is not defined
-- TEST CASE 2:
---- input:
Marcelo
34
1.79
---- correct output:
Nome: Marcelo
Idade: 34
Altura: 1.79
-- ERROR:
Traceback (most recent call last):
  File "XXXX", line 4, in <module>
    print(Evelyn, Nome)
          ^^^^^^
NameError: name 'Evelyn' is not defined
-- TEST CASE 3:
---- input:
Larissa
23
1.68
---- correct output:
Nome: Larissa
Idade: 23
Altura: 1.68
-- ERROR:
Traceback (most recent call last):
  File "XXXX", line 4, in <module>
    print(Evelyn, Nome)
          ^^^^^^
NameError: name 'Evelyn' is not defined
-- TEST CASE 4:
---- input:
Jose
45
1.89
---- correct output:
Nome: Jose
Idade: 45
Altura: 1.89
-- ERROR:
Traceback (most recent call last):
  File "XXXX", line 4, in <module>
    print(Evelyn, Nome)
          ^^^^^^
NameError: name 'Evelyn' is not defined
*-*-*-*-*-*-*-*-*-*-*-*-*-*-*-*-*-*-*-*-*-*-*-*
== RUN (2025-08-21 21:33:11)
-- CODE: 
nome = input(Evelyn)
idade = input(19)
altura = input(162)
print("Nome:", nome)
print("Idade:", idade)
print("altura:", altura)
-- EXECUTION TIME: 
0.0
-- TEST CASE 1:
---- input:
Teresa
13
1.45
---- correct output:
Nome: Teresa
Idade: 13
Altura: 1.45
-- ERROR:
Traceback (most recent call last):
  File "XXXX", line 1, in <module>
    nome = input(Evelyn)
                 ^^^^^^
NameError: name 'Evelyn' is not defined
-- TEST CASE 2:
---- input:
Marcelo
34
1.79
---- correct output:
Nome: Marcelo
Idade: 34
Altura: 1.79
-- ERROR:
Traceback (most recent call last):
  File "XXXX", line 1, in <module>
    nome = input(Evelyn)
                 ^^^^^^
NameError: name 'Evelyn' is not defined
-- TEST CASE 3:
---- input:
Larissa
23
1.68
---- correct output:
Nome: Larissa
Idade: 23
Altura: 1.68
-- ERROR:
Traceback (most recent call last):
  File "XXXX", line 1, in <module>
    nome = input(Evelyn)
                 ^^^^^^
NameError: name 'Evelyn' is not defined
-- TEST CASE 4:
---- input:
Jose
45
1.89
---- correct output:
Nome: Jose
Idade: 45
Altura: 1.89
-- ERROR:
Traceback (most recent call last):
  File "XXXX", line 1, in <module>
    nome = input(Evelyn)
                 ^^^^^^
NameError: name 'Evelyn' is not defined
*-*-*-*-*-*-*-*-*-*-*-*-*-*-*-*-*-*-*-*-*-*-*-*
== SUBMISSION (2025-08-21 21:27:38)
-- CODE: 
nome = input(nome)
idade = input(idade)
altura = input(altura)
print("evelyn".nome)
print("19".idade)
print("162".altura)
-- EXECUTION TIME: 
0.0
-- TEST CASE 1:
---- input:
Teresa
13
1.45
---- correct output:
Nome: Teresa
Idade: 13
Altura: 1.45
-- ERROR:
Traceback (most recent call last):
  File "XXXX", line 1, in <module>
    nome = input(nome)
                 ^^^^
NameError: name 'nome' is not defined. Did you mean: 'None'?
-- TEST CASE 2:
---- input:
Marcelo
34
1.79
---- correct output:
Nome: Marcelo
Idade: 34
Altura: 1.79
-- ERROR:
Traceback (most recent call last):
  File "XXXX", line 1, in <module>
    nome = input(nome)
                 ^^^^
NameError: name 'nome' is not defined. Did you mean: 'None'?
-- TEST CASE 3:
---- input:
Larissa
23
1.68
---- correct output:
Nome: Larissa
Idade: 23
Altura: 1.68
-- ERROR:
Traceback (most recent call last):
  File "XXXX", line 1, in <module>
    nome = input(nome)
                 ^^^^
NameError: name 'nome' is not defined. Did you mean: 'None'?
-- TEST CASE 4:
---- input:
Jose
45
1.89
---- correct output:
Nome: Jose
Idade: 45
Altura: 1.89
-- ERROR:
Traceback (most recent call last):
  File "XXXX", line 1, in <module>
    nome = input(nome)
                 ^^^^
NameError: name 'nome' is not defined. Did you mean: 'None'?
-- GRADE:
0%
*-*-*-*-*-*-*-*-*-*-*-*-*-*-*-*-*-*-*-*-*-*-*-*
== SUBMISSION (2025-08-21 21:19:36)
-- CODE: 
print("Evelyn:", Nome)
print("19:", Idade)
print("162:", Altura)
Nome=input()
Idade=input()
Altura=input()

-- EXECUTION TIME: 
0.0
-- TEST CASE 1:
---- input:
Teresa
13
1.45
---- correct output:
Nome: Teresa
Idade: 13
Altura: 1.45
-- ERROR:
Traceback (most recent call last):
  File "XXXX", line 1, in <module>
    print("Evelyn:", Nome)
                     ^^^^
NameError: name 'Nome' is not defined. Did you mean: 'None'?
-- TEST CASE 2:
---- input:
Marcelo
34
1.79
---- correct output:
Nome: Marcelo
Idade: 34
Altura: 1.79
-- ERROR:
Traceback (most recent call last):
  File "XXXX", line 1, in <module>
    print("Evelyn:", Nome)
                     ^^^^
NameError: name 'Nome' is not defined. Did you mean: 'None'?
-- TEST CASE 3:
---- input:
Larissa
23
1.68
---- correct output:
Nome: Larissa
Idade: 23
Altura: 1.68
-- ERROR:
Traceback (most recent call last):
  File "XXXX", line 1, in <module>
    print("Evelyn:", Nome)
                     ^^^^
NameError: name 'Nome' is not defined. Did you mean: 'None'?
-- TEST CASE 4:
---- input:
Jose
45
1.89
---- correct output:
Nome: Jose
Idade: 45
Altura: 1.89
-- ERROR:
Traceback (most recent call last):
  File "XXXX", line 1, in <module>
    print("Evelyn:", Nome)
                     ^^^^
NameError: name 'Nome' is not defined. Did you mean: 'None'?
-- GRADE:
0%
*-*-*-*-*-*-*-*-*-*-*-*-*-*-*-*-*-*-*-*-*-*-*-*
== SUBMISSION (2025-08-21 21:26:27)
-- CODE: 
nome = input()
idade = input()
altura = input()
print("evelyn".nome)
print("19".idade)
print("162".altura)
-- EXECUTION TIME: 
0.0
-- TEST CASE 1:
---- input:
Teresa
13
1.45
---- correct output:
Nome: Teresa
Idade: 13
Altura: 1.45
-- ERROR:
Traceback (most recent call last):
  File "XXXX", line 4, in <module>
    print("evelyn".nome)
          ^^^^^^^^^^^^^
AttributeError: 'str' object has no attribute 'nome'
-- TEST CASE 2:
---- input:
Marcelo
34
1.79
---- correct output:
Nome: Marcelo
Idade: 34
Altura: 1.79
-- ERROR:
Traceback (most recent call last):
  File "XXXX", line 4, in <module>
    print("evelyn".nome)
          ^^^^^^^^^^^^^
AttributeError: 'str' object has no attribute 'nome'
-- TEST CASE 3:
---- input:
Larissa
23
1.68
---- correct output:
Nome: Larissa
Idade: 23
Altura: 1.68
-- ERROR:
Traceback (most recent call last):
  File "XXXX", line 4, in <module>
    print("evelyn".nome)
          ^^^^^^^^^^^^^
AttributeError: 'str' object has no attribute 'nome'
-- TEST CASE 4:
---- input:
Jose
45
1.89
---- correct output:
Nome: Jose
Idade: 45
Altura: 1.89
-- ERROR:
Traceback (most recent call last):
  File "XXXX", line 4, in <module>
    print("evelyn".nome)
          ^^^^^^^^^^^^^
AttributeError: 'str' object has no attribute 'nome'
-- GRADE:
0%
*-*-*-*-*-*-*-*-*-*-*-*-*-*-*-*-*-*-*-*-*-*-*-*
== RUN (2025-08-21 21:16:48)
-- CODE: 
Nome : input()
Idade : input()
Altura : input()
print("Evelyn", Nome)
print("19", Idade)
print("162", Altura)
-- EXECUTION TIME: 
0.0
-- TEST CASE 1:
---- input:
Teresa
13
1.45
---- correct output:
Nome: Teresa
Idade: 13
Altura: 1.45
-- ERROR:
Traceback (most recent call last):
  File "XXXX", line 4, in <module>
    print("Evelyn", Nome)
                    ^^^^
NameError: name 'Nome' is not defined. Did you mean: 'None'?
-- TEST CASE 2:
---- input:
Marcelo
34
1.79
---- correct output:
Nome: Marcelo
Idade: 34
Altura: 1.79
-- ERROR:
Traceback (most recent call last):
  File "XXXX", line 4, in <module>
    print("Evelyn", Nome)
                    ^^^^
NameError: name 'Nome' is not defined. Did you mean: 'None'?
-- TEST CASE 3:
---- input:
Larissa
23
1.68
---- correct output:
Nome: Larissa
Idade: 23
Altura: 1.68
-- ERROR:
Traceback (most recent call last):
  File "XXXX", line 4, in <module>
    print("Evelyn", Nome)
                    ^^^^
NameError: name 'Nome' is not defined. Did you mean: 'None'?
-- TEST CASE 4:
---- input:
Jose
45
1.89
---- correct output:
Nome: Jose
Idade: 45
Altura: 1.89
-- ERROR:
Traceback (most recent call last):
  File "XXXX", line 4, in <module>
    print("Evelyn", Nome)
                    ^^^^
NameError: name 'Nome' is not defined. Did you mean: 'None'?
*-*-*-*-*-*-*-*-*-*-*-*-*-*-*-*-*-*-*-*-*-*-*-*
== SUBMISSION (2025-08-28 16:56:58)
-- CODE: 
# Entrada 
nome = input("Nome:")
idade = input("Idade:")
altura = input("Altura:")

#Sa√≠da
print("Nome:" + nome)
print("Idade:" + idade)
print("Altura:" + altura)

-- EXECUTION TIME: 
0.01
-- TEST CASE 1:
---- input:
Teresa
13
1.45
---- correct output:
Nome: Teresa
Idade: 13
Altura: 1.45
---- user output:
Altura:1.45
-- TEST CASE 2:
---- input:
Marcelo
34
1.79
---- correct output:
Nome: Marcelo
Idade: 34
Altura: 1.79
---- user output:
Altura:1.79
-- TEST CASE 3:
---- input:
Larissa
23
1.68
---- correct output:
Nome: Larissa
Idade: 23
Altura: 1.68
---- user output:
Altura:1.68
-- TEST CASE 4:
---- input:
Jose
45
1.89
---- correct output:
Nome: Jose
Idade: 45
Altura: 1.89
---- user output:
Altura:1.89
-- GRADE:
0%
*-*-*-*-*-*-*-*-*-*-*-*-*-*-*-*-*-*-*-*-*-*-*-*
== SUBMISSION (2025-08-28 16:57:26)
-- CODE: 
# Entrada 
nome = input("Nome:")
idade = input("Idade:")
altura = input("Altura:")

#Sa√≠da
print("Nome:" + nome)
print("Idade:" + idade)
print("Altura:" + altura)

-- EXECUTION TIME: 
0.01
-- TEST CASE 1:
---- input:
Teresa
13
1.45
---- correct output:
Nome: Teresa
Idade: 13
Altura: 1.45
---- user output:
Altura:1.45
-- TEST CASE 2:
---- input:
Marcelo
34
1.79
---- correct output:
Nome: Marcelo
Idade: 34
Altura: 1.79
---- user output:
Altura:1.79
-- TEST CASE 3:
---- input:
Larissa
23
1.68
---- correct output:
Nome: Larissa
Idade: 23
Altura: 1.68
---- user output:
Altura:1.68
-- TEST CASE 4:
---- input:
Jose
45
1.89
---- correct output:
Nome: Jose
Idade: 45
Altura: 1.89
---- user output:
Altura:1.89
-- GRADE:
0%
*-*-*-*-*-*-*-*-*-*-*-*-*-*-*-*-*-*-*-*-*-*-*-*
== RUN (2025-08-21 21:04:31)
-- CODE: 
"Nome:Fulano"
"Idade:YY"
"Altura:XXX"
Evelyn
19
162

-- EXECUTION TIME: 
0.0
-- TEST CASE 1:
---- input:
Teresa
13
1.45
---- correct output:
Nome: Teresa
Idade: 13
Altura: 1.45
-- ERROR:
Traceback (most recent call last):
  File "XXXX", line 4, in <module>
    Evelyn
NameError: name 'Evelyn' is not defined
-- TEST CASE 2:
---- input:
Marcelo
34
1.79
---- correct output:
Nome: Marcelo
Idade: 34
Altura: 1.79
-- ERROR:
Traceback (most recent call last):
  File "XXXX", line 4, in <module>
    Evelyn
NameError: name 'Evelyn' is not defined
-- TEST CASE 3:
---- input:
Larissa
23
1.68
---- correct output:
Nome: Larissa
Idade: 23
Altura: 1.68
-- ERROR:
Traceback (most recent call last):
  File "XXXX", line 4, in <module>
    Evelyn
NameError: name 'Evelyn' is not defined
-- TEST CASE 4:
---- input:
Jose
45
1.89
---- correct output:
Nome: Jose
Idade: 45
Altura: 1.89
-- ERROR:
Traceback (most recent call last):
  File "XXXX", line 4, in <module>
    Evelyn
NameError: name 'Evelyn' is not defined
*-*-*-*-*-*-*-*-*-*-*-*-*-*-*-*-*-*-*-*-*-*-*-*
== RUN (2025-08-21 21:03:31)
-- CODE: 
"Nome:fulano"
"Idade:yy"
"Altura:xxx"
-- EXECUTION TIME: 
0.0
-- TEST CASE 1:
---- input:
Teresa
13
1.45
---- correct output:
Nome: Teresa
Idade: 13
Altura: 1.45
---- user output:
None
-- TEST CASE 2:
---- input:
Marcelo
34
1.79
---- correct output:
Nome: Marcelo
Idade: 34
Altura: 1.79
---- user output:
None
-- TEST CASE 3:
---- input:
Larissa
23
1.68
---- correct output:
Nome: Larissa
Idade: 23
Altura: 1.68
---- user output:
None
-- TEST CASE 4:
---- input:
Jose
45
1.89
---- correct output:
Nome: Jose
Idade: 45
Altura: 1.89
---- user output:
None
*-*-*-*-*-*-*-*-*-*-*-*-*-*-*-*-*-*-*-*-*-*-*-*
== RUN (2025-08-21 21:16:34)
-- CODE: 
Nome: input()
Idade: input()
Altura: input()
print("Evelyn", Nome)
print("19", Idade)
print("162", Altura)
-- EXECUTION TIME: 
0.0
-- TEST CASE 1:
---- input:
Teresa
13
1.45
---- correct output:
Nome: Teresa
Idade: 13
Altura: 1.45
-- ERROR:
Traceback (most recent call last):
  File "XXXX", line 4, in <module>
    print("Evelyn", Nome)
                    ^^^^
NameError: name 'Nome' is not defined. Did you mean: 'None'?
-- TEST CASE 2:
---- input:
Marcelo
34
1.79
---- correct output:
Nome: Marcelo
Idade: 34
Altura: 1.79
-- ERROR:
Traceback (most recent call last):
  File "XXXX", line 4, in <module>
    print("Evelyn", Nome)
                    ^^^^
NameError: name 'Nome' is not defined. Did you mean: 'None'?
-- TEST CASE 3:
---- input:
Larissa
23
1.68
---- correct output:
Nome: Larissa
Idade: 23
Altura: 1.68
-- ERROR:
Traceback (most recent call last):
  File "XXXX", line 4, in <module>
    print("Evelyn", Nome)
                    ^^^^
NameError: name 'Nome' is not defined. Did you mean: 'None'?
-- TEST CASE 4:
---- input:
Jose
45
1.89
---- correct output:
Nome: Jose
Idade: 45
Altura: 1.89
-- ERROR:
Traceback (most recent call last):
  File "XXXX", line 4, in <module>
    print("Evelyn", Nome)
                    ^^^^
NameError: name 'Nome' is not defined. Did you mean: 'None'?
*-*-*-*-*-*-*-*-*-*-*-*-*-*-*-*-*-*-*-*-*-*-*-*
== RUN (2025-08-21 21:06:43)
-- CODE: 
"Nome:"
"Idade:"
"Altura:"


-- EXECUTION TIME: 
0.0
-- TEST CASE 1:
---- input:
Teresa
13
1.45
---- correct output:
Nome: Teresa
Idade: 13
Altura: 1.45
---- user output:
None
-- TEST CASE 2:
---- input:
Marcelo
34
1.79
---- correct output:
Nome: Marcelo
Idade: 34
Altura: 1.79
---- user output:
None
-- TEST CASE 3:
---- input:
Larissa
23
1.68
---- correct output:
Nome: Larissa
Idade: 23
Altura: 1.68
---- user output:
None
-- TEST CASE 4:
---- input:
Jose
45
1.89
---- correct output:
Nome: Jose
Idade: 45
Altura: 1.89
---- user output:
None
*-*-*-*-*-*-*-*-*-*-*-*-*-*-*-*-*-*-*-*-*-*-*-*
== RUN (2025-08-21 21:03:30)
-- CODE: 
"Nome:fulano"
"Idade:yy"
"Altura:xxx"
-- EXECUTION TIME: 
0.0
-- TEST CASE 1:
---- input:
Teresa
13
1.45
---- correct output:
Nome: Teresa
Idade: 13
Altura: 1.45
---- user output:
None
-- TEST CASE 2:
---- input:
Marcelo
34
1.79
---- correct output:
Nome: Marcelo
Idade: 34
Altura: 1.79
---- user output:
None
-- TEST CASE 3:
---- input:
Larissa
23
1.68
---- correct output:
Nome: Larissa
Idade: 23
Altura: 1.68
---- user output:
None
-- TEST CASE 4:
---- input:
Jose
45
1.89
---- correct output:
Nome: Jose
Idade: 45
Altura: 1.89
---- user output:
None
*-*-*-*-*-*-*-*-*-*-*-*-*-*-*-*-*-*-*-*-*-*-*-*
== RUN (2025-08-21 21:27:36)
-- CODE: 
nome = input(nome)
idade = input(idade)
altura = input(altura)
print("evelyn".nome)
print("19".idade)
print("162".altura)
-- EXECUTION TIME: 
0.0
-- TEST CASE 1:
---- input:
Teresa
13
1.45
---- correct output:
Nome: Teresa
Idade: 13
Altura: 1.45
-- ERROR:
Traceback (most recent call last):
  File "XXXX", line 1, in <module>
    nome = input(nome)
                 ^^^^
NameError: name 'nome' is not defined. Did you mean: 'None'?
-- TEST CASE 2:
---- input:
Marcelo
34
1.79
---- correct output:
Nome: Marcelo
Idade: 34
Altura: 1.79
-- ERROR:
Traceback (most recent call last):
  File "XXXX", line 1, in <module>
    nome = input(nome)
                 ^^^^
NameError: name 'nome' is not defined. Did you mean: 'None'?
-- TEST CASE 3:
---- input:
Larissa
23
1.68
---- correct output:
Nome: Larissa
Idade: 23
Altura: 1.68
-- ERROR:
Traceback (most recent call last):
  File "XXXX", line 1, in <module>
    nome = input(nome)
                 ^^^^
NameError: name 'nome' is not defined. Did you mean: 'None'?
-- TEST CASE 4:
---- input:
Jose
45
1.89
---- correct output:
Nome: Jose
Idade: 45
Altura: 1.89
-- ERROR:
Traceback (most recent call last):
  File "XXXX", line 1, in <module>
    nome = input(nome)
                 ^^^^
NameError: name 'nome' is not defined. Did you mean: 'None'?
*-*-*-*-*-*-*-*-*-*-*-*-*-*-*-*-*-*-*-*-*-*-*-*
== RUN (2025-08-21 21:15:14)
-- CODE: 
Nome = input()
Idade = input()
Altura = input()
print("Evelyn", Nome)
print("19", Idade)
print("162", Altura)
-- EXECUTION TIME: 
0.0
-- TEST CASE 1:
---- input:
Teresa
13
1.45
---- correct output:
Nome: Teresa
Idade: 13
Altura: 1.45
---- user output:
162 1.45
-- TEST CASE 2:
---- input:
Marcelo
34
1.79
---- correct output:
Nome: Marcelo
Idade: 34
Altura: 1.79
---- user output:
162 1.79
-- TEST CASE 3:
---- input:
Larissa
23
1.68
---- correct output:
Nome: Larissa
Idade: 23
Altura: 1.68
---- user output:
162 1.68
-- TEST CASE 4:
---- input:
Jose
45
1.89
---- correct output:
Nome: Jose
Idade: 45
Altura: 1.89
---- user output:
162 1.89
*-*-*-*-*-*-*-*-*-*-*-*-*-*-*-*-*-*-*-*-*-*-*-*
== RUN (2025-08-21 21:17:13)
-- CODE: 
Nome : input(4)
Idade : input(5)
Altura : input(6)
print("Evelyn", Nome)
print("19", Idade)
print("162", Altura)
-- EXECUTION TIME: 
0.0
-- TEST CASE 1:
---- input:
Teresa
13
1.45
---- correct output:
Nome: Teresa
Idade: 13
Altura: 1.45
-- ERROR:
Traceback (most recent call last):
  File "XXXX", line 4, in <module>
    print("Evelyn", Nome)
                    ^^^^
NameError: name 'Nome' is not defined. Did you mean: 'None'?
-- TEST CASE 2:
---- input:
Marcelo
34
1.79
---- correct output:
Nome: Marcelo
Idade: 34
Altura: 1.79
-- ERROR:
Traceback (most recent call last):
  File "XXXX", line 4, in <module>
    print("Evelyn", Nome)
                    ^^^^
NameError: name 'Nome' is not defined. Did you mean: 'None'?
-- TEST CASE 3:
---- input:
Larissa
23
1.68
---- correct output:
Nome: Larissa
Idade: 23
Altura: 1.68
-- ERROR:
Traceback (most recent call last):
  File "XXXX", line 4, in <module>
    print("Evelyn", Nome)
                    ^^^^
NameError: name 'Nome' is not defined. Did you mean: 'None'?
-- TEST CASE 4:
---- input:
Jose
45
1.89
---- correct output:
Nome: Jose
Idade: 45
Altura: 1.89
-- ERROR:
Traceback (most recent call last):
  File "XXXX", line 4, in <module>
    print("Evelyn", Nome)
                    ^^^^
NameError: name 'Nome' is not defined. Did you mean: 'None'?
*-*-*-*-*-*-*-*-*-*-*-*-*-*-*-*-*-*-*-*-*-*-*-*
== RUN (2025-08-21 21:27:53)
-- CODE: 
input(nome)
input(idade)
input(altura)
print("evelyn".nome)
print("19".idade)
print("162".altura)
-- EXECUTION TIME: 
0.0
-- TEST CASE 1:
---- input:
Teresa
13
1.45
---- correct output:
Nome: Teresa
Idade: 13
Altura: 1.45
-- ERROR:
Traceback (most recent call last):
  File "XXXX", line 1, in <module>
    input(nome)
          ^^^^
NameError: name 'nome' is not defined. Did you mean: 'None'?
-- TEST CASE 2:
---- input:
Marcelo
34
1.79
---- correct output:
Nome: Marcelo
Idade: 34
Altura: 1.79
-- ERROR:
Traceback (most recent call last):
  File "XXXX", line 1, in <module>
    input(nome)
          ^^^^
NameError: name 'nome' is not defined. Did you mean: 'None'?
-- TEST CASE 3:
---- input:
Larissa
23
1.68
---- correct output:
Nome: Larissa
Idade: 23
Altura: 1.68
-- ERROR:
Traceback (most recent call last):
  File "XXXX", line 1, in <module>
    input(nome)
          ^^^^
NameError: name 'nome' is not defined. Did you mean: 'None'?
-- TEST CASE 4:
---- input:
Jose
45
1.89
---- correct output:
Nome: Jose
Idade: 45
Altura: 1.89
-- ERROR:
Traceback (most recent call last):
  File "XXXX", line 1, in <module>
    input(nome)
          ^^^^
NameError: name 'nome' is not defined. Did you mean: 'None'?
*-*-*-*-*-*-*-*-*-*-*-*-*-*-*-*-*-*-*-*-*-*-*-*
== RUN (2025-08-21 21:16:35)
-- CODE: 
Nome: input()
Idade: input()
Altura: input()
print("Evelyn", Nome)
print("19", Idade)
print("162", Altura)
-- EXECUTION TIME: 
0.0
-- TEST CASE 1:
---- input:
Teresa
13
1.45
---- correct output:
Nome: Teresa
Idade: 13
Altura: 1.45
-- ERROR:
Traceback (most recent call last):
  File "XXXX", line 4, in <module>
    print("Evelyn", Nome)
                    ^^^^
NameError: name 'Nome' is not defined. Did you mean: 'None'?
-- TEST CASE 2:
---- input:
Marcelo
34
1.79
---- correct output:
Nome: Marcelo
Idade: 34
Altura: 1.79
-- ERROR:
Traceback (most recent call last):
  File "XXXX", line 4, in <module>
    print("Evelyn", Nome)
                    ^^^^
NameError: name 'Nome' is not defined. Did you mean: 'None'?
-- TEST CASE 3:
---- input:
Larissa
23
1.68
---- correct output:
Nome: Larissa
Idade: 23
Altura: 1.68
-- ERROR:
Traceback (most recent call last):
  File "XXXX", line 4, in <module>
    print("Evelyn", Nome)
                    ^^^^
NameError: name 'Nome' is not defined. Did you mean: 'None'?
-- TEST CASE 4:
---- input:
Jose
45
1.89
---- correct output:
Nome: Jose
Idade: 45
Altura: 1.89
-- ERROR:
Traceback (most recent call last):
  File "XXXX", line 4, in <module>
    print("Evelyn", Nome)
                    ^^^^
NameError: name 'Nome' is not defined. Did you mean: 'None'?
*-*-*-*-*-*-*-*-*-*-*-*-*-*-*-*-*-*-*-*-*-*-*-*
== SUBMISSION (2025-08-21 21:27:52)
-- CODE: 
input(nome)
input(idade)
input(altura)
print("evelyn".nome)
print("19".idade)
print("162".altura)
-- EXECUTION TIME: 
0.0
-- TEST CASE 1:
---- input:
Teresa
13
1.45
---- correct output:
Nome: Teresa
Idade: 13
Altura: 1.45
-- ERROR:
Traceback (most recent call last):
  File "XXXX", line 1, in <module>
    input(nome)
          ^^^^
NameError: name 'nome' is not defined. Did you mean: 'None'?
-- TEST CASE 2:
---- input:
Marcelo
34
1.79
---- correct output:
Nome: Marcelo
Idade: 34
Altura: 1.79
-- ERROR:
Traceback (most recent call last):
  File "XXXX", line 1, in <module>
    input(nome)
          ^^^^
NameError: name 'nome' is not defined. Did you mean: 'None'?
-- TEST CASE 3:
---- input:
Larissa
23
1.68
---- correct output:
Nome: Larissa
Idade: 23
Altura: 1.68
-- ERROR:
Traceback (most recent call last):
  File "XXXX", line 1, in <module>
    input(nome)
          ^^^^
NameError: name 'nome' is not defined. Did you mean: 'None'?
-- TEST CASE 4:
---- input:
Jose
45
1.89
---- correct output:
Nome: Jose
Idade: 45
Altura: 1.89
-- ERROR:
Traceback (most recent call last):
  File "XXXX", line 1, in <module>
    input(nome)
          ^^^^
NameError: name 'nome' is not defined. Did you mean: 'None'?
-- GRADE:
0%
*-*-*-*-*-*-*-*-*-*-*-*-*-*-*-*-*-*-*-*-*-*-*-*
== RUN (2025-08-21 21:02:20)
-- CODE: 
"Nome= Evelyn"
"Idade= 19"
"Altura= 162"
-- EXECUTION TIME: 
0.0
-- TEST CASE 1:
---- input:
Teresa
13
1.45
---- correct output:
Nome: Teresa
Idade: 13
Altura: 1.45
---- user output:
None
-- TEST CASE 2:
---- input:
Marcelo
34
1.79
---- correct output:
Nome: Marcelo
Idade: 34
Altura: 1.79
---- user output:
None
-- TEST CASE 3:
---- input:
Larissa
23
1.68
---- correct output:
Nome: Larissa
Idade: 23
Altura: 1.68
---- user output:
None
-- TEST CASE 4:
---- input:
Jose
45
1.89
---- correct output:
Nome: Jose
Idade: 45
Altura: 1.89
---- user output:
None
*-*-*-*-*-*-*-*-*-*-*-*-*-*-*-*-*-*-*-*-*-*-*-*
== RUN (2025-08-21 21:05:09)
-- CODE: 
"Nome:Fulano"
"Idade:YY"
"Altura:XXX"
Evelyn
19
162

-- EXECUTION TIME: 
0.0
-- TEST CASE 1:
---- input:
Teresa
13
1.45
---- correct output:
Nome: Teresa
Idade: 13
Altura: 1.45
-- ERROR:
Traceback (most recent call last):
  File "XXXX", line 4, in <module>
    Evelyn
NameError: name 'Evelyn' is not defined
-- TEST CASE 2:
---- input:
Marcelo
34
1.79
---- correct output:
Nome: Marcelo
Idade: 34
Altura: 1.79
-- ERROR:
Traceback (most recent call last):
  File "XXXX", line 4, in <module>
    Evelyn
NameError: name 'Evelyn' is not defined
-- TEST CASE 3:
---- input:
Larissa
23
1.68
---- correct output:
Nome: Larissa
Idade: 23
Altura: 1.68
-- ERROR:
Traceback (most recent call last):
  File "XXXX", line 4, in <module>
    Evelyn
NameError: name 'Evelyn' is not defined
-- TEST CASE 4:
---- input:
Jose
45
1.89
---- correct output:
Nome: Jose
Idade: 45
Altura: 1.89
-- ERROR:
Traceback (most recent call last):
  File "XXXX", line 4, in <module>
    Evelyn
NameError: name 'Evelyn' is not defined
*-*-*-*-*-*-*-*-*-*-*-*-*-*-*-*-*-*-*-*-*-*-*-*
== SUBMISSION (2025-08-21 21:17:35)
-- CODE: 
Nome : input()
Idade : input()
Altura : input()
print("Evelyn", Nome)
print("19", Idade)
print("162", Altura)
-- EXECUTION TIME: 
0.0
-- TEST CASE 1:
---- input:
Teresa
13
1.45
---- correct output:
Nome: Teresa
Idade: 13
Altura: 1.45
-- ERROR:
Traceback (most recent call last):
  File "XXXX", line 4, in <module>
    print("Evelyn", Nome)
                    ^^^^
NameError: name 'Nome' is not defined. Did you mean: 'None'?
-- TEST CASE 2:
---- input:
Marcelo
34
1.79
---- correct output:
Nome: Marcelo
Idade: 34
Altura: 1.79
-- ERROR:
Traceback (most recent call last):
  File "XXXX", line 4, in <module>
    print("Evelyn", Nome)
                    ^^^^
NameError: name 'Nome' is not defined. Did you mean: 'None'?
-- TEST CASE 3:
---- input:
Larissa
23
1.68
---- correct output:
Nome: Larissa
Idade: 23
Altura: 1.68
-- ERROR:
Traceback (most recent call last):
  File "XXXX", line 4, in <module>
    print("Evelyn", Nome)
                    ^^^^
NameError: name 'Nome' is not defined. Did you mean: 'None'?
-- TEST CASE 4:
---- input:
Jose
45
1.89
---- correct output:
Nome: Jose
Idade: 45
Altura: 1.89
-- ERROR:
Traceback (most recent call last):
  File "XXXX", line 4, in <module>
    print("Evelyn", Nome)
                    ^^^^
NameError: name 'Nome' is not defined. Did you mean: 'None'?
-- GRADE:
0%
*-*-*-*-*-*-*-*-*-*-*-*-*-*-*-*-*-*-*-*-*-*-*-*
== RUN (2025-08-21 21:05:08)
-- CODE: 
"Nome:Fulano"
"Idade:YY"
"Altura:XXX"
Evelyn
19
162

-- EXECUTION TIME: 
0.0
-- TEST CASE 1:
---- input:
Teresa
13
1.45
---- correct output:
Nome: Teresa
Idade: 13
Altura: 1.45
-- ERROR:
Traceback (most recent call last):
  File "XXXX", line 4, in <module>
    Evelyn
NameError: name 'Evelyn' is not defined
-- TEST CASE 2:
---- input:
Marcelo
34
1.79
---- correct output:
Nome: Marcelo
Idade: 34
Altura: 1.79
-- ERROR:
Traceback (most recent call last):
  File "XXXX", line 4, in <module>
    Evelyn
NameError: name 'Evelyn' is not defined
-- TEST CASE 3:
---- input:
Larissa
23
1.68
---- correct output:
Nome: Larissa
Idade: 23
Altura: 1.68
-- ERROR:
Traceback (most recent call last):
  File "XXXX", line 4, in <module>
    Evelyn
NameError: name 'Evelyn' is not defined
-- TEST CASE 4:
---- input:
Jose
45
1.89
---- correct output:
Nome: Jose
Idade: 45
Altura: 1.89
-- ERROR:
Traceback (most recent call last):
  File "XXXX", line 4, in <module>
    Evelyn
NameError: name 'Evelyn' is not defined
*-*-*-*-*-*-*-*-*-*-*-*-*-*-*-*-*-*-*-*-*-*-*-*
== SUBMISSION (2025-08-21 21:41:28)
-- CODE: 
nome = input("Digite meu nome: evelyn")
idade = float(input("digite a idade: "))
altura = float(input("digite a minha altura: "))

print(nome)
print(idade)
-- EXECUTION TIME: 
0.01
-- TEST CASE 1:
---- input:
Teresa
13
1.45
---- correct output:
Nome: Teresa
Idade: 13
Altura: 1.45
---- user output:
13.0
-- TEST CASE 2:
---- input:
Marcelo
34
1.79
---- correct output:
Nome: Marcelo
Idade: 34
Altura: 1.79
---- user output:
34.0
-- TEST CASE 3:
---- input:
Larissa
23
1.68
---- correct output:
Nome: Larissa
Idade: 23
Altura: 1.68
---- user output:
23.0
-- TEST CASE 4:
---- input:
Jose
45
1.89
---- correct output:
Nome: Jose
Idade: 45
Altura: 1.89
---- user output:
45.0
-- GRADE:
0%
*-*-*-*-*-*-*-*-*-*-*-*-*-*-*-*-*-*-*-*-*-*-*-*
== SUBMISSION (2025-08-21 21:22:24)
-- CODE: 
print("Evelyn")
print("19")
print("162")
Nome= input(1)
Idade= input(2)
Altura= input(3)

-- EXECUTION TIME: 
0.01
-- TEST CASE 1:
---- input:
Teresa
13
1.45
---- correct output:
Nome: Teresa
Idade: 13
Altura: 1.45
---- user output:
123
-- TEST CASE 2:
---- input:
Marcelo
34
1.79
---- correct output:
Nome: Marcelo
Idade: 34
Altura: 1.79
---- user output:
123
-- TEST CASE 3:
---- input:
Larissa
23
1.68
---- correct output:
Nome: Larissa
Idade: 23
Altura: 1.68
---- user output:
123
-- TEST CASE 4:
---- input:
Jose
45
1.89
---- correct output:
Nome: Jose
Idade: 45
Altura: 1.89
---- user output:
123
-- GRADE:
0%
*-*-*-*-*-*-*-*-*-*-*-*-*-*-*-*-*-*-*-*-*-*-*-*
== RUN (2025-08-21 21:16:19)
-- CODE: 
Nome: input()"
Idade: input()"
Altura: input()
print("Evelyn", Nome)
print("19", Idade)
print("162", Altura)
-- EXECUTION TIME: 
0.0
-- TEST CASE 1:
---- input:
Teresa
13
1.45
---- correct output:
Nome: Teresa
Idade: 13
Altura: 1.45
-- ERROR:
File "XXXX", line 1
    Nome: input()"
                 ^
SyntaxError: unterminated string literal (detected at line 1)
-- TEST CASE 2:
---- input:
Marcelo
34
1.79
---- correct output:
Nome: Marcelo
Idade: 34
Altura: 1.79
-- ERROR:
File "XXXX", line 1
    Nome: input()"
                 ^
SyntaxError: unterminated string literal (detected at line 1)
-- TEST CASE 3:
---- input:
Larissa
23
1.68
---- correct output:
Nome: Larissa
Idade: 23
Altura: 1.68
-- ERROR:
File "XXXX", line 1
    Nome: input()"
                 ^
SyntaxError: unterminated string literal (detected at line 1)
-- TEST CASE 4:
---- input:
Jose
45
1.89
---- correct output:
Nome: Jose
Idade: 45
Altura: 1.89
-- ERROR:
File "XXXX", line 1
    Nome: input()"
                 ^
SyntaxError: unterminated string literal (detected at line 1)
*-*-*-*-*-*-*-*-*-*-*-*-*-*-*-*-*-*-*-*-*-*-*-*
== RUN (2025-08-21 21:07:32)
-- CODE: 
"Nome:"
"Idade:"
"Altura:"
Evelyn
19
162

-- EXECUTION TIME: 
0.0
-- TEST CASE 1:
---- input:
Teresa
13
1.45
---- correct output:
Nome: Teresa
Idade: 13
Altura: 1.45
-- ERROR:
Traceback (most recent call last):
  File "XXXX", line 4, in <module>
    Evelyn
NameError: name 'Evelyn' is not defined
-- TEST CASE 2:
---- input:
Marcelo
34
1.79
---- correct output:
Nome: Marcelo
Idade: 34
Altura: 1.79
-- ERROR:
Traceback (most recent call last):
  File "XXXX", line 4, in <module>
    Evelyn
NameError: name 'Evelyn' is not defined
-- TEST CASE 3:
---- input:
Larissa
23
1.68
---- correct output:
Nome: Larissa
Idade: 23
Altura: 1.68
-- ERROR:
Traceback (most recent call last):
  File "XXXX", line 4, in <module>
    Evelyn
NameError: name 'Evelyn' is not defined
-- TEST CASE 4:
---- input:
Jose
45
1.89
---- correct output:
Nome: Jose
Idade: 45
Altura: 1.89
-- ERROR:
Traceback (most recent call last):
  File "XXXX", line 4, in <module>
    Evelyn
NameError: name 'Evelyn' is not defined
*-*-*-*-*-*-*-*-*-*-*-*-*-*-*-*-*-*-*-*-*-*-*-*
== RUN (2025-08-21 21:27:37)
-- CODE: 
nome = input(nome)
idade = input(idade)
altura = input(altura)
print("evelyn".nome)
print("19".idade)
print("162".altura)
-- EXECUTION TIME: 
0.0
-- TEST CASE 1:
---- input:
Teresa
13
1.45
---- correct output:
Nome: Teresa
Idade: 13
Altura: 1.45
-- ERROR:
Traceback (most recent call last):
  File "XXXX", line 1, in <module>
    nome = input(nome)
                 ^^^^
NameError: name 'nome' is not defined. Did you mean: 'None'?
-- TEST CASE 2:
---- input:
Marcelo
34
1.79
---- correct output:
Nome: Marcelo
Idade: 34
Altura: 1.79
-- ERROR:
Traceback (most recent call last):
  File "XXXX", line 1, in <module>
    nome = input(nome)
                 ^^^^
NameError: name 'nome' is not defined. Did you mean: 'None'?
-- TEST CASE 3:
---- input:
Larissa
23
1.68
---- correct output:
Nome: Larissa
Idade: 23
Altura: 1.68
-- ERROR:
Traceback (most recent call last):
  File "XXXX", line 1, in <module>
    nome = input(nome)
                 ^^^^
NameError: name 'nome' is not defined. Did you mean: 'None'?
-- TEST CASE 4:
---- input:
Jose
45
1.89
---- correct output:
Nome: Jose
Idade: 45
Altura: 1.89
-- ERROR:
Traceback (most recent call last):
  File "XXXX", line 1, in <module>
    nome = input(nome)
                 ^^^^
NameError: name 'nome' is not defined. Did you mean: 'None'?
*-*-*-*-*-*-*-*-*-*-*-*-*-*-*-*-*-*-*-*-*-*-*-*
== SUBMISSION (2025-08-21 21:16:10)
-- CODE: 
Nome:input()"
Idade:input()"
Altura:input()
print("Evelyn", Nome)
print("19", Idade)
print("162", Altura)
-- EXECUTION TIME: 
0.0
-- TEST CASE 1:
---- input:
Teresa
13
1.45
---- correct output:
Nome: Teresa
Idade: 13
Altura: 1.45
-- ERROR:
File "XXXX", line 1
    Nome:input()"
                ^
SyntaxError: unterminated string literal (detected at line 1)
-- TEST CASE 2:
---- input:
Marcelo
34
1.79
---- correct output:
Nome: Marcelo
Idade: 34
Altura: 1.79
-- ERROR:
File "XXXX", line 1
    Nome:input()"
                ^
SyntaxError: unterminated string literal (detected at line 1)
-- TEST CASE 3:
---- input:
Larissa
23
1.68
---- correct output:
Nome: Larissa
Idade: 23
Altura: 1.68
-- ERROR:
File "XXXX", line 1
    Nome:input()"
                ^
SyntaxError: unterminated string literal (detected at line 1)
-- TEST CASE 4:
---- input:
Jose
45
1.89
---- correct output:
Nome: Jose
Idade: 45
Altura: 1.89
-- ERROR:
File "XXXX", line 1
    Nome:input()"
                ^
SyntaxError: unterminated string literal (detected at line 1)
-- GRADE:
0%
*-*-*-*-*-*-*-*-*-*-*-*-*-*-*-*-*-*-*-*-*-*-*-*
== RUN (2025-08-21 21:28:09)
-- CODE: 
input(nome)
input(idade)
input(altura)
print("evelyn")
print("19")
print("162")
-- EXECUTION TIME: 
0.0
-- TEST CASE 1:
---- input:
Teresa
13
1.45
---- correct output:
Nome: Teresa
Idade: 13
Altura: 1.45
-- ERROR:
Traceback (most recent call last):
  File "XXXX", line 1, in <module>
    input(nome)
          ^^^^
NameError: name 'nome' is not defined. Did you mean: 'None'?
-- TEST CASE 2:
---- input:
Marcelo
34
1.79
---- correct output:
Nome: Marcelo
Idade: 34
Altura: 1.79
-- ERROR:
Traceback (most recent call last):
  File "XXXX", line 1, in <module>
    input(nome)
          ^^^^
NameError: name 'nome' is not defined. Did you mean: 'None'?
-- TEST CASE 3:
---- input:
Larissa
23
1.68
---- correct output:
Nome: Larissa
Idade: 23
Altura: 1.68
-- ERROR:
Traceback (most recent call last):
  File "XXXX", line 1, in <module>
    input(nome)
          ^^^^
NameError: name 'nome' is not defined. Did you mean: 'None'?
-- TEST CASE 4:
---- input:
Jose
45
1.89
---- correct output:
Nome: Jose
Idade: 45
Altura: 1.89
-- ERROR:
Traceback (most recent call last):
  File "XXXX", line 1, in <module>
    input(nome)
          ^^^^
NameError: name 'nome' is not defined. Did you mean: 'None'?
*-*-*-*-*-*-*-*-*-*-*-*-*-*-*-*-*-*-*-*-*-*-*-*
== RUN (2025-08-21 21:07:31)
-- CODE: 
"Nome:"
"Idade:"
"Altura:"
Evelyn
19
162

-- EXECUTION TIME: 
0.0
-- TEST CASE 1:
---- input:
Teresa
13
1.45
---- correct output:
Nome: Teresa
Idade: 13
Altura: 1.45
-- ERROR:
Traceback (most recent call last):
  File "XXXX", line 4, in <module>
    Evelyn
NameError: name 'Evelyn' is not defined
-- TEST CASE 2:
---- input:
Marcelo
34
1.79
---- correct output:
Nome: Marcelo
Idade: 34
Altura: 1.79
-- ERROR:
Traceback (most recent call last):
  File "XXXX", line 4, in <module>
    Evelyn
NameError: name 'Evelyn' is not defined
-- TEST CASE 3:
---- input:
Larissa
23
1.68
---- correct output:
Nome: Larissa
Idade: 23
Altura: 1.68
-- ERROR:
Traceback (most recent call last):
  File "XXXX", line 4, in <module>
    Evelyn
NameError: name 'Evelyn' is not defined
-- TEST CASE 4:
---- input:
Jose
45
1.89
---- correct output:
Nome: Jose
Idade: 45
Altura: 1.89
-- ERROR:
Traceback (most recent call last):
  File "XXXX", line 4, in <module>
    Evelyn
NameError: name 'Evelyn' is not defined
*-*-*-*-*-*-*-*-*-*-*-*-*-*-*-*-*-*-*-*-*-*-*-*
== RUN (2025-08-21 21:40:35)
-- CODE: 
nome = input("Digite meu nome: ")
idade = float(input("digite a idade: "))
altura = float(input("digite a minha altura: 1.62"))

-- EXECUTION TIME: 
0.0
-- TEST CASE 1:
---- input:
Teresa
13
1.45
---- correct output:
Nome: Teresa
Idade: 13
Altura: 1.45
---- user output:
Digite meu nome: digite a idade: digite a minha altura: 1.62
-- TEST CASE 2:
---- input:
Marcelo
34
1.79
---- correct output:
Nome: Marcelo
Idade: 34
Altura: 1.79
---- user output:
Digite meu nome: digite a idade: digite a minha altura: 1.62
-- TEST CASE 3:
---- input:
Larissa
23
1.68
---- correct output:
Nome: Larissa
Idade: 23
Altura: 1.68
---- user output:
Digite meu nome: digite a idade: digite a minha altura: 1.62
-- TEST CASE 4:
---- input:
Jose
45
1.89
---- correct output:
Nome: Jose
Idade: 45
Altura: 1.89
---- user output:
Digite meu nome: digite a idade: digite a minha altura: 1.62
*-*-*-*-*-*-*-*-*-*-*-*-*-*-*-*-*-*-*-*-*-*-*-*
== RUN (2025-08-21 21:17:18)
-- CODE: 
Nome : input(4)
Idade : input(5)
Altura : input(6)
print("Evelyn", Nome)
print("19", Idade)
print("162", Altura)
-- EXECUTION TIME: 
0.0
-- TEST CASE 1:
---- input:
Teresa
13
1.45
---- correct output:
Nome: Teresa
Idade: 13
Altura: 1.45
-- ERROR:
Traceback (most recent call last):
  File "XXXX", line 4, in <module>
    print("Evelyn", Nome)
                    ^^^^
NameError: name 'Nome' is not defined. Did you mean: 'None'?
-- TEST CASE 2:
---- input:
Marcelo
34
1.79
---- correct output:
Nome: Marcelo
Idade: 34
Altura: 1.79
-- ERROR:
Traceback (most recent call last):
  File "XXXX", line 4, in <module>
    print("Evelyn", Nome)
                    ^^^^
NameError: name 'Nome' is not defined. Did you mean: 'None'?
-- TEST CASE 3:
---- input:
Larissa
23
1.68
---- correct output:
Nome: Larissa
Idade: 23
Altura: 1.68
-- ERROR:
Traceback (most recent call last):
  File "XXXX", line 4, in <module>
    print("Evelyn", Nome)
                    ^^^^
NameError: name 'Nome' is not defined. Did you mean: 'None'?
-- TEST CASE 4:
---- input:
Jose
45
1.89
---- correct output:
Nome: Jose
Idade: 45
Altura: 1.89
-- ERROR:
Traceback (most recent call last):
  File "XXXX", line 4, in <module>
    print("Evelyn", Nome)
                    ^^^^
NameError: name 'Nome' is not defined. Did you mean: 'None'?
*-*-*-*-*-*-*-*-*-*-*-*-*-*-*-*-*-*-*-*-*-*-*-*
== RUN (2025-08-21 21:17:27)
-- CODE: 
Nome : input(4)
Idade : input(5)
Altura : input(6)
print("Evelyn", Nome)
print("19", Idade)
print("162", Altura)
-- EXECUTION TIME: 
0.0
-- TEST CASE 1:
---- input:
Teresa
13
1.45
---- correct output:
Nome: Teresa
Idade: 13
Altura: 1.45
-- ERROR:
Traceback (most recent call last):
  File "XXXX", line 4, in <module>
    print("Evelyn", Nome)
                    ^^^^
NameError: name 'Nome' is not defined. Did you mean: 'None'?
-- TEST CASE 2:
---- input:
Marcelo
34
1.79
---- correct output:
Nome: Marcelo
Idade: 34
Altura: 1.79
-- ERROR:
Traceback (most recent call last):
  File "XXXX", line 4, in <module>
    print("Evelyn", Nome)
                    ^^^^
NameError: name 'Nome' is not defined. Did you mean: 'None'?
-- TEST CASE 3:
---- input:
Larissa
23
1.68
---- correct output:
Nome: Larissa
Idade: 23
Altura: 1.68
-- ERROR:
Traceback (most recent call last):
  File "XXXX", line 4, in <module>
    print("Evelyn", Nome)
                    ^^^^
NameError: name 'Nome' is not defined. Did you mean: 'None'?
-- TEST CASE 4:
---- input:
Jose
45
1.89
---- correct output:
Nome: Jose
Idade: 45
Altura: 1.89
-- ERROR:
Traceback (most recent call last):
  File "XXXX", line 4, in <module>
    print("Evelyn", Nome)
                    ^^^^
NameError: name 'Nome' is not defined. Did you mean: 'None'?
*-*-*-*-*-*-*-*-*-*-*-*-*-*-*-*-*-*-*-*-*-*-*-*
== SUBMISSION (2025-08-21 21:16:37)
-- CODE: 
Nome: input()
Idade: input()
Altura: input()
print("Evelyn", Nome)
print("19", Idade)
print("162", Altura)
-- EXECUTION TIME: 
0.0
-- TEST CASE 1:
---- input:
Teresa
13
1.45
---- correct output:
Nome: Teresa
Idade: 13
Altura: 1.45
-- ERROR:
Traceback (most recent call last):
  File "XXXX", line 4, in <module>
    print("Evelyn", Nome)
                    ^^^^
NameError: name 'Nome' is not defined. Did you mean: 'None'?
-- TEST CASE 2:
---- input:
Marcelo
34
1.79
---- correct output:
Nome: Marcelo
Idade: 34
Altura: 1.79
-- ERROR:
Traceback (most recent call last):
  File "XXXX", line 4, in <module>
    print("Evelyn", Nome)
                    ^^^^
NameError: name 'Nome' is not defined. Did you mean: 'None'?
-- TEST CASE 3:
---- input:
Larissa
23
1.68
---- correct output:
Nome: Larissa
Idade: 23
Altura: 1.68
-- ERROR:
Traceback (most recent call last):
  File "XXXX", line 4, in <module>
    print("Evelyn", Nome)
                    ^^^^
NameError: name 'Nome' is not defined. Did you mean: 'None'?
-- TEST CASE 4:
---- input:
Jose
45
1.89
---- correct output:
Nome: Jose
Idade: 45
Altura: 1.89
-- ERROR:
Traceback (most recent call last):
  File "XXXX", line 4, in <module>
    print("Evelyn", Nome)
                    ^^^^
NameError: name 'Nome' is not defined. Did you mean: 'None'?
-- GRADE:
0%
*-*-*-*-*-*-*-*-*-*-*-*-*-*-*-*-*-*-*-*-*-*-*-*
== SUBMISSION (2025-08-21 21:16:23)
-- CODE: 
Nome: input()"
Idade: input()"
Altura: input()
print("Evelyn", Nome)
print("19", Idade)
print("162", Altura)
-- EXECUTION TIME: 
0.0
-- TEST CASE 1:
---- input:
Teresa
13
1.45
---- correct output:
Nome: Teresa
Idade: 13
Altura: 1.45
-- ERROR:
File "XXXX", line 1
    Nome: input()"
                 ^
SyntaxError: unterminated string literal (detected at line 1)
-- TEST CASE 2:
---- input:
Marcelo
34
1.79
---- correct output:
Nome: Marcelo
Idade: 34
Altura: 1.79
-- ERROR:
File "XXXX", line 1
    Nome: input()"
                 ^
SyntaxError: unterminated string literal (detected at line 1)
-- TEST CASE 3:
---- input:
Larissa
23
1.68
---- correct output:
Nome: Larissa
Idade: 23
Altura: 1.68
-- ERROR:
File "XXXX", line 1
    Nome: input()"
                 ^
SyntaxError: unterminated string literal (detected at line 1)
-- TEST CASE 4:
---- input:
Jose
45
1.89
---- correct output:
Nome: Jose
Idade: 45
Altura: 1.89
-- ERROR:
File "XXXX", line 1
    Nome: input()"
                 ^
SyntaxError: unterminated string literal (detected at line 1)
-- GRADE:
0%
*-*-*-*-*-*-*-*-*-*-*-*-*-*-*-*-*-*-*-*-*-*-*-*
== RUN (2025-08-21 21:08:39)
-- CODE: 
Evelyn
19
162

-- EXECUTION TIME: 
0.0
-- TEST CASE 1:
---- input:
Teresa
13
1.45
---- correct output:
Nome: Teresa
Idade: 13
Altura: 1.45
-- ERROR:
Traceback (most recent call last):
  File "XXXX", line 1, in <module>
    Evelyn
NameError: name 'Evelyn' is not defined
-- TEST CASE 2:
---- input:
Marcelo
34
1.79
---- correct output:
Nome: Marcelo
Idade: 34
Altura: 1.79
-- ERROR:
Traceback (most recent call last):
  File "XXXX", line 1, in <module>
    Evelyn
NameError: name 'Evelyn' is not defined
-- TEST CASE 3:
---- input:
Larissa
23
1.68
---- correct output:
Nome: Larissa
Idade: 23
Altura: 1.68
-- ERROR:
Traceback (most recent call last):
  File "XXXX", line 1, in <module>
    Evelyn
NameError: name 'Evelyn' is not defined
-- TEST CASE 4:
---- input:
Jose
45
1.89
---- correct output:
Nome: Jose
Idade: 45
Altura: 1.89
-- ERROR:
Traceback (most recent call last):
  File "XXXX", line 1, in <module>
    Evelyn
NameError: name 'Evelyn' is not defined
*-*-*-*-*-*-*-*-*-*-*-*-*-*-*-*-*-*-*-*-*-*-*-*
== SUBMISSION (2025-08-21 21:27:03)
-- CODE: 
nome = input(idade)
idade = input(nome)
altura = input(altura)
print("evelyn".nome)
print("19".idade)
print("162".altura)
-- EXECUTION TIME: 
0.0
-- TEST CASE 1:
---- input:
Teresa
13
1.45
---- correct output:
Nome: Teresa
Idade: 13
Altura: 1.45
-- ERROR:
Traceback (most recent call last):
  File "XXXX", line 1, in <module>
    nome = input(idade)
                 ^^^^^
NameError: name 'idade' is not defined
-- TEST CASE 2:
---- input:
Marcelo
34
1.79
---- correct output:
Nome: Marcelo
Idade: 34
Altura: 1.79
-- ERROR:
Traceback (most recent call last):
  File "XXXX", line 1, in <module>
    nome = input(idade)
                 ^^^^^
NameError: name 'idade' is not defined
-- TEST CASE 3:
---- input:
Larissa
23
1.68
---- correct output:
Nome: Larissa
Idade: 23
Altura: 1.68
-- ERROR:
Traceback (most recent call last):
  File "XXXX", line 1, in <module>
    nome = input(idade)
                 ^^^^^
NameError: name 'idade' is not defined
-- TEST CASE 4:
---- input:
Jose
45
1.89
---- correct output:
Nome: Jose
Idade: 45
Altura: 1.89
-- ERROR:
Traceback (most recent call last):
  File "XXXX", line 1, in <module>
    nome = input(idade)
                 ^^^^^
NameError: name 'idade' is not defined
-- GRADE:
0%
*-*-*-*-*-*-*-*-*-*-*-*-*-*-*-*-*-*-*-*-*-*-*-*
== RUN (2025-08-21 21:15:12)
-- CODE: 
Nome = input()
Idade = input()
Altura = input()
print("Evelyn", Nome)
print("19", Idade)
print("162", Altura)
-- EXECUTION TIME: 
0.0
-- TEST CASE 1:
---- input:
Teresa
13
1.45
---- correct output:
Nome: Teresa
Idade: 13
Altura: 1.45
---- user output:
162 1.45
-- TEST CASE 2:
---- input:
Marcelo
34
1.79
---- correct output:
Nome: Marcelo
Idade: 34
Altura: 1.79
---- user output:
162 1.79
-- TEST CASE 3:
---- input:
Larissa
23
1.68
---- correct output:
Nome: Larissa
Idade: 23
Altura: 1.68
---- user output:
162 1.68
-- TEST CASE 4:
---- input:
Jose
45
1.89
---- correct output:
Nome: Jose
Idade: 45
Altura: 1.89
---- user output:
162 1.89
*-*-*-*-*-*-*-*-*-*-*-*-*-*-*-*-*-*-*-*-*-*-*-*
== RUN (2025-08-21 21:17:26)
-- CODE: 
Nome : input(4)
Idade : input(5)
Altura : input(6)
print("Evelyn", Nome)
print("19", Idade)
print("162", Altura)
-- EXECUTION TIME: 
0.0
-- TEST CASE 1:
---- input:
Teresa
13
1.45
---- correct output:
Nome: Teresa
Idade: 13
Altura: 1.45
-- ERROR:
Traceback (most recent call last):
  File "XXXX", line 4, in <module>
    print("Evelyn", Nome)
                    ^^^^
NameError: name 'Nome' is not defined. Did you mean: 'None'?
-- TEST CASE 2:
---- input:
Marcelo
34
1.79
---- correct output:
Nome: Marcelo
Idade: 34
Altura: 1.79
-- ERROR:
Traceback (most recent call last):
  File "XXXX", line 4, in <module>
    print("Evelyn", Nome)
                    ^^^^
NameError: name 'Nome' is not defined. Did you mean: 'None'?
-- TEST CASE 3:
---- input:
Larissa
23
1.68
---- correct output:
Nome: Larissa
Idade: 23
Altura: 1.68
-- ERROR:
Traceback (most recent call last):
  File "XXXX", line 4, in <module>
    print("Evelyn", Nome)
                    ^^^^
NameError: name 'Nome' is not defined. Did you mean: 'None'?
-- TEST CASE 4:
---- input:
Jose
45
1.89
---- correct output:
Nome: Jose
Idade: 45
Altura: 1.89
-- ERROR:
Traceback (most recent call last):
  File "XXXX", line 4, in <module>
    print("Evelyn", Nome)
                    ^^^^
NameError: name 'Nome' is not defined. Did you mean: 'None'?
*-*-*-*-*-*-*-*-*-*-*-*-*-*-*-*-*-*-*-*-*-*-*-*
== RUN (2025-08-21 21:07:04)
-- CODE: 
"Nome:"
"Idade:"
"Altura:"



-- EXECUTION TIME: 
0.0
-- TEST CASE 1:
---- input:
Teresa
13
1.45
---- correct output:
Nome: Teresa
Idade: 13
Altura: 1.45
---- user output:
None
-- TEST CASE 2:
---- input:
Marcelo
34
1.79
---- correct output:
Nome: Marcelo
Idade: 34
Altura: 1.79
---- user output:
None
-- TEST CASE 3:
---- input:
Larissa
23
1.68
---- correct output:
Nome: Larissa
Idade: 23
Altura: 1.68
---- user output:
None
-- TEST CASE 4:
---- input:
Jose
45
1.89
---- correct output:
Nome: Jose
Idade: 45
Altura: 1.89
---- user output:
None
*-*-*-*-*-*-*-*-*-*-*-*-*-*-*-*-*-*-*-*-*-*-*-*
== RUN (2025-08-21 21:03:32)
-- CODE: 
"Nome:fulano"
"Idade:yy"
"Altura:xxx"
-- EXECUTION TIME: 
0.0
-- TEST CASE 1:
---- input:
Teresa
13
1.45
---- correct output:
Nome: Teresa
Idade: 13
Altura: 1.45
---- user output:
None
-- TEST CASE 2:
---- input:
Marcelo
34
1.79
---- correct output:
Nome: Marcelo
Idade: 34
Altura: 1.79
---- user output:
None
-- TEST CASE 3:
---- input:
Larissa
23
1.68
---- correct output:
Nome: Larissa
Idade: 23
Altura: 1.68
---- user output:
None
-- TEST CASE 4:
---- input:
Jose
45
1.89
---- correct output:
Nome: Jose
Idade: 45
Altura: 1.89
---- user output:
None
*-*-*-*-*-*-*-*-*-*-*-*-*-*-*-*-*-*-*-*-*-*-*-*
== SUBMISSION (2025-08-21 21:19:36)
-- CODE: 
print("Evelyn:", Nome)
print("19:", Idade)
print("162:", Altura)
Nome=input()
Idade=input()
Altura=input()

-- EXECUTION TIME: 
0.0
-- TEST CASE 1:
---- input:
Teresa
13
1.45
---- correct output:
Nome: Teresa
Idade: 13
Altura: 1.45
-- ERROR:
Traceback (most recent call last):
  File "XXXX", line 1, in <module>
    print("Evelyn:", Nome)
                     ^^^^
NameError: name 'Nome' is not defined. Did you mean: 'None'?
-- TEST CASE 2:
---- input:
Marcelo
34
1.79
---- correct output:
Nome: Marcelo
Idade: 34
Altura: 1.79
-- ERROR:
Traceback (most recent call last):
  File "XXXX", line 1, in <module>
    print("Evelyn:", Nome)
                     ^^^^
NameError: name 'Nome' is not defined. Did you mean: 'None'?
-- TEST CASE 3:
---- input:
Larissa
23
1.68
---- correct output:
Nome: Larissa
Idade: 23
Altura: 1.68
-- ERROR:
Traceback (most recent call last):
  File "XXXX", line 1, in <module>
    print("Evelyn:", Nome)
                     ^^^^
NameError: name 'Nome' is not defined. Did you mean: 'None'?
-- TEST CASE 4:
---- input:
Jose
45
1.89
---- correct output:
Nome: Jose
Idade: 45
Altura: 1.89
-- ERROR:
Traceback (most recent call last):
  File "XXXX", line 1, in <module>
    print("Evelyn:", Nome)
                     ^^^^
NameError: name 'Nome' is not defined. Did you mean: 'None'?
-- GRADE:
0%
*-*-*-*-*-*-*-*-*-*-*-*-*-*-*-*-*-*-*-*-*-*-*-*
== SUBMISSION (2025-08-21 21:32:53)
-- CODE: 
nome = input(Evelyn)
idade = input(19)
altura = input(162)
print("Nome:", nome)
print("Idade", idade)
print("altura", altura)
-- EXECUTION TIME: 
0.0
-- TEST CASE 1:
---- input:
Teresa
13
1.45
---- correct output:
Nome: Teresa
Idade: 13
Altura: 1.45
-- ERROR:
Traceback (most recent call last):
  File "XXXX", line 1, in <module>
    nome = input(Evelyn)
                 ^^^^^^
NameError: name 'Evelyn' is not defined
-- TEST CASE 2:
---- input:
Marcelo
34
1.79
---- correct output:
Nome: Marcelo
Idade: 34
Altura: 1.79
-- ERROR:
Traceback (most recent call last):
  File "XXXX", line 1, in <module>
    nome = input(Evelyn)
                 ^^^^^^
NameError: name 'Evelyn' is not defined
-- TEST CASE 3:
---- input:
Larissa
23
1.68
---- correct output:
Nome: Larissa
Idade: 23
Altura: 1.68
-- ERROR:
Traceback (most recent call last):
  File "XXXX", line 1, in <module>
    nome = input(Evelyn)
                 ^^^^^^
NameError: name 'Evelyn' is not defined
-- TEST CASE 4:
---- input:
Jose
45
1.89
---- correct output:
Nome: Jose
Idade: 45
Altura: 1.89
-- ERROR:
Traceback (most recent call last):
  File "XXXX", line 1, in <module>
    nome = input(Evelyn)
                 ^^^^^^
NameError: name 'Evelyn' is not defined
-- GRADE:
0%
*-*-*-*-*-*-*-*-*-*-*-*-*-*-*-*-*-*-*-*-*-*-*-*
== RUN (2025-08-21 21:28:12)
-- CODE: 
input(nome)
input(idade)
input(altura)
print("evelyn")
print("19")
print("162")
-- EXECUTION TIME: 
0.0
-- TEST CASE 1:
---- input:
Teresa
13
1.45
---- correct output:
Nome: Teresa
Idade: 13
Altura: 1.45
-- ERROR:
Traceback (most recent call last):
  File "XXXX", line 1, in <module>
    input(nome)
          ^^^^
NameError: name 'nome' is not defined. Did you mean: 'None'?
-- TEST CASE 2:
---- input:
Marcelo
34
1.79
---- correct output:
Nome: Marcelo
Idade: 34
Altura: 1.79
-- ERROR:
Traceback (most recent call last):
  File "XXXX", line 1, in <module>
    input(nome)
          ^^^^
NameError: name 'nome' is not defined. Did you mean: 'None'?
-- TEST CASE 3:
---- input:
Larissa
23
1.68
---- correct output:
Nome: Larissa
Idade: 23
Altura: 1.68
-- ERROR:
Traceback (most recent call last):
  File "XXXX", line 1, in <module>
    input(nome)
          ^^^^
NameError: name 'nome' is not defined. Did you mean: 'None'?
-- TEST CASE 4:
---- input:
Jose
45
1.89
---- correct output:
Nome: Jose
Idade: 45
Altura: 1.89
-- ERROR:
Traceback (most recent call last):
  File "XXXX", line 1, in <module>
    input(nome)
          ^^^^
NameError: name 'nome' is not defined. Did you mean: 'None'?
*-*-*-*-*-*-*-*-*-*-*-*-*-*-*-*-*-*-*-*-*-*-*-*
== SUBMISSION (2025-08-21 21:17:20)
-- CODE: 
Nome : input(4)
Idade : input(5)
Altura : input(6)
print("Evelyn", Nome)
print("19", Idade)
print("162", Altura)
-- EXECUTION TIME: 
0.0
-- TEST CASE 1:
---- input:
Teresa
13
1.45
---- correct output:
Nome: Teresa
Idade: 13
Altura: 1.45
-- ERROR:
Traceback (most recent call last):
  File "XXXX", line 4, in <module>
    print("Evelyn", Nome)
                    ^^^^
NameError: name 'Nome' is not defined. Did you mean: 'None'?
-- TEST CASE 2:
---- input:
Marcelo
34
1.79
---- correct output:
Nome: Marcelo
Idade: 34
Altura: 1.79
-- ERROR:
Traceback (most recent call last):
  File "XXXX", line 4, in <module>
    print("Evelyn", Nome)
                    ^^^^
NameError: name 'Nome' is not defined. Did you mean: 'None'?
-- TEST CASE 3:
---- input:
Larissa
23
1.68
---- correct output:
Nome: Larissa
Idade: 23
Altura: 1.68
-- ERROR:
Traceback (most recent call last):
  File "XXXX", line 4, in <module>
    print("Evelyn", Nome)
                    ^^^^
NameError: name 'Nome' is not defined. Did you mean: 'None'?
-- TEST CASE 4:
---- input:
Jose
45
1.89
---- correct output:
Nome: Jose
Idade: 45
Altura: 1.89
-- ERROR:
Traceback (most recent call last):
  File "XXXX", line 4, in <module>
    print("Evelyn", Nome)
                    ^^^^
NameError: name 'Nome' is not defined. Did you mean: 'None'?
-- GRADE:
0%
*-*-*-*-*-*-*-*-*-*-*-*-*-*-*-*-*-*-*-*-*-*-*-*
== RUN (2025-08-21 21:19:50)
-- CODE: 
print("Evelyn", Nome)
print("19", Idade)
print("162", Altura)
Nome=input()
Idade=input()
Altura=input()

-- EXECUTION TIME: 
0.0
-- TEST CASE 1:
---- input:
Teresa
13
1.45
---- correct output:
Nome: Teresa
Idade: 13
Altura: 1.45
-- ERROR:
Traceback (most recent call last):
  File "XXXX", line 1, in <module>
    print("Evelyn", Nome)
                    ^^^^
NameError: name 'Nome' is not defined. Did you mean: 'None'?
-- TEST CASE 2:
---- input:
Marcelo
34
1.79
---- correct output:
Nome: Marcelo
Idade: 34
Altura: 1.79
-- ERROR:
Traceback (most recent call last):
  File "XXXX", line 1, in <module>
    print("Evelyn", Nome)
                    ^^^^
NameError: name 'Nome' is not defined. Did you mean: 'None'?
-- TEST CASE 3:
---- input:
Larissa
23
1.68
---- correct output:
Nome: Larissa
Idade: 23
Altura: 1.68
-- ERROR:
Traceback (most recent call last):
  File "XXXX", line 1, in <module>
    print("Evelyn", Nome)
                    ^^^^
NameError: name 'Nome' is not defined. Did you mean: 'None'?
-- TEST CASE 4:
---- input:
Jose
45
1.89
---- correct output:
Nome: Jose
Idade: 45
Altura: 1.89
-- ERROR:
Traceback (most recent call last):
  File "XXXX", line 1, in <module>
    print("Evelyn", Nome)
                    ^^^^
NameError: name 'Nome' is not defined. Did you mean: 'None'?
*-*-*-*-*-*-*-*-*-*-*-*-*-*-*-*-*-*-*-*-*-*-*-*
== SUBMISSION (2025-08-21 21:02:42)
-- CODE: 
"Nome:Evelyn"
"Idade:19"
"Altura:162"
-- EXECUTION TIME: 
0.01
-- TEST CASE 1:
---- input:
Teresa
13
1.45
---- correct output:
Nome: Teresa
Idade: 13
Altura: 1.45
---- user output:
None
-- TEST CASE 2:
---- input:
Marcelo
34
1.79
---- correct output:
Nome: Marcelo
Idade: 34
Altura: 1.79
---- user output:
None
-- TEST CASE 3:
---- input:
Larissa
23
1.68
---- correct output:
Nome: Larissa
Idade: 23
Altura: 1.68
---- user output:
None
-- TEST CASE 4:
---- input:
Jose
45
1.89
---- correct output:
Nome: Jose
Idade: 45
Altura: 1.89
---- user output:
None
-- GRADE:
0%
*-*-*-*-*-*-*-*-*-*-*-*-*-*-*-*-*-*-*-*-*-*-*-*
== SUBMISSION (2025-08-21 21:19:49)
-- CODE: 
print("Evelyn", Nome)
print("19", Idade)
print("162", Altura)
Nome=input()
Idade=input()
Altura=input()

-- EXECUTION TIME: 
0.0
-- TEST CASE 1:
---- input:
Teresa
13
1.45
---- correct output:
Nome: Teresa
Idade: 13
Altura: 1.45
-- ERROR:
Traceback (most recent call last):
  File "XXXX", line 1, in <module>
    print("Evelyn", Nome)
                    ^^^^
NameError: name 'Nome' is not defined. Did you mean: 'None'?
-- TEST CASE 2:
---- input:
Marcelo
34
1.79
---- correct output:
Nome: Marcelo
Idade: 34
Altura: 1.79
-- ERROR:
Traceback (most recent call last):
  File "XXXX", line 1, in <module>
    print("Evelyn", Nome)
                    ^^^^
NameError: name 'Nome' is not defined. Did you mean: 'None'?
-- TEST CASE 3:
---- input:
Larissa
23
1.68
---- correct output:
Nome: Larissa
Idade: 23
Altura: 1.68
-- ERROR:
Traceback (most recent call last):
  File "XXXX", line 1, in <module>
    print("Evelyn", Nome)
                    ^^^^
NameError: name 'Nome' is not defined. Did you mean: 'None'?
-- TEST CASE 4:
---- input:
Jose
45
1.89
---- correct output:
Nome: Jose
Idade: 45
Altura: 1.89
-- ERROR:
Traceback (most recent call last):
  File "XXXX", line 1, in <module>
    print("Evelyn", Nome)
                    ^^^^
NameError: name 'Nome' is not defined. Did you mean: 'None'?
-- GRADE:
0%
*-*-*-*-*-*-*-*-*-*-*-*-*-*-*-*-*-*-*-*-*-*-*-*
== RUN (2025-08-21 21:18:31)
-- CODE: 
Nome : input()
Idade : input()
Altura : input()
print("Evelyn:", Nome)
print("19:", Idade)
print("162:", Altura)
-- EXECUTION TIME: 
0.0
-- TEST CASE 1:
---- input:
Teresa
13
1.45
---- correct output:
Nome: Teresa
Idade: 13
Altura: 1.45
-- ERROR:
Traceback (most recent call last):
  File "XXXX", line 4, in <module>
    print("Evelyn:", Nome)
                     ^^^^
NameError: name 'Nome' is not defined. Did you mean: 'None'?
-- TEST CASE 2:
---- input:
Marcelo
34
1.79
---- correct output:
Nome: Marcelo
Idade: 34
Altura: 1.79
-- ERROR:
Traceback (most recent call last):
  File "XXXX", line 4, in <module>
    print("Evelyn:", Nome)
                     ^^^^
NameError: name 'Nome' is not defined. Did you mean: 'None'?
-- TEST CASE 3:
---- input:
Larissa
23
1.68
---- correct output:
Nome: Larissa
Idade: 23
Altura: 1.68
-- ERROR:
Traceback (most recent call last):
  File "XXXX", line 4, in <module>
    print("Evelyn:", Nome)
                     ^^^^
NameError: name 'Nome' is not defined. Did you mean: 'None'?
-- TEST CASE 4:
---- input:
Jose
45
1.89
---- correct output:
Nome: Jose
Idade: 45
Altura: 1.89
-- ERROR:
Traceback (most recent call last):
  File "XXXX", line 4, in <module>
    print("Evelyn:", Nome)
                     ^^^^
NameError: name 'Nome' is not defined. Did you mean: 'None'?
*-*-*-*-*-*-*-*-*-*-*-*-*-*-*-*-*-*-*-*-*-*-*-*
== SUBMISSION (2025-08-21 21:14:49)
-- CODE: 
Nome = input()
Idade = input()
Altura = input()
print(Evelyn, Nome)
print(19, Idade)
print(162, Altura)
-- EXECUTION TIME: 
0.0
-- TEST CASE 1:
---- input:
Teresa
13
1.45
---- correct output:
Nome: Teresa
Idade: 13
Altura: 1.45
-- ERROR:
Traceback (most recent call last):
  File "XXXX", line 4, in <module>
    print(Evelyn, Nome)
          ^^^^^^
NameError: name 'Evelyn' is not defined
-- TEST CASE 2:
---- input:
Marcelo
34
1.79
---- correct output:
Nome: Marcelo
Idade: 34
Altura: 1.79
-- ERROR:
Traceback (most recent call last):
  File "XXXX", line 4, in <module>
    print(Evelyn, Nome)
          ^^^^^^
NameError: name 'Evelyn' is not defined
-- TEST CASE 3:
---- input:
Larissa
23
1.68
---- correct output:
Nome: Larissa
Idade: 23
Altura: 1.68
-- ERROR:
Traceback (most recent call last):
  File "XXXX", line 4, in <module>
    print(Evelyn, Nome)
          ^^^^^^
NameError: name 'Evelyn' is not defined
-- TEST CASE 4:
---- input:
Jose
45
1.89
---- correct output:
Nome: Jose
Idade: 45
Altura: 1.89
-- ERROR:
Traceback (most recent call last):
  File "XXXX", line 4, in <module>
    print(Evelyn, Nome)
          ^^^^^^
NameError: name 'Evelyn' is not defined
-- GRADE:
0%
*-*-*-*-*-*-*-*-*-*-*-*-*-*-*-*-*-*-*-*-*-*-*-*
== SUBMISSION (2025-08-21 21:19:11)
-- CODE: 
print("Evelyn:", Nome)
print("19:", Idade)
print("162:", Altura)


Nome : input()
Idade : input()
Altura : input()

-- EXECUTION TIME: 
0.0
-- TEST CASE 1:
---- input:
Teresa
13
1.45
---- correct output:
Nome: Teresa
Idade: 13
Altura: 1.45
-- ERROR:
Traceback (most recent call last):
  File "XXXX", line 1, in <module>
    print("Evelyn:", Nome)
                     ^^^^
NameError: name 'Nome' is not defined. Did you mean: 'None'?
-- TEST CASE 2:
---- input:
Marcelo
34
1.79
---- correct output:
Nome: Marcelo
Idade: 34
Altura: 1.79
-- ERROR:
Traceback (most recent call last):
  File "XXXX", line 1, in <module>
    print("Evelyn:", Nome)
                     ^^^^
NameError: name 'Nome' is not defined. Did you mean: 'None'?
-- TEST CASE 3:
---- input:
Larissa
23
1.68
---- correct output:
Nome: Larissa
Idade: 23
Altura: 1.68
-- ERROR:
Traceback (most recent call last):
  File "XXXX", line 1, in <module>
    print("Evelyn:", Nome)
                     ^^^^
NameError: name 'Nome' is not defined. Did you mean: 'None'?
-- TEST CASE 4:
---- input:
Jose
45
1.89
---- correct output:
Nome: Jose
Idade: 45
Altura: 1.89
-- ERROR:
Traceback (most recent call last):
  File "XXXX", line 1, in <module>
    print("Evelyn:", Nome)
                     ^^^^
NameError: name 'Nome' is not defined. Did you mean: 'None'?
-- GRADE:
0%
*-*-*-*-*-*-*-*-*-*-*-*-*-*-*-*-*-*-*-*-*-*-*-*
== SUBMISSION (2025-08-28 16:57:49)
-- CODE: 
# Entrada 
nome = input("Nome:")
idade = input("Idade:")
altura = input("Altura:")

#Sa√≠da
print("Nome:", nome)
print("Idade:", idade)
print("Altura:", altura)

-- EXECUTION TIME: 
0.01
-- TEST CASE 1:
---- input:
Teresa
13
1.45
---- correct output:
Nome: Teresa
Idade: 13
Altura: 1.45
---- user output:
Altura: 1.45
-- TEST CASE 2:
---- input:
Marcelo
34
1.79
---- correct output:
Nome: Marcelo
Idade: 34
Altura: 1.79
---- user output:
Altura: 1.79
-- TEST CASE 3:
---- input:
Larissa
23
1.68
---- correct output:
Nome: Larissa
Idade: 23
Altura: 1.68
---- user output:
Altura: 1.68
-- TEST CASE 4:
---- input:
Jose
45
1.89
---- correct output:
Nome: Jose
Idade: 45
Altura: 1.89
---- user output:
Altura: 1.89
-- GRADE:
100%
*-*-*-*-*-*-*-*-*-*-*-*-*-*-*-*-*-*-*-*-*-*-*-*
== RUN (2025-08-21 21:16:20)
-- CODE: 
Nome: input()"
Idade: input()"
Altura: input()
print("Evelyn", Nome)
print("19", Idade)
print("162", Altura)
-- EXECUTION TIME: 
0.0
-- TEST CASE 1:
---- input:
Teresa
13
1.45
---- correct output:
Nome: Teresa
Idade: 13
Altura: 1.45
-- ERROR:
File "XXXX", line 1
    Nome: input()"
                 ^
SyntaxError: unterminated string literal (detected at line 1)
-- TEST CASE 2:
---- input:
Marcelo
34
1.79
---- correct output:
Nome: Marcelo
Idade: 34
Altura: 1.79
-- ERROR:
File "XXXX", line 1
    Nome: input()"
                 ^
SyntaxError: unterminated string literal (detected at line 1)
-- TEST CASE 3:
---- input:
Larissa
23
1.68
---- correct output:
Nome: Larissa
Idade: 23
Altura: 1.68
-- ERROR:
File "XXXX", line 1
    Nome: input()"
                 ^
SyntaxError: unterminated string literal (detected at line 1)
-- TEST CASE 4:
---- input:
Jose
45
1.89
---- correct output:
Nome: Jose
Idade: 45
Altura: 1.89
-- ERROR:
File "XXXX", line 1
    Nome: input()"
                 ^
SyntaxError: unterminated string literal (detected at line 1)
*-*-*-*-*-*-*-*-*-*-*-*-*-*-*-*-*-*-*-*-*-*-*-*
== RUN (2025-08-21 21:26:07)
-- CODE: 
nome = input()
idade = input()
altura = input()
print("evelyn"nome)
print("19"idade)
print("162"altura)
-- EXECUTION TIME: 
0.0
-- TEST CASE 1:
---- input:
Teresa
13
1.45
---- correct output:
Nome: Teresa
Idade: 13
Altura: 1.45
-- ERROR:
File "XXXX", line 4
    print("evelyn"nome)
          ^^^^^^^^^^^^
SyntaxError: invalid syntax. Perhaps you forgot a comma?
-- TEST CASE 2:
---- input:
Marcelo
34
1.79
---- correct output:
Nome: Marcelo
Idade: 34
Altura: 1.79
-- ERROR:
File "XXXX", line 4
    print("evelyn"nome)
          ^^^^^^^^^^^^
SyntaxError: invalid syntax. Perhaps you forgot a comma?
-- TEST CASE 3:
---- input:
Larissa
23
1.68
---- correct output:
Nome: Larissa
Idade: 23
Altura: 1.68
-- ERROR:
File "XXXX", line 4
    print("evelyn"nome)
          ^^^^^^^^^^^^
SyntaxError: invalid syntax. Perhaps you forgot a comma?
-- TEST CASE 4:
---- input:
Jose
45
1.89
---- correct output:
Nome: Jose
Idade: 45
Altura: 1.89
-- ERROR:
File "XXXX", line 4
    print("evelyn"nome)
          ^^^^^^^^^^^^
SyntaxError: invalid syntax. Perhaps you forgot a comma?
*-*-*-*-*-*-*-*-*-*-*-*-*-*-*-*-*-*-*-*-*-*-*-*
== RUN (2025-08-21 21:19:51)
-- CODE: 
print("Evelyn", Nome)
print("19", Idade)
print("162", Altura)
Nome=input()
Idade=input()
Altura=input()

-- EXECUTION TIME: 
0.0
-- TEST CASE 1:
---- input:
Teresa
13
1.45
---- correct output:
Nome: Teresa
Idade: 13
Altura: 1.45
-- ERROR:
Traceback (most recent call last):
  File "XXXX", line 1, in <module>
    print("Evelyn", Nome)
                    ^^^^
NameError: name 'Nome' is not defined. Did you mean: 'None'?
-- TEST CASE 2:
---- input:
Marcelo
34
1.79
---- correct output:
Nome: Marcelo
Idade: 34
Altura: 1.79
-- ERROR:
Traceback (most recent call last):
  File "XXXX", line 1, in <module>
    print("Evelyn", Nome)
                    ^^^^
NameError: name 'Nome' is not defined. Did you mean: 'None'?
-- TEST CASE 3:
---- input:
Larissa
23
1.68
---- correct output:
Nome: Larissa
Idade: 23
Altura: 1.68
-- ERROR:
Traceback (most recent call last):
  File "XXXX", line 1, in <module>
    print("Evelyn", Nome)
                    ^^^^
NameError: name 'Nome' is not defined. Did you mean: 'None'?
-- TEST CASE 4:
---- input:
Jose
45
1.89
---- correct output:
Nome: Jose
Idade: 45
Altura: 1.89
-- ERROR:
Traceback (most recent call last):
  File "XXXX", line 1, in <module>
    print("Evelyn", Nome)
                    ^^^^
NameError: name 'Nome' is not defined. Did you mean: 'None'?
*-*-*-*-*-*-*-*-*-*-*-*-*-*-*-*-*-*-*-*-*-*-*-*
== RUN (2025-08-21 21:21:02)
-- CODE: 
print("Evelyn", Nome)
print("19", Idade)
print("162", Altura)
Nome= input()
Idade= input()
Altura= input()

-- EXECUTION TIME: 
0.0
-- TEST CASE 1:
---- input:
Teresa
13
1.45
---- correct output:
Nome: Teresa
Idade: 13
Altura: 1.45
-- ERROR:
Traceback (most recent call last):
  File "XXXX", line 1, in <module>
    print("Evelyn", Nome)
                    ^^^^
NameError: name 'Nome' is not defined. Did you mean: 'None'?
-- TEST CASE 2:
---- input:
Marcelo
34
1.79
---- correct output:
Nome: Marcelo
Idade: 34
Altura: 1.79
-- ERROR:
Traceback (most recent call last):
  File "XXXX", line 1, in <module>
    print("Evelyn", Nome)
                    ^^^^
NameError: name 'Nome' is not defined. Did you mean: 'None'?
-- TEST CASE 3:
---- input:
Larissa
23
1.68
---- correct output:
Nome: Larissa
Idade: 23
Altura: 1.68
-- ERROR:
Traceback (most recent call last):
  File "XXXX", line 1, in <module>
    print("Evelyn", Nome)
                    ^^^^
NameError: name 'Nome' is not defined. Did you mean: 'None'?
-- TEST CASE 4:
---- input:
Jose
45
1.89
---- correct output:
Nome: Jose
Idade: 45
Altura: 1.89
-- ERROR:
Traceback (most recent call last):
  File "XXXX", line 1, in <module>
    print("Evelyn", Nome)
                    ^^^^
NameError: name 'Nome' is not defined. Did you mean: 'None'?
*-*-*-*-*-*-*-*-*-*-*-*-*-*-*-*-*-*-*-*-*-*-*-*
== RUN (2025-08-21 21:20:05)
-- CODE: 
print("Evelyn", Nome)
print("19", Idade)
print("162", Altura)
Nome= input()
Idade= input()
Altura= input()

-- EXECUTION TIME: 
0.0
-- TEST CASE 1:
---- input:
Teresa
13
1.45
---- correct output:
Nome: Teresa
Idade: 13
Altura: 1.45
-- ERROR:
Traceback (most recent call last):
  File "XXXX", line 1, in <module>
    print("Evelyn", Nome)
                    ^^^^
NameError: name 'Nome' is not defined. Did you mean: 'None'?
-- TEST CASE 2:
---- input:
Marcelo
34
1.79
---- correct output:
Nome: Marcelo
Idade: 34
Altura: 1.79
-- ERROR:
Traceback (most recent call last):
  File "XXXX", line 1, in <module>
    print("Evelyn", Nome)
                    ^^^^
NameError: name 'Nome' is not defined. Did you mean: 'None'?
-- TEST CASE 3:
---- input:
Larissa
23
1.68
---- correct output:
Nome: Larissa
Idade: 23
Altura: 1.68
-- ERROR:
Traceback (most recent call last):
  File "XXXX", line 1, in <module>
    print("Evelyn", Nome)
                    ^^^^
NameError: name 'Nome' is not defined. Did you mean: 'None'?
-- TEST CASE 4:
---- input:
Jose
45
1.89
---- correct output:
Nome: Jose
Idade: 45
Altura: 1.89
-- ERROR:
Traceback (most recent call last):
  File "XXXX", line 1, in <module>
    print("Evelyn", Nome)
                    ^^^^
NameError: name 'Nome' is not defined. Did you mean: 'None'?
*-*-*-*-*-*-*-*-*-*-*-*-*-*-*-*-*-*-*-*-*-*-*-*
== RUN (2025-08-21 21:01:51)
-- CODE: 
Nome= "Evelyn"
Idade= "19"
Altura= "162"
-- EXECUTION TIME: 
0.0
-- TEST CASE 1:
---- input:
Teresa
13
1.45
---- correct output:
Nome: Teresa
Idade: 13
Altura: 1.45
---- user output:
None
-- TEST CASE 2:
---- input:
Marcelo
34
1.79
---- correct output:
Nome: Marcelo
Idade: 34
Altura: 1.79
---- user output:
None
-- TEST CASE 3:
---- input:
Larissa
23
1.68
---- correct output:
Nome: Larissa
Idade: 23
Altura: 1.68
---- user output:
None
-- TEST CASE 4:
---- input:
Jose
45
1.89
---- correct output:
Nome: Jose
Idade: 45
Altura: 1.89
---- user output:
None
*-*-*-*-*-*-*-*-*-*-*-*-*-*-*-*-*-*-*-*-*-*-*-*
== RUN (2025-08-21 21:19:51)
-- CODE: 
print("Evelyn", Nome)
print("19", Idade)
print("162", Altura)
Nome=input()
Idade=input()
Altura=input()

-- EXECUTION TIME: 
0.0
-- TEST CASE 1:
---- input:
Teresa
13
1.45
---- correct output:
Nome: Teresa
Idade: 13
Altura: 1.45
-- ERROR:
Traceback (most recent call last):
  File "XXXX", line 1, in <module>
    print("Evelyn", Nome)
                    ^^^^
NameError: name 'Nome' is not defined. Did you mean: 'None'?
-- TEST CASE 2:
---- input:
Marcelo
34
1.79
---- correct output:
Nome: Marcelo
Idade: 34
Altura: 1.79
-- ERROR:
Traceback (most recent call last):
  File "XXXX", line 1, in <module>
    print("Evelyn", Nome)
                    ^^^^
NameError: name 'Nome' is not defined. Did you mean: 'None'?
-- TEST CASE 3:
---- input:
Larissa
23
1.68
---- correct output:
Nome: Larissa
Idade: 23
Altura: 1.68
-- ERROR:
Traceback (most recent call last):
  File "XXXX", line 1, in <module>
    print("Evelyn", Nome)
                    ^^^^
NameError: name 'Nome' is not defined. Did you mean: 'None'?
-- TEST CASE 4:
---- input:
Jose
45
1.89
---- correct output:
Nome: Jose
Idade: 45
Altura: 1.89
-- ERROR:
Traceback (most recent call last):
  File "XXXX", line 1, in <module>
    print("Evelyn", Nome)
                    ^^^^
NameError: name 'Nome' is not defined. Did you mean: 'None'?
*-*-*-*-*-*-*-*-*-*-*-*-*-*-*-*-*-*-*-*-*-*-*-*
== RUN (2025-08-21 21:30:05)
-- CODE: 
nome = input(Evelyn)

-- EXECUTION TIME: 
0.0
-- TEST CASE 1:
---- input:
Teresa
13
1.45
---- correct output:
Nome: Teresa
Idade: 13
Altura: 1.45
-- ERROR:
Traceback (most recent call last):
  File "XXXX", line 1, in <module>
    nome = input(Evelyn)
                 ^^^^^^
NameError: name 'Evelyn' is not defined
-- TEST CASE 2:
---- input:
Marcelo
34
1.79
---- correct output:
Nome: Marcelo
Idade: 34
Altura: 1.79
-- ERROR:
Traceback (most recent call last):
  File "XXXX", line 1, in <module>
    nome = input(Evelyn)
                 ^^^^^^
NameError: name 'Evelyn' is not defined
-- TEST CASE 3:
---- input:
Larissa
23
1.68
---- correct output:
Nome: Larissa
Idade: 23
Altura: 1.68
-- ERROR:
Traceback (most recent call last):
  File "XXXX", line 1, in <module>
    nome = input(Evelyn)
                 ^^^^^^
NameError: name 'Evelyn' is not defined
-- TEST CASE 4:
---- input:
Jose
45
1.89
---- correct output:
Nome: Jose
Idade: 45
Altura: 1.89
-- ERROR:
Traceback (most recent call last):
  File "XXXX", line 1, in <module>
    nome = input(Evelyn)
                 ^^^^^^
NameError: name 'Evelyn' is not defined
*-*-*-*-*-*-*-*-*-*-*-*-*-*-*-*-*-*-*-*-*-*-*-*
== RUN (2025-08-21 21:07:07)
-- CODE: 
"Nome:"
"Idade:"
"Altura:"



-- EXECUTION TIME: 
0.0
-- TEST CASE 1:
---- input:
Teresa
13
1.45
---- correct output:
Nome: Teresa
Idade: 13
Altura: 1.45
---- user output:
None
-- TEST CASE 2:
---- input:
Marcelo
34
1.79
---- correct output:
Nome: Marcelo
Idade: 34
Altura: 1.79
---- user output:
None
-- TEST CASE 3:
---- input:
Larissa
23
1.68
---- correct output:
Nome: Larissa
Idade: 23
Altura: 1.68
---- user output:
None
-- TEST CASE 4:
---- input:
Jose
45
1.89
---- correct output:
Nome: Jose
Idade: 45
Altura: 1.89
---- user output:
None
*-*-*-*-*-*-*-*-*-*-*-*-*-*-*-*-*-*-*-*-*-*-*-*
