== RUN (2025-08-12 13:19:25)
-- CODE: 
print(250/6, 2)
-- EXECUTION TIME: 
0.0
-- TEST CASE 1:
---- input:
xx
---- correct output:
41.67
---- user output:
41.666666666666664 2
-- TEST CASE 2:
---- input:
xx
---- correct output:
41.67
---- user output:
41.666666666666664 2
*-*-*-*-*-*-*-*-*-*-*-*-*-*-*-*-*-*-*-*-*-*-*-*
== SUBMISSION (2025-08-12 13:20:59)
-- CODE: 
print(round (250/6, 2)

-- EXECUTION TIME: 
0.0
-- TEST CASE 1:
---- input:
xx
---- correct output:
41.67
-- ERROR:
File "XXXX", line 1
    print(round (250/6, 2)
         ^
SyntaxError: '(' was never closed
-- TEST CASE 2:
---- input:
xx
---- correct output:
41.67
-- ERROR:
File "XXXX", line 1
    print(round (250/6, 2)
         ^
SyntaxError: '(' was never closed
-- GRADE:
0%
*-*-*-*-*-*-*-*-*-*-*-*-*-*-*-*-*-*-*-*-*-*-*-*
== RUN (2025-08-12 13:24:29)
-- CODE: 
print("250/6")
-- EXECUTION TIME: 
0.0
-- TEST CASE 1:
---- input:
xx
---- correct output:
41.67
---- user output:
250/6
-- TEST CASE 2:
---- input:
xx
---- correct output:
41.67
---- user output:
250/6
*-*-*-*-*-*-*-*-*-*-*-*-*-*-*-*-*-*-*-*-*-*-*-*
== SUBMISSION (2025-08-12 13:20:15)
-- CODE: 
print(250/6 round 2)

-- EXECUTION TIME: 
0.0
-- TEST CASE 1:
---- input:
xx
---- correct output:
41.67
-- ERROR:
File "XXXX", line 1
    print(250/6 round 2)
          ^^^^^^^^^^^
SyntaxError: invalid syntax. Perhaps you forgot a comma?
-- TEST CASE 2:
---- input:
xx
---- correct output:
41.67
-- ERROR:
File "XXXX", line 1
    print(250/6 round 2)
          ^^^^^^^^^^^
SyntaxError: invalid syntax. Perhaps you forgot a comma?
-- GRADE:
0%
*-*-*-*-*-*-*-*-*-*-*-*-*-*-*-*-*-*-*-*-*-*-*-*
== SUBMISSION (2025-08-12 13:19:45)
-- CODE: 
print(250/6,2)
-- EXECUTION TIME: 
0.01
-- TEST CASE 1:
---- input:
xx
---- correct output:
41.67
---- user output:
41.666666666666664 2
-- TEST CASE 2:
---- input:
xx
---- correct output:
41.67
---- user output:
41.666666666666664 2
-- GRADE:
0%
*-*-*-*-*-*-*-*-*-*-*-*-*-*-*-*-*-*-*-*-*-*-*-*
== RUN (2025-08-12 13:26:41)
-- CODE: 
print(250/6)
x=round(250/6,2)
-- EXECUTION TIME: 
0.0
-- TEST CASE 1:
---- input:
xx
---- correct output:
41.67
---- user output:
41.666666666666664
-- TEST CASE 2:
---- input:
xx
---- correct output:
41.67
---- user output:
41.666666666666664
*-*-*-*-*-*-*-*-*-*-*-*-*-*-*-*-*-*-*-*-*-*-*-*
== RUN (2025-08-12 13:19:42)
-- CODE: 
print(250/6,2)
-- EXECUTION TIME: 
0.0
-- TEST CASE 1:
---- input:
xx
---- correct output:
41.67
---- user output:
41.666666666666664 2
-- TEST CASE 2:
---- input:
xx
---- correct output:
41.67
---- user output:
41.666666666666664 2
*-*-*-*-*-*-*-*-*-*-*-*-*-*-*-*-*-*-*-*-*-*-*-*
== RUN (2025-08-12 13:24:14)
-- CODE: 
print"250/6"
-- EXECUTION TIME: 
0.0
-- TEST CASE 1:
---- input:
xx
---- correct output:
41.67
-- ERROR:
File "XXXX", line 1
    print"250/6"
    ^^^^^^^^^^^^
SyntaxError: Missing parentheses in call to 'print'. Did you mean print(...)?
-- TEST CASE 2:
---- input:
xx
---- correct output:
41.67
-- ERROR:
File "XXXX", line 1
    print"250/6"
    ^^^^^^^^^^^^
SyntaxError: Missing parentheses in call to 'print'. Did you mean print(...)?
*-*-*-*-*-*-*-*-*-*-*-*-*-*-*-*-*-*-*-*-*-*-*-*
== RUN (2025-08-12 13:25:04)
-- CODE: 
print("250/6")
-- EXECUTION TIME: 
0.0
-- TEST CASE 1:
---- input:
xx
---- correct output:
41.67
---- user output:
250/6
-- TEST CASE 2:
---- input:
xx
---- correct output:
41.67
---- user output:
250/6
*-*-*-*-*-*-*-*-*-*-*-*-*-*-*-*-*-*-*-*-*-*-*-*
== RUN (2025-08-12 13:27:49)
-- CODE: 
print(round(250/6,2))

-- EXECUTION TIME: 
0.0
-- TEST CASE 1:
---- input:
xx
---- correct output:
41.67
---- user output:
41.67
-- TEST CASE 2:
---- input:
xx
---- correct output:
41.67
---- user output:
41.67
*-*-*-*-*-*-*-*-*-*-*-*-*-*-*-*-*-*-*-*-*-*-*-*
== RUN (2025-08-12 13:25:01)
-- CODE: 
print("250/6")
-- EXECUTION TIME: 
0.0
-- TEST CASE 1:
---- input:
xx
---- correct output:
41.67
---- user output:
250/6
-- TEST CASE 2:
---- input:
xx
---- correct output:
41.67
---- user output:
250/6
*-*-*-*-*-*-*-*-*-*-*-*-*-*-*-*-*-*-*-*-*-*-*-*
== RUN (2025-08-12 13:24:11)
-- CODE: 
print"250/6"
-- EXECUTION TIME: 
0.0
-- TEST CASE 1:
---- input:
xx
---- correct output:
41.67
-- ERROR:
File "XXXX", line 1
    print"250/6"
    ^^^^^^^^^^^^
SyntaxError: Missing parentheses in call to 'print'. Did you mean print(...)?
-- TEST CASE 2:
---- input:
xx
---- correct output:
41.67
-- ERROR:
File "XXXX", line 1
    print"250/6"
    ^^^^^^^^^^^^
SyntaxError: Missing parentheses in call to 'print'. Did you mean print(...)?
*-*-*-*-*-*-*-*-*-*-*-*-*-*-*-*-*-*-*-*-*-*-*-*
== RUN (2025-08-12 13:24:15)
-- CODE: 
print"250/6"
-- EXECUTION TIME: 
0.0
-- TEST CASE 1:
---- input:
xx
---- correct output:
41.67
-- ERROR:
File "XXXX", line 1
    print"250/6"
    ^^^^^^^^^^^^
SyntaxError: Missing parentheses in call to 'print'. Did you mean print(...)?
-- TEST CASE 2:
---- input:
xx
---- correct output:
41.67
-- ERROR:
File "XXXX", line 1
    print"250/6"
    ^^^^^^^^^^^^
SyntaxError: Missing parentheses in call to 'print'. Did you mean print(...)?
*-*-*-*-*-*-*-*-*-*-*-*-*-*-*-*-*-*-*-*-*-*-*-*
== SUBMISSION (2025-08-12 13:21:23)
-- CODE: 
print"round (250/6, 2)"

-- EXECUTION TIME: 
0.0
-- TEST CASE 1:
---- input:
xx
---- correct output:
41.67
-- ERROR:
File "XXXX", line 1
    print"round (250/6, 2)"
    ^^^^^^^^^^^^^^^^^^^^^^^
SyntaxError: Missing parentheses in call to 'print'. Did you mean print(...)?
-- TEST CASE 2:
---- input:
xx
---- correct output:
41.67
-- ERROR:
File "XXXX", line 1
    print"round (250/6, 2)"
    ^^^^^^^^^^^^^^^^^^^^^^^
SyntaxError: Missing parentheses in call to 'print'. Did you mean print(...)?
-- GRADE:
0%
*-*-*-*-*-*-*-*-*-*-*-*-*-*-*-*-*-*-*-*-*-*-*-*
== RUN (2025-08-12 13:19:43)
-- CODE: 
print(250/6,2)
-- EXECUTION TIME: 
0.0
-- TEST CASE 1:
---- input:
xx
---- correct output:
41.67
---- user output:
41.666666666666664 2
-- TEST CASE 2:
---- input:
xx
---- correct output:
41.67
---- user output:
41.666666666666664 2
*-*-*-*-*-*-*-*-*-*-*-*-*-*-*-*-*-*-*-*-*-*-*-*
== SUBMISSION (2025-08-12 13:19:39)
-- CODE: 
print(250/6,2)
-- EXECUTION TIME: 
0.01
-- TEST CASE 1:
---- input:
xx
---- correct output:
41.67
---- user output:
41.666666666666664 2
-- TEST CASE 2:
---- input:
xx
---- correct output:
41.67
---- user output:
41.666666666666664 2
-- GRADE:
0%
*-*-*-*-*-*-*-*-*-*-*-*-*-*-*-*-*-*-*-*-*-*-*-*
== RUN (2025-08-12 13:20:19)
-- CODE: 
print(250/6 round 2)

-- EXECUTION TIME: 
0.0
-- TEST CASE 1:
---- input:
xx
---- correct output:
41.67
-- ERROR:
File "XXXX", line 1
    print(250/6 round 2)
          ^^^^^^^^^^^
SyntaxError: invalid syntax. Perhaps you forgot a comma?
-- TEST CASE 2:
---- input:
xx
---- correct output:
41.67
-- ERROR:
File "XXXX", line 1
    print(250/6 round 2)
          ^^^^^^^^^^^
SyntaxError: invalid syntax. Perhaps you forgot a comma?
*-*-*-*-*-*-*-*-*-*-*-*-*-*-*-*-*-*-*-*-*-*-*-*
== SUBMISSION (2025-08-12 13:21:25)
-- CODE: 
print"round (250/6, 2)"

-- EXECUTION TIME: 
0.0
-- TEST CASE 1:
---- input:
xx
---- correct output:
41.67
-- ERROR:
File "XXXX", line 1
    print"round (250/6, 2)"
    ^^^^^^^^^^^^^^^^^^^^^^^
SyntaxError: Missing parentheses in call to 'print'. Did you mean print(...)?
-- TEST CASE 2:
---- input:
xx
---- correct output:
41.67
-- ERROR:
File "XXXX", line 1
    print"round (250/6, 2)"
    ^^^^^^^^^^^^^^^^^^^^^^^
SyntaxError: Missing parentheses in call to 'print'. Did you mean print(...)?
-- GRADE:
0%
*-*-*-*-*-*-*-*-*-*-*-*-*-*-*-*-*-*-*-*-*-*-*-*
== RUN (2025-08-12 13:26:40)
-- CODE: 
print(250/6)
x=round(250/6,2)
-- EXECUTION TIME: 
0.0
-- TEST CASE 1:
---- input:
xx
---- correct output:
41.67
---- user output:
41.666666666666664
-- TEST CASE 2:
---- input:
xx
---- correct output:
41.67
---- user output:
41.666666666666664
*-*-*-*-*-*-*-*-*-*-*-*-*-*-*-*-*-*-*-*-*-*-*-*
== RUN (2025-08-12 13:26:27)
-- CODE: 
print(250/6)
x=round250/6,2
-- EXECUTION TIME: 
0.0
-- TEST CASE 1:
---- input:
xx
---- correct output:
41.67
-- ERROR:
Traceback (most recent call last):
  File "XXXX", line 2, in <module>
    x=round250/6,2
      ^^^^^^^^
NameError: name 'round250' is not defined
-- TEST CASE 2:
---- input:
xx
---- correct output:
41.67
-- ERROR:
Traceback (most recent call last):
  File "XXXX", line 2, in <module>
    x=round250/6,2
      ^^^^^^^^
NameError: name 'round250' is not defined
*-*-*-*-*-*-*-*-*-*-*-*-*-*-*-*-*-*-*-*-*-*-*-*
== RUN (2025-08-12 13:26:42)
-- CODE: 
print(250/6)
x=round(250/6,2)
-- EXECUTION TIME: 
0.0
-- TEST CASE 1:
---- input:
xx
---- correct output:
41.67
---- user output:
41.666666666666664
-- TEST CASE 2:
---- input:
xx
---- correct output:
41.67
---- user output:
41.666666666666664
*-*-*-*-*-*-*-*-*-*-*-*-*-*-*-*-*-*-*-*-*-*-*-*
== SUBMISSION (2025-08-12 13:27:50)
-- CODE: 
print(round(250/6,2))

-- EXECUTION TIME: 
0.01
-- TEST CASE 1:
---- input:
xx
---- correct output:
41.67
---- user output:
41.67
-- TEST CASE 2:
---- input:
xx
---- correct output:
41.67
---- user output:
41.67
-- GRADE:
100%
*-*-*-*-*-*-*-*-*-*-*-*-*-*-*-*-*-*-*-*-*-*-*-*
== SUBMISSION (2025-08-12 13:24:38)
-- CODE: 
print("250/6")
-- EXECUTION TIME: 
0.01
-- TEST CASE 1:
---- input:
xx
---- correct output:
41.67
---- user output:
250/6
-- TEST CASE 2:
---- input:
xx
---- correct output:
41.67
---- user output:
250/6
-- GRADE:
0%
*-*-*-*-*-*-*-*-*-*-*-*-*-*-*-*-*-*-*-*-*-*-*-*
== RUN (2025-08-12 13:27:14)
-- CODE: 
print(250/6)
x=round(250/6,2)
print(x)
-- EXECUTION TIME: 
0.0
-- TEST CASE 1:
---- input:
xx
---- correct output:
41.67
---- user output:
41.67
-- TEST CASE 2:
---- input:
xx
---- correct output:
41.67
---- user output:
41.67
*-*-*-*-*-*-*-*-*-*-*-*-*-*-*-*-*-*-*-*-*-*-*-*
== RUN (2025-08-12 13:25:21)
-- CODE: 
print(250/6)
-- EXECUTION TIME: 
0.0
-- TEST CASE 1:
---- input:
xx
---- correct output:
41.67
---- user output:
41.666666666666664
-- TEST CASE 2:
---- input:
xx
---- correct output:
41.67
---- user output:
41.666666666666664
*-*-*-*-*-*-*-*-*-*-*-*-*-*-*-*-*-*-*-*-*-*-*-*
== RUN (2025-08-12 13:24:13)
-- CODE: 
print"250/6"
-- EXECUTION TIME: 
0.0
-- TEST CASE 1:
---- input:
xx
---- correct output:
41.67
-- ERROR:
File "XXXX", line 1
    print"250/6"
    ^^^^^^^^^^^^
SyntaxError: Missing parentheses in call to 'print'. Did you mean print(...)?
-- TEST CASE 2:
---- input:
xx
---- correct output:
41.67
-- ERROR:
File "XXXX", line 1
    print"250/6"
    ^^^^^^^^^^^^
SyntaxError: Missing parentheses in call to 'print'. Did you mean print(...)?
*-*-*-*-*-*-*-*-*-*-*-*-*-*-*-*-*-*-*-*-*-*-*-*
== SUBMISSION (2025-08-12 13:21:25)
-- CODE: 
print"round (250/6, 2)"

-- EXECUTION TIME: 
0.0
-- TEST CASE 1:
---- input:
xx
---- correct output:
41.67
-- ERROR:
File "XXXX", line 1
    print"round (250/6, 2)"
    ^^^^^^^^^^^^^^^^^^^^^^^
SyntaxError: Missing parentheses in call to 'print'. Did you mean print(...)?
-- TEST CASE 2:
---- input:
xx
---- correct output:
41.67
-- ERROR:
File "XXXX", line 1
    print"round (250/6, 2)"
    ^^^^^^^^^^^^^^^^^^^^^^^
SyntaxError: Missing parentheses in call to 'print'. Did you mean print(...)?
-- GRADE:
0%
*-*-*-*-*-*-*-*-*-*-*-*-*-*-*-*-*-*-*-*-*-*-*-*
== SUBMISSION (2025-08-12 13:21:11)
-- CODE: 
print"(round (250/6, 2)"

-- EXECUTION TIME: 
0.0
-- TEST CASE 1:
---- input:
xx
---- correct output:
41.67
-- ERROR:
File "XXXX", line 1
    print"(round (250/6, 2)"
    ^^^^^^^^^^^^^^^^^^^^^^^^
SyntaxError: Missing parentheses in call to 'print'. Did you mean print(...)?
-- TEST CASE 2:
---- input:
xx
---- correct output:
41.67
-- ERROR:
File "XXXX", line 1
    print"(round (250/6, 2)"
    ^^^^^^^^^^^^^^^^^^^^^^^^
SyntaxError: Missing parentheses in call to 'print'. Did you mean print(...)?
-- GRADE:
0%
*-*-*-*-*-*-*-*-*-*-*-*-*-*-*-*-*-*-*-*-*-*-*-*
== RUN (2025-08-12 13:24:13)
-- CODE: 
print"250/6"
-- EXECUTION TIME: 
0.0
-- TEST CASE 1:
---- input:
xx
---- correct output:
41.67
-- ERROR:
File "XXXX", line 1
    print"250/6"
    ^^^^^^^^^^^^
SyntaxError: Missing parentheses in call to 'print'. Did you mean print(...)?
-- TEST CASE 2:
---- input:
xx
---- correct output:
41.67
-- ERROR:
File "XXXX", line 1
    print"250/6"
    ^^^^^^^^^^^^
SyntaxError: Missing parentheses in call to 'print'. Did you mean print(...)?
*-*-*-*-*-*-*-*-*-*-*-*-*-*-*-*-*-*-*-*-*-*-*-*
== SUBMISSION (2025-08-12 13:19:31)
-- CODE: 
print(250/6, 2)
-- EXECUTION TIME: 
0.01
-- TEST CASE 1:
---- input:
xx
---- correct output:
41.67
---- user output:
41.666666666666664 2
-- TEST CASE 2:
---- input:
xx
---- correct output:
41.67
---- user output:
41.666666666666664 2
-- GRADE:
0%
*-*-*-*-*-*-*-*-*-*-*-*-*-*-*-*-*-*-*-*-*-*-*-*
== RUN (2025-08-12 13:25:02)
-- CODE: 
print("250/6")
-- EXECUTION TIME: 
0.0
-- TEST CASE 1:
---- input:
xx
---- correct output:
41.67
---- user output:
250/6
-- TEST CASE 2:
---- input:
xx
---- correct output:
41.67
---- user output:
250/6
*-*-*-*-*-*-*-*-*-*-*-*-*-*-*-*-*-*-*-*-*-*-*-*
== RUN (2025-08-12 13:19:44)
-- CODE: 
print(250/6,2)
-- EXECUTION TIME: 
0.0
-- TEST CASE 1:
---- input:
xx
---- correct output:
41.67
---- user output:
41.666666666666664 2
-- TEST CASE 2:
---- input:
xx
---- correct output:
41.67
---- user output:
41.666666666666664 2
*-*-*-*-*-*-*-*-*-*-*-*-*-*-*-*-*-*-*-*-*-*-*-*
== RUN (2025-08-12 13:26:43)
-- CODE: 
print(250/6)
x=round(250/6,2)
-- EXECUTION TIME: 
0.0
-- TEST CASE 1:
---- input:
xx
---- correct output:
41.67
---- user output:
41.666666666666664
-- TEST CASE 2:
---- input:
xx
---- correct output:
41.67
---- user output:
41.666666666666664
*-*-*-*-*-*-*-*-*-*-*-*-*-*-*-*-*-*-*-*-*-*-*-*
