== RUN (2025-08-27 22:43:56)
-- CODE: 
X=int(input())
Y=int(input())  
print(X//Y)
PRINT(X%Y)
print(X/Y)
print(X*Y)
Pprint(Y**3)
-- EXECUTION TIME: 
0.0
-- TEST CASE 1:
---- input:
14
2
---- correct output:
7
0
7.0
28
8
-- ERROR:
Traceback (most recent call last):
  File "XXXX", line 4, in <module>
    PRINT(X%Y)
    ^^^^^
NameError: name 'PRINT' is not defined
-- TEST CASE 2:
---- input:
8
5
---- correct output:
1
3
1.6
40
125
-- ERROR:
Traceback (most recent call last):
  File "XXXX", line 4, in <module>
    PRINT(X%Y)
    ^^^^^
NameError: name 'PRINT' is not defined
-- TEST CASE 3:
---- input:
10
5
---- correct output:
2
0
2.0
50
125
-- ERROR:
Traceback (most recent call last):
  File "XXXX", line 4, in <module>
    PRINT(X%Y)
    ^^^^^
NameError: name 'PRINT' is not defined
-- TEST CASE 4:
---- input:
53
2
---- correct output:
26
1
26.5
106
8
-- ERROR:
Traceback (most recent call last):
  File "XXXX", line 4, in <module>
    PRINT(X%Y)
    ^^^^^
NameError: name 'PRINT' is not defined
-- TEST CASE 5:
---- input:
346
2
---- correct output:
173
0
173.0
692
8
-- ERROR:
Traceback (most recent call last):
  File "XXXX", line 4, in <module>
    PRINT(X%Y)
    ^^^^^
NameError: name 'PRINT' is not defined
-- TEST CASE 6:
---- input:
347
2
---- correct output:
173
1
173.5
694
8
-- ERROR:
Traceback (most recent call last):
  File "XXXX", line 4, in <module>
    PRINT(X%Y)
    ^^^^^
NameError: name 'PRINT' is not defined
*-*-*-*-*-*-*-*-*-*-*-*-*-*-*-*-*-*-*-*-*-*-*-*
== SUBMISSION (2025-08-27 22:43:52)
-- CODE: 
X=int(input())
Y=int(input())  
print(X//Y)
PRINT(X%Y)
print(X/Y)
print(X*Y)
Pprint(Y**3)
-- EXECUTION TIME: 
0.0
-- TEST CASE 1:
---- input:
14
2
---- correct output:
7
0
7.0
28
8
-- ERROR:
Traceback (most recent call last):
  File "XXXX", line 4, in <module>
    PRINT(X%Y)
    ^^^^^
NameError: name 'PRINT' is not defined
-- TEST CASE 2:
---- input:
8
5
---- correct output:
1
3
1.6
40
125
-- ERROR:
Traceback (most recent call last):
  File "XXXX", line 4, in <module>
    PRINT(X%Y)
    ^^^^^
NameError: name 'PRINT' is not defined
-- TEST CASE 3:
---- input:
10
5
---- correct output:
2
0
2.0
50
125
-- ERROR:
Traceback (most recent call last):
  File "XXXX", line 4, in <module>
    PRINT(X%Y)
    ^^^^^
NameError: name 'PRINT' is not defined
-- TEST CASE 4:
---- input:
53
2
---- correct output:
26
1
26.5
106
8
-- ERROR:
Traceback (most recent call last):
  File "XXXX", line 4, in <module>
    PRINT(X%Y)
    ^^^^^
NameError: name 'PRINT' is not defined
-- TEST CASE 5:
---- input:
346
2
---- correct output:
173
0
173.0
692
8
-- ERROR:
Traceback (most recent call last):
  File "XXXX", line 4, in <module>
    PRINT(X%Y)
    ^^^^^
NameError: name 'PRINT' is not defined
-- TEST CASE 6:
---- input:
347
2
---- correct output:
173
1
173.5
694
8
-- ERROR:
Traceback (most recent call last):
  File "XXXX", line 4, in <module>
    PRINT(X%Y)
    ^^^^^
NameError: name 'PRINT' is not defined
-- GRADE:
0%
*-*-*-*-*-*-*-*-*-*-*-*-*-*-*-*-*-*-*-*-*-*-*-*
== RUN (2025-08-27 22:43:28)
-- CODE: 
X=int(input())
Y=int(input())  
print(X//Y)
PRINT(X%Y)
print(X/Y)
print(X*Y)
print(Y**3)
-- EXECUTION TIME: 
0.0
-- TEST CASE 1:
---- input:
14
2
---- correct output:
7
0
7.0
28
8
-- ERROR:
Traceback (most recent call last):
  File "XXXX", line 4, in <module>
    PRINT(X%Y)
    ^^^^^
NameError: name 'PRINT' is not defined
-- TEST CASE 2:
---- input:
8
5
---- correct output:
1
3
1.6
40
125
-- ERROR:
Traceback (most recent call last):
  File "XXXX", line 4, in <module>
    PRINT(X%Y)
    ^^^^^
NameError: name 'PRINT' is not defined
-- TEST CASE 3:
---- input:
10
5
---- correct output:
2
0
2.0
50
125
-- ERROR:
Traceback (most recent call last):
  File "XXXX", line 4, in <module>
    PRINT(X%Y)
    ^^^^^
NameError: name 'PRINT' is not defined
-- TEST CASE 4:
---- input:
53
2
---- correct output:
26
1
26.5
106
8
-- ERROR:
Traceback (most recent call last):
  File "XXXX", line 4, in <module>
    PRINT(X%Y)
    ^^^^^
NameError: name 'PRINT' is not defined
-- TEST CASE 5:
---- input:
346
2
---- correct output:
173
0
173.0
692
8
-- ERROR:
Traceback (most recent call last):
  File "XXXX", line 4, in <module>
    PRINT(X%Y)
    ^^^^^
NameError: name 'PRINT' is not defined
-- TEST CASE 6:
---- input:
347
2
---- correct output:
173
1
173.5
694
8
-- ERROR:
Traceback (most recent call last):
  File "XXXX", line 4, in <module>
    PRINT(X%Y)
    ^^^^^
NameError: name 'PRINT' is not defined
*-*-*-*-*-*-*-*-*-*-*-*-*-*-*-*-*-*-*-*-*-*-*-*
== RUN (2025-08-27 22:43:01)
-- CODE: 
X=int(input())
Y=int(input())  
print(X//Y)
PRINT(X%Y)
print(X/Y)
print(X*Y)
print(Y**3)
-- EXECUTION TIME: 
0.0
-- TEST CASE 1:
---- input:
14
2
---- correct output:
7
0
7.0
28
8
-- ERROR:
Traceback (most recent call last):
  File "XXXX", line 4, in <module>
    PRINT(X%Y)
    ^^^^^
NameError: name 'PRINT' is not defined
-- TEST CASE 2:
---- input:
8
5
---- correct output:
1
3
1.6
40
125
-- ERROR:
Traceback (most recent call last):
  File "XXXX", line 4, in <module>
    PRINT(X%Y)
    ^^^^^
NameError: name 'PRINT' is not defined
-- TEST CASE 3:
---- input:
10
5
---- correct output:
2
0
2.0
50
125
-- ERROR:
Traceback (most recent call last):
  File "XXXX", line 4, in <module>
    PRINT(X%Y)
    ^^^^^
NameError: name 'PRINT' is not defined
-- TEST CASE 4:
---- input:
53
2
---- correct output:
26
1
26.5
106
8
-- ERROR:
Traceback (most recent call last):
  File "XXXX", line 4, in <module>
    PRINT(X%Y)
    ^^^^^
NameError: name 'PRINT' is not defined
-- TEST CASE 5:
---- input:
346
2
---- correct output:
173
0
173.0
692
8
-- ERROR:
Traceback (most recent call last):
  File "XXXX", line 4, in <module>
    PRINT(X%Y)
    ^^^^^
NameError: name 'PRINT' is not defined
-- TEST CASE 6:
---- input:
347
2
---- correct output:
173
1
173.5
694
8
-- ERROR:
Traceback (most recent call last):
  File "XXXX", line 4, in <module>
    PRINT(X%Y)
    ^^^^^
NameError: name 'PRINT' is not defined
*-*-*-*-*-*-*-*-*-*-*-*-*-*-*-*-*-*-*-*-*-*-*-*
== RUN (2025-08-27 22:43:13)
-- CODE: 
X=int(input())
Y=int(input())  
print(X//Y)
PRINT(X%Y)
print(X/Y)
print(X*Y)
print(Y**3)
-- EXECUTION TIME: 
0.0
-- TEST CASE 1:
---- input:
14
2
---- correct output:
7
0
7.0
28
8
-- ERROR:
Traceback (most recent call last):
  File "XXXX", line 4, in <module>
    PRINT(X%Y)
    ^^^^^
NameError: name 'PRINT' is not defined
-- TEST CASE 2:
---- input:
8
5
---- correct output:
1
3
1.6
40
125
-- ERROR:
Traceback (most recent call last):
  File "XXXX", line 4, in <module>
    PRINT(X%Y)
    ^^^^^
NameError: name 'PRINT' is not defined
-- TEST CASE 3:
---- input:
10
5
---- correct output:
2
0
2.0
50
125
-- ERROR:
Traceback (most recent call last):
  File "XXXX", line 4, in <module>
    PRINT(X%Y)
    ^^^^^
NameError: name 'PRINT' is not defined
-- TEST CASE 4:
---- input:
53
2
---- correct output:
26
1
26.5
106
8
-- ERROR:
Traceback (most recent call last):
  File "XXXX", line 4, in <module>
    PRINT(X%Y)
    ^^^^^
NameError: name 'PRINT' is not defined
-- TEST CASE 5:
---- input:
346
2
---- correct output:
173
0
173.0
692
8
-- ERROR:
Traceback (most recent call last):
  File "XXXX", line 4, in <module>
    PRINT(X%Y)
    ^^^^^
NameError: name 'PRINT' is not defined
-- TEST CASE 6:
---- input:
347
2
---- correct output:
173
1
173.5
694
8
-- ERROR:
Traceback (most recent call last):
  File "XXXX", line 4, in <module>
    PRINT(X%Y)
    ^^^^^
NameError: name 'PRINT' is not defined
*-*-*-*-*-*-*-*-*-*-*-*-*-*-*-*-*-*-*-*-*-*-*-*
== SUBMISSION (2025-08-27 22:44:54)
-- CODE: 
X=int(input())
Y=int(input())  
print(X//Y)
print(X%Y)
print(X/Y)
print(X*Y)
print(Y**3)
-- EXECUTION TIME: 
0.01
-- TEST CASE 1:
---- input:
14
2
---- correct output:
7
0
7.0
28
8
---- user output:
8
-- TEST CASE 2:
---- input:
8
5
---- correct output:
1
3
1.6
40
125
---- user output:
125
-- TEST CASE 3:
---- input:
10
5
---- correct output:
2
0
2.0
50
125
---- user output:
125
-- TEST CASE 4:
---- input:
53
2
---- correct output:
26
1
26.5
106
8
---- user output:
8
-- TEST CASE 5:
---- input:
346
2
---- correct output:
173
0
173.0
692
8
---- user output:
8
-- TEST CASE 6:
---- input:
347
2
---- correct output:
173
1
173.5
694
8
---- user output:
8
-- GRADE:
100%
*-*-*-*-*-*-*-*-*-*-*-*-*-*-*-*-*-*-*-*-*-*-*-*
== SUBMISSION (2025-08-27 22:43:03)
-- CODE: 
X=int(input())
Y=int(input())  
print(X//Y)
PRINT(X%Y)
print(X/Y)
print(X*Y)
print(Y**3)
-- EXECUTION TIME: 
0.0
-- TEST CASE 1:
---- input:
14
2
---- correct output:
7
0
7.0
28
8
-- ERROR:
Traceback (most recent call last):
  File "XXXX", line 4, in <module>
    PRINT(X%Y)
    ^^^^^
NameError: name 'PRINT' is not defined
-- TEST CASE 2:
---- input:
8
5
---- correct output:
1
3
1.6
40
125
-- ERROR:
Traceback (most recent call last):
  File "XXXX", line 4, in <module>
    PRINT(X%Y)
    ^^^^^
NameError: name 'PRINT' is not defined
-- TEST CASE 3:
---- input:
10
5
---- correct output:
2
0
2.0
50
125
-- ERROR:
Traceback (most recent call last):
  File "XXXX", line 4, in <module>
    PRINT(X%Y)
    ^^^^^
NameError: name 'PRINT' is not defined
-- TEST CASE 4:
---- input:
53
2
---- correct output:
26
1
26.5
106
8
-- ERROR:
Traceback (most recent call last):
  File "XXXX", line 4, in <module>
    PRINT(X%Y)
    ^^^^^
NameError: name 'PRINT' is not defined
-- TEST CASE 5:
---- input:
346
2
---- correct output:
173
0
173.0
692
8
-- ERROR:
Traceback (most recent call last):
  File "XXXX", line 4, in <module>
    PRINT(X%Y)
    ^^^^^
NameError: name 'PRINT' is not defined
-- TEST CASE 6:
---- input:
347
2
---- correct output:
173
1
173.5
694
8
-- ERROR:
Traceback (most recent call last):
  File "XXXX", line 4, in <module>
    PRINT(X%Y)
    ^^^^^
NameError: name 'PRINT' is not defined
-- GRADE:
0%
*-*-*-*-*-*-*-*-*-*-*-*-*-*-*-*-*-*-*-*-*-*-*-*
