== SUBMISSION (2025-08-20 22:52:44)
-- CODE: 
round(round250/4)
-- EXECUTION TIME: 
0.0
-- TEST CASE 1:
---- input:
xx
---- correct output:
41.67
-- ERROR:
Traceback (most recent call last):
  File "XXXX", line 1, in <module>
    round(round250/4)
          ^^^^^^^^
NameError: name 'round250' is not defined
-- TEST CASE 2:
---- input:
xx
---- correct output:
41.67
-- ERROR:
Traceback (most recent call last):
  File "XXXX", line 1, in <module>
    round(round250/4)
          ^^^^^^^^
NameError: name 'round250' is not defined
-- GRADE:
0%
*-*-*-*-*-*-*-*-*-*-*-*-*-*-*-*-*-*-*-*-*-*-*-*
== SUBMISSION (2025-08-20 22:53:04)
-- CODE: 
round(round)(250/4)
-- EXECUTION TIME: 
0.0
-- TEST CASE 1:
---- input:
xx
---- correct output:
41.67
-- ERROR:
Traceback (most recent call last):
  File "XXXX", line 1, in <module>
    round(round)(250/4)
    ^^^^^^^^^^^^
TypeError: type builtin_function_or_method doesn't define __round__ method
-- TEST CASE 2:
---- input:
xx
---- correct output:
41.67
-- ERROR:
Traceback (most recent call last):
  File "XXXX", line 1, in <module>
    round(round)(250/4)
    ^^^^^^^^^^^^
TypeError: type builtin_function_or_method doesn't define __round__ method
-- GRADE:
0%
*-*-*-*-*-*-*-*-*-*-*-*-*-*-*-*-*-*-*-*-*-*-*-*
== SUBMISSION (2025-08-20 22:53:05)
-- CODE: 
round(round)(250/4)
-- EXECUTION TIME: 
0.0
-- TEST CASE 1:
---- input:
xx
---- correct output:
41.67
-- ERROR:
Traceback (most recent call last):
  File "XXXX", line 1, in <module>
    round(round)(250/4)
    ^^^^^^^^^^^^
TypeError: type builtin_function_or_method doesn't define __round__ method
-- TEST CASE 2:
---- input:
xx
---- correct output:
41.67
-- ERROR:
Traceback (most recent call last):
  File "XXXX", line 1, in <module>
    round(round)(250/4)
    ^^^^^^^^^^^^
TypeError: type builtin_function_or_method doesn't define __round__ method
-- GRADE:
0%
*-*-*-*-*-*-*-*-*-*-*-*-*-*-*-*-*-*-*-*-*-*-*-*
== SUBMISSION (2025-08-20 22:52:28)
-- CODE: 
round(250/4)
-- EXECUTION TIME: 
0.01
-- TEST CASE 1:
---- input:
xx
---- correct output:
41.67
---- user output:
None
-- TEST CASE 2:
---- input:
xx
---- correct output:
41.67
---- user output:
None
-- GRADE:
0%
*-*-*-*-*-*-*-*-*-*-*-*-*-*-*-*-*-*-*-*-*-*-*-*
== SUBMISSION (2025-08-20 22:55:19)
-- CODE: 
print(round(250/6,2))       
-- EXECUTION TIME: 
0.01
-- TEST CASE 1:
---- input:
xx
---- correct output:
41.67
---- user output:
41.67
-- TEST CASE 2:
---- input:
xx
---- correct output:
41.67
---- user output:
41.67
-- GRADE:
100%
*-*-*-*-*-*-*-*-*-*-*-*-*-*-*-*-*-*-*-*-*-*-*-*
