== RUN (2025-08-14 23:22:31)
-- CODE: 
a = x/y
print(a)
-- EXECUTION TIME: 
0.0
-- TEST CASE 1:
---- input:
14
2
---- correct output:
7
0
7.0
28
8
-- ERROR:
Traceback (most recent call last):
  File "XXXX", line 1, in <module>
    a = x/y
        ^
NameError: name 'x' is not defined
-- TEST CASE 2:
---- input:
8
5
---- correct output:
1
3
1.6
40
125
-- ERROR:
Traceback (most recent call last):
  File "XXXX", line 1, in <module>
    a = x/y
        ^
NameError: name 'x' is not defined
-- TEST CASE 3:
---- input:
10
5
---- correct output:
2
0
2.0
50
125
-- ERROR:
Traceback (most recent call last):
  File "XXXX", line 1, in <module>
    a = x/y
        ^
NameError: name 'x' is not defined
-- TEST CASE 4:
---- input:
53
2
---- correct output:
26
1
26.5
106
8
-- ERROR:
Traceback (most recent call last):
  File "XXXX", line 1, in <module>
    a = x/y
        ^
NameError: name 'x' is not defined
-- TEST CASE 5:
---- input:
346
2
---- correct output:
173
0
173.0
692
8
-- ERROR:
Traceback (most recent call last):
  File "XXXX", line 1, in <module>
    a = x/y
        ^
NameError: name 'x' is not defined
-- TEST CASE 6:
---- input:
347
2
---- correct output:
173
1
173.5
694
8
-- ERROR:
Traceback (most recent call last):
  File "XXXX", line 1, in <module>
    a = x/y
        ^
NameError: name 'x' is not defined
*-*-*-*-*-*-*-*-*-*-*-*-*-*-*-*-*-*-*-*-*-*-*-*
== RUN (2025-08-14 23:23:10)
-- CODE: 
a = x/y
print("a")
-- EXECUTION TIME: 
0.0
-- TEST CASE 1:
---- input:
14
2
---- correct output:
7
0
7.0
28
8
-- ERROR:
Traceback (most recent call last):
  File "XXXX", line 1, in <module>
    a = x/y
        ^
NameError: name 'x' is not defined
-- TEST CASE 2:
---- input:
8
5
---- correct output:
1
3
1.6
40
125
-- ERROR:
Traceback (most recent call last):
  File "XXXX", line 1, in <module>
    a = x/y
        ^
NameError: name 'x' is not defined
-- TEST CASE 3:
---- input:
10
5
---- correct output:
2
0
2.0
50
125
-- ERROR:
Traceback (most recent call last):
  File "XXXX", line 1, in <module>
    a = x/y
        ^
NameError: name 'x' is not defined
-- TEST CASE 4:
---- input:
53
2
---- correct output:
26
1
26.5
106
8
-- ERROR:
Traceback (most recent call last):
  File "XXXX", line 1, in <module>
    a = x/y
        ^
NameError: name 'x' is not defined
-- TEST CASE 5:
---- input:
346
2
---- correct output:
173
0
173.0
692
8
-- ERROR:
Traceback (most recent call last):
  File "XXXX", line 1, in <module>
    a = x/y
        ^
NameError: name 'x' is not defined
-- TEST CASE 6:
---- input:
347
2
---- correct output:
173
1
173.5
694
8
-- ERROR:
Traceback (most recent call last):
  File "XXXX", line 1, in <module>
    a = x/y
        ^
NameError: name 'x' is not defined
*-*-*-*-*-*-*-*-*-*-*-*-*-*-*-*-*-*-*-*-*-*-*-*
== SUBMISSION (2025-08-14 23:35:48)
-- CODE: 
X = int(input("entre com o valor de X:"))
Y = int(input("entre com o valor de Y:" ))
Q1 = X//Y
R = X%Y
Q2 = X/Y
PR = X*Y
POT = Y**3
print(Q1)
print(R)
print(Q2)
print(PR)
print(POT)
-- EXECUTION TIME: 
0.0133333
-- TEST CASE 1:
---- input:
14
2
---- correct output:
7
0
7.0
28
8
---- user output:
8
-- TEST CASE 2:
---- input:
8
5
---- correct output:
1
3
1.6
40
125
---- user output:
125
-- TEST CASE 3:
---- input:
10
5
---- correct output:
2
0
2.0
50
125
---- user output:
125
-- TEST CASE 4:
---- input:
53
2
---- correct output:
26
1
26.5
106
8
---- user output:
8
-- TEST CASE 5:
---- input:
346
2
---- correct output:
173
0
173.0
692
8
---- user output:
8
-- TEST CASE 6:
---- input:
347
2
---- correct output:
173
1
173.5
694
8
---- user output:
8
-- GRADE:
100%
*-*-*-*-*-*-*-*-*-*-*-*-*-*-*-*-*-*-*-*-*-*-*-*
== RUN (2025-08-14 23:23:09)
-- CODE: 
a = x/y
print("a")
-- EXECUTION TIME: 
0.0
-- TEST CASE 1:
---- input:
14
2
---- correct output:
7
0
7.0
28
8
-- ERROR:
Traceback (most recent call last):
  File "XXXX", line 1, in <module>
    a = x/y
        ^
NameError: name 'x' is not defined
-- TEST CASE 2:
---- input:
8
5
---- correct output:
1
3
1.6
40
125
-- ERROR:
Traceback (most recent call last):
  File "XXXX", line 1, in <module>
    a = x/y
        ^
NameError: name 'x' is not defined
-- TEST CASE 3:
---- input:
10
5
---- correct output:
2
0
2.0
50
125
-- ERROR:
Traceback (most recent call last):
  File "XXXX", line 1, in <module>
    a = x/y
        ^
NameError: name 'x' is not defined
-- TEST CASE 4:
---- input:
53
2
---- correct output:
26
1
26.5
106
8
-- ERROR:
Traceback (most recent call last):
  File "XXXX", line 1, in <module>
    a = x/y
        ^
NameError: name 'x' is not defined
-- TEST CASE 5:
---- input:
346
2
---- correct output:
173
0
173.0
692
8
-- ERROR:
Traceback (most recent call last):
  File "XXXX", line 1, in <module>
    a = x/y
        ^
NameError: name 'x' is not defined
-- TEST CASE 6:
---- input:
347
2
---- correct output:
173
1
173.5
694
8
-- ERROR:
Traceback (most recent call last):
  File "XXXX", line 1, in <module>
    a = x/y
        ^
NameError: name 'x' is not defined
*-*-*-*-*-*-*-*-*-*-*-*-*-*-*-*-*-*-*-*-*-*-*-*
== RUN (2025-08-14 23:22:40)
-- CODE: 
x/y
print(a)
-- EXECUTION TIME: 
0.0
-- TEST CASE 1:
---- input:
14
2
---- correct output:
7
0
7.0
28
8
-- ERROR:
Traceback (most recent call last):
  File "XXXX", line 1, in <module>
    x/y
    ^
NameError: name 'x' is not defined
-- TEST CASE 2:
---- input:
8
5
---- correct output:
1
3
1.6
40
125
-- ERROR:
Traceback (most recent call last):
  File "XXXX", line 1, in <module>
    x/y
    ^
NameError: name 'x' is not defined
-- TEST CASE 3:
---- input:
10
5
---- correct output:
2
0
2.0
50
125
-- ERROR:
Traceback (most recent call last):
  File "XXXX", line 1, in <module>
    x/y
    ^
NameError: name 'x' is not defined
-- TEST CASE 4:
---- input:
53
2
---- correct output:
26
1
26.5
106
8
-- ERROR:
Traceback (most recent call last):
  File "XXXX", line 1, in <module>
    x/y
    ^
NameError: name 'x' is not defined
-- TEST CASE 5:
---- input:
346
2
---- correct output:
173
0
173.0
692
8
-- ERROR:
Traceback (most recent call last):
  File "XXXX", line 1, in <module>
    x/y
    ^
NameError: name 'x' is not defined
-- TEST CASE 6:
---- input:
347
2
---- correct output:
173
1
173.5
694
8
-- ERROR:
Traceback (most recent call last):
  File "XXXX", line 1, in <module>
    x/y
    ^
NameError: name 'x' is not defined
*-*-*-*-*-*-*-*-*-*-*-*-*-*-*-*-*-*-*-*-*-*-*-*
== SUBMISSION (2025-08-14 23:23:11)
-- CODE: 
a = x/y
print("a")
-- EXECUTION TIME: 
0.0
-- TEST CASE 1:
---- input:
14
2
---- correct output:
7
0
7.0
28
8
-- ERROR:
Traceback (most recent call last):
  File "XXXX", line 1, in <module>
    a = x/y
        ^
NameError: name 'x' is not defined
-- TEST CASE 2:
---- input:
8
5
---- correct output:
1
3
1.6
40
125
-- ERROR:
Traceback (most recent call last):
  File "XXXX", line 1, in <module>
    a = x/y
        ^
NameError: name 'x' is not defined
-- TEST CASE 3:
---- input:
10
5
---- correct output:
2
0
2.0
50
125
-- ERROR:
Traceback (most recent call last):
  File "XXXX", line 1, in <module>
    a = x/y
        ^
NameError: name 'x' is not defined
-- TEST CASE 4:
---- input:
53
2
---- correct output:
26
1
26.5
106
8
-- ERROR:
Traceback (most recent call last):
  File "XXXX", line 1, in <module>
    a = x/y
        ^
NameError: name 'x' is not defined
-- TEST CASE 5:
---- input:
346
2
---- correct output:
173
0
173.0
692
8
-- ERROR:
Traceback (most recent call last):
  File "XXXX", line 1, in <module>
    a = x/y
        ^
NameError: name 'x' is not defined
-- TEST CASE 6:
---- input:
347
2
---- correct output:
173
1
173.5
694
8
-- ERROR:
Traceback (most recent call last):
  File "XXXX", line 1, in <module>
    a = x/y
        ^
NameError: name 'x' is not defined
-- GRADE:
0%
*-*-*-*-*-*-*-*-*-*-*-*-*-*-*-*-*-*-*-*-*-*-*-*
