== SUBMISSION (2025-08-12 13:27:25)
-- CODE: 
print+(30+45)
-- EXECUTION TIME: 
0.0
-- TEST CASE 1:
---- input:
xx
---- correct output:
75
-- ERROR:
Traceback (most recent call last):
  File "XXXX", line 1, in <module>
    print+(30+45)
    ~~~~~^^~~~~~~
TypeError: unsupported operand type(s) for +: 'builtin_function_or_method' and 'int'
-- TEST CASE 2:
---- input:
xx
---- correct output:
75
-- ERROR:
Traceback (most recent call last):
  File "XXXX", line 1, in <module>
    print+(30+45)
    ~~~~~^^~~~~~~
TypeError: unsupported operand type(s) for +: 'builtin_function_or_method' and 'int'
-- GRADE:
0%
*-*-*-*-*-*-*-*-*-*-*-*-*-*-*-*-*-*-*-*-*-*-*-*
== RUN (2025-08-12 13:27:36)
-- CODE: 
print(30+45)
-- EXECUTION TIME: 
0.0
-- TEST CASE 1:
---- input:
xx
---- correct output:
75
---- user output:
75
-- TEST CASE 2:
---- input:
xx
---- correct output:
75
---- user output:
75
*-*-*-*-*-*-*-*-*-*-*-*-*-*-*-*-*-*-*-*-*-*-*-*
== RUN (2025-08-12 13:27:25)
-- CODE: 
print+(30+45)
-- EXECUTION TIME: 
0.0
-- TEST CASE 1:
---- input:
xx
---- correct output:
75
-- ERROR:
Traceback (most recent call last):
  File "XXXX", line 1, in <module>
    print+(30+45)
    ~~~~~^^~~~~~~
TypeError: unsupported operand type(s) for +: 'builtin_function_or_method' and 'int'
-- TEST CASE 2:
---- input:
xx
---- correct output:
75
-- ERROR:
Traceback (most recent call last):
  File "XXXX", line 1, in <module>
    print+(30+45)
    ~~~~~^^~~~~~~
TypeError: unsupported operand type(s) for +: 'builtin_function_or_method' and 'int'
*-*-*-*-*-*-*-*-*-*-*-*-*-*-*-*-*-*-*-*-*-*-*-*
== SUBMISSION (2025-08-12 13:27:39)
-- CODE: 
print(30+45)
-- EXECUTION TIME: 
0.01
-- TEST CASE 1:
---- input:
xx
---- correct output:
75
---- user output:
75
-- TEST CASE 2:
---- input:
xx
---- correct output:
75
---- user output:
75
-- GRADE:
100%
*-*-*-*-*-*-*-*-*-*-*-*-*-*-*-*-*-*-*-*-*-*-*-*
