== RUN (2025-08-20 23:01:22)
-- CODE: 
print(50//3)
-- EXECUTION TIME: 
0.0
-- TEST CASE 1:
---- input:
xx
---- correct output:
16
2
---- user output:
16
-- TEST CASE 2:
---- input:
xx
---- correct output:
16
2
---- user output:
16
*-*-*-*-*-*-*-*-*-*-*-*-*-*-*-*-*-*-*-*-*-*-*-*
== RUN (2025-08-20 23:04:19)
-- CODE: 
print(50//3)

-- EXECUTION TIME: 
0.0
-- TEST CASE 1:
---- input:
xx
---- correct output:
16
2
---- user output:
16
-- TEST CASE 2:
---- input:
xx
---- correct output:
16
2
---- user output:
16
*-*-*-*-*-*-*-*-*-*-*-*-*-*-*-*-*-*-*-*-*-*-*-*
== RUN (2025-08-20 23:02:18)
-- CODE: 
print(50//3)

-- EXECUTION TIME: 
0.0
-- TEST CASE 1:
---- input:
xx
---- correct output:
16
2
---- user output:
16
-- TEST CASE 2:
---- input:
xx
---- correct output:
16
2
---- user output:
16
*-*-*-*-*-*-*-*-*-*-*-*-*-*-*-*-*-*-*-*-*-*-*-*
== RUN (2025-08-20 22:58:36)
-- CODE: 
print(50//3)
-- EXECUTION TIME: 
0.0
-- TEST CASE 1:
---- input:
xx
---- correct output:
16
2
---- user output:
16
-- TEST CASE 2:
---- input:
xx
---- correct output:
16
2
---- user output:
16
*-*-*-*-*-*-*-*-*-*-*-*-*-*-*-*-*-*-*-*-*-*-*-*
== RUN (2025-08-20 23:02:47)
-- CODE: 
print(50//3)
print(16%)
-- EXECUTION TIME: 
0.0
-- TEST CASE 1:
---- input:
xx
---- correct output:
16
2
-- ERROR:
File "XXXX", line 2
    print(16%)
             ^
SyntaxError: invalid syntax
-- TEST CASE 2:
---- input:
xx
---- correct output:
16
2
-- ERROR:
File "XXXX", line 2
    print(16%)
             ^
SyntaxError: invalid syntax
*-*-*-*-*-*-*-*-*-*-*-*-*-*-*-*-*-*-*-*-*-*-*-*
== RUN (2025-08-20 23:01:23)
-- CODE: 
print(50//3)
-- EXECUTION TIME: 
0.0
-- TEST CASE 1:
---- input:
xx
---- correct output:
16
2
---- user output:
16
-- TEST CASE 2:
---- input:
xx
---- correct output:
16
2
---- user output:
16
*-*-*-*-*-*-*-*-*-*-*-*-*-*-*-*-*-*-*-*-*-*-*-*
== RUN (2025-08-20 22:59:03)
-- CODE: 
print(50//3%
-- EXECUTION TIME: 
0.0
-- TEST CASE 1:
---- input:
xx
---- correct output:
16
2
-- ERROR:
File "XXXX", line 1
    print(50//3%
         ^
SyntaxError: '(' was never closed
-- TEST CASE 2:
---- input:
xx
---- correct output:
16
2
-- ERROR:
File "XXXX", line 1
    print(50//3%
         ^
SyntaxError: '(' was never closed
*-*-*-*-*-*-*-*-*-*-*-*-*-*-*-*-*-*-*-*-*-*-*-*
== RUN (2025-08-20 23:01:18)
-- CODE: 
print(50//3)
-- EXECUTION TIME: 
0.0
-- TEST CASE 1:
---- input:
xx
---- correct output:
16
2
---- user output:
16
-- TEST CASE 2:
---- input:
xx
---- correct output:
16
2
---- user output:
16
*-*-*-*-*-*-*-*-*-*-*-*-*-*-*-*-*-*-*-*-*-*-*-*
== RUN (2025-08-20 23:04:08)
-- CODE: 
print(50//3)
priny(50%3)
-- EXECUTION TIME: 
0.0
-- TEST CASE 1:
---- input:
xx
---- correct output:
16
2
-- ERROR:
Traceback (most recent call last):
  File "XXXX", line 2, in <module>
    priny(50%3)
    ^^^^^
NameError: name 'priny' is not defined. Did you mean: 'print'?
-- TEST CASE 2:
---- input:
xx
---- correct output:
16
2
-- ERROR:
Traceback (most recent call last):
  File "XXXX", line 2, in <module>
    priny(50%3)
    ^^^^^
NameError: name 'priny' is not defined. Did you mean: 'print'?
*-*-*-*-*-*-*-*-*-*-*-*-*-*-*-*-*-*-*-*-*-*-*-*
== RUN (2025-08-20 22:58:52)
-- CODE: 
print(50//3)%
-- EXECUTION TIME: 
0.0
-- TEST CASE 1:
---- input:
xx
---- correct output:
16
2
-- ERROR:
File "XXXX", line 1
    print(50//3)%
                 ^
SyntaxError: invalid syntax
-- TEST CASE 2:
---- input:
xx
---- correct output:
16
2
-- ERROR:
File "XXXX", line 1
    print(50//3)%
                 ^
SyntaxError: invalid syntax
*-*-*-*-*-*-*-*-*-*-*-*-*-*-*-*-*-*-*-*-*-*-*-*
== RUN (2025-08-20 23:01:31)
-- CODE: 
print(50//3)
%
-- EXECUTION TIME: 
0.0
-- TEST CASE 1:
---- input:
xx
---- correct output:
16
2
-- ERROR:
File "XXXX", line 2
    %
    ^
SyntaxError: invalid syntax
-- TEST CASE 2:
---- input:
xx
---- correct output:
16
2
-- ERROR:
File "XXXX", line 2
    %
    ^
SyntaxError: invalid syntax
*-*-*-*-*-*-*-*-*-*-*-*-*-*-*-*-*-*-*-*-*-*-*-*
== RUN (2025-08-20 23:02:57)
-- CODE: 
print(50//3)
-- EXECUTION TIME: 
0.0
-- TEST CASE 1:
---- input:
xx
---- correct output:
16
2
---- user output:
16
-- TEST CASE 2:
---- input:
xx
---- correct output:
16
2
---- user output:
16
*-*-*-*-*-*-*-*-*-*-*-*-*-*-*-*-*-*-*-*-*-*-*-*
== RUN (2025-08-20 22:59:30)
-- CODE: 
print(50//3%)
-- EXECUTION TIME: 
0.0
-- TEST CASE 1:
---- input:
xx
---- correct output:
16
2
-- ERROR:
File "XXXX", line 1
    print(50//3%)
                ^
SyntaxError: invalid syntax
-- TEST CASE 2:
---- input:
xx
---- correct output:
16
2
-- ERROR:
File "XXXX", line 1
    print(50//3%)
                ^
SyntaxError: invalid syntax
*-*-*-*-*-*-*-*-*-*-*-*-*-*-*-*-*-*-*-*-*-*-*-*
== RUN (2025-08-20 23:04:54)
-- CODE: 
print(50//3)
print(50%3)
-- EXECUTION TIME: 
0.0
-- TEST CASE 1:
---- input:
xx
---- correct output:
16
2
---- user output:
2
-- TEST CASE 2:
---- input:
xx
---- correct output:
16
2
---- user output:
2
*-*-*-*-*-*-*-*-*-*-*-*-*-*-*-*-*-*-*-*-*-*-*-*
== SUBMISSION (2025-08-20 23:01:38)
-- CODE: 
print(50//3)
%
-- EXECUTION TIME: 
0.0
-- TEST CASE 1:
---- input:
xx
---- correct output:
16
2
-- ERROR:
File "XXXX", line 2
    %
    ^
SyntaxError: invalid syntax
-- TEST CASE 2:
---- input:
xx
---- correct output:
16
2
-- ERROR:
File "XXXX", line 2
    %
    ^
SyntaxError: invalid syntax
-- GRADE:
0%
*-*-*-*-*-*-*-*-*-*-*-*-*-*-*-*-*-*-*-*-*-*-*-*
== SUBMISSION (2025-08-20 23:05:03)
-- CODE: 
print(50//3)
print(50%3)
-- EXECUTION TIME: 
0.01
-- TEST CASE 1:
---- input:
xx
---- correct output:
16
2
---- user output:
2
-- TEST CASE 2:
---- input:
xx
---- correct output:
16
2
---- user output:
2
-- GRADE:
100%
*-*-*-*-*-*-*-*-*-*-*-*-*-*-*-*-*-*-*-*-*-*-*-*
