== RUN (2025-08-20 22:51:32)
-- CODE: 
print(20*35)
-- EXECUTION TIME: 
0.0
-- TEST CASE 1:
---- input:
xx
---- correct output:
700
---- user output:
700
-- TEST CASE 2:
---- input:
xx
---- correct output:
700
---- user output:
700
*-*-*-*-*-*-*-*-*-*-*-*-*-*-*-*-*-*-*-*-*-*-*-*
== SUBMISSION (2025-08-20 22:50:51)
-- CODE: 
prnt(20*35)
-- EXECUTION TIME: 
0.0
-- TEST CASE 1:
---- input:
xx
---- correct output:
700
-- ERROR:
Traceback (most recent call last):
  File "XXXX", line 1, in <module>
    prnt(20*35)
    ^^^^
NameError: name 'prnt' is not defined. Did you mean: 'print'?
-- TEST CASE 2:
---- input:
xx
---- correct output:
700
-- ERROR:
Traceback (most recent call last):
  File "XXXX", line 1, in <module>
    prnt(20*35)
    ^^^^
NameError: name 'prnt' is not defined. Did you mean: 'print'?
-- GRADE:
0%
*-*-*-*-*-*-*-*-*-*-*-*-*-*-*-*-*-*-*-*-*-*-*-*
== RUN (2025-08-20 22:50:49)
-- CODE: 
prnt(20*35)
-- EXECUTION TIME: 
0.0
-- TEST CASE 1:
---- input:
xx
---- correct output:
700
-- ERROR:
Traceback (most recent call last):
  File "XXXX", line 1, in <module>
    prnt(20*35)
    ^^^^
NameError: name 'prnt' is not defined. Did you mean: 'print'?
-- TEST CASE 2:
---- input:
xx
---- correct output:
700
-- ERROR:
Traceback (most recent call last):
  File "XXXX", line 1, in <module>
    prnt(20*35)
    ^^^^
NameError: name 'prnt' is not defined. Did you mean: 'print'?
*-*-*-*-*-*-*-*-*-*-*-*-*-*-*-*-*-*-*-*-*-*-*-*
== SUBMISSION (2025-08-20 22:51:34)
-- CODE: 
print(20*35)
-- EXECUTION TIME: 
0.01
-- TEST CASE 1:
---- input:
xx
---- correct output:
700
---- user output:
700
-- TEST CASE 2:
---- input:
xx
---- correct output:
700
---- user output:
700
-- GRADE:
100%
*-*-*-*-*-*-*-*-*-*-*-*-*-*-*-*-*-*-*-*-*-*-*-*
== SUBMISSION (2025-08-20 22:50:46)
-- CODE: 
prnt(20*35)
-- EXECUTION TIME: 
0.0
-- TEST CASE 1:
---- input:
xx
---- correct output:
700
-- ERROR:
Traceback (most recent call last):
  File "XXXX", line 1, in <module>
    prnt(20*35)
    ^^^^
NameError: name 'prnt' is not defined. Did you mean: 'print'?
-- TEST CASE 2:
---- input:
xx
---- correct output:
700
-- ERROR:
Traceback (most recent call last):
  File "XXXX", line 1, in <module>
    prnt(20*35)
    ^^^^
NameError: name 'prnt' is not defined. Did you mean: 'print'?
-- GRADE:
0%
*-*-*-*-*-*-*-*-*-*-*-*-*-*-*-*-*-*-*-*-*-*-*-*
