== RUN (2025-08-19 21:01:50)
-- CODE: 
print(rount(250/6))
-- EXECUTION TIME: 
0.0
-- TEST CASE 1:
---- input:
xx
---- correct output:
41.67
-- ERROR:
Traceback (most recent call last):
  File "XXXX", line 1, in <module>
    print(rount(250/6))
          ^^^^^
NameError: name 'rount' is not defined. Did you mean: 'round'?
-- TEST CASE 2:
---- input:
xx
---- correct output:
41.67
-- ERROR:
Traceback (most recent call last):
  File "XXXX", line 1, in <module>
    print(rount(250/6))
          ^^^^^
NameError: name 'rount' is not defined. Did you mean: 'round'?
*-*-*-*-*-*-*-*-*-*-*-*-*-*-*-*-*-*-*-*-*-*-*-*
== SUBMISSION (2025-08-19 21:03:06)
-- CODE: 
print(round(250/6,2))
-- EXECUTION TIME: 
0.01
-- TEST CASE 1:
---- input:
xx
---- correct output:
41.67
---- user output:
41.67
-- TEST CASE 2:
---- input:
xx
---- correct output:
41.67
---- user output:
41.67
-- GRADE:
100%
*-*-*-*-*-*-*-*-*-*-*-*-*-*-*-*-*-*-*-*-*-*-*-*
== RUN (2025-08-19 21:01:37)
-- CODE: 
print(rount(250/6)
-- EXECUTION TIME: 
0.0
-- TEST CASE 1:
---- input:
xx
---- correct output:
41.67
-- ERROR:
File "XXXX", line 1
    print(rount(250/6)
         ^
SyntaxError: '(' was never closed
-- TEST CASE 2:
---- input:
xx
---- correct output:
41.67
-- ERROR:
File "XXXX", line 1
    print(rount(250/6)
         ^
SyntaxError: '(' was never closed
*-*-*-*-*-*-*-*-*-*-*-*-*-*-*-*-*-*-*-*-*-*-*-*
== RUN (2025-08-19 21:02:07)
-- CODE: 
print(round(250/6))
-- EXECUTION TIME: 
0.0
-- TEST CASE 1:
---- input:
xx
---- correct output:
41.67
---- user output:
42
-- TEST CASE 2:
---- input:
xx
---- correct output:
41.67
---- user output:
42
*-*-*-*-*-*-*-*-*-*-*-*-*-*-*-*-*-*-*-*-*-*-*-*
== RUN (2025-08-19 21:03:00)
-- CODE: 
print(round(250/6,2))
-- EXECUTION TIME: 
0.0
-- TEST CASE 1:
---- input:
xx
---- correct output:
41.67
---- user output:
41.67
-- TEST CASE 2:
---- input:
xx
---- correct output:
41.67
---- user output:
41.67
*-*-*-*-*-*-*-*-*-*-*-*-*-*-*-*-*-*-*-*-*-*-*-*
