== RUN (2025-08-26 20:15:06)
-- CODE: 
Nome=input()
print('Nome:',Nome)
Idade=input()
print("Idade:",Idade)
Print('Altura:',Altura )

-- EXECUTION TIME: 
0.0
-- TEST CASE 1:
---- input:
Teresa
13
1.45
---- correct output:
Nome: Teresa
Idade: 13
Altura: 1.45
-- ERROR:
Traceback (most recent call last):
  File "XXXX", line 5, in <module>
    Print('Altura:',Altura )
    ^^^^^
NameError: name 'Print' is not defined. Did you mean: 'print'?
-- TEST CASE 2:
---- input:
Marcelo
34
1.79
---- correct output:
Nome: Marcelo
Idade: 34
Altura: 1.79
-- ERROR:
Traceback (most recent call last):
  File "XXXX", line 5, in <module>
    Print('Altura:',Altura )
    ^^^^^
NameError: name 'Print' is not defined. Did you mean: 'print'?
-- TEST CASE 3:
---- input:
Larissa
23
1.68
---- correct output:
Nome: Larissa
Idade: 23
Altura: 1.68
-- ERROR:
Traceback (most recent call last):
  File "XXXX", line 5, in <module>
    Print('Altura:',Altura )
    ^^^^^
NameError: name 'Print' is not defined. Did you mean: 'print'?
-- TEST CASE 4:
---- input:
Jose
45
1.89
---- correct output:
Nome: Jose
Idade: 45
Altura: 1.89
-- ERROR:
Traceback (most recent call last):
  File "XXXX", line 5, in <module>
    Print('Altura:',Altura )
    ^^^^^
NameError: name 'Print' is not defined. Did you mean: 'print'?
*-*-*-*-*-*-*-*-*-*-*-*-*-*-*-*-*-*-*-*-*-*-*-*
== RUN (2025-08-26 20:15:02)
-- CODE: 
Nome=input()
print('Nome:',Nome)
Idade=input()
print("Idade:",Idade)
Print('Altura:',Altura )

-- EXECUTION TIME: 
0.0
-- TEST CASE 1:
---- input:
Teresa
13
1.45
---- correct output:
Nome: Teresa
Idade: 13
Altura: 1.45
-- ERROR:
Traceback (most recent call last):
  File "XXXX", line 5, in <module>
    Print('Altura:',Altura )
    ^^^^^
NameError: name 'Print' is not defined. Did you mean: 'print'?
-- TEST CASE 2:
---- input:
Marcelo
34
1.79
---- correct output:
Nome: Marcelo
Idade: 34
Altura: 1.79
-- ERROR:
Traceback (most recent call last):
  File "XXXX", line 5, in <module>
    Print('Altura:',Altura )
    ^^^^^
NameError: name 'Print' is not defined. Did you mean: 'print'?
-- TEST CASE 3:
---- input:
Larissa
23
1.68
---- correct output:
Nome: Larissa
Idade: 23
Altura: 1.68
-- ERROR:
Traceback (most recent call last):
  File "XXXX", line 5, in <module>
    Print('Altura:',Altura )
    ^^^^^
NameError: name 'Print' is not defined. Did you mean: 'print'?
-- TEST CASE 4:
---- input:
Jose
45
1.89
---- correct output:
Nome: Jose
Idade: 45
Altura: 1.89
-- ERROR:
Traceback (most recent call last):
  File "XXXX", line 5, in <module>
    Print('Altura:',Altura )
    ^^^^^
NameError: name 'Print' is not defined. Did you mean: 'print'?
*-*-*-*-*-*-*-*-*-*-*-*-*-*-*-*-*-*-*-*-*-*-*-*
== RUN (2025-08-26 20:14:45)
-- CODE: 
Nome=input()
print('Nome:',Nome)
Idade=input()
print("Idade:",Idade)
Print('Altura:',Altura )

-- EXECUTION TIME: 
0.0
-- TEST CASE 1:
---- input:
Teresa
13
1.45
---- correct output:
Nome: Teresa
Idade: 13
Altura: 1.45
-- ERROR:
Traceback (most recent call last):
  File "XXXX", line 5, in <module>
    Print('Altura:',Altura )
    ^^^^^
NameError: name 'Print' is not defined. Did you mean: 'print'?
-- TEST CASE 2:
---- input:
Marcelo
34
1.79
---- correct output:
Nome: Marcelo
Idade: 34
Altura: 1.79
-- ERROR:
Traceback (most recent call last):
  File "XXXX", line 5, in <module>
    Print('Altura:',Altura )
    ^^^^^
NameError: name 'Print' is not defined. Did you mean: 'print'?
-- TEST CASE 3:
---- input:
Larissa
23
1.68
---- correct output:
Nome: Larissa
Idade: 23
Altura: 1.68
-- ERROR:
Traceback (most recent call last):
  File "XXXX", line 5, in <module>
    Print('Altura:',Altura )
    ^^^^^
NameError: name 'Print' is not defined. Did you mean: 'print'?
-- TEST CASE 4:
---- input:
Jose
45
1.89
---- correct output:
Nome: Jose
Idade: 45
Altura: 1.89
-- ERROR:
Traceback (most recent call last):
  File "XXXX", line 5, in <module>
    Print('Altura:',Altura )
    ^^^^^
NameError: name 'Print' is not defined. Did you mean: 'print'?
*-*-*-*-*-*-*-*-*-*-*-*-*-*-*-*-*-*-*-*-*-*-*-*
== RUN (2025-08-26 20:16:34)
-- CODE: 
Nome=input()
print('Nome:',Nome)
Idade=input()
print("Idade:",Idade)
Altura=input()
Print('Altura:',Altura)

-- EXECUTION TIME: 
0.0
-- TEST CASE 1:
---- input:
Teresa
13
1.45
---- correct output:
Nome: Teresa
Idade: 13
Altura: 1.45
-- ERROR:
Traceback (most recent call last):
  File "XXXX", line 6, in <module>
    Print('Altura:',Altura)
    ^^^^^
NameError: name 'Print' is not defined. Did you mean: 'print'?
-- TEST CASE 2:
---- input:
Marcelo
34
1.79
---- correct output:
Nome: Marcelo
Idade: 34
Altura: 1.79
-- ERROR:
Traceback (most recent call last):
  File "XXXX", line 6, in <module>
    Print('Altura:',Altura)
    ^^^^^
NameError: name 'Print' is not defined. Did you mean: 'print'?
-- TEST CASE 3:
---- input:
Larissa
23
1.68
---- correct output:
Nome: Larissa
Idade: 23
Altura: 1.68
-- ERROR:
Traceback (most recent call last):
  File "XXXX", line 6, in <module>
    Print('Altura:',Altura)
    ^^^^^
NameError: name 'Print' is not defined. Did you mean: 'print'?
-- TEST CASE 4:
---- input:
Jose
45
1.89
---- correct output:
Nome: Jose
Idade: 45
Altura: 1.89
-- ERROR:
Traceback (most recent call last):
  File "XXXX", line 6, in <module>
    Print('Altura:',Altura)
    ^^^^^
NameError: name 'Print' is not defined. Did you mean: 'print'?
*-*-*-*-*-*-*-*-*-*-*-*-*-*-*-*-*-*-*-*-*-*-*-*
== RUN (2025-08-26 20:19:48)
-- CODE: 
Nome=input()
print('Nome:',Nome)
Idade=input()
print("Idade:",Idade)
Altura=input()
print('Altura:',Altura)

-- EXECUTION TIME: 
0.0
-- TEST CASE 1:
---- input:
Teresa
13
1.45
---- correct output:
Nome: Teresa
Idade: 13
Altura: 1.45
---- user output:
Altura: 1.45
-- TEST CASE 2:
---- input:
Marcelo
34
1.79
---- correct output:
Nome: Marcelo
Idade: 34
Altura: 1.79
---- user output:
Altura: 1.79
-- TEST CASE 3:
---- input:
Larissa
23
1.68
---- correct output:
Nome: Larissa
Idade: 23
Altura: 1.68
---- user output:
Altura: 1.68
-- TEST CASE 4:
---- input:
Jose
45
1.89
---- correct output:
Nome: Jose
Idade: 45
Altura: 1.89
---- user output:
Altura: 1.89
*-*-*-*-*-*-*-*-*-*-*-*-*-*-*-*-*-*-*-*-*-*-*-*
== SUBMISSION (2025-08-28 20:06:10)
-- CODE: 
Nome=input()
print('Nome:',Nome)
Idade=input()
print("Idade:",Idade)
Altura=input()
print('Altura:',Altura)

-- EXECUTION TIME: 
0.01
-- TEST CASE 1:
---- input:
Teresa
13
1.45
---- correct output:
Nome: Teresa
Idade: 13
Altura: 1.45
---- user output:
Altura: 1.45
-- TEST CASE 2:
---- input:
Marcelo
34
1.79
---- correct output:
Nome: Marcelo
Idade: 34
Altura: 1.79
---- user output:
Altura: 1.79
-- TEST CASE 3:
---- input:
Larissa
23
1.68
---- correct output:
Nome: Larissa
Idade: 23
Altura: 1.68
---- user output:
Altura: 1.68
-- TEST CASE 4:
---- input:
Jose
45
1.89
---- correct output:
Nome: Jose
Idade: 45
Altura: 1.89
---- user output:
Altura: 1.89
-- GRADE:
100%
*-*-*-*-*-*-*-*-*-*-*-*-*-*-*-*-*-*-*-*-*-*-*-*
== SUBMISSION (2025-08-26 20:17:54)
-- CODE: 
Nome=input()
print('Nome:',Nome)
Idade=input()
print("Idade:",Idade)
Altura=input()
print('Altura:',Altura)

-- EXECUTION TIME: 
0.01
-- TEST CASE 1:
---- input:
Teresa
13
1.45
---- correct output:
Nome: Teresa
Idade: 13
Altura: 1.45
---- user output:
Altura: 1.45
-- TEST CASE 2:
---- input:
Marcelo
34
1.79
---- correct output:
Nome: Marcelo
Idade: 34
Altura: 1.79
---- user output:
Altura: 1.79
-- TEST CASE 3:
---- input:
Larissa
23
1.68
---- correct output:
Nome: Larissa
Idade: 23
Altura: 1.68
---- user output:
Altura: 1.68
-- TEST CASE 4:
---- input:
Jose
45
1.89
---- correct output:
Nome: Jose
Idade: 45
Altura: 1.89
---- user output:
Altura: 1.89
-- GRADE:
100%
*-*-*-*-*-*-*-*-*-*-*-*-*-*-*-*-*-*-*-*-*-*-*-*
== RUN (2025-08-26 20:15:43)
-- CODE: 
Nome=input()
print('Nome:',Nome)
Idade=input()
print("Idade:",Idade)
Altura=input()
Print('Altura:',Altura )

-- EXECUTION TIME: 
0.0
-- TEST CASE 1:
---- input:
Teresa
13
1.45
---- correct output:
Nome: Teresa
Idade: 13
Altura: 1.45
-- ERROR:
Traceback (most recent call last):
  File "XXXX", line 6, in <module>
    Print('Altura:',Altura )
    ^^^^^
NameError: name 'Print' is not defined. Did you mean: 'print'?
-- TEST CASE 2:
---- input:
Marcelo
34
1.79
---- correct output:
Nome: Marcelo
Idade: 34
Altura: 1.79
-- ERROR:
Traceback (most recent call last):
  File "XXXX", line 6, in <module>
    Print('Altura:',Altura )
    ^^^^^
NameError: name 'Print' is not defined. Did you mean: 'print'?
-- TEST CASE 3:
---- input:
Larissa
23
1.68
---- correct output:
Nome: Larissa
Idade: 23
Altura: 1.68
-- ERROR:
Traceback (most recent call last):
  File "XXXX", line 6, in <module>
    Print('Altura:',Altura )
    ^^^^^
NameError: name 'Print' is not defined. Did you mean: 'print'?
-- TEST CASE 4:
---- input:
Jose
45
1.89
---- correct output:
Nome: Jose
Idade: 45
Altura: 1.89
-- ERROR:
Traceback (most recent call last):
  File "XXXX", line 6, in <module>
    Print('Altura:',Altura )
    ^^^^^
NameError: name 'Print' is not defined. Did you mean: 'print'?
*-*-*-*-*-*-*-*-*-*-*-*-*-*-*-*-*-*-*-*-*-*-*-*
== SUBMISSION (2025-08-26 20:17:50)
-- CODE: 
Nome=input()
print('Nome:',Nome)
Idade=input()
print("Idade:",Idade)
Altura=input()
print('Altura:',Altura)

-- EXECUTION TIME: 
0.01
-- TEST CASE 1:
---- input:
Teresa
13
1.45
---- correct output:
Nome: Teresa
Idade: 13
Altura: 1.45
---- user output:
Altura: 1.45
-- TEST CASE 2:
---- input:
Marcelo
34
1.79
---- correct output:
Nome: Marcelo
Idade: 34
Altura: 1.79
---- user output:
Altura: 1.79
-- TEST CASE 3:
---- input:
Larissa
23
1.68
---- correct output:
Nome: Larissa
Idade: 23
Altura: 1.68
---- user output:
Altura: 1.68
-- TEST CASE 4:
---- input:
Jose
45
1.89
---- correct output:
Nome: Jose
Idade: 45
Altura: 1.89
---- user output:
Altura: 1.89
-- GRADE:
100%
*-*-*-*-*-*-*-*-*-*-*-*-*-*-*-*-*-*-*-*-*-*-*-*
== RUN (2025-08-26 20:16:57)
-- CODE: 
Nome=input()
print('Nome:',Nome)
Idade=input()
print("Idade:",Idade)
Altura=input()
Print('Altura:',Altura)

-- EXECUTION TIME: 
0.0
-- TEST CASE 1:
---- input:
Teresa
13
1.45
---- correct output:
Nome: Teresa
Idade: 13
Altura: 1.45
-- ERROR:
Traceback (most recent call last):
  File "XXXX", line 6, in <module>
    Print('Altura:',Altura)
    ^^^^^
NameError: name 'Print' is not defined. Did you mean: 'print'?
-- TEST CASE 2:
---- input:
Marcelo
34
1.79
---- correct output:
Nome: Marcelo
Idade: 34
Altura: 1.79
-- ERROR:
Traceback (most recent call last):
  File "XXXX", line 6, in <module>
    Print('Altura:',Altura)
    ^^^^^
NameError: name 'Print' is not defined. Did you mean: 'print'?
-- TEST CASE 3:
---- input:
Larissa
23
1.68
---- correct output:
Nome: Larissa
Idade: 23
Altura: 1.68
-- ERROR:
Traceback (most recent call last):
  File "XXXX", line 6, in <module>
    Print('Altura:',Altura)
    ^^^^^
NameError: name 'Print' is not defined. Did you mean: 'print'?
-- TEST CASE 4:
---- input:
Jose
45
1.89
---- correct output:
Nome: Jose
Idade: 45
Altura: 1.89
-- ERROR:
Traceback (most recent call last):
  File "XXXX", line 6, in <module>
    Print('Altura:',Altura)
    ^^^^^
NameError: name 'Print' is not defined. Did you mean: 'print'?
*-*-*-*-*-*-*-*-*-*-*-*-*-*-*-*-*-*-*-*-*-*-*-*
== RUN (2025-08-26 20:13:03)
-- CODE: 
Nome=input()
print('Nome:',Nome)
Idade=input()
print("Idade:, Idade")

-- EXECUTION TIME: 
0.0
-- TEST CASE 1:
---- input:
Teresa
13
1.45
---- correct output:
Nome: Teresa
Idade: 13
Altura: 1.45
---- user output:
Idade:, Idade
-- TEST CASE 2:
---- input:
Marcelo
34
1.79
---- correct output:
Nome: Marcelo
Idade: 34
Altura: 1.79
---- user output:
Idade:, Idade
-- TEST CASE 3:
---- input:
Larissa
23
1.68
---- correct output:
Nome: Larissa
Idade: 23
Altura: 1.68
---- user output:
Idade:, Idade
-- TEST CASE 4:
---- input:
Jose
45
1.89
---- correct output:
Nome: Jose
Idade: 45
Altura: 1.89
---- user output:
Idade:, Idade
*-*-*-*-*-*-*-*-*-*-*-*-*-*-*-*-*-*-*-*-*-*-*-*
== RUN (2025-08-26 20:11:16)
-- CODE: 
Nome=input()
print('Nome:',Nome)


-- EXECUTION TIME: 
0.0
-- TEST CASE 1:
---- input:
Teresa
13
1.45
---- correct output:
Nome: Teresa
Idade: 13
Altura: 1.45
---- user output:
Nome: Teresa
-- TEST CASE 2:
---- input:
Marcelo
34
1.79
---- correct output:
Nome: Marcelo
Idade: 34
Altura: 1.79
---- user output:
Nome: Marcelo
-- TEST CASE 3:
---- input:
Larissa
23
1.68
---- correct output:
Nome: Larissa
Idade: 23
Altura: 1.68
---- user output:
Nome: Larissa
-- TEST CASE 4:
---- input:
Jose
45
1.89
---- correct output:
Nome: Jose
Idade: 45
Altura: 1.89
---- user output:
Nome: Jose
*-*-*-*-*-*-*-*-*-*-*-*-*-*-*-*-*-*-*-*-*-*-*-*
