== RUN (2025-08-25 15:02:41)
-- CODE: 
n = int(intup("digite o number"))

-- EXECUTION TIME: 
0.0
-- TEST CASE 1:
---- input:
123.14
---- correct output:
33.25
174.86
45.56
-- ERROR:
Traceback (most recent call last):
  File "XXXX", line 1, in <module>
    n = int(intup("digite o number"))
            ^^^^^
NameError: name 'intup' is not defined. Did you mean: 'input'?
-- TEST CASE 2:
---- input:
25.00
---- correct output:
6.75
35.5
9.25
-- ERROR:
Traceback (most recent call last):
  File "XXXX", line 1, in <module>
    n = int(intup("digite o number"))
            ^^^^^
NameError: name 'intup' is not defined. Did you mean: 'input'?
-- TEST CASE 3:
---- input:
325.60
---- correct output:
87.91
462.35
120.47
-- ERROR:
Traceback (most recent call last):
  File "XXXX", line 1, in <module>
    n = int(intup("digite o number"))
            ^^^^^
NameError: name 'intup' is not defined. Did you mean: 'input'?
-- TEST CASE 4:
---- input:
3567.90
---- correct output:
963.33
5066.42
1320.12
-- ERROR:
Traceback (most recent call last):
  File "XXXX", line 1, in <module>
    n = int(intup("digite o number"))
            ^^^^^
NameError: name 'intup' is not defined. Did you mean: 'input'?
-- TEST CASE 5:
---- input:
5426.20
---- correct output:
1465.07
7705.2
2007.69
-- ERROR:
Traceback (most recent call last):
  File "XXXX", line 1, in <module>
    n = int(intup("digite o number"))
            ^^^^^
NameError: name 'intup' is not defined. Did you mean: 'input'?
-- TEST CASE 6:
---- input:
12.15
---- correct output:
3.28
17.25
4.5
-- ERROR:
Traceback (most recent call last):
  File "XXXX", line 1, in <module>
    n = int(intup("digite o number"))
            ^^^^^
NameError: name 'intup' is not defined. Did you mean: 'input'?
*-*-*-*-*-*-*-*-*-*-*-*-*-*-*-*-*-*-*-*-*-*-*-*
== RUN (2025-08-27 14:02:06)
-- CODE: 

-- EXECUTION TIME: 
0.0
-- TEST CASE 1:
---- input:
123.14
---- correct output:
33.25
174.86
45.56
---- user output:
None
-- TEST CASE 2:
---- input:
25.00
---- correct output:
6.75
35.5
9.25
---- user output:
None
-- TEST CASE 3:
---- input:
325.60
---- correct output:
87.91
462.35
120.47
---- user output:
None
-- TEST CASE 4:
---- input:
3567.90
---- correct output:
963.33
5066.42
1320.12
---- user output:
None
-- TEST CASE 5:
---- input:
5426.20
---- correct output:
1465.07
7705.2
2007.69
---- user output:
None
-- TEST CASE 6:
---- input:
12.15
---- correct output:
3.28
17.25
4.5
---- user output:
None
*-*-*-*-*-*-*-*-*-*-*-*-*-*-*-*-*-*-*-*-*-*-*-*
== RUN (2025-08-25 15:04:47)
-- CODE: 
n = int(input("digite um numero"))
-- EXECUTION TIME: 
0.0
-- TEST CASE 1:
---- input:
123.14
---- correct output:
33.25
174.86
45.56
-- ERROR:
Traceback (most recent call last):
  File "XXXX", line 1, in <module>
    n = int(input("digite um numero"))
        ^^^^^^^^^^^^^^^^^^^^^^^^^^^^^^
ValueError: invalid literal for int() with base 10: '123.14'
-- TEST CASE 2:
---- input:
25.00
---- correct output:
6.75
35.5
9.25
-- ERROR:
Traceback (most recent call last):
  File "XXXX", line 1, in <module>
    n = int(input("digite um numero"))
        ^^^^^^^^^^^^^^^^^^^^^^^^^^^^^^
ValueError: invalid literal for int() with base 10: '25.00'
-- TEST CASE 3:
---- input:
325.60
---- correct output:
87.91
462.35
120.47
-- ERROR:
Traceback (most recent call last):
  File "XXXX", line 1, in <module>
    n = int(input("digite um numero"))
        ^^^^^^^^^^^^^^^^^^^^^^^^^^^^^^
ValueError: invalid literal for int() with base 10: '325.60'
-- TEST CASE 4:
---- input:
3567.90
---- correct output:
963.33
5066.42
1320.12
-- ERROR:
Traceback (most recent call last):
  File "XXXX", line 1, in <module>
    n = int(input("digite um numero"))
        ^^^^^^^^^^^^^^^^^^^^^^^^^^^^^^
ValueError: invalid literal for int() with base 10: '3567.90'
-- TEST CASE 5:
---- input:
5426.20
---- correct output:
1465.07
7705.2
2007.69
-- ERROR:
Traceback (most recent call last):
  File "XXXX", line 1, in <module>
    n = int(input("digite um numero"))
        ^^^^^^^^^^^^^^^^^^^^^^^^^^^^^^
ValueError: invalid literal for int() with base 10: '5426.20'
-- TEST CASE 6:
---- input:
12.15
---- correct output:
3.28
17.25
4.5
-- ERROR:
Traceback (most recent call last):
  File "XXXX", line 1, in <module>
    n = int(input("digite um numero"))
        ^^^^^^^^^^^^^^^^^^^^^^^^^^^^^^
ValueError: invalid literal for int() with base 10: '12.15'
*-*-*-*-*-*-*-*-*-*-*-*-*-*-*-*-*-*-*-*-*-*-*-*
== RUN (2025-08-25 15:02:42)
-- CODE: 
n = int(intup("digite o number"))

-- EXECUTION TIME: 
0.0
-- TEST CASE 1:
---- input:
123.14
---- correct output:
33.25
174.86
45.56
-- ERROR:
Traceback (most recent call last):
  File "XXXX", line 1, in <module>
    n = int(intup("digite o number"))
            ^^^^^
NameError: name 'intup' is not defined. Did you mean: 'input'?
-- TEST CASE 2:
---- input:
25.00
---- correct output:
6.75
35.5
9.25
-- ERROR:
Traceback (most recent call last):
  File "XXXX", line 1, in <module>
    n = int(intup("digite o number"))
            ^^^^^
NameError: name 'intup' is not defined. Did you mean: 'input'?
-- TEST CASE 3:
---- input:
325.60
---- correct output:
87.91
462.35
120.47
-- ERROR:
Traceback (most recent call last):
  File "XXXX", line 1, in <module>
    n = int(intup("digite o number"))
            ^^^^^
NameError: name 'intup' is not defined. Did you mean: 'input'?
-- TEST CASE 4:
---- input:
3567.90
---- correct output:
963.33
5066.42
1320.12
-- ERROR:
Traceback (most recent call last):
  File "XXXX", line 1, in <module>
    n = int(intup("digite o number"))
            ^^^^^
NameError: name 'intup' is not defined. Did you mean: 'input'?
-- TEST CASE 5:
---- input:
5426.20
---- correct output:
1465.07
7705.2
2007.69
-- ERROR:
Traceback (most recent call last):
  File "XXXX", line 1, in <module>
    n = int(intup("digite o number"))
            ^^^^^
NameError: name 'intup' is not defined. Did you mean: 'input'?
-- TEST CASE 6:
---- input:
12.15
---- correct output:
3.28
17.25
4.5
-- ERROR:
Traceback (most recent call last):
  File "XXXX", line 1, in <module>
    n = int(intup("digite o number"))
            ^^^^^
NameError: name 'intup' is not defined. Did you mean: 'input'?
*-*-*-*-*-*-*-*-*-*-*-*-*-*-*-*-*-*-*-*-*-*-*-*
== RUN (2025-08-25 15:25:53)
-- CODE: 
n = float(input("digite um numero: "))
print(n*(27/100 , 2))
print(n+n*(42/100 , 2))
print(n-n*63/100 , 2)
-- EXECUTION TIME: 
0.0
-- TEST CASE 1:
---- input:
123.14
---- correct output:
33.25
174.86
45.56
-- ERROR:
Traceback (most recent call last):
  File "XXXX", line 2, in <module>
    print(n*(27/100 , 2))
          ~^~~~~~~~~~~~~
TypeError: can't multiply sequence by non-int of type 'float'
-- TEST CASE 2:
---- input:
25.00
---- correct output:
6.75
35.5
9.25
-- ERROR:
Traceback (most recent call last):
  File "XXXX", line 2, in <module>
    print(n*(27/100 , 2))
          ~^~~~~~~~~~~~~
TypeError: can't multiply sequence by non-int of type 'float'
-- TEST CASE 3:
---- input:
325.60
---- correct output:
87.91
462.35
120.47
-- ERROR:
Traceback (most recent call last):
  File "XXXX", line 2, in <module>
    print(n*(27/100 , 2))
          ~^~~~~~~~~~~~~
TypeError: can't multiply sequence by non-int of type 'float'
-- TEST CASE 4:
---- input:
3567.90
---- correct output:
963.33
5066.42
1320.12
-- ERROR:
Traceback (most recent call last):
  File "XXXX", line 2, in <module>
    print(n*(27/100 , 2))
          ~^~~~~~~~~~~~~
TypeError: can't multiply sequence by non-int of type 'float'
-- TEST CASE 5:
---- input:
5426.20
---- correct output:
1465.07
7705.2
2007.69
-- ERROR:
Traceback (most recent call last):
  File "XXXX", line 2, in <module>
    print(n*(27/100 , 2))
          ~^~~~~~~~~~~~~
TypeError: can't multiply sequence by non-int of type 'float'
-- TEST CASE 6:
---- input:
12.15
---- correct output:
3.28
17.25
4.5
-- ERROR:
Traceback (most recent call last):
  File "XXXX", line 2, in <module>
    print(n*(27/100 , 2))
          ~^~~~~~~~~~~~~
TypeError: can't multiply sequence by non-int of type 'float'
*-*-*-*-*-*-*-*-*-*-*-*-*-*-*-*-*-*-*-*-*-*-*-*
== RUN (2025-08-25 15:05:48)
-- CODE: 
n = int(input("digite um numero"))
print(n+n*(27/100))
-- EXECUTION TIME: 
0.0
-- TEST CASE 1:
---- input:
123.14
---- correct output:
33.25
174.86
45.56
-- ERROR:
Traceback (most recent call last):
  File "XXXX", line 1, in <module>
    n = int(input("digite um numero"))
        ^^^^^^^^^^^^^^^^^^^^^^^^^^^^^^
ValueError: invalid literal for int() with base 10: '123.14'
-- TEST CASE 2:
---- input:
25.00
---- correct output:
6.75
35.5
9.25
-- ERROR:
Traceback (most recent call last):
  File "XXXX", line 1, in <module>
    n = int(input("digite um numero"))
        ^^^^^^^^^^^^^^^^^^^^^^^^^^^^^^
ValueError: invalid literal for int() with base 10: '25.00'
-- TEST CASE 3:
---- input:
325.60
---- correct output:
87.91
462.35
120.47
-- ERROR:
Traceback (most recent call last):
  File "XXXX", line 1, in <module>
    n = int(input("digite um numero"))
        ^^^^^^^^^^^^^^^^^^^^^^^^^^^^^^
ValueError: invalid literal for int() with base 10: '325.60'
-- TEST CASE 4:
---- input:
3567.90
---- correct output:
963.33
5066.42
1320.12
-- ERROR:
Traceback (most recent call last):
  File "XXXX", line 1, in <module>
    n = int(input("digite um numero"))
        ^^^^^^^^^^^^^^^^^^^^^^^^^^^^^^
ValueError: invalid literal for int() with base 10: '3567.90'
-- TEST CASE 5:
---- input:
5426.20
---- correct output:
1465.07
7705.2
2007.69
-- ERROR:
Traceback (most recent call last):
  File "XXXX", line 1, in <module>
    n = int(input("digite um numero"))
        ^^^^^^^^^^^^^^^^^^^^^^^^^^^^^^
ValueError: invalid literal for int() with base 10: '5426.20'
-- TEST CASE 6:
---- input:
12.15
---- correct output:
3.28
17.25
4.5
-- ERROR:
Traceback (most recent call last):
  File "XXXX", line 1, in <module>
    n = int(input("digite um numero"))
        ^^^^^^^^^^^^^^^^^^^^^^^^^^^^^^
ValueError: invalid literal for int() with base 10: '12.15'
*-*-*-*-*-*-*-*-*-*-*-*-*-*-*-*-*-*-*-*-*-*-*-*
== RUN (2025-08-25 15:02:51)
-- CODE: 
n = int(intup("digite o number"))

-- EXECUTION TIME: 
0.0
-- TEST CASE 1:
---- input:
123.14
---- correct output:
33.25
174.86
45.56
-- ERROR:
Traceback (most recent call last):
  File "XXXX", line 1, in <module>
    n = int(intup("digite o number"))
            ^^^^^
NameError: name 'intup' is not defined. Did you mean: 'input'?
-- TEST CASE 2:
---- input:
25.00
---- correct output:
6.75
35.5
9.25
-- ERROR:
Traceback (most recent call last):
  File "XXXX", line 1, in <module>
    n = int(intup("digite o number"))
            ^^^^^
NameError: name 'intup' is not defined. Did you mean: 'input'?
-- TEST CASE 3:
---- input:
325.60
---- correct output:
87.91
462.35
120.47
-- ERROR:
Traceback (most recent call last):
  File "XXXX", line 1, in <module>
    n = int(intup("digite o number"))
            ^^^^^
NameError: name 'intup' is not defined. Did you mean: 'input'?
-- TEST CASE 4:
---- input:
3567.90
---- correct output:
963.33
5066.42
1320.12
-- ERROR:
Traceback (most recent call last):
  File "XXXX", line 1, in <module>
    n = int(intup("digite o number"))
            ^^^^^
NameError: name 'intup' is not defined. Did you mean: 'input'?
-- TEST CASE 5:
---- input:
5426.20
---- correct output:
1465.07
7705.2
2007.69
-- ERROR:
Traceback (most recent call last):
  File "XXXX", line 1, in <module>
    n = int(intup("digite o number"))
            ^^^^^
NameError: name 'intup' is not defined. Did you mean: 'input'?
-- TEST CASE 6:
---- input:
12.15
---- correct output:
3.28
17.25
4.5
-- ERROR:
Traceback (most recent call last):
  File "XXXX", line 1, in <module>
    n = int(intup("digite o number"))
            ^^^^^
NameError: name 'intup' is not defined. Did you mean: 'input'?
*-*-*-*-*-*-*-*-*-*-*-*-*-*-*-*-*-*-*-*-*-*-*-*
== RUN (2025-08-25 15:27:50)
-- CODE: 
n = float(input("digite um numero: "))
print(round(n*(27/100 , 2))
print(round(n+n*(42/100 , 2))
print(round(n-n*63/100 , 2)
-- EXECUTION TIME: 
0.0
-- TEST CASE 1:
---- input:
123.14
---- correct output:
33.25
174.86
45.56
-- ERROR:
File "XXXX", line 2
    print(round(n*(27/100 , 2))
          ^^^^^^^^^^^^^^^^^^^^^
SyntaxError: invalid syntax. Perhaps you forgot a comma?
-- TEST CASE 2:
---- input:
25.00
---- correct output:
6.75
35.5
9.25
-- ERROR:
File "XXXX", line 2
    print(round(n*(27/100 , 2))
          ^^^^^^^^^^^^^^^^^^^^^
SyntaxError: invalid syntax. Perhaps you forgot a comma?
-- TEST CASE 3:
---- input:
325.60
---- correct output:
87.91
462.35
120.47
-- ERROR:
File "XXXX", line 2
    print(round(n*(27/100 , 2))
          ^^^^^^^^^^^^^^^^^^^^^
SyntaxError: invalid syntax. Perhaps you forgot a comma?
-- TEST CASE 4:
---- input:
3567.90
---- correct output:
963.33
5066.42
1320.12
-- ERROR:
File "XXXX", line 2
    print(round(n*(27/100 , 2))
          ^^^^^^^^^^^^^^^^^^^^^
SyntaxError: invalid syntax. Perhaps you forgot a comma?
-- TEST CASE 5:
---- input:
5426.20
---- correct output:
1465.07
7705.2
2007.69
-- ERROR:
File "XXXX", line 2
    print(round(n*(27/100 , 2))
          ^^^^^^^^^^^^^^^^^^^^^
SyntaxError: invalid syntax. Perhaps you forgot a comma?
-- TEST CASE 6:
---- input:
12.15
---- correct output:
3.28
17.25
4.5
-- ERROR:
File "XXXX", line 2
    print(round(n*(27/100 , 2))
          ^^^^^^^^^^^^^^^^^^^^^
SyntaxError: invalid syntax. Perhaps you forgot a comma?
*-*-*-*-*-*-*-*-*-*-*-*-*-*-*-*-*-*-*-*-*-*-*-*
== RUN (2025-08-25 15:02:42)
-- CODE: 
n = int(intup("digite o number"))

-- EXECUTION TIME: 
0.0
-- TEST CASE 1:
---- input:
123.14
---- correct output:
33.25
174.86
45.56
-- ERROR:
Traceback (most recent call last):
  File "XXXX", line 1, in <module>
    n = int(intup("digite o number"))
            ^^^^^
NameError: name 'intup' is not defined. Did you mean: 'input'?
-- TEST CASE 2:
---- input:
25.00
---- correct output:
6.75
35.5
9.25
-- ERROR:
Traceback (most recent call last):
  File "XXXX", line 1, in <module>
    n = int(intup("digite o number"))
            ^^^^^
NameError: name 'intup' is not defined. Did you mean: 'input'?
-- TEST CASE 3:
---- input:
325.60
---- correct output:
87.91
462.35
120.47
-- ERROR:
Traceback (most recent call last):
  File "XXXX", line 1, in <module>
    n = int(intup("digite o number"))
            ^^^^^
NameError: name 'intup' is not defined. Did you mean: 'input'?
-- TEST CASE 4:
---- input:
3567.90
---- correct output:
963.33
5066.42
1320.12
-- ERROR:
Traceback (most recent call last):
  File "XXXX", line 1, in <module>
    n = int(intup("digite o number"))
            ^^^^^
NameError: name 'intup' is not defined. Did you mean: 'input'?
-- TEST CASE 5:
---- input:
5426.20
---- correct output:
1465.07
7705.2
2007.69
-- ERROR:
Traceback (most recent call last):
  File "XXXX", line 1, in <module>
    n = int(intup("digite o number"))
            ^^^^^
NameError: name 'intup' is not defined. Did you mean: 'input'?
-- TEST CASE 6:
---- input:
12.15
---- correct output:
3.28
17.25
4.5
-- ERROR:
Traceback (most recent call last):
  File "XXXX", line 1, in <module>
    n = int(intup("digite o number"))
            ^^^^^
NameError: name 'intup' is not defined. Did you mean: 'input'?
*-*-*-*-*-*-*-*-*-*-*-*-*-*-*-*-*-*-*-*-*-*-*-*
== RUN (2025-08-25 18:53:25)
-- CODE: 
n = float(input("digite um numero:"))
print(round(n*(27/100 , 2))
print(round(n+n*(42/100 , 2))
print(round(n-n*63/100 , 2)
-- EXECUTION TIME: 
0.0
-- TEST CASE 1:
---- input:
123.14
---- correct output:
33.25
174.86
45.56
-- ERROR:
File "XXXX", line 2
    print(round(n*(27/100 , 2))
          ^^^^^^^^^^^^^^^^^^^^^
SyntaxError: invalid syntax. Perhaps you forgot a comma?
-- TEST CASE 2:
---- input:
25.00
---- correct output:
6.75
35.5
9.25
-- ERROR:
File "XXXX", line 2
    print(round(n*(27/100 , 2))
          ^^^^^^^^^^^^^^^^^^^^^
SyntaxError: invalid syntax. Perhaps you forgot a comma?
-- TEST CASE 3:
---- input:
325.60
---- correct output:
87.91
462.35
120.47
-- ERROR:
File "XXXX", line 2
    print(round(n*(27/100 , 2))
          ^^^^^^^^^^^^^^^^^^^^^
SyntaxError: invalid syntax. Perhaps you forgot a comma?
-- TEST CASE 4:
---- input:
3567.90
---- correct output:
963.33
5066.42
1320.12
-- ERROR:
File "XXXX", line 2
    print(round(n*(27/100 , 2))
          ^^^^^^^^^^^^^^^^^^^^^
SyntaxError: invalid syntax. Perhaps you forgot a comma?
-- TEST CASE 5:
---- input:
5426.20
---- correct output:
1465.07
7705.2
2007.69
-- ERROR:
File "XXXX", line 2
    print(round(n*(27/100 , 2))
          ^^^^^^^^^^^^^^^^^^^^^
SyntaxError: invalid syntax. Perhaps you forgot a comma?
-- TEST CASE 6:
---- input:
12.15
---- correct output:
3.28
17.25
4.5
-- ERROR:
File "XXXX", line 2
    print(round(n*(27/100 , 2))
          ^^^^^^^^^^^^^^^^^^^^^
SyntaxError: invalid syntax. Perhaps you forgot a comma?
*-*-*-*-*-*-*-*-*-*-*-*-*-*-*-*-*-*-*-*-*-*-*-*
== RUN (2025-08-25 15:29:29)
-- CODE: 
n = float(input("digite um numero: "))
print(round(n*(27/100 , 2))
print(round(n+n*(42/100 , 2))
print(round(n-n*63/100 , 2)
-- EXECUTION TIME: 
0.0
-- TEST CASE 1:
---- input:
123.14
---- correct output:
33.25
174.86
45.56
-- ERROR:
File "XXXX", line 2
    print(round(n*(27/100 , 2))
          ^^^^^^^^^^^^^^^^^^^^^
SyntaxError: invalid syntax. Perhaps you forgot a comma?
-- TEST CASE 2:
---- input:
25.00
---- correct output:
6.75
35.5
9.25
-- ERROR:
File "XXXX", line 2
    print(round(n*(27/100 , 2))
          ^^^^^^^^^^^^^^^^^^^^^
SyntaxError: invalid syntax. Perhaps you forgot a comma?
-- TEST CASE 3:
---- input:
325.60
---- correct output:
87.91
462.35
120.47
-- ERROR:
File "XXXX", line 2
    print(round(n*(27/100 , 2))
          ^^^^^^^^^^^^^^^^^^^^^
SyntaxError: invalid syntax. Perhaps you forgot a comma?
-- TEST CASE 4:
---- input:
3567.90
---- correct output:
963.33
5066.42
1320.12
-- ERROR:
File "XXXX", line 2
    print(round(n*(27/100 , 2))
          ^^^^^^^^^^^^^^^^^^^^^
SyntaxError: invalid syntax. Perhaps you forgot a comma?
-- TEST CASE 5:
---- input:
5426.20
---- correct output:
1465.07
7705.2
2007.69
-- ERROR:
File "XXXX", line 2
    print(round(n*(27/100 , 2))
          ^^^^^^^^^^^^^^^^^^^^^
SyntaxError: invalid syntax. Perhaps you forgot a comma?
-- TEST CASE 6:
---- input:
12.15
---- correct output:
3.28
17.25
4.5
-- ERROR:
File "XXXX", line 2
    print(round(n*(27/100 , 2))
          ^^^^^^^^^^^^^^^^^^^^^
SyntaxError: invalid syntax. Perhaps you forgot a comma?
*-*-*-*-*-*-*-*-*-*-*-*-*-*-*-*-*-*-*-*-*-*-*-*
== RUN (2025-08-25 15:02:33)
-- CODE: 
n = int(intup("digite o number"))

-- EXECUTION TIME: 
0.0
-- TEST CASE 1:
---- input:
123.14
---- correct output:
33.25
174.86
45.56
-- ERROR:
Traceback (most recent call last):
  File "XXXX", line 1, in <module>
    n = int(intup("digite o number"))
            ^^^^^
NameError: name 'intup' is not defined. Did you mean: 'input'?
-- TEST CASE 2:
---- input:
25.00
---- correct output:
6.75
35.5
9.25
-- ERROR:
Traceback (most recent call last):
  File "XXXX", line 1, in <module>
    n = int(intup("digite o number"))
            ^^^^^
NameError: name 'intup' is not defined. Did you mean: 'input'?
-- TEST CASE 3:
---- input:
325.60
---- correct output:
87.91
462.35
120.47
-- ERROR:
Traceback (most recent call last):
  File "XXXX", line 1, in <module>
    n = int(intup("digite o number"))
            ^^^^^
NameError: name 'intup' is not defined. Did you mean: 'input'?
-- TEST CASE 4:
---- input:
3567.90
---- correct output:
963.33
5066.42
1320.12
-- ERROR:
Traceback (most recent call last):
  File "XXXX", line 1, in <module>
    n = int(intup("digite o number"))
            ^^^^^
NameError: name 'intup' is not defined. Did you mean: 'input'?
-- TEST CASE 5:
---- input:
5426.20
---- correct output:
1465.07
7705.2
2007.69
-- ERROR:
Traceback (most recent call last):
  File "XXXX", line 1, in <module>
    n = int(intup("digite o number"))
            ^^^^^
NameError: name 'intup' is not defined. Did you mean: 'input'?
-- TEST CASE 6:
---- input:
12.15
---- correct output:
3.28
17.25
4.5
-- ERROR:
Traceback (most recent call last):
  File "XXXX", line 1, in <module>
    n = int(intup("digite o number"))
            ^^^^^
NameError: name 'intup' is not defined. Did you mean: 'input'?
*-*-*-*-*-*-*-*-*-*-*-*-*-*-*-*-*-*-*-*-*-*-*-*
== RUN (2025-08-25 15:04:28)
-- CODE: 
n = int(input("digite um numero"))
-- EXECUTION TIME: 
0.0
-- TEST CASE 1:
---- input:
123.14
---- correct output:
33.25
174.86
45.56
-- ERROR:
Traceback (most recent call last):
  File "XXXX", line 1, in <module>
    n = int(input("digite um numero"))
        ^^^^^^^^^^^^^^^^^^^^^^^^^^^^^^
ValueError: invalid literal for int() with base 10: '123.14'
-- TEST CASE 2:
---- input:
25.00
---- correct output:
6.75
35.5
9.25
-- ERROR:
Traceback (most recent call last):
  File "XXXX", line 1, in <module>
    n = int(input("digite um numero"))
        ^^^^^^^^^^^^^^^^^^^^^^^^^^^^^^
ValueError: invalid literal for int() with base 10: '25.00'
-- TEST CASE 3:
---- input:
325.60
---- correct output:
87.91
462.35
120.47
-- ERROR:
Traceback (most recent call last):
  File "XXXX", line 1, in <module>
    n = int(input("digite um numero"))
        ^^^^^^^^^^^^^^^^^^^^^^^^^^^^^^
ValueError: invalid literal for int() with base 10: '325.60'
-- TEST CASE 4:
---- input:
3567.90
---- correct output:
963.33
5066.42
1320.12
-- ERROR:
Traceback (most recent call last):
  File "XXXX", line 1, in <module>
    n = int(input("digite um numero"))
        ^^^^^^^^^^^^^^^^^^^^^^^^^^^^^^
ValueError: invalid literal for int() with base 10: '3567.90'
-- TEST CASE 5:
---- input:
5426.20
---- correct output:
1465.07
7705.2
2007.69
-- ERROR:
Traceback (most recent call last):
  File "XXXX", line 1, in <module>
    n = int(input("digite um numero"))
        ^^^^^^^^^^^^^^^^^^^^^^^^^^^^^^
ValueError: invalid literal for int() with base 10: '5426.20'
-- TEST CASE 6:
---- input:
12.15
---- correct output:
3.28
17.25
4.5
-- ERROR:
Traceback (most recent call last):
  File "XXXX", line 1, in <module>
    n = int(input("digite um numero"))
        ^^^^^^^^^^^^^^^^^^^^^^^^^^^^^^
ValueError: invalid literal for int() with base 10: '12.15'
*-*-*-*-*-*-*-*-*-*-*-*-*-*-*-*-*-*-*-*-*-*-*-*
== RUN (2025-08-25 15:24:57)
-- CODE: 
n = float (input("digite um numero:"))
print(n*(27/100 , 2))
print(n+n*(42/100 , 2))
print(n-n*63/100 , 2)
-- EXECUTION TIME: 
0.0
-- TEST CASE 1:
---- input:
123.14
---- correct output:
33.25
174.86
45.56
-- ERROR:
Traceback (most recent call last):
  File "XXXX", line 2, in <module>
    print(n*(27/100 , 2))
          ~^~~~~~~~~~~~~
TypeError: can't multiply sequence by non-int of type 'float'
-- TEST CASE 2:
---- input:
25.00
---- correct output:
6.75
35.5
9.25
-- ERROR:
Traceback (most recent call last):
  File "XXXX", line 2, in <module>
    print(n*(27/100 , 2))
          ~^~~~~~~~~~~~~
TypeError: can't multiply sequence by non-int of type 'float'
-- TEST CASE 3:
---- input:
325.60
---- correct output:
87.91
462.35
120.47
-- ERROR:
Traceback (most recent call last):
  File "XXXX", line 2, in <module>
    print(n*(27/100 , 2))
          ~^~~~~~~~~~~~~
TypeError: can't multiply sequence by non-int of type 'float'
-- TEST CASE 4:
---- input:
3567.90
---- correct output:
963.33
5066.42
1320.12
-- ERROR:
Traceback (most recent call last):
  File "XXXX", line 2, in <module>
    print(n*(27/100 , 2))
          ~^~~~~~~~~~~~~
TypeError: can't multiply sequence by non-int of type 'float'
-- TEST CASE 5:
---- input:
5426.20
---- correct output:
1465.07
7705.2
2007.69
-- ERROR:
Traceback (most recent call last):
  File "XXXX", line 2, in <module>
    print(n*(27/100 , 2))
          ~^~~~~~~~~~~~~
TypeError: can't multiply sequence by non-int of type 'float'
-- TEST CASE 6:
---- input:
12.15
---- correct output:
3.28
17.25
4.5
-- ERROR:
Traceback (most recent call last):
  File "XXXX", line 2, in <module>
    print(n*(27/100 , 2))
          ~^~~~~~~~~~~~~
TypeError: can't multiply sequence by non-int of type 'float'
*-*-*-*-*-*-*-*-*-*-*-*-*-*-*-*-*-*-*-*-*-*-*-*
== RUN (2025-08-25 18:56:18)
-- CODE: 
n = float(input("digite um numero:"))
print(round(n*(27/100 , 2))
p
print(round(n+n*(42/100,2))
      p
print(round(n-n*63/100 , 2)
-- EXECUTION TIME: 
0.0
-- TEST CASE 1:
---- input:
123.14
---- correct output:
33.25
174.86
45.56
-- ERROR:
File "XXXX", line 2
    print(round(n*(27/100 , 2))
          ^^^^^^^^^^^^^^^^^^^^^
SyntaxError: invalid syntax. Perhaps you forgot a comma?
-- TEST CASE 2:
---- input:
25.00
---- correct output:
6.75
35.5
9.25
-- ERROR:
File "XXXX", line 2
    print(round(n*(27/100 , 2))
          ^^^^^^^^^^^^^^^^^^^^^
SyntaxError: invalid syntax. Perhaps you forgot a comma?
-- TEST CASE 3:
---- input:
325.60
---- correct output:
87.91
462.35
120.47
-- ERROR:
File "XXXX", line 2
    print(round(n*(27/100 , 2))
          ^^^^^^^^^^^^^^^^^^^^^
SyntaxError: invalid syntax. Perhaps you forgot a comma?
-- TEST CASE 4:
---- input:
3567.90
---- correct output:
963.33
5066.42
1320.12
-- ERROR:
File "XXXX", line 2
    print(round(n*(27/100 , 2))
          ^^^^^^^^^^^^^^^^^^^^^
SyntaxError: invalid syntax. Perhaps you forgot a comma?
-- TEST CASE 5:
---- input:
5426.20
---- correct output:
1465.07
7705.2
2007.69
-- ERROR:
File "XXXX", line 2
    print(round(n*(27/100 , 2))
          ^^^^^^^^^^^^^^^^^^^^^
SyntaxError: invalid syntax. Perhaps you forgot a comma?
-- TEST CASE 6:
---- input:
12.15
---- correct output:
3.28
17.25
4.5
-- ERROR:
File "XXXX", line 2
    print(round(n*(27/100 , 2))
          ^^^^^^^^^^^^^^^^^^^^^
SyntaxError: invalid syntax. Perhaps you forgot a comma?
*-*-*-*-*-*-*-*-*-*-*-*-*-*-*-*-*-*-*-*-*-*-*-*
== RUN (2025-08-25 15:02:41)
-- CODE: 
n = int(intup("digite o number"))

-- EXECUTION TIME: 
0.0
-- TEST CASE 1:
---- input:
123.14
---- correct output:
33.25
174.86
45.56
-- ERROR:
Traceback (most recent call last):
  File "XXXX", line 1, in <module>
    n = int(intup("digite o number"))
            ^^^^^
NameError: name 'intup' is not defined. Did you mean: 'input'?
-- TEST CASE 2:
---- input:
25.00
---- correct output:
6.75
35.5
9.25
-- ERROR:
Traceback (most recent call last):
  File "XXXX", line 1, in <module>
    n = int(intup("digite o number"))
            ^^^^^
NameError: name 'intup' is not defined. Did you mean: 'input'?
-- TEST CASE 3:
---- input:
325.60
---- correct output:
87.91
462.35
120.47
-- ERROR:
Traceback (most recent call last):
  File "XXXX", line 1, in <module>
    n = int(intup("digite o number"))
            ^^^^^
NameError: name 'intup' is not defined. Did you mean: 'input'?
-- TEST CASE 4:
---- input:
3567.90
---- correct output:
963.33
5066.42
1320.12
-- ERROR:
Traceback (most recent call last):
  File "XXXX", line 1, in <module>
    n = int(intup("digite o number"))
            ^^^^^
NameError: name 'intup' is not defined. Did you mean: 'input'?
-- TEST CASE 5:
---- input:
5426.20
---- correct output:
1465.07
7705.2
2007.69
-- ERROR:
Traceback (most recent call last):
  File "XXXX", line 1, in <module>
    n = int(intup("digite o number"))
            ^^^^^
NameError: name 'intup' is not defined. Did you mean: 'input'?
-- TEST CASE 6:
---- input:
12.15
---- correct output:
3.28
17.25
4.5
-- ERROR:
Traceback (most recent call last):
  File "XXXX", line 1, in <module>
    n = int(intup("digite o number"))
            ^^^^^
NameError: name 'intup' is not defined. Did you mean: 'input'?
*-*-*-*-*-*-*-*-*-*-*-*-*-*-*-*-*-*-*-*-*-*-*-*
== RUN (2025-08-25 15:04:51)
-- CODE: 
n = int(input("digite um numero"))
-- EXECUTION TIME: 
0.0
-- TEST CASE 1:
---- input:
123.14
---- correct output:
33.25
174.86
45.56
-- ERROR:
Traceback (most recent call last):
  File "XXXX", line 1, in <module>
    n = int(input("digite um numero"))
        ^^^^^^^^^^^^^^^^^^^^^^^^^^^^^^
ValueError: invalid literal for int() with base 10: '123.14'
-- TEST CASE 2:
---- input:
25.00
---- correct output:
6.75
35.5
9.25
-- ERROR:
Traceback (most recent call last):
  File "XXXX", line 1, in <module>
    n = int(input("digite um numero"))
        ^^^^^^^^^^^^^^^^^^^^^^^^^^^^^^
ValueError: invalid literal for int() with base 10: '25.00'
-- TEST CASE 3:
---- input:
325.60
---- correct output:
87.91
462.35
120.47
-- ERROR:
Traceback (most recent call last):
  File "XXXX", line 1, in <module>
    n = int(input("digite um numero"))
        ^^^^^^^^^^^^^^^^^^^^^^^^^^^^^^
ValueError: invalid literal for int() with base 10: '325.60'
-- TEST CASE 4:
---- input:
3567.90
---- correct output:
963.33
5066.42
1320.12
-- ERROR:
Traceback (most recent call last):
  File "XXXX", line 1, in <module>
    n = int(input("digite um numero"))
        ^^^^^^^^^^^^^^^^^^^^^^^^^^^^^^
ValueError: invalid literal for int() with base 10: '3567.90'
-- TEST CASE 5:
---- input:
5426.20
---- correct output:
1465.07
7705.2
2007.69
-- ERROR:
Traceback (most recent call last):
  File "XXXX", line 1, in <module>
    n = int(input("digite um numero"))
        ^^^^^^^^^^^^^^^^^^^^^^^^^^^^^^
ValueError: invalid literal for int() with base 10: '5426.20'
-- TEST CASE 6:
---- input:
12.15
---- correct output:
3.28
17.25
4.5
-- ERROR:
Traceback (most recent call last):
  File "XXXX", line 1, in <module>
    n = int(input("digite um numero"))
        ^^^^^^^^^^^^^^^^^^^^^^^^^^^^^^
ValueError: invalid literal for int() with base 10: '12.15'
*-*-*-*-*-*-*-*-*-*-*-*-*-*-*-*-*-*-*-*-*-*-*-*
== RUN (2025-08-25 15:02:40)
-- CODE: 
n = int(intup("digite o number"))

-- EXECUTION TIME: 
0.0
-- TEST CASE 1:
---- input:
123.14
---- correct output:
33.25
174.86
45.56
-- ERROR:
Traceback (most recent call last):
  File "XXXX", line 1, in <module>
    n = int(intup("digite o number"))
            ^^^^^
NameError: name 'intup' is not defined. Did you mean: 'input'?
-- TEST CASE 2:
---- input:
25.00
---- correct output:
6.75
35.5
9.25
-- ERROR:
Traceback (most recent call last):
  File "XXXX", line 1, in <module>
    n = int(intup("digite o number"))
            ^^^^^
NameError: name 'intup' is not defined. Did you mean: 'input'?
-- TEST CASE 3:
---- input:
325.60
---- correct output:
87.91
462.35
120.47
-- ERROR:
Traceback (most recent call last):
  File "XXXX", line 1, in <module>
    n = int(intup("digite o number"))
            ^^^^^
NameError: name 'intup' is not defined. Did you mean: 'input'?
-- TEST CASE 4:
---- input:
3567.90
---- correct output:
963.33
5066.42
1320.12
-- ERROR:
Traceback (most recent call last):
  File "XXXX", line 1, in <module>
    n = int(intup("digite o number"))
            ^^^^^
NameError: name 'intup' is not defined. Did you mean: 'input'?
-- TEST CASE 5:
---- input:
5426.20
---- correct output:
1465.07
7705.2
2007.69
-- ERROR:
Traceback (most recent call last):
  File "XXXX", line 1, in <module>
    n = int(intup("digite o number"))
            ^^^^^
NameError: name 'intup' is not defined. Did you mean: 'input'?
-- TEST CASE 6:
---- input:
12.15
---- correct output:
3.28
17.25
4.5
-- ERROR:
Traceback (most recent call last):
  File "XXXX", line 1, in <module>
    n = int(intup("digite o number"))
            ^^^^^
NameError: name 'intup' is not defined. Did you mean: 'input'?
*-*-*-*-*-*-*-*-*-*-*-*-*-*-*-*-*-*-*-*-*-*-*-*
== RUN (2025-08-25 15:06:06)
-- CODE: 
n = int(input("digite um numero:"))
print(n+n*(27/100))
-- EXECUTION TIME: 
0.0
-- TEST CASE 1:
---- input:
123.14
---- correct output:
33.25
174.86
45.56
-- ERROR:
Traceback (most recent call last):
  File "XXXX", line 1, in <module>
    n = int(input("digite um numero:"))
        ^^^^^^^^^^^^^^^^^^^^^^^^^^^^^^^
ValueError: invalid literal for int() with base 10: '123.14'
-- TEST CASE 2:
---- input:
25.00
---- correct output:
6.75
35.5
9.25
-- ERROR:
Traceback (most recent call last):
  File "XXXX", line 1, in <module>
    n = int(input("digite um numero:"))
        ^^^^^^^^^^^^^^^^^^^^^^^^^^^^^^^
ValueError: invalid literal for int() with base 10: '25.00'
-- TEST CASE 3:
---- input:
325.60
---- correct output:
87.91
462.35
120.47
-- ERROR:
Traceback (most recent call last):
  File "XXXX", line 1, in <module>
    n = int(input("digite um numero:"))
        ^^^^^^^^^^^^^^^^^^^^^^^^^^^^^^^
ValueError: invalid literal for int() with base 10: '325.60'
-- TEST CASE 4:
---- input:
3567.90
---- correct output:
963.33
5066.42
1320.12
-- ERROR:
Traceback (most recent call last):
  File "XXXX", line 1, in <module>
    n = int(input("digite um numero:"))
        ^^^^^^^^^^^^^^^^^^^^^^^^^^^^^^^
ValueError: invalid literal for int() with base 10: '3567.90'
-- TEST CASE 5:
---- input:
5426.20
---- correct output:
1465.07
7705.2
2007.69
-- ERROR:
Traceback (most recent call last):
  File "XXXX", line 1, in <module>
    n = int(input("digite um numero:"))
        ^^^^^^^^^^^^^^^^^^^^^^^^^^^^^^^
ValueError: invalid literal for int() with base 10: '5426.20'
-- TEST CASE 6:
---- input:
12.15
---- correct output:
3.28
17.25
4.5
-- ERROR:
Traceback (most recent call last):
  File "XXXX", line 1, in <module>
    n = int(input("digite um numero:"))
        ^^^^^^^^^^^^^^^^^^^^^^^^^^^^^^^
ValueError: invalid literal for int() with base 10: '12.15'
*-*-*-*-*-*-*-*-*-*-*-*-*-*-*-*-*-*-*-*-*-*-*-*
== RUN (2025-08-25 15:24:06)
-- CODE: 
n = float(input("digite um numero:"))
print(n*(27/100 , 2))
print(n+n*(42/100 , 2))
print(n-n*63/100 , 2)
-- EXECUTION TIME: 
0.0
-- TEST CASE 1:
---- input:
123.14
---- correct output:
33.25
174.86
45.56
-- ERROR:
Traceback (most recent call last):
  File "XXXX", line 2, in <module>
    print(n*(27/100 , 2))
          ~^~~~~~~~~~~~~
TypeError: can't multiply sequence by non-int of type 'float'
-- TEST CASE 2:
---- input:
25.00
---- correct output:
6.75
35.5
9.25
-- ERROR:
Traceback (most recent call last):
  File "XXXX", line 2, in <module>
    print(n*(27/100 , 2))
          ~^~~~~~~~~~~~~
TypeError: can't multiply sequence by non-int of type 'float'
-- TEST CASE 3:
---- input:
325.60
---- correct output:
87.91
462.35
120.47
-- ERROR:
Traceback (most recent call last):
  File "XXXX", line 2, in <module>
    print(n*(27/100 , 2))
          ~^~~~~~~~~~~~~
TypeError: can't multiply sequence by non-int of type 'float'
-- TEST CASE 4:
---- input:
3567.90
---- correct output:
963.33
5066.42
1320.12
-- ERROR:
Traceback (most recent call last):
  File "XXXX", line 2, in <module>
    print(n*(27/100 , 2))
          ~^~~~~~~~~~~~~
TypeError: can't multiply sequence by non-int of type 'float'
-- TEST CASE 5:
---- input:
5426.20
---- correct output:
1465.07
7705.2
2007.69
-- ERROR:
Traceback (most recent call last):
  File "XXXX", line 2, in <module>
    print(n*(27/100 , 2))
          ~^~~~~~~~~~~~~
TypeError: can't multiply sequence by non-int of type 'float'
-- TEST CASE 6:
---- input:
12.15
---- correct output:
3.28
17.25
4.5
-- ERROR:
Traceback (most recent call last):
  File "XXXX", line 2, in <module>
    print(n*(27/100 , 2))
          ~^~~~~~~~~~~~~
TypeError: can't multiply sequence by non-int of type 'float'
*-*-*-*-*-*-*-*-*-*-*-*-*-*-*-*-*-*-*-*-*-*-*-*
