== RUN (2025-08-20 23:37:10)
-- CODE: 
# Use este codigo como ponto de partida
input = "Gandalf"
# Leitura de valores de entrada
var = "Gandalf"

# Impressao de saidas
print(var(input))
-- EXECUTION TIME: 
0.0
-- TEST CASE 1:
---- input:
Gandalf
---- correct output:
Gandalf
-- ERROR:
Traceback (most recent call last):
  File "XXXX", line 7, in <module>
    print(var(input))
          ^^^^^^^^^^
TypeError: 'str' object is not callable
-- TEST CASE 2:
---- input:
Donald Knuth
---- correct output:
Donald Knuth
-- ERROR:
Traceback (most recent call last):
  File "XXXX", line 7, in <module>
    print(var(input))
          ^^^^^^^^^^
TypeError: 'str' object is not callable
-- TEST CASE 3:
---- input:
Python
---- correct output:
Python
-- ERROR:
Traceback (most recent call last):
  File "XXXX", line 7, in <module>
    print(var(input))
          ^^^^^^^^^^
TypeError: 'str' object is not callable
-- TEST CASE 4:
---- input:
Ada Lovelace
---- correct output:
Ada Lovelace
-- ERROR:
Traceback (most recent call last):
  File "XXXX", line 7, in <module>
    print(var(input))
          ^^^^^^^^^^
TypeError: 'str' object is not callable
-- TEST CASE 5:
---- input:
Teste
---- correct output:
Teste
-- ERROR:
Traceback (most recent call last):
  File "XXXX", line 7, in <module>
    print(var(input))
          ^^^^^^^^^^
TypeError: 'str' object is not callable
*-*-*-*-*-*-*-*-*-*-*-*-*-*-*-*-*-*-*-*-*-*-*-*
== RUN (2025-08-20 23:39:28)
-- CODE: 
# Use este codigo como ponto de partida
input = "Gandalf"
# Leitura de valores de entrada
var = input("Gandalf")

# Impressao de saidas
print(var)
-- EXECUTION TIME: 
0.0
-- TEST CASE 1:
---- input:
Gandalf
---- correct output:
Gandalf
-- ERROR:
Traceback (most recent call last):
  File "XXXX", line 4, in <module>
    var = input("Gandalf")
          ^^^^^^^^^^^^^^^^
TypeError: 'str' object is not callable
-- TEST CASE 2:
---- input:
Donald Knuth
---- correct output:
Donald Knuth
-- ERROR:
Traceback (most recent call last):
  File "XXXX", line 4, in <module>
    var = input("Gandalf")
          ^^^^^^^^^^^^^^^^
TypeError: 'str' object is not callable
-- TEST CASE 3:
---- input:
Python
---- correct output:
Python
-- ERROR:
Traceback (most recent call last):
  File "XXXX", line 4, in <module>
    var = input("Gandalf")
          ^^^^^^^^^^^^^^^^
TypeError: 'str' object is not callable
-- TEST CASE 4:
---- input:
Ada Lovelace
---- correct output:
Ada Lovelace
-- ERROR:
Traceback (most recent call last):
  File "XXXX", line 4, in <module>
    var = input("Gandalf")
          ^^^^^^^^^^^^^^^^
TypeError: 'str' object is not callable
-- TEST CASE 5:
---- input:
Teste
---- correct output:
Teste
-- ERROR:
Traceback (most recent call last):
  File "XXXX", line 4, in <module>
    var = input("Gandalf")
          ^^^^^^^^^^^^^^^^
TypeError: 'str' object is not callable
*-*-*-*-*-*-*-*-*-*-*-*-*-*-*-*-*-*-*-*-*-*-*-*
== RUN (2025-08-20 23:39:05)
-- CODE: 
# Use este codigo como ponto de partida
input = "Gandalf"
# Leitura de valores de entrada
var = input("Gandalf")

# Impressao de saidas
print(var)
-- EXECUTION TIME: 
0.0
-- TEST CASE 1:
---- input:
Gandalf
---- correct output:
Gandalf
-- ERROR:
Traceback (most recent call last):
  File "XXXX", line 4, in <module>
    var = input("Gandalf")
          ^^^^^^^^^^^^^^^^
TypeError: 'str' object is not callable
-- TEST CASE 2:
---- input:
Donald Knuth
---- correct output:
Donald Knuth
-- ERROR:
Traceback (most recent call last):
  File "XXXX", line 4, in <module>
    var = input("Gandalf")
          ^^^^^^^^^^^^^^^^
TypeError: 'str' object is not callable
-- TEST CASE 3:
---- input:
Python
---- correct output:
Python
-- ERROR:
Traceback (most recent call last):
  File "XXXX", line 4, in <module>
    var = input("Gandalf")
          ^^^^^^^^^^^^^^^^
TypeError: 'str' object is not callable
-- TEST CASE 4:
---- input:
Ada Lovelace
---- correct output:
Ada Lovelace
-- ERROR:
Traceback (most recent call last):
  File "XXXX", line 4, in <module>
    var = input("Gandalf")
          ^^^^^^^^^^^^^^^^
TypeError: 'str' object is not callable
-- TEST CASE 5:
---- input:
Teste
---- correct output:
Teste
-- ERROR:
Traceback (most recent call last):
  File "XXXX", line 4, in <module>
    var = input("Gandalf")
          ^^^^^^^^^^^^^^^^
TypeError: 'str' object is not callable
*-*-*-*-*-*-*-*-*-*-*-*-*-*-*-*-*-*-*-*-*-*-*-*
== RUN (2025-08-20 23:37:16)
-- CODE: 
# Use este codigo como ponto de partida
input = "Gandalf"
# Leitura de valores de entrada
var = "Gandalf"

# Impressao de saidas
print(var())
-- EXECUTION TIME: 
0.0
-- TEST CASE 1:
---- input:
Gandalf
---- correct output:
Gandalf
-- ERROR:
Traceback (most recent call last):
  File "XXXX", line 7, in <module>
    print(var())
          ^^^^^
TypeError: 'str' object is not callable
-- TEST CASE 2:
---- input:
Donald Knuth
---- correct output:
Donald Knuth
-- ERROR:
Traceback (most recent call last):
  File "XXXX", line 7, in <module>
    print(var())
          ^^^^^
TypeError: 'str' object is not callable
-- TEST CASE 3:
---- input:
Python
---- correct output:
Python
-- ERROR:
Traceback (most recent call last):
  File "XXXX", line 7, in <module>
    print(var())
          ^^^^^
TypeError: 'str' object is not callable
-- TEST CASE 4:
---- input:
Ada Lovelace
---- correct output:
Ada Lovelace
-- ERROR:
Traceback (most recent call last):
  File "XXXX", line 7, in <module>
    print(var())
          ^^^^^
TypeError: 'str' object is not callable
-- TEST CASE 5:
---- input:
Teste
---- correct output:
Teste
-- ERROR:
Traceback (most recent call last):
  File "XXXX", line 7, in <module>
    print(var())
          ^^^^^
TypeError: 'str' object is not callable
*-*-*-*-*-*-*-*-*-*-*-*-*-*-*-*-*-*-*-*-*-*-*-*
== RUN (2025-08-20 23:24:07)
-- CODE: 
# Use este codigo como ponto de partida
Gandalf = input()
# Leitura de valores de entrada
var = Gandalf

# Impressao de saidas
print(nome)
-- EXECUTION TIME: 
0.0
-- TEST CASE 1:
---- input:
Gandalf
---- correct output:
Gandalf
-- ERROR:
Traceback (most recent call last):
  File "XXXX", line 7, in <module>
    print(nome)
          ^^^^
NameError: name 'nome' is not defined. Did you mean: 'None'?
-- TEST CASE 2:
---- input:
Donald Knuth
---- correct output:
Donald Knuth
-- ERROR:
Traceback (most recent call last):
  File "XXXX", line 7, in <module>
    print(nome)
          ^^^^
NameError: name 'nome' is not defined. Did you mean: 'None'?
-- TEST CASE 3:
---- input:
Python
---- correct output:
Python
-- ERROR:
Traceback (most recent call last):
  File "XXXX", line 7, in <module>
    print(nome)
          ^^^^
NameError: name 'nome' is not defined. Did you mean: 'None'?
-- TEST CASE 4:
---- input:
Ada Lovelace
---- correct output:
Ada Lovelace
-- ERROR:
Traceback (most recent call last):
  File "XXXX", line 7, in <module>
    print(nome)
          ^^^^
NameError: name 'nome' is not defined. Did you mean: 'None'?
-- TEST CASE 5:
---- input:
Teste
---- correct output:
Teste
-- ERROR:
Traceback (most recent call last):
  File "XXXX", line 7, in <module>
    print(nome)
          ^^^^
NameError: name 'nome' is not defined. Did you mean: 'None'?
*-*-*-*-*-*-*-*-*-*-*-*-*-*-*-*-*-*-*-*-*-*-*-*
== RUN (2025-08-20 23:35:01)
-- CODE: 
# Use este codigo como ponto de partida
nome = Gandalf
# Leitura de valores de entrada
var = nome

# Impressao de saidas
print(var)
-- EXECUTION TIME: 
0.0
-- TEST CASE 1:
---- input:
Gandalf
---- correct output:
Gandalf
-- ERROR:
Traceback (most recent call last):
  File "XXXX", line 2, in <module>
    nome = Gandalf
           ^^^^^^^
NameError: name 'Gandalf' is not defined
-- TEST CASE 2:
---- input:
Donald Knuth
---- correct output:
Donald Knuth
-- ERROR:
Traceback (most recent call last):
  File "XXXX", line 2, in <module>
    nome = Gandalf
           ^^^^^^^
NameError: name 'Gandalf' is not defined
-- TEST CASE 3:
---- input:
Python
---- correct output:
Python
-- ERROR:
Traceback (most recent call last):
  File "XXXX", line 2, in <module>
    nome = Gandalf
           ^^^^^^^
NameError: name 'Gandalf' is not defined
-- TEST CASE 4:
---- input:
Ada Lovelace
---- correct output:
Ada Lovelace
-- ERROR:
Traceback (most recent call last):
  File "XXXX", line 2, in <module>
    nome = Gandalf
           ^^^^^^^
NameError: name 'Gandalf' is not defined
-- TEST CASE 5:
---- input:
Teste
---- correct output:
Teste
-- ERROR:
Traceback (most recent call last):
  File "XXXX", line 2, in <module>
    nome = Gandalf
           ^^^^^^^
NameError: name 'Gandalf' is not defined
*-*-*-*-*-*-*-*-*-*-*-*-*-*-*-*-*-*-*-*-*-*-*-*
== RUN (2025-08-20 23:34:28)
-- CODE: 
# Use este codigo como ponto de partida
input = Gandalf
# Leitura de valores de entrada
var = input

# Impressao de saidas
print(vars)
-- EXECUTION TIME: 
0.0
-- TEST CASE 1:
---- input:
Gandalf
---- correct output:
Gandalf
-- ERROR:
Traceback (most recent call last):
  File "XXXX", line 2, in <module>
    input = Gandalf
            ^^^^^^^
NameError: name 'Gandalf' is not defined
-- TEST CASE 2:
---- input:
Donald Knuth
---- correct output:
Donald Knuth
-- ERROR:
Traceback (most recent call last):
  File "XXXX", line 2, in <module>
    input = Gandalf
            ^^^^^^^
NameError: name 'Gandalf' is not defined
-- TEST CASE 3:
---- input:
Python
---- correct output:
Python
-- ERROR:
Traceback (most recent call last):
  File "XXXX", line 2, in <module>
    input = Gandalf
            ^^^^^^^
NameError: name 'Gandalf' is not defined
-- TEST CASE 4:
---- input:
Ada Lovelace
---- correct output:
Ada Lovelace
-- ERROR:
Traceback (most recent call last):
  File "XXXX", line 2, in <module>
    input = Gandalf
            ^^^^^^^
NameError: name 'Gandalf' is not defined
-- TEST CASE 5:
---- input:
Teste
---- correct output:
Teste
-- ERROR:
Traceback (most recent call last):
  File "XXXX", line 2, in <module>
    input = Gandalf
            ^^^^^^^
NameError: name 'Gandalf' is not defined
*-*-*-*-*-*-*-*-*-*-*-*-*-*-*-*-*-*-*-*-*-*-*-*
== RUN (2025-08-20 23:34:33)
-- CODE: 
# Use este codigo como ponto de partida
input = Gandalf
# Leitura de valores de entrada
var = input

# Impressao de saidas
print(var)
-- EXECUTION TIME: 
0.0
-- TEST CASE 1:
---- input:
Gandalf
---- correct output:
Gandalf
-- ERROR:
Traceback (most recent call last):
  File "XXXX", line 2, in <module>
    input = Gandalf
            ^^^^^^^
NameError: name 'Gandalf' is not defined
-- TEST CASE 2:
---- input:
Donald Knuth
---- correct output:
Donald Knuth
-- ERROR:
Traceback (most recent call last):
  File "XXXX", line 2, in <module>
    input = Gandalf
            ^^^^^^^
NameError: name 'Gandalf' is not defined
-- TEST CASE 3:
---- input:
Python
---- correct output:
Python
-- ERROR:
Traceback (most recent call last):
  File "XXXX", line 2, in <module>
    input = Gandalf
            ^^^^^^^
NameError: name 'Gandalf' is not defined
-- TEST CASE 4:
---- input:
Ada Lovelace
---- correct output:
Ada Lovelace
-- ERROR:
Traceback (most recent call last):
  File "XXXX", line 2, in <module>
    input = Gandalf
            ^^^^^^^
NameError: name 'Gandalf' is not defined
-- TEST CASE 5:
---- input:
Teste
---- correct output:
Teste
-- ERROR:
Traceback (most recent call last):
  File "XXXX", line 2, in <module>
    input = Gandalf
            ^^^^^^^
NameError: name 'Gandalf' is not defined
*-*-*-*-*-*-*-*-*-*-*-*-*-*-*-*-*-*-*-*-*-*-*-*
== RUN (2025-08-20 23:36:07)
-- CODE: 
# Use este codigo como ponto de partida

# Leitura de valores de entrada
var = "Gandalf"

# Impressao de saidas
print(var)
-- EXECUTION TIME: 
0.0
-- TEST CASE 1:
---- input:
Gandalf
---- correct output:
Gandalf
---- user output:
Gandalf
-- TEST CASE 2:
---- input:
Donald Knuth
---- correct output:
Donald Knuth
---- user output:
Gandalf
-- TEST CASE 3:
---- input:
Python
---- correct output:
Python
---- user output:
Gandalf
-- TEST CASE 4:
---- input:
Ada Lovelace
---- correct output:
Ada Lovelace
---- user output:
Gandalf
-- TEST CASE 5:
---- input:
Teste
---- correct output:
Teste
---- user output:
Gandalf
*-*-*-*-*-*-*-*-*-*-*-*-*-*-*-*-*-*-*-*-*-*-*-*
== RUN (2025-08-20 23:30:59)
-- CODE: 
# Use este codigo como ponto de partida

# Leitura de valores de entrada
input = Gandalf

# Impressao de saidas
print(input)
-- EXECUTION TIME: 
0.0
-- TEST CASE 1:
---- input:
Gandalf
---- correct output:
Gandalf
-- ERROR:
Traceback (most recent call last):
  File "XXXX", line 4, in <module>
    input = Gandalf
            ^^^^^^^
NameError: name 'Gandalf' is not defined
-- TEST CASE 2:
---- input:
Donald Knuth
---- correct output:
Donald Knuth
-- ERROR:
Traceback (most recent call last):
  File "XXXX", line 4, in <module>
    input = Gandalf
            ^^^^^^^
NameError: name 'Gandalf' is not defined
-- TEST CASE 3:
---- input:
Python
---- correct output:
Python
-- ERROR:
Traceback (most recent call last):
  File "XXXX", line 4, in <module>
    input = Gandalf
            ^^^^^^^
NameError: name 'Gandalf' is not defined
-- TEST CASE 4:
---- input:
Ada Lovelace
---- correct output:
Ada Lovelace
-- ERROR:
Traceback (most recent call last):
  File "XXXX", line 4, in <module>
    input = Gandalf
            ^^^^^^^
NameError: name 'Gandalf' is not defined
-- TEST CASE 5:
---- input:
Teste
---- correct output:
Teste
-- ERROR:
Traceback (most recent call last):
  File "XXXX", line 4, in <module>
    input = Gandalf
            ^^^^^^^
NameError: name 'Gandalf' is not defined
*-*-*-*-*-*-*-*-*-*-*-*-*-*-*-*-*-*-*-*-*-*-*-*
== RUN (2025-08-20 23:28:02)
-- CODE: 
# Use este codigo como ponto de partida
var = Gandalf
# Leitura de valores de entrada
var = input()

# Impressao de saidas
print(var)
-- EXECUTION TIME: 
0.0
-- TEST CASE 1:
---- input:
Gandalf
---- correct output:
Gandalf
-- ERROR:
Traceback (most recent call last):
  File "XXXX", line 2, in <module>
    var = Gandalf
          ^^^^^^^
NameError: name 'Gandalf' is not defined
-- TEST CASE 2:
---- input:
Donald Knuth
---- correct output:
Donald Knuth
-- ERROR:
Traceback (most recent call last):
  File "XXXX", line 2, in <module>
    var = Gandalf
          ^^^^^^^
NameError: name 'Gandalf' is not defined
-- TEST CASE 3:
---- input:
Python
---- correct output:
Python
-- ERROR:
Traceback (most recent call last):
  File "XXXX", line 2, in <module>
    var = Gandalf
          ^^^^^^^
NameError: name 'Gandalf' is not defined
-- TEST CASE 4:
---- input:
Ada Lovelace
---- correct output:
Ada Lovelace
-- ERROR:
Traceback (most recent call last):
  File "XXXX", line 2, in <module>
    var = Gandalf
          ^^^^^^^
NameError: name 'Gandalf' is not defined
-- TEST CASE 5:
---- input:
Teste
---- correct output:
Teste
-- ERROR:
Traceback (most recent call last):
  File "XXXX", line 2, in <module>
    var = Gandalf
          ^^^^^^^
NameError: name 'Gandalf' is not defined
*-*-*-*-*-*-*-*-*-*-*-*-*-*-*-*-*-*-*-*-*-*-*-*
== RUN (2025-08-20 23:36:10)
-- CODE: 
# Use este codigo como ponto de partida

# Leitura de valores de entrada
var = "Gandalf"

# Impressao de saidas
print(var)
-- EXECUTION TIME: 
0.0
-- TEST CASE 1:
---- input:
Gandalf
---- correct output:
Gandalf
---- user output:
Gandalf
-- TEST CASE 2:
---- input:
Donald Knuth
---- correct output:
Donald Knuth
---- user output:
Gandalf
-- TEST CASE 3:
---- input:
Python
---- correct output:
Python
---- user output:
Gandalf
-- TEST CASE 4:
---- input:
Ada Lovelace
---- correct output:
Ada Lovelace
---- user output:
Gandalf
-- TEST CASE 5:
---- input:
Teste
---- correct output:
Teste
---- user output:
Gandalf
*-*-*-*-*-*-*-*-*-*-*-*-*-*-*-*-*-*-*-*-*-*-*-*
== RUN (2025-08-20 23:38:28)
-- CODE: 
# Use este codigo como ponto de partida
input = "Gandalf"
# Leitura de valores de entrada
var = input

# Impressao de saidas
print(var)
-- EXECUTION TIME: 
0.0
-- TEST CASE 1:
---- input:
Gandalf
---- correct output:
Gandalf
---- user output:
Gandalf
-- TEST CASE 2:
---- input:
Donald Knuth
---- correct output:
Donald Knuth
---- user output:
Gandalf
-- TEST CASE 3:
---- input:
Python
---- correct output:
Python
---- user output:
Gandalf
-- TEST CASE 4:
---- input:
Ada Lovelace
---- correct output:
Ada Lovelace
---- user output:
Gandalf
-- TEST CASE 5:
---- input:
Teste
---- correct output:
Teste
---- user output:
Gandalf
*-*-*-*-*-*-*-*-*-*-*-*-*-*-*-*-*-*-*-*-*-*-*-*
== RUN (2025-08-20 23:28:33)
-- CODE: 
# Use este codigo como ponto de partida

# Leitura de valores de entrada
var = Gandalf

# Impressao de saidas
print(nome)
-- EXECUTION TIME: 
0.0
-- TEST CASE 1:
---- input:
Gandalf
---- correct output:
Gandalf
-- ERROR:
Traceback (most recent call last):
  File "XXXX", line 4, in <module>
    var = Gandalf
          ^^^^^^^
NameError: name 'Gandalf' is not defined
-- TEST CASE 2:
---- input:
Donald Knuth
---- correct output:
Donald Knuth
-- ERROR:
Traceback (most recent call last):
  File "XXXX", line 4, in <module>
    var = Gandalf
          ^^^^^^^
NameError: name 'Gandalf' is not defined
-- TEST CASE 3:
---- input:
Python
---- correct output:
Python
-- ERROR:
Traceback (most recent call last):
  File "XXXX", line 4, in <module>
    var = Gandalf
          ^^^^^^^
NameError: name 'Gandalf' is not defined
-- TEST CASE 4:
---- input:
Ada Lovelace
---- correct output:
Ada Lovelace
-- ERROR:
Traceback (most recent call last):
  File "XXXX", line 4, in <module>
    var = Gandalf
          ^^^^^^^
NameError: name 'Gandalf' is not defined
-- TEST CASE 5:
---- input:
Teste
---- correct output:
Teste
-- ERROR:
Traceback (most recent call last):
  File "XXXX", line 4, in <module>
    var = Gandalf
          ^^^^^^^
NameError: name 'Gandalf' is not defined
*-*-*-*-*-*-*-*-*-*-*-*-*-*-*-*-*-*-*-*-*-*-*-*
== RUN (2025-08-20 23:25:10)
-- CODE: 
# Use este codigo como ponto de partida

# Leitura de valores de entrada
var = Gandalf = input()

# Impressao de saidas
print(nome)
-- EXECUTION TIME: 
0.0
-- TEST CASE 1:
---- input:
Gandalf
---- correct output:
Gandalf
-- ERROR:
Traceback (most recent call last):
  File "XXXX", line 7, in <module>
    print(nome)
          ^^^^
NameError: name 'nome' is not defined. Did you mean: 'None'?
-- TEST CASE 2:
---- input:
Donald Knuth
---- correct output:
Donald Knuth
-- ERROR:
Traceback (most recent call last):
  File "XXXX", line 7, in <module>
    print(nome)
          ^^^^
NameError: name 'nome' is not defined. Did you mean: 'None'?
-- TEST CASE 3:
---- input:
Python
---- correct output:
Python
-- ERROR:
Traceback (most recent call last):
  File "XXXX", line 7, in <module>
    print(nome)
          ^^^^
NameError: name 'nome' is not defined. Did you mean: 'None'?
-- TEST CASE 4:
---- input:
Ada Lovelace
---- correct output:
Ada Lovelace
-- ERROR:
Traceback (most recent call last):
  File "XXXX", line 7, in <module>
    print(nome)
          ^^^^
NameError: name 'nome' is not defined. Did you mean: 'None'?
-- TEST CASE 5:
---- input:
Teste
---- correct output:
Teste
-- ERROR:
Traceback (most recent call last):
  File "XXXX", line 7, in <module>
    print(nome)
          ^^^^
NameError: name 'nome' is not defined. Did you mean: 'None'?
*-*-*-*-*-*-*-*-*-*-*-*-*-*-*-*-*-*-*-*-*-*-*-*
== RUN (2025-08-20 23:34:52)
-- CODE: 
# Use este codigo como ponto de partida
nome = Gandalf
# Leitura de valores de entrada
var = input

# Impressao de saidas
print(var)
-- EXECUTION TIME: 
0.0
-- TEST CASE 1:
---- input:
Gandalf
---- correct output:
Gandalf
-- ERROR:
Traceback (most recent call last):
  File "XXXX", line 2, in <module>
    nome = Gandalf
           ^^^^^^^
NameError: name 'Gandalf' is not defined
-- TEST CASE 2:
---- input:
Donald Knuth
---- correct output:
Donald Knuth
-- ERROR:
Traceback (most recent call last):
  File "XXXX", line 2, in <module>
    nome = Gandalf
           ^^^^^^^
NameError: name 'Gandalf' is not defined
-- TEST CASE 3:
---- input:
Python
---- correct output:
Python
-- ERROR:
Traceback (most recent call last):
  File "XXXX", line 2, in <module>
    nome = Gandalf
           ^^^^^^^
NameError: name 'Gandalf' is not defined
-- TEST CASE 4:
---- input:
Ada Lovelace
---- correct output:
Ada Lovelace
-- ERROR:
Traceback (most recent call last):
  File "XXXX", line 2, in <module>
    nome = Gandalf
           ^^^^^^^
NameError: name 'Gandalf' is not defined
-- TEST CASE 5:
---- input:
Teste
---- correct output:
Teste
-- ERROR:
Traceback (most recent call last):
  File "XXXX", line 2, in <module>
    nome = Gandalf
           ^^^^^^^
NameError: name 'Gandalf' is not defined
*-*-*-*-*-*-*-*-*-*-*-*-*-*-*-*-*-*-*-*-*-*-*-*
== RUN (2025-08-20 23:22:20)
-- CODE: 
#nome:leitura 
Gandalf = input
# Leitura de valores de entrada
var = 

# Impressao de saidas
print(nome)
-- EXECUTION TIME: 
0.0
-- TEST CASE 1:
---- input:
Gandalf
---- correct output:
Gandalf
-- ERROR:
File "XXXX", line 4
    var = 
          ^
SyntaxError: invalid syntax
-- TEST CASE 2:
---- input:
Donald Knuth
---- correct output:
Donald Knuth
-- ERROR:
File "XXXX", line 4
    var = 
          ^
SyntaxError: invalid syntax
-- TEST CASE 3:
---- input:
Python
---- correct output:
Python
-- ERROR:
File "XXXX", line 4
    var = 
          ^
SyntaxError: invalid syntax
-- TEST CASE 4:
---- input:
Ada Lovelace
---- correct output:
Ada Lovelace
-- ERROR:
File "XXXX", line 4
    var = 
          ^
SyntaxError: invalid syntax
-- TEST CASE 5:
---- input:
Teste
---- correct output:
Teste
-- ERROR:
File "XXXX", line 4
    var = 
          ^
SyntaxError: invalid syntax
*-*-*-*-*-*-*-*-*-*-*-*-*-*-*-*-*-*-*-*-*-*-*-*
== RUN (2025-08-20 23:36:58)
-- CODE: 
# Use este codigo como ponto de partida
input = "Gandalf"
# Leitura de valores de entrada
var = "Gandalf"

# Impressao de saidas
print(var)
-- EXECUTION TIME: 
0.0
-- TEST CASE 1:
---- input:
Gandalf
---- correct output:
Gandalf
---- user output:
Gandalf
-- TEST CASE 2:
---- input:
Donald Knuth
---- correct output:
Donald Knuth
---- user output:
Gandalf
-- TEST CASE 3:
---- input:
Python
---- correct output:
Python
---- user output:
Gandalf
-- TEST CASE 4:
---- input:
Ada Lovelace
---- correct output:
Ada Lovelace
---- user output:
Gandalf
-- TEST CASE 5:
---- input:
Teste
---- correct output:
Teste
---- user output:
Gandalf
*-*-*-*-*-*-*-*-*-*-*-*-*-*-*-*-*-*-*-*-*-*-*-*
== RUN (2025-08-20 23:27:36)
-- CODE: 
# Use este codigo como ponto de partida

# Leitura de valores de entrada
var = input()

# Impressao de saidas
print(var)
-- EXECUTION TIME: 
0.0
-- TEST CASE 1:
---- input:
Gandalf
---- correct output:
Gandalf
---- user output:
Gandalf
-- TEST CASE 2:
---- input:
Donald Knuth
---- correct output:
Donald Knuth
---- user output:
Donald Knuth
-- TEST CASE 3:
---- input:
Python
---- correct output:
Python
---- user output:
Python
-- TEST CASE 4:
---- input:
Ada Lovelace
---- correct output:
Ada Lovelace
---- user output:
Ada Lovelace
-- TEST CASE 5:
---- input:
Teste
---- correct output:
Teste
---- user output:
Teste
*-*-*-*-*-*-*-*-*-*-*-*-*-*-*-*-*-*-*-*-*-*-*-*
== RUN (2025-08-20 23:37:21)
-- CODE: 
# Use este codigo como ponto de partida
input = "Gandalf"
# Leitura de valores de entrada
var = "Gandalf"

# Impressao de saidas
print(var)
-- EXECUTION TIME: 
0.0
-- TEST CASE 1:
---- input:
Gandalf
---- correct output:
Gandalf
---- user output:
Gandalf
-- TEST CASE 2:
---- input:
Donald Knuth
---- correct output:
Donald Knuth
---- user output:
Gandalf
-- TEST CASE 3:
---- input:
Python
---- correct output:
Python
---- user output:
Gandalf
-- TEST CASE 4:
---- input:
Ada Lovelace
---- correct output:
Ada Lovelace
---- user output:
Gandalf
-- TEST CASE 5:
---- input:
Teste
---- correct output:
Teste
---- user output:
Gandalf
*-*-*-*-*-*-*-*-*-*-*-*-*-*-*-*-*-*-*-*-*-*-*-*
== SUBMISSION (2025-08-20 23:40:22)
-- CODE: 
# Use este codigo como ponto de partida

# Leitura de valores de entrada
var = input("Gandalf")

# Impressao de saidas
print(var)
-- EXECUTION TIME: 
0.01
-- TEST CASE 1:
---- input:
Gandalf
---- correct output:
Gandalf
---- user output:
GandalfGandalf
-- TEST CASE 2:
---- input:
Donald Knuth
---- correct output:
Donald Knuth
---- user output:
GandalfDonald Knuth
-- TEST CASE 3:
---- input:
Python
---- correct output:
Python
---- user output:
GandalfPython
-- TEST CASE 4:
---- input:
Ada Lovelace
---- correct output:
Ada Lovelace
---- user output:
GandalfAda Lovelace
-- TEST CASE 5:
---- input:
Teste
---- correct output:
Teste
---- user output:
GandalfTeste
-- GRADE:
100%
*-*-*-*-*-*-*-*-*-*-*-*-*-*-*-*-*-*-*-*-*-*-*-*
== SUBMISSION (2025-08-20 23:36:12)
-- CODE: 
# Use este codigo como ponto de partida

# Leitura de valores de entrada
var = "Gandalf"

# Impressao de saidas
print(var)
-- EXECUTION TIME: 
0.01
-- TEST CASE 1:
---- input:
Gandalf
---- correct output:
Gandalf
---- user output:
Gandalf
-- TEST CASE 2:
---- input:
Donald Knuth
---- correct output:
Donald Knuth
---- user output:
Gandalf
-- TEST CASE 3:
---- input:
Python
---- correct output:
Python
---- user output:
Gandalf
-- TEST CASE 4:
---- input:
Ada Lovelace
---- correct output:
Ada Lovelace
---- user output:
Gandalf
-- TEST CASE 5:
---- input:
Teste
---- correct output:
Teste
---- user output:
Gandalf
-- GRADE:
0%
*-*-*-*-*-*-*-*-*-*-*-*-*-*-*-*-*-*-*-*-*-*-*-*
== RUN (2025-08-20 23:28:26)
-- CODE: 
# Use este codigo como ponto de partida

# Leitura de valores de entrada
var = Gandalf

# Impressao de saidas
print(var)
-- EXECUTION TIME: 
0.0
-- TEST CASE 1:
---- input:
Gandalf
---- correct output:
Gandalf
-- ERROR:
Traceback (most recent call last):
  File "XXXX", line 4, in <module>
    var = Gandalf
          ^^^^^^^
NameError: name 'Gandalf' is not defined
-- TEST CASE 2:
---- input:
Donald Knuth
---- correct output:
Donald Knuth
-- ERROR:
Traceback (most recent call last):
  File "XXXX", line 4, in <module>
    var = Gandalf
          ^^^^^^^
NameError: name 'Gandalf' is not defined
-- TEST CASE 3:
---- input:
Python
---- correct output:
Python
-- ERROR:
Traceback (most recent call last):
  File "XXXX", line 4, in <module>
    var = Gandalf
          ^^^^^^^
NameError: name 'Gandalf' is not defined
-- TEST CASE 4:
---- input:
Ada Lovelace
---- correct output:
Ada Lovelace
-- ERROR:
Traceback (most recent call last):
  File "XXXX", line 4, in <module>
    var = Gandalf
          ^^^^^^^
NameError: name 'Gandalf' is not defined
-- TEST CASE 5:
---- input:
Teste
---- correct output:
Teste
-- ERROR:
Traceback (most recent call last):
  File "XXXX", line 4, in <module>
    var = Gandalf
          ^^^^^^^
NameError: name 'Gandalf' is not defined
*-*-*-*-*-*-*-*-*-*-*-*-*-*-*-*-*-*-*-*-*-*-*-*
== RUN (2025-08-20 23:40:19)
-- CODE: 
# Use este codigo como ponto de partida

# Leitura de valores de entrada
var = input("Gandalf")

# Impressao de saidas
print(var)
-- EXECUTION TIME: 
0.0
-- TEST CASE 1:
---- input:
Gandalf
---- correct output:
Gandalf
---- user output:
GandalfGandalf
-- TEST CASE 2:
---- input:
Donald Knuth
---- correct output:
Donald Knuth
---- user output:
GandalfDonald Knuth
-- TEST CASE 3:
---- input:
Python
---- correct output:
Python
---- user output:
GandalfPython
-- TEST CASE 4:
---- input:
Ada Lovelace
---- correct output:
Ada Lovelace
---- user output:
GandalfAda Lovelace
-- TEST CASE 5:
---- input:
Teste
---- correct output:
Teste
---- user output:
GandalfTeste
*-*-*-*-*-*-*-*-*-*-*-*-*-*-*-*-*-*-*-*-*-*-*-*
== RUN (2025-08-20 23:35:27)
-- CODE: 
# Use este codigo como ponto de partida
nome = "Gandalf"
# Leitura de valores de entrada
var = nome

# Impressao de saidas
print(var)
-- EXECUTION TIME: 
0.0
-- TEST CASE 1:
---- input:
Gandalf
---- correct output:
Gandalf
---- user output:
Gandalf
-- TEST CASE 2:
---- input:
Donald Knuth
---- correct output:
Donald Knuth
---- user output:
Gandalf
-- TEST CASE 3:
---- input:
Python
---- correct output:
Python
---- user output:
Gandalf
-- TEST CASE 4:
---- input:
Ada Lovelace
---- correct output:
Ada Lovelace
---- user output:
Gandalf
-- TEST CASE 5:
---- input:
Teste
---- correct output:
Teste
---- user output:
Gandalf
*-*-*-*-*-*-*-*-*-*-*-*-*-*-*-*-*-*-*-*-*-*-*-*
== SUBMISSION (2025-08-20 23:35:33)
-- CODE: 
# Use este codigo como ponto de partida
nome = "Gandalf"
# Leitura de valores de entrada
var = nome

# Impressao de saidas
print(var)
-- EXECUTION TIME: 
0.01
-- TEST CASE 1:
---- input:
Gandalf
---- correct output:
Gandalf
---- user output:
Gandalf
-- TEST CASE 2:
---- input:
Donald Knuth
---- correct output:
Donald Knuth
---- user output:
Gandalf
-- TEST CASE 3:
---- input:
Python
---- correct output:
Python
---- user output:
Gandalf
-- TEST CASE 4:
---- input:
Ada Lovelace
---- correct output:
Ada Lovelace
---- user output:
Gandalf
-- TEST CASE 5:
---- input:
Teste
---- correct output:
Teste
---- user output:
Gandalf
-- GRADE:
0%
*-*-*-*-*-*-*-*-*-*-*-*-*-*-*-*-*-*-*-*-*-*-*-*
== RUN (2025-08-20 23:29:26)
-- CODE: 
# Use este codigo como ponto de partida
nome = input()
# Leitura de valores de entrada
var = Gandalf

# Impressao de saidas
print(nome)
-- EXECUTION TIME: 
0.0
-- TEST CASE 1:
---- input:
Gandalf
---- correct output:
Gandalf
-- ERROR:
Traceback (most recent call last):
  File "XXXX", line 4, in <module>
    var = Gandalf
          ^^^^^^^
NameError: name 'Gandalf' is not defined
-- TEST CASE 2:
---- input:
Donald Knuth
---- correct output:
Donald Knuth
-- ERROR:
Traceback (most recent call last):
  File "XXXX", line 4, in <module>
    var = Gandalf
          ^^^^^^^
NameError: name 'Gandalf' is not defined
-- TEST CASE 3:
---- input:
Python
---- correct output:
Python
-- ERROR:
Traceback (most recent call last):
  File "XXXX", line 4, in <module>
    var = Gandalf
          ^^^^^^^
NameError: name 'Gandalf' is not defined
-- TEST CASE 4:
---- input:
Ada Lovelace
---- correct output:
Ada Lovelace
-- ERROR:
Traceback (most recent call last):
  File "XXXX", line 4, in <module>
    var = Gandalf
          ^^^^^^^
NameError: name 'Gandalf' is not defined
-- TEST CASE 5:
---- input:
Teste
---- correct output:
Teste
-- ERROR:
Traceback (most recent call last):
  File "XXXX", line 4, in <module>
    var = Gandalf
          ^^^^^^^
NameError: name 'Gandalf' is not defined
*-*-*-*-*-*-*-*-*-*-*-*-*-*-*-*-*-*-*-*-*-*-*-*
== RUN (2025-08-20 23:29:08)
-- CODE: 
# Use este codigo como ponto de partida
input(Gandalf)
# Leitura de valores de entrada
var = Gandalf

# Impressao de saidas
print(nome)
-- EXECUTION TIME: 
0.0
-- TEST CASE 1:
---- input:
Gandalf
---- correct output:
Gandalf
-- ERROR:
Traceback (most recent call last):
  File "XXXX", line 2, in <module>
    input(Gandalf)
          ^^^^^^^
NameError: name 'Gandalf' is not defined
-- TEST CASE 2:
---- input:
Donald Knuth
---- correct output:
Donald Knuth
-- ERROR:
Traceback (most recent call last):
  File "XXXX", line 2, in <module>
    input(Gandalf)
          ^^^^^^^
NameError: name 'Gandalf' is not defined
-- TEST CASE 3:
---- input:
Python
---- correct output:
Python
-- ERROR:
Traceback (most recent call last):
  File "XXXX", line 2, in <module>
    input(Gandalf)
          ^^^^^^^
NameError: name 'Gandalf' is not defined
-- TEST CASE 4:
---- input:
Ada Lovelace
---- correct output:
Ada Lovelace
-- ERROR:
Traceback (most recent call last):
  File "XXXX", line 2, in <module>
    input(Gandalf)
          ^^^^^^^
NameError: name 'Gandalf' is not defined
-- TEST CASE 5:
---- input:
Teste
---- correct output:
Teste
-- ERROR:
Traceback (most recent call last):
  File "XXXX", line 2, in <module>
    input(Gandalf)
          ^^^^^^^
NameError: name 'Gandalf' is not defined
*-*-*-*-*-*-*-*-*-*-*-*-*-*-*-*-*-*-*-*-*-*-*-*
== RUN (2025-08-20 23:36:59)
-- CODE: 
# Use este codigo como ponto de partida
input = "Gandalf"
# Leitura de valores de entrada
var = "Gandalf"

# Impressao de saidas
print(var)
-- EXECUTION TIME: 
0.0
-- TEST CASE 1:
---- input:
Gandalf
---- correct output:
Gandalf
---- user output:
Gandalf
-- TEST CASE 2:
---- input:
Donald Knuth
---- correct output:
Donald Knuth
---- user output:
Gandalf
-- TEST CASE 3:
---- input:
Python
---- correct output:
Python
---- user output:
Gandalf
-- TEST CASE 4:
---- input:
Ada Lovelace
---- correct output:
Ada Lovelace
---- user output:
Gandalf
-- TEST CASE 5:
---- input:
Teste
---- correct output:
Teste
---- user output:
Gandalf
*-*-*-*-*-*-*-*-*-*-*-*-*-*-*-*-*-*-*-*-*-*-*-*
== RUN (2025-08-20 23:23:33)
-- CODE: 
# Use este codigo como ponto de partida

# Leitura de valores de entrada
var = Gandalf

# Impressao de saidas
print(nome)
-- EXECUTION TIME: 
0.0
-- TEST CASE 1:
---- input:
Gandalf
---- correct output:
Gandalf
-- ERROR:
Traceback (most recent call last):
  File "XXXX", line 4, in <module>
    var = Gandalf
          ^^^^^^^
NameError: name 'Gandalf' is not defined
-- TEST CASE 2:
---- input:
Donald Knuth
---- correct output:
Donald Knuth
-- ERROR:
Traceback (most recent call last):
  File "XXXX", line 4, in <module>
    var = Gandalf
          ^^^^^^^
NameError: name 'Gandalf' is not defined
-- TEST CASE 3:
---- input:
Python
---- correct output:
Python
-- ERROR:
Traceback (most recent call last):
  File "XXXX", line 4, in <module>
    var = Gandalf
          ^^^^^^^
NameError: name 'Gandalf' is not defined
-- TEST CASE 4:
---- input:
Ada Lovelace
---- correct output:
Ada Lovelace
-- ERROR:
Traceback (most recent call last):
  File "XXXX", line 4, in <module>
    var = Gandalf
          ^^^^^^^
NameError: name 'Gandalf' is not defined
-- TEST CASE 5:
---- input:
Teste
---- correct output:
Teste
-- ERROR:
Traceback (most recent call last):
  File "XXXX", line 4, in <module>
    var = Gandalf
          ^^^^^^^
NameError: name 'Gandalf' is not defined
*-*-*-*-*-*-*-*-*-*-*-*-*-*-*-*-*-*-*-*-*-*-*-*
== RUN (2025-08-20 23:40:05)
-- CODE: 
# Use este codigo como ponto de partida

# Leitura de valores de entrada
var = input("Gandalf")

# Impressao de saidas
print(var)
-- EXECUTION TIME: 
0.0
-- TEST CASE 1:
---- input:
Gandalf
---- correct output:
Gandalf
---- user output:
GandalfGandalf
-- TEST CASE 2:
---- input:
Donald Knuth
---- correct output:
Donald Knuth
---- user output:
GandalfDonald Knuth
-- TEST CASE 3:
---- input:
Python
---- correct output:
Python
---- user output:
GandalfPython
-- TEST CASE 4:
---- input:
Ada Lovelace
---- correct output:
Ada Lovelace
---- user output:
GandalfAda Lovelace
-- TEST CASE 5:
---- input:
Teste
---- correct output:
Teste
---- user output:
GandalfTeste
*-*-*-*-*-*-*-*-*-*-*-*-*-*-*-*-*-*-*-*-*-*-*-*
== RUN (2025-08-20 23:38:49)
-- CODE: 
# Use este codigo como ponto de partida
input = "Gandalf"
# Leitura de valores de entrada
var = input(Gandalf)

# Impressao de saidas
print(var)
-- EXECUTION TIME: 
0.0
-- TEST CASE 1:
---- input:
Gandalf
---- correct output:
Gandalf
-- ERROR:
Traceback (most recent call last):
  File "XXXX", line 4, in <module>
    var = input(Gandalf)
                ^^^^^^^
NameError: name 'Gandalf' is not defined
-- TEST CASE 2:
---- input:
Donald Knuth
---- correct output:
Donald Knuth
-- ERROR:
Traceback (most recent call last):
  File "XXXX", line 4, in <module>
    var = input(Gandalf)
                ^^^^^^^
NameError: name 'Gandalf' is not defined
-- TEST CASE 3:
---- input:
Python
---- correct output:
Python
-- ERROR:
Traceback (most recent call last):
  File "XXXX", line 4, in <module>
    var = input(Gandalf)
                ^^^^^^^
NameError: name 'Gandalf' is not defined
-- TEST CASE 4:
---- input:
Ada Lovelace
---- correct output:
Ada Lovelace
-- ERROR:
Traceback (most recent call last):
  File "XXXX", line 4, in <module>
    var = input(Gandalf)
                ^^^^^^^
NameError: name 'Gandalf' is not defined
-- TEST CASE 5:
---- input:
Teste
---- correct output:
Teste
-- ERROR:
Traceback (most recent call last):
  File "XXXX", line 4, in <module>
    var = input(Gandalf)
                ^^^^^^^
NameError: name 'Gandalf' is not defined
*-*-*-*-*-*-*-*-*-*-*-*-*-*-*-*-*-*-*-*-*-*-*-*
