== RUN (2025-08-20 22:52:22)
-- CODE: 
Print(90-55)
-- EXECUTION TIME: 
0.0
-- TEST CASE 1:
---- input:
xx
---- correct output:
35
-- ERROR:
Traceback (most recent call last):
  File "XXXX", line 1, in <module>
    Print(90-55)
    ^^^^^
NameError: name 'Print' is not defined. Did you mean: 'print'?
-- TEST CASE 2:
---- input:
xx
---- correct output:
35
-- ERROR:
Traceback (most recent call last):
  File "XXXX", line 1, in <module>
    Print(90-55)
    ^^^^^
NameError: name 'Print' is not defined. Did you mean: 'print'?
*-*-*-*-*-*-*-*-*-*-*-*-*-*-*-*-*-*-*-*-*-*-*-*
== RUN (2025-08-20 22:53:46)
-- CODE: 
print(90-55)
-- EXECUTION TIME: 
0.0
-- TEST CASE 1:
---- input:
xx
---- correct output:
35
---- user output:
35
-- TEST CASE 2:
---- input:
xx
---- correct output:
35
---- user output:
35
*-*-*-*-*-*-*-*-*-*-*-*-*-*-*-*-*-*-*-*-*-*-*-*
== RUN (2025-08-20 22:52:43)
-- CODE: 
Print(55-90)
-- EXECUTION TIME: 
0.0
-- TEST CASE 1:
---- input:
xx
---- correct output:
35
-- ERROR:
Traceback (most recent call last):
  File "XXXX", line 1, in <module>
    Print(55-90)
    ^^^^^
NameError: name 'Print' is not defined. Did you mean: 'print'?
-- TEST CASE 2:
---- input:
xx
---- correct output:
35
-- ERROR:
Traceback (most recent call last):
  File "XXXX", line 1, in <module>
    Print(55-90)
    ^^^^^
NameError: name 'Print' is not defined. Did you mean: 'print'?
*-*-*-*-*-*-*-*-*-*-*-*-*-*-*-*-*-*-*-*-*-*-*-*
== RUN (2025-08-20 22:54:01)
-- CODE: 
print(90-55)
-- EXECUTION TIME: 
0.0
-- TEST CASE 1:
---- input:
xx
---- correct output:
35
---- user output:
35
-- TEST CASE 2:
---- input:
xx
---- correct output:
35
---- user output:
35
*-*-*-*-*-*-*-*-*-*-*-*-*-*-*-*-*-*-*-*-*-*-*-*
== SUBMISSION (2025-08-20 22:54:04)
-- CODE: 
print(90-55)
-- EXECUTION TIME: 
0.01
-- TEST CASE 1:
---- input:
xx
---- correct output:
35
---- user output:
35
-- TEST CASE 2:
---- input:
xx
---- correct output:
35
---- user output:
35
-- GRADE:
100%
*-*-*-*-*-*-*-*-*-*-*-*-*-*-*-*-*-*-*-*-*-*-*-*
== RUN (2025-08-20 22:51:40)
-- CODE: 
Print(90-55)
-- EXECUTION TIME: 
0.0
-- TEST CASE 1:
---- input:
xx
---- correct output:
35
-- ERROR:
Traceback (most recent call last):
  File "XXXX", line 1, in <module>
    Print(90-55)
    ^^^^^
NameError: name 'Print' is not defined. Did you mean: 'print'?
-- TEST CASE 2:
---- input:
xx
---- correct output:
35
-- ERROR:
Traceback (most recent call last):
  File "XXXX", line 1, in <module>
    Print(90-55)
    ^^^^^
NameError: name 'Print' is not defined. Did you mean: 'print'?
*-*-*-*-*-*-*-*-*-*-*-*-*-*-*-*-*-*-*-*-*-*-*-*
