== RUN (2025-08-19 17:51:10)
-- CODE: 
print(int((50/3,0)))
print(50%3)
-- EXECUTION TIME: 
0.0
-- TEST CASE 1:
---- input:
xx
---- correct output:
16
2
-- ERROR:
Traceback (most recent call last):
  File "XXXX", line 1, in <module>
    print(int((50/3,0)))
          ^^^^^^^^^^^^^
TypeError: int() argument must be a string, a bytes-like object or a real number, not 'tuple'
-- TEST CASE 2:
---- input:
xx
---- correct output:
16
2
-- ERROR:
Traceback (most recent call last):
  File "XXXX", line 1, in <module>
    print(int((50/3,0)))
          ^^^^^^^^^^^^^
TypeError: int() argument must be a string, a bytes-like object or a real number, not 'tuple'
*-*-*-*-*-*-*-*-*-*-*-*-*-*-*-*-*-*-*-*-*-*-*-*
== RUN (2025-08-19 17:53:55)
-- CODE: 
print(50//3)
print(50%3)
-- EXECUTION TIME: 
0.0
-- TEST CASE 1:
---- input:
xx
---- correct output:
16
2
---- user output:
2
-- TEST CASE 2:
---- input:
xx
---- correct output:
16
2
---- user output:
2
*-*-*-*-*-*-*-*-*-*-*-*-*-*-*-*-*-*-*-*-*-*-*-*
== RUN (2025-08-19 17:53:51)
-- CODE: 
print(50//3,1)
print(50%3)
-- EXECUTION TIME: 
0.0
-- TEST CASE 1:
---- input:
xx
---- correct output:
16
2
---- user output:
2
-- TEST CASE 2:
---- input:
xx
---- correct output:
16
2
---- user output:
2
*-*-*-*-*-*-*-*-*-*-*-*-*-*-*-*-*-*-*-*-*-*-*-*
== RUN (2025-08-19 17:50:03)
-- CODE: 
print(50%3)
-- EXECUTION TIME: 
0.0
-- TEST CASE 1:
---- input:
xx
---- correct output:
16
2
---- user output:
2
-- TEST CASE 2:
---- input:
xx
---- correct output:
16
2
---- user output:
2
*-*-*-*-*-*-*-*-*-*-*-*-*-*-*-*-*-*-*-*-*-*-*-*
== RUN (2025-08-19 17:50:50)
-- CODE: 
print(round(50/3,0))
print(50%3)
-- EXECUTION TIME: 
0.0
-- TEST CASE 1:
---- input:
xx
---- correct output:
16
2
---- user output:
2
-- TEST CASE 2:
---- input:
xx
---- correct output:
16
2
---- user output:
2
*-*-*-*-*-*-*-*-*-*-*-*-*-*-*-*-*-*-*-*-*-*-*-*
== SUBMISSION (2025-08-19 18:00:39)
-- CODE: 
print(50//3)
print(50%3)
-- EXECUTION TIME: 
0.01
-- TEST CASE 1:
---- input:
xx
---- correct output:
16
2
---- user output:
2
-- TEST CASE 2:
---- input:
xx
---- correct output:
16
2
---- user output:
2
-- GRADE:
100%
*-*-*-*-*-*-*-*-*-*-*-*-*-*-*-*-*-*-*-*-*-*-*-*
== RUN (2025-08-19 17:52:04)
-- CODE: 
print(round(50/3,1))
print(50%3)
-- EXECUTION TIME: 
0.0
-- TEST CASE 1:
---- input:
xx
---- correct output:
16
2
---- user output:
2
-- TEST CASE 2:
---- input:
xx
---- correct output:
16
2
---- user output:
2
*-*-*-*-*-*-*-*-*-*-*-*-*-*-*-*-*-*-*-*-*-*-*-*
== RUN (2025-08-19 17:51:30)
-- CODE: 
print(round(50/3,0))
print(50%3)
-- EXECUTION TIME: 
0.0
-- TEST CASE 1:
---- input:
xx
---- correct output:
16
2
---- user output:
2
-- TEST CASE 2:
---- input:
xx
---- correct output:
16
2
---- user output:
2
*-*-*-*-*-*-*-*-*-*-*-*-*-*-*-*-*-*-*-*-*-*-*-*
== RUN (2025-08-19 17:51:01)
-- CODE: 
printint((50/3,0))
print(50%3)
-- EXECUTION TIME: 
0.0
-- TEST CASE 1:
---- input:
xx
---- correct output:
16
2
-- ERROR:
Traceback (most recent call last):
  File "XXXX", line 1, in <module>
    printint((50/3,0))
    ^^^^^^^^
NameError: name 'printint' is not defined
-- TEST CASE 2:
---- input:
xx
---- correct output:
16
2
-- ERROR:
Traceback (most recent call last):
  File "XXXX", line 1, in <module>
    printint((50/3,0))
    ^^^^^^^^
NameError: name 'printint' is not defined
*-*-*-*-*-*-*-*-*-*-*-*-*-*-*-*-*-*-*-*-*-*-*-*
== RUN (2025-08-19 17:50:26)
-- CODE: 
print(50/3)
print(50%3)
-- EXECUTION TIME: 
0.0
-- TEST CASE 1:
---- input:
xx
---- correct output:
16
2
---- user output:
2
-- TEST CASE 2:
---- input:
xx
---- correct output:
16
2
---- user output:
2
*-*-*-*-*-*-*-*-*-*-*-*-*-*-*-*-*-*-*-*-*-*-*-*
== RUN (2025-08-19 17:52:10)
-- CODE: 
print(round(50/3,1))
print(50%3)
-- EXECUTION TIME: 
0.0
-- TEST CASE 1:
---- input:
xx
---- correct output:
16
2
---- user output:
2
-- TEST CASE 2:
---- input:
xx
---- correct output:
16
2
---- user output:
2
*-*-*-*-*-*-*-*-*-*-*-*-*-*-*-*-*-*-*-*-*-*-*-*
