== RUN (2025-08-21 18:24:53)
-- CODE: 
90-45(35)
-- EXECUTION TIME: 
0.0
-- TEST CASE 1:
---- input:
xx
---- correct output:
35
-- ERROR:
XXXX:1: SyntaxWarning: 'int' object is not callable; perhaps you missed a comma?
  90-45(35)
Traceback (most recent call last):
  File "XXXX", line 1, in <module>
    90-45(35)
       ^^^^^^
TypeError: 'int' object is not callable
-- TEST CASE 2:
---- input:
xx
---- correct output:
35
-- ERROR:
XXXX:1: SyntaxWarning: 'int' object is not callable; perhaps you missed a comma?
  90-45(35)
Traceback (most recent call last):
  File "XXXX", line 1, in <module>
    90-45(35)
       ^^^^^^
TypeError: 'int' object is not callable
*-*-*-*-*-*-*-*-*-*-*-*-*-*-*-*-*-*-*-*-*-*-*-*
== SUBMISSION (2025-08-21 18:25:09)
-- CODE: 
90-45
-- EXECUTION TIME: 
0.01
-- TEST CASE 1:
---- input:
xx
---- correct output:
35
---- user output:
None
-- TEST CASE 2:
---- input:
xx
---- correct output:
35
---- user output:
None
-- GRADE:
0%
*-*-*-*-*-*-*-*-*-*-*-*-*-*-*-*-*-*-*-*-*-*-*-*
== SUBMISSION (2025-08-21 18:24:54)
-- CODE: 
90-45(35)
-- EXECUTION TIME: 
0.0
-- TEST CASE 1:
---- input:
xx
---- correct output:
35
-- ERROR:
XXXX:1: SyntaxWarning: 'int' object is not callable; perhaps you missed a comma?
  90-45(35)
Traceback (most recent call last):
  File "XXXX", line 1, in <module>
    90-45(35)
       ^^^^^^
TypeError: 'int' object is not callable
-- TEST CASE 2:
---- input:
xx
---- correct output:
35
-- ERROR:
XXXX:1: SyntaxWarning: 'int' object is not callable; perhaps you missed a comma?
  90-45(35)
Traceback (most recent call last):
  File "XXXX", line 1, in <module>
    90-45(35)
       ^^^^^^
TypeError: 'int' object is not callable
-- GRADE:
0%
*-*-*-*-*-*-*-*-*-*-*-*-*-*-*-*-*-*-*-*-*-*-*-*
== RUN (2025-08-21 18:25:08)
-- CODE: 
90-45
-- EXECUTION TIME: 
0.0
-- TEST CASE 1:
---- input:
xx
---- correct output:
35
---- user output:
None
-- TEST CASE 2:
---- input:
xx
---- correct output:
35
---- user output:
None
*-*-*-*-*-*-*-*-*-*-*-*-*-*-*-*-*-*-*-*-*-*-*-*
== SUBMISSION (2025-08-21 18:28:04)
-- CODE: 
print(90-55)
-- EXECUTION TIME: 
0.01
-- TEST CASE 1:
---- input:
xx
---- correct output:
35
---- user output:
35
-- TEST CASE 2:
---- input:
xx
---- correct output:
35
---- user output:
35
-- GRADE:
100%
*-*-*-*-*-*-*-*-*-*-*-*-*-*-*-*-*-*-*-*-*-*-*-*
== RUN (2025-08-21 18:28:03)
-- CODE: 
print(90-55)
-- EXECUTION TIME: 
0.0
-- TEST CASE 1:
---- input:
xx
---- correct output:
35
---- user output:
35
-- TEST CASE 2:
---- input:
xx
---- correct output:
35
---- user output:
35
*-*-*-*-*-*-*-*-*-*-*-*-*-*-*-*-*-*-*-*-*-*-*-*
