== SUBMISSION (2025-08-20 22:50:03)
-- CODE: 
print (round(260/6,2))
-- EXECUTION TIME: 
0.01
-- TEST CASE 1:
---- input:
xx
---- correct output:
41.67
---- user output:
43.33
-- TEST CASE 2:
---- input:
xx
---- correct output:
41.67
---- user output:
43.33
-- GRADE:
0%
*-*-*-*-*-*-*-*-*-*-*-*-*-*-*-*-*-*-*-*-*-*-*-*
== SUBMISSION (2025-08-20 22:48:55)
-- CODE: 
round(print250/6)
-- EXECUTION TIME: 
0.0
-- TEST CASE 1:
---- input:
xx
---- correct output:
41.67
-- ERROR:
Traceback (most recent call last):
  File "XXXX", line 1, in <module>
    round(print250/6)
          ^^^^^^^^
NameError: name 'print250' is not defined
-- TEST CASE 2:
---- input:
xx
---- correct output:
41.67
-- ERROR:
Traceback (most recent call last):
  File "XXXX", line 1, in <module>
    round(print250/6)
          ^^^^^^^^
NameError: name 'print250' is not defined
-- GRADE:
0%
*-*-*-*-*-*-*-*-*-*-*-*-*-*-*-*-*-*-*-*-*-*-*-*
== SUBMISSION (2025-08-20 22:48:57)
-- CODE: 
round(print250/6)
-- EXECUTION TIME: 
0.0
-- TEST CASE 1:
---- input:
xx
---- correct output:
41.67
-- ERROR:
Traceback (most recent call last):
  File "XXXX", line 1, in <module>
    round(print250/6)
          ^^^^^^^^
NameError: name 'print250' is not defined
-- TEST CASE 2:
---- input:
xx
---- correct output:
41.67
-- ERROR:
Traceback (most recent call last):
  File "XXXX", line 1, in <module>
    round(print250/6)
          ^^^^^^^^
NameError: name 'print250' is not defined
-- GRADE:
0%
*-*-*-*-*-*-*-*-*-*-*-*-*-*-*-*-*-*-*-*-*-*-*-*
== SUBMISSION (2025-08-20 22:50:52)
-- CODE: 
print (round(250/6,2))
-- EXECUTION TIME: 
0.01
-- TEST CASE 1:
---- input:
xx
---- correct output:
41.67
---- user output:
41.67
-- TEST CASE 2:
---- input:
xx
---- correct output:
41.67
---- user output:
41.67
-- GRADE:
100%
*-*-*-*-*-*-*-*-*-*-*-*-*-*-*-*-*-*-*-*-*-*-*-*
== SUBMISSION (2025-08-20 22:50:01)
-- CODE: 
print (round(260/6,2))
-- EXECUTION TIME: 
0.01
-- TEST CASE 1:
---- input:
xx
---- correct output:
41.67
---- user output:
43.33
-- TEST CASE 2:
---- input:
xx
---- correct output:
41.67
---- user output:
43.33
-- GRADE:
0%
*-*-*-*-*-*-*-*-*-*-*-*-*-*-*-*-*-*-*-*-*-*-*-*
== SUBMISSION (2025-08-20 22:48:29)
-- CODE: 
round(print(250/6))
-- EXECUTION TIME: 
0.0
-- TEST CASE 1:
---- input:
xx
---- correct output:
41.67
-- ERROR:
Traceback (most recent call last):
  File "XXXX", line 1, in <module>
    round(print(250/6))
TypeError: type NoneType doesn't define __round__ method
-- TEST CASE 2:
---- input:
xx
---- correct output:
41.67
-- ERROR:
Traceback (most recent call last):
  File "XXXX", line 1, in <module>
    round(print(250/6))
TypeError: type NoneType doesn't define __round__ method
-- GRADE:
0%
*-*-*-*-*-*-*-*-*-*-*-*-*-*-*-*-*-*-*-*-*-*-*-*
== SUBMISSION (2025-08-20 22:47:52)
-- CODE: 
print(250/6)
-- EXECUTION TIME: 
0.01
-- TEST CASE 1:
---- input:
xx
---- correct output:
41.67
---- user output:
41.666666666666664
-- TEST CASE 2:
---- input:
xx
---- correct output:
41.67
---- user output:
41.666666666666664
-- GRADE:
0%
*-*-*-*-*-*-*-*-*-*-*-*-*-*-*-*-*-*-*-*-*-*-*-*
== SUBMISSION (2025-08-20 22:50:50)
-- CODE: 
print (round(250/6,2))
-- EXECUTION TIME: 
0.01
-- TEST CASE 1:
---- input:
xx
---- correct output:
41.67
---- user output:
41.67
-- TEST CASE 2:
---- input:
xx
---- correct output:
41.67
---- user output:
41.67
-- GRADE:
100%
*-*-*-*-*-*-*-*-*-*-*-*-*-*-*-*-*-*-*-*-*-*-*-*
== SUBMISSION (2025-08-20 22:48:56)
-- CODE: 
round(print250/6)
-- EXECUTION TIME: 
0.0
-- TEST CASE 1:
---- input:
xx
---- correct output:
41.67
-- ERROR:
Traceback (most recent call last):
  File "XXXX", line 1, in <module>
    round(print250/6)
          ^^^^^^^^
NameError: name 'print250' is not defined
-- TEST CASE 2:
---- input:
xx
---- correct output:
41.67
-- ERROR:
Traceback (most recent call last):
  File "XXXX", line 1, in <module>
    round(print250/6)
          ^^^^^^^^
NameError: name 'print250' is not defined
-- GRADE:
0%
*-*-*-*-*-*-*-*-*-*-*-*-*-*-*-*-*-*-*-*-*-*-*-*
