== RUN (2025-08-20 23:33:25)
-- CODE: 
# Use este codigo como ponto de partida
Gandalf
# Leitura de valores de entrada
var = 

# Impressao de saidas
print()
-- EXECUTION TIME: 
0.0
-- TEST CASE 1:
---- input:
Gandalf
---- correct output:
Gandalf
-- ERROR:
File "XXXX", line 4
    var = 
          ^
SyntaxError: invalid syntax
-- TEST CASE 2:
---- input:
Donald Knuth
---- correct output:
Donald Knuth
-- ERROR:
File "XXXX", line 4
    var = 
          ^
SyntaxError: invalid syntax
-- TEST CASE 3:
---- input:
Python
---- correct output:
Python
-- ERROR:
File "XXXX", line 4
    var = 
          ^
SyntaxError: invalid syntax
-- TEST CASE 4:
---- input:
Ada Lovelace
---- correct output:
Ada Lovelace
-- ERROR:
File "XXXX", line 4
    var = 
          ^
SyntaxError: invalid syntax
-- TEST CASE 5:
---- input:
Teste
---- correct output:
Teste
-- ERROR:
File "XXXX", line 4
    var = 
          ^
SyntaxError: invalid syntax
*-*-*-*-*-*-*-*-*-*-*-*-*-*-*-*-*-*-*-*-*-*-*-*
== RUN (2025-08-20 23:32:57)
-- CODE: 
# Use este codigo como ponto de partida
Gandalf
# Leitura de valores de entrada
print(var = input())

# Impressao de saidas
print()
-- EXECUTION TIME: 
0.0
-- TEST CASE 1:
---- input:
Gandalf
---- correct output:
Gandalf
-- ERROR:
Traceback (most recent call last):
  File "XXXX", line 2, in <module>
    Gandalf
NameError: name 'Gandalf' is not defined
-- TEST CASE 2:
---- input:
Donald Knuth
---- correct output:
Donald Knuth
-- ERROR:
Traceback (most recent call last):
  File "XXXX", line 2, in <module>
    Gandalf
NameError: name 'Gandalf' is not defined
-- TEST CASE 3:
---- input:
Python
---- correct output:
Python
-- ERROR:
Traceback (most recent call last):
  File "XXXX", line 2, in <module>
    Gandalf
NameError: name 'Gandalf' is not defined
-- TEST CASE 4:
---- input:
Ada Lovelace
---- correct output:
Ada Lovelace
-- ERROR:
Traceback (most recent call last):
  File "XXXX", line 2, in <module>
    Gandalf
NameError: name 'Gandalf' is not defined
-- TEST CASE 5:
---- input:
Teste
---- correct output:
Teste
-- ERROR:
Traceback (most recent call last):
  File "XXXX", line 2, in <module>
    Gandalf
NameError: name 'Gandalf' is not defined
*-*-*-*-*-*-*-*-*-*-*-*-*-*-*-*-*-*-*-*-*-*-*-*
== RUN (2025-08-20 23:38:58)
-- CODE: 
# Use este codigo como ponto de partida

# Leitura de valores de entrada
var = input()

# Impressao de saidas
print(var)
-- EXECUTION TIME: 
0.0
-- TEST CASE 1:
---- input:
Gandalf
---- correct output:
Gandalf
---- user output:
Gandalf
-- TEST CASE 2:
---- input:
Donald Knuth
---- correct output:
Donald Knuth
---- user output:
Donald Knuth
-- TEST CASE 3:
---- input:
Python
---- correct output:
Python
---- user output:
Python
-- TEST CASE 4:
---- input:
Ada Lovelace
---- correct output:
Ada Lovelace
---- user output:
Ada Lovelace
-- TEST CASE 5:
---- input:
Teste
---- correct output:
Teste
---- user output:
Teste
*-*-*-*-*-*-*-*-*-*-*-*-*-*-*-*-*-*-*-*-*-*-*-*
== RUN (2025-08-20 23:30:15)
-- CODE: 
# Use este codigo como ponto de partida
mona
# Leitura de valores de entrada
var = input()

# Impressao de saidas
print()
-- EXECUTION TIME: 
0.0
-- TEST CASE 1:
---- input:
Gandalf
---- correct output:
Gandalf
-- ERROR:
Traceback (most recent call last):
  File "XXXX", line 2, in <module>
    mona
NameError: name 'mona' is not defined
-- TEST CASE 2:
---- input:
Donald Knuth
---- correct output:
Donald Knuth
-- ERROR:
Traceback (most recent call last):
  File "XXXX", line 2, in <module>
    mona
NameError: name 'mona' is not defined
-- TEST CASE 3:
---- input:
Python
---- correct output:
Python
-- ERROR:
Traceback (most recent call last):
  File "XXXX", line 2, in <module>
    mona
NameError: name 'mona' is not defined
-- TEST CASE 4:
---- input:
Ada Lovelace
---- correct output:
Ada Lovelace
-- ERROR:
Traceback (most recent call last):
  File "XXXX", line 2, in <module>
    mona
NameError: name 'mona' is not defined
-- TEST CASE 5:
---- input:
Teste
---- correct output:
Teste
-- ERROR:
Traceback (most recent call last):
  File "XXXX", line 2, in <module>
    mona
NameError: name 'mona' is not defined
*-*-*-*-*-*-*-*-*-*-*-*-*-*-*-*-*-*-*-*-*-*-*-*
== RUN (2025-08-20 23:22:48)
-- CODE: 
# Use este codigo como ponto de partida
input(Gandalf)
# Leitura de valores de entrada
var = 

# Impressao de saidas
print()
-- EXECUTION TIME: 
0.0
-- TEST CASE 1:
---- input:
Gandalf
---- correct output:
Gandalf
-- ERROR:
File "XXXX", line 4
    var = 
          ^
SyntaxError: invalid syntax
-- TEST CASE 2:
---- input:
Donald Knuth
---- correct output:
Donald Knuth
-- ERROR:
File "XXXX", line 4
    var = 
          ^
SyntaxError: invalid syntax
-- TEST CASE 3:
---- input:
Python
---- correct output:
Python
-- ERROR:
File "XXXX", line 4
    var = 
          ^
SyntaxError: invalid syntax
-- TEST CASE 4:
---- input:
Ada Lovelace
---- correct output:
Ada Lovelace
-- ERROR:
File "XXXX", line 4
    var = 
          ^
SyntaxError: invalid syntax
-- TEST CASE 5:
---- input:
Teste
---- correct output:
Teste
-- ERROR:
File "XXXX", line 4
    var = 
          ^
SyntaxError: invalid syntax
*-*-*-*-*-*-*-*-*-*-*-*-*-*-*-*-*-*-*-*-*-*-*-*
== SUBMISSION (2025-08-20 23:40:01)
-- CODE: 
# Use este codigo como ponto de partida

# Leitura de valores de entrada
var = input()

# Impressao de saidas
print(var)
-- EXECUTION TIME: 
0.01
-- TEST CASE 1:
---- input:
Gandalf
---- correct output:
Gandalf
---- user output:
Gandalf
-- TEST CASE 2:
---- input:
Donald Knuth
---- correct output:
Donald Knuth
---- user output:
Donald Knuth
-- TEST CASE 3:
---- input:
Python
---- correct output:
Python
---- user output:
Python
-- TEST CASE 4:
---- input:
Ada Lovelace
---- correct output:
Ada Lovelace
---- user output:
Ada Lovelace
-- TEST CASE 5:
---- input:
Teste
---- correct output:
Teste
---- user output:
Teste
-- GRADE:
100%
*-*-*-*-*-*-*-*-*-*-*-*-*-*-*-*-*-*-*-*-*-*-*-*
== RUN (2025-08-20 23:31:20)
-- CODE: 
# Use este codigo como ponto de partida
Gandalf
# Leitura de valores de entrada
var = input()

# Impressao de saidas
print()
-- EXECUTION TIME: 
0.0
-- TEST CASE 1:
---- input:
Gandalf
---- correct output:
Gandalf
-- ERROR:
Traceback (most recent call last):
  File "XXXX", line 2, in <module>
    Gandalf
NameError: name 'Gandalf' is not defined
-- TEST CASE 2:
---- input:
Donald Knuth
---- correct output:
Donald Knuth
-- ERROR:
Traceback (most recent call last):
  File "XXXX", line 2, in <module>
    Gandalf
NameError: name 'Gandalf' is not defined
-- TEST CASE 3:
---- input:
Python
---- correct output:
Python
-- ERROR:
Traceback (most recent call last):
  File "XXXX", line 2, in <module>
    Gandalf
NameError: name 'Gandalf' is not defined
-- TEST CASE 4:
---- input:
Ada Lovelace
---- correct output:
Ada Lovelace
-- ERROR:
Traceback (most recent call last):
  File "XXXX", line 2, in <module>
    Gandalf
NameError: name 'Gandalf' is not defined
-- TEST CASE 5:
---- input:
Teste
---- correct output:
Teste
-- ERROR:
Traceback (most recent call last):
  File "XXXX", line 2, in <module>
    Gandalf
NameError: name 'Gandalf' is not defined
*-*-*-*-*-*-*-*-*-*-*-*-*-*-*-*-*-*-*-*-*-*-*-*
