== SUBMISSION (2025-08-19 20:59:01)
-- CODE: 
(xx)
75
-- EXECUTION TIME: 
0.0
-- TEST CASE 1:
---- input:
xx
---- correct output:
75
-- ERROR:
Traceback (most recent call last):
  File "XXXX", line 1, in <module>
    (xx)
     ^^
NameError: name 'xx' is not defined
-- TEST CASE 2:
---- input:
xx
---- correct output:
75
-- ERROR:
Traceback (most recent call last):
  File "XXXX", line 1, in <module>
    (xx)
     ^^
NameError: name 'xx' is not defined
-- GRADE:
0%
*-*-*-*-*-*-*-*-*-*-*-*-*-*-*-*-*-*-*-*-*-*-*-*
== SUBMISSION (2025-08-19 20:58:38)
-- CODE: 
xx
75
-- EXECUTION TIME: 
0.0
-- TEST CASE 1:
---- input:
xx
---- correct output:
75
-- ERROR:
Traceback (most recent call last):
  File "XXXX", line 1, in <module>
    xx
NameError: name 'xx' is not defined
-- TEST CASE 2:
---- input:
xx
---- correct output:
75
-- ERROR:
Traceback (most recent call last):
  File "XXXX", line 1, in <module>
    xx
NameError: name 'xx' is not defined
-- GRADE:
0%
*-*-*-*-*-*-*-*-*-*-*-*-*-*-*-*-*-*-*-*-*-*-*-*
== SUBMISSION (2025-08-19 20:59:37)
-- CODE: 
print(40+35)
75
-- EXECUTION TIME: 
0.01
-- TEST CASE 1:
---- input:
xx
---- correct output:
75
---- user output:
75
-- TEST CASE 2:
---- input:
xx
---- correct output:
75
---- user output:
75
-- GRADE:
100%
*-*-*-*-*-*-*-*-*-*-*-*-*-*-*-*-*-*-*-*-*-*-*-*
== SUBMISSION (2025-08-19 20:58:46)
-- CODE: 
xx
75
-- EXECUTION TIME: 
0.0
-- TEST CASE 1:
---- input:
xx
---- correct output:
75
-- ERROR:
Traceback (most recent call last):
  File "XXXX", line 1, in <module>
    xx
NameError: name 'xx' is not defined
-- TEST CASE 2:
---- input:
xx
---- correct output:
75
-- ERROR:
Traceback (most recent call last):
  File "XXXX", line 1, in <module>
    xx
NameError: name 'xx' is not defined
-- GRADE:
0%
*-*-*-*-*-*-*-*-*-*-*-*-*-*-*-*-*-*-*-*-*-*-*-*
== SUBMISSION (2025-08-20 23:22:03)
-- CODE: 
print(40+35)
-- EXECUTION TIME: 
0.01
-- TEST CASE 1:
---- input:
xx
---- correct output:
75
---- user output:
75
-- TEST CASE 2:
---- input:
xx
---- correct output:
75
---- user output:
75
-- GRADE:
100%
*-*-*-*-*-*-*-*-*-*-*-*-*-*-*-*-*-*-*-*-*-*-*-*
== SUBMISSION (2025-08-20 23:21:49)
-- CODE: 
print(40+35)
75
-- EXECUTION TIME: 
0.01
-- TEST CASE 1:
---- input:
xx
---- correct output:
75
---- user output:
75
-- TEST CASE 2:
---- input:
xx
---- correct output:
75
---- user output:
75
-- GRADE:
100%
*-*-*-*-*-*-*-*-*-*-*-*-*-*-*-*-*-*-*-*-*-*-*-*
== SUBMISSION (2025-08-19 20:59:13)
-- CODE: 
print(xx)
75
-- EXECUTION TIME: 
0.0
-- TEST CASE 1:
---- input:
xx
---- correct output:
75
-- ERROR:
Traceback (most recent call last):
  File "XXXX", line 1, in <module>
    print(xx)
          ^^
NameError: name 'xx' is not defined
-- TEST CASE 2:
---- input:
xx
---- correct output:
75
-- ERROR:
Traceback (most recent call last):
  File "XXXX", line 1, in <module>
    print(xx)
          ^^
NameError: name 'xx' is not defined
-- GRADE:
0%
*-*-*-*-*-*-*-*-*-*-*-*-*-*-*-*-*-*-*-*-*-*-*-*
== SUBMISSION (2025-08-20 23:22:00)
-- CODE: 
print(40+35)
-- EXECUTION TIME: 
0.01
-- TEST CASE 1:
---- input:
xx
---- correct output:
75
---- user output:
75
-- TEST CASE 2:
---- input:
xx
---- correct output:
75
---- user output:
75
-- GRADE:
100%
*-*-*-*-*-*-*-*-*-*-*-*-*-*-*-*-*-*-*-*-*-*-*-*
== RUN (2025-08-20 23:21:56)
-- CODE: 
print(40+35)
-- EXECUTION TIME: 
0.0
-- TEST CASE 1:
---- input:
xx
---- correct output:
75
---- user output:
75
-- TEST CASE 2:
---- input:
xx
---- correct output:
75
---- user output:
75
*-*-*-*-*-*-*-*-*-*-*-*-*-*-*-*-*-*-*-*-*-*-*-*
== SUBMISSION (2025-08-19 20:59:03)
-- CODE: 
(xx)
75
-- EXECUTION TIME: 
0.0
-- TEST CASE 1:
---- input:
xx
---- correct output:
75
-- ERROR:
Traceback (most recent call last):
  File "XXXX", line 1, in <module>
    (xx)
     ^^
NameError: name 'xx' is not defined
-- TEST CASE 2:
---- input:
xx
---- correct output:
75
-- ERROR:
Traceback (most recent call last):
  File "XXXX", line 1, in <module>
    (xx)
     ^^
NameError: name 'xx' is not defined
-- GRADE:
0%
*-*-*-*-*-*-*-*-*-*-*-*-*-*-*-*-*-*-*-*-*-*-*-*
