== SUBMISSION (2025-08-12 22:58:55)
-- CODE: 
a = 20
b = 35
print a*b
-- EXECUTION TIME: 
0.0
-- TEST CASE 1:
---- input:
xx
---- correct output:
700
-- ERROR:
File "XXXX", line 3
    print a*b
    ^^^^^^^^^
SyntaxError: Missing parentheses in call to 'print'. Did you mean print(...)?
-- TEST CASE 2:
---- input:
xx
---- correct output:
700
-- ERROR:
File "XXXX", line 3
    print a*b
    ^^^^^^^^^
SyntaxError: Missing parentheses in call to 'print'. Did you mean print(...)?
-- GRADE:
0%
*-*-*-*-*-*-*-*-*-*-*-*-*-*-*-*-*-*-*-*-*-*-*-*
== SUBMISSION (2025-08-12 22:58:39)
-- CODE: 
a = 20
b = 35
print a*b
-- EXECUTION TIME: 
0.0
-- TEST CASE 1:
---- input:
xx
---- correct output:
700
-- ERROR:
File "XXXX", line 3
    print a*b
    ^^^^^^^^^
SyntaxError: Missing parentheses in call to 'print'. Did you mean print(...)?
-- TEST CASE 2:
---- input:
xx
---- correct output:
700
-- ERROR:
File "XXXX", line 3
    print a*b
    ^^^^^^^^^
SyntaxError: Missing parentheses in call to 'print'. Did you mean print(...)?
-- GRADE:
0%
*-*-*-*-*-*-*-*-*-*-*-*-*-*-*-*-*-*-*-*-*-*-*-*
== SUBMISSION (2025-08-12 22:58:41)
-- CODE: 
a = 20
b = 35
print a*b
-- EXECUTION TIME: 
0.0
-- TEST CASE 1:
---- input:
xx
---- correct output:
700
-- ERROR:
File "XXXX", line 3
    print a*b
    ^^^^^^^^^
SyntaxError: Missing parentheses in call to 'print'. Did you mean print(...)?
-- TEST CASE 2:
---- input:
xx
---- correct output:
700
-- ERROR:
File "XXXX", line 3
    print a*b
    ^^^^^^^^^
SyntaxError: Missing parentheses in call to 'print'. Did you mean print(...)?
-- GRADE:
0%
*-*-*-*-*-*-*-*-*-*-*-*-*-*-*-*-*-*-*-*-*-*-*-*
== SUBMISSION (2025-08-12 22:57:59)
-- CODE: 
a = 20
b = 35
prit(a*b)
-- EXECUTION TIME: 
0.0
-- TEST CASE 1:
---- input:
xx
---- correct output:
700
-- ERROR:
Traceback (most recent call last):
  File "XXXX", line 3, in <module>
    prit(a*b)
    ^^^^
NameError: name 'prit' is not defined. Did you mean: 'print'?
-- TEST CASE 2:
---- input:
xx
---- correct output:
700
-- ERROR:
Traceback (most recent call last):
  File "XXXX", line 3, in <module>
    prit(a*b)
    ^^^^
NameError: name 'prit' is not defined. Did you mean: 'print'?
-- GRADE:
0%
*-*-*-*-*-*-*-*-*-*-*-*-*-*-*-*-*-*-*-*-*-*-*-*
== SUBMISSION (2025-08-12 22:59:08)
-- CODE: 
a = 20
b = 35
print (a*b)
-- EXECUTION TIME: 
0.01
-- TEST CASE 1:
---- input:
xx
---- correct output:
700
---- user output:
700
-- TEST CASE 2:
---- input:
xx
---- correct output:
700
---- user output:
700
-- GRADE:
100%
*-*-*-*-*-*-*-*-*-*-*-*-*-*-*-*-*-*-*-*-*-*-*-*
