== SUBMISSION (2025-08-19 19:31:27)
-- CODE: 
preint(40+35)
-- EXECUTION TIME: 
0.0
-- TEST CASE 1:
---- input:
xx
---- correct output:
75
-- ERROR:
Traceback (most recent call last):
  File "XXXX", line 1, in <module>
    preint(40+35)
    ^^^^^^
NameError: name 'preint' is not defined. Did you mean: 'print'?
-- TEST CASE 2:
---- input:
xx
---- correct output:
75
-- ERROR:
Traceback (most recent call last):
  File "XXXX", line 1, in <module>
    preint(40+35)
    ^^^^^^
NameError: name 'preint' is not defined. Did you mean: 'print'?
-- GRADE:
0%
*-*-*-*-*-*-*-*-*-*-*-*-*-*-*-*-*-*-*-*-*-*-*-*
== SUBMISSION (2025-08-19 19:31:43)
-- CODE: 
print(40 + 35)
-- EXECUTION TIME: 
0.01
-- TEST CASE 1:
---- input:
xx
---- correct output:
75
---- user output:
75
-- TEST CASE 2:
---- input:
xx
---- correct output:
75
---- user output:
75
-- GRADE:
100%
*-*-*-*-*-*-*-*-*-*-*-*-*-*-*-*-*-*-*-*-*-*-*-*
== SUBMISSION (2025-08-19 19:30:52)
-- CODE: 
preint(40 + 35)
-- EXECUTION TIME: 
0.0
-- TEST CASE 1:
---- input:
xx
---- correct output:
75
-- ERROR:
Traceback (most recent call last):
  File "XXXX", line 1, in <module>
    preint(40 + 35)
    ^^^^^^
NameError: name 'preint' is not defined. Did you mean: 'print'?
-- TEST CASE 2:
---- input:
xx
---- correct output:
75
-- ERROR:
Traceback (most recent call last):
  File "XXXX", line 1, in <module>
    preint(40 + 35)
    ^^^^^^
NameError: name 'preint' is not defined. Did you mean: 'print'?
-- GRADE:
0%
*-*-*-*-*-*-*-*-*-*-*-*-*-*-*-*-*-*-*-*-*-*-*-*
