== SUBMISSION (2025-08-26 21:38:37)
-- CODE: 
QL = float(input("Insira um valor:"))

VT = ((Ql * 2,86) + 50) * (34/100)

print(round(T,2))
-- EXECUTION TIME: 
0.0
-- TEST CASE 1:
---- input:
10.4
---- correct output:
106.86
-- ERROR:
Traceback (most recent call last):
  File "XXXX", line 3, in <module>
    VT = ((Ql * 2,86) + 50) * (34/100)
           ^^
NameError: name 'Ql' is not defined. Did you mean: 'QL'?
-- TEST CASE 2:
---- input:
148.17
---- correct output:
634.85
-- ERROR:
Traceback (most recent call last):
  File "XXXX", line 3, in <module>
    VT = ((Ql * 2,86) + 50) * (34/100)
           ^^
NameError: name 'Ql' is not defined. Did you mean: 'QL'?
-- TEST CASE 3:
---- input:
50.0
---- correct output:
258.62
-- ERROR:
Traceback (most recent call last):
  File "XXXX", line 3, in <module>
    VT = ((Ql * 2,86) + 50) * (34/100)
           ^^
NameError: name 'Ql' is not defined. Did you mean: 'QL'?
-- TEST CASE 4:
---- input:
87.4
---- correct output:
401.95
-- ERROR:
Traceback (most recent call last):
  File "XXXX", line 3, in <module>
    VT = ((Ql * 2,86) + 50) * (34/100)
           ^^
NameError: name 'Ql' is not defined. Did you mean: 'QL'?
-- TEST CASE 5:
---- input:
238.23
---- correct output:
979.99
-- ERROR:
Traceback (most recent call last):
  File "XXXX", line 3, in <module>
    VT = ((Ql * 2,86) + 50) * (34/100)
           ^^
NameError: name 'Ql' is not defined. Did you mean: 'QL'?
-- TEST CASE 6:
---- input:
42.68
---- correct output:
230.57
-- ERROR:
Traceback (most recent call last):
  File "XXXX", line 3, in <module>
    VT = ((Ql * 2,86) + 50) * (34/100)
           ^^
NameError: name 'Ql' is not defined. Did you mean: 'QL'?
-- GRADE:
0%
*-*-*-*-*-*-*-*-*-*-*-*-*-*-*-*-*-*-*-*-*-*-*-*
== SUBMISSION (2025-08-26 21:43:58)
-- CODE: 
Q = float(input("Insira um valor:"))

V = Q * 2,86 + 50,00
VT = V + V * (34/100)

print(round(VT,2))
-- EXECUTION TIME: 
0.0
-- TEST CASE 1:
---- input:
10.4
---- correct output:
106.86
-- ERROR:
Traceback (most recent call last):
  File "XXXX", line 4, in <module>
    VT = V + V * (34/100)
             ~~^~~~~~~~~~
TypeError: can't multiply sequence by non-int of type 'float'
-- TEST CASE 2:
---- input:
148.17
---- correct output:
634.85
-- ERROR:
Traceback (most recent call last):
  File "XXXX", line 4, in <module>
    VT = V + V * (34/100)
             ~~^~~~~~~~~~
TypeError: can't multiply sequence by non-int of type 'float'
-- TEST CASE 3:
---- input:
50.0
---- correct output:
258.62
-- ERROR:
Traceback (most recent call last):
  File "XXXX", line 4, in <module>
    VT = V + V * (34/100)
             ~~^~~~~~~~~~
TypeError: can't multiply sequence by non-int of type 'float'
-- TEST CASE 4:
---- input:
87.4
---- correct output:
401.95
-- ERROR:
Traceback (most recent call last):
  File "XXXX", line 4, in <module>
    VT = V + V * (34/100)
             ~~^~~~~~~~~~
TypeError: can't multiply sequence by non-int of type 'float'
-- TEST CASE 5:
---- input:
238.23
---- correct output:
979.99
-- ERROR:
Traceback (most recent call last):
  File "XXXX", line 4, in <module>
    VT = V + V * (34/100)
             ~~^~~~~~~~~~
TypeError: can't multiply sequence by non-int of type 'float'
-- TEST CASE 6:
---- input:
42.68
---- correct output:
230.57
-- ERROR:
Traceback (most recent call last):
  File "XXXX", line 4, in <module>
    VT = V + V * (34/100)
             ~~^~~~~~~~~~
TypeError: can't multiply sequence by non-int of type 'float'
-- GRADE:
0%
*-*-*-*-*-*-*-*-*-*-*-*-*-*-*-*-*-*-*-*-*-*-*-*
== SUBMISSION (2025-08-26 21:37:52)
-- CODE: 
QL = float(input("Insira um valor:"))

VT = ((Ql * 2,86) + 50) * 34/100

print(round(T,2))
-- EXECUTION TIME: 
0.0
-- TEST CASE 1:
---- input:
10.4
---- correct output:
106.86
-- ERROR:
Traceback (most recent call last):
  File "XXXX", line 3, in <module>
    VT = ((Ql * 2,86) + 50) * 34/100
           ^^
NameError: name 'Ql' is not defined. Did you mean: 'QL'?
-- TEST CASE 2:
---- input:
148.17
---- correct output:
634.85
-- ERROR:
Traceback (most recent call last):
  File "XXXX", line 3, in <module>
    VT = ((Ql * 2,86) + 50) * 34/100
           ^^
NameError: name 'Ql' is not defined. Did you mean: 'QL'?
-- TEST CASE 3:
---- input:
50.0
---- correct output:
258.62
-- ERROR:
Traceback (most recent call last):
  File "XXXX", line 3, in <module>
    VT = ((Ql * 2,86) + 50) * 34/100
           ^^
NameError: name 'Ql' is not defined. Did you mean: 'QL'?
-- TEST CASE 4:
---- input:
87.4
---- correct output:
401.95
-- ERROR:
Traceback (most recent call last):
  File "XXXX", line 3, in <module>
    VT = ((Ql * 2,86) + 50) * 34/100
           ^^
NameError: name 'Ql' is not defined. Did you mean: 'QL'?
-- TEST CASE 5:
---- input:
238.23
---- correct output:
979.99
-- ERROR:
Traceback (most recent call last):
  File "XXXX", line 3, in <module>
    VT = ((Ql * 2,86) + 50) * 34/100
           ^^
NameError: name 'Ql' is not defined. Did you mean: 'QL'?
-- TEST CASE 6:
---- input:
42.68
---- correct output:
230.57
-- ERROR:
Traceback (most recent call last):
  File "XXXX", line 3, in <module>
    VT = ((Ql * 2,86) + 50) * 34/100
           ^^
NameError: name 'Ql' is not defined. Did you mean: 'QL'?
-- GRADE:
0%
*-*-*-*-*-*-*-*-*-*-*-*-*-*-*-*-*-*-*-*-*-*-*-*
== SUBMISSION (2025-08-26 21:39:58)
-- CODE: 
Q = float(input("Insira um valor:"))

V = ((Ql * 2,86) + 50) * (34/100)

print(round(V,2))
-- EXECUTION TIME: 
0.0
-- TEST CASE 1:
---- input:
10.4
---- correct output:
106.86
-- ERROR:
Traceback (most recent call last):
  File "XXXX", line 3, in <module>
    V = ((Ql * 2,86) + 50) * (34/100)
          ^^
NameError: name 'Ql' is not defined. Did you mean: 'Q'?
-- TEST CASE 2:
---- input:
148.17
---- correct output:
634.85
-- ERROR:
Traceback (most recent call last):
  File "XXXX", line 3, in <module>
    V = ((Ql * 2,86) + 50) * (34/100)
          ^^
NameError: name 'Ql' is not defined. Did you mean: 'Q'?
-- TEST CASE 3:
---- input:
50.0
---- correct output:
258.62
-- ERROR:
Traceback (most recent call last):
  File "XXXX", line 3, in <module>
    V = ((Ql * 2,86) + 50) * (34/100)
          ^^
NameError: name 'Ql' is not defined. Did you mean: 'Q'?
-- TEST CASE 4:
---- input:
87.4
---- correct output:
401.95
-- ERROR:
Traceback (most recent call last):
  File "XXXX", line 3, in <module>
    V = ((Ql * 2,86) + 50) * (34/100)
          ^^
NameError: name 'Ql' is not defined. Did you mean: 'Q'?
-- TEST CASE 5:
---- input:
238.23
---- correct output:
979.99
-- ERROR:
Traceback (most recent call last):
  File "XXXX", line 3, in <module>
    V = ((Ql * 2,86) + 50) * (34/100)
          ^^
NameError: name 'Ql' is not defined. Did you mean: 'Q'?
-- TEST CASE 6:
---- input:
42.68
---- correct output:
230.57
-- ERROR:
Traceback (most recent call last):
  File "XXXX", line 3, in <module>
    V = ((Ql * 2,86) + 50) * (34/100)
          ^^
NameError: name 'Ql' is not defined. Did you mean: 'Q'?
-- GRADE:
0%
*-*-*-*-*-*-*-*-*-*-*-*-*-*-*-*-*-*-*-*-*-*-*-*
== SUBMISSION (2025-08-26 21:33:03)
-- CODE: 
QL = float(input("Insira um valor"))

PL = (Ql * 2,86) + 50

T = PL * (34/100)

print(round(T,2))
-- EXECUTION TIME: 
0.0
-- TEST CASE 1:
---- input:
10.4
---- correct output:
106.86
-- ERROR:
Traceback (most recent call last):
  File "XXXX", line 3, in <module>
    PL = (Ql * 2,86) + 50
          ^^
NameError: name 'Ql' is not defined. Did you mean: 'QL'?
-- TEST CASE 2:
---- input:
148.17
---- correct output:
634.85
-- ERROR:
Traceback (most recent call last):
  File "XXXX", line 3, in <module>
    PL = (Ql * 2,86) + 50
          ^^
NameError: name 'Ql' is not defined. Did you mean: 'QL'?
-- TEST CASE 3:
---- input:
50.0
---- correct output:
258.62
-- ERROR:
Traceback (most recent call last):
  File "XXXX", line 3, in <module>
    PL = (Ql * 2,86) + 50
          ^^
NameError: name 'Ql' is not defined. Did you mean: 'QL'?
-- TEST CASE 4:
---- input:
87.4
---- correct output:
401.95
-- ERROR:
Traceback (most recent call last):
  File "XXXX", line 3, in <module>
    PL = (Ql * 2,86) + 50
          ^^
NameError: name 'Ql' is not defined. Did you mean: 'QL'?
-- TEST CASE 5:
---- input:
238.23
---- correct output:
979.99
-- ERROR:
Traceback (most recent call last):
  File "XXXX", line 3, in <module>
    PL = (Ql * 2,86) + 50
          ^^
NameError: name 'Ql' is not defined. Did you mean: 'QL'?
-- TEST CASE 6:
---- input:
42.68
---- correct output:
230.57
-- ERROR:
Traceback (most recent call last):
  File "XXXX", line 3, in <module>
    PL = (Ql * 2,86) + 50
          ^^
NameError: name 'Ql' is not defined. Did you mean: 'QL'?
-- GRADE:
0%
*-*-*-*-*-*-*-*-*-*-*-*-*-*-*-*-*-*-*-*-*-*-*-*
== SUBMISSION (2025-08-26 21:40:55)
-- CODE: 
Q = float(input("Insira um valor:"))

V = ((Ql * 2,86) + 50) 
VT = V + V * (34/100)

print(round(VT,2))
-- EXECUTION TIME: 
0.0
-- TEST CASE 1:
---- input:
10.4
---- correct output:
106.86
-- ERROR:
Traceback (most recent call last):
  File "XXXX", line 3, in <module>
    V = ((Ql * 2,86) + 50) 
          ^^
NameError: name 'Ql' is not defined. Did you mean: 'Q'?
-- TEST CASE 2:
---- input:
148.17
---- correct output:
634.85
-- ERROR:
Traceback (most recent call last):
  File "XXXX", line 3, in <module>
    V = ((Ql * 2,86) + 50) 
          ^^
NameError: name 'Ql' is not defined. Did you mean: 'Q'?
-- TEST CASE 3:
---- input:
50.0
---- correct output:
258.62
-- ERROR:
Traceback (most recent call last):
  File "XXXX", line 3, in <module>
    V = ((Ql * 2,86) + 50) 
          ^^
NameError: name 'Ql' is not defined. Did you mean: 'Q'?
-- TEST CASE 4:
---- input:
87.4
---- correct output:
401.95
-- ERROR:
Traceback (most recent call last):
  File "XXXX", line 3, in <module>
    V = ((Ql * 2,86) + 50) 
          ^^
NameError: name 'Ql' is not defined. Did you mean: 'Q'?
-- TEST CASE 5:
---- input:
238.23
---- correct output:
979.99
-- ERROR:
Traceback (most recent call last):
  File "XXXX", line 3, in <module>
    V = ((Ql * 2,86) + 50) 
          ^^
NameError: name 'Ql' is not defined. Did you mean: 'Q'?
-- TEST CASE 6:
---- input:
42.68
---- correct output:
230.57
-- ERROR:
Traceback (most recent call last):
  File "XXXX", line 3, in <module>
    V = ((Ql * 2,86) + 50) 
          ^^
NameError: name 'Ql' is not defined. Did you mean: 'Q'?
-- GRADE:
0%
*-*-*-*-*-*-*-*-*-*-*-*-*-*-*-*-*-*-*-*-*-*-*-*
== SUBMISSION (2025-08-26 21:39:58)
-- CODE: 
Q = float(input("Insira um valor:"))

V = ((Ql * 2,86) + 50) * (34/100)

print(round(V,2))
-- EXECUTION TIME: 
0.0
-- TEST CASE 1:
---- input:
10.4
---- correct output:
106.86
-- ERROR:
Traceback (most recent call last):
  File "XXXX", line 3, in <module>
    V = ((Ql * 2,86) + 50) * (34/100)
          ^^
NameError: name 'Ql' is not defined. Did you mean: 'Q'?
-- TEST CASE 2:
---- input:
148.17
---- correct output:
634.85
-- ERROR:
Traceback (most recent call last):
  File "XXXX", line 3, in <module>
    V = ((Ql * 2,86) + 50) * (34/100)
          ^^
NameError: name 'Ql' is not defined. Did you mean: 'Q'?
-- TEST CASE 3:
---- input:
50.0
---- correct output:
258.62
-- ERROR:
Traceback (most recent call last):
  File "XXXX", line 3, in <module>
    V = ((Ql * 2,86) + 50) * (34/100)
          ^^
NameError: name 'Ql' is not defined. Did you mean: 'Q'?
-- TEST CASE 4:
---- input:
87.4
---- correct output:
401.95
-- ERROR:
Traceback (most recent call last):
  File "XXXX", line 3, in <module>
    V = ((Ql * 2,86) + 50) * (34/100)
          ^^
NameError: name 'Ql' is not defined. Did you mean: 'Q'?
-- TEST CASE 5:
---- input:
238.23
---- correct output:
979.99
-- ERROR:
Traceback (most recent call last):
  File "XXXX", line 3, in <module>
    V = ((Ql * 2,86) + 50) * (34/100)
          ^^
NameError: name 'Ql' is not defined. Did you mean: 'Q'?
-- TEST CASE 6:
---- input:
42.68
---- correct output:
230.57
-- ERROR:
Traceback (most recent call last):
  File "XXXX", line 3, in <module>
    V = ((Ql * 2,86) + 50) * (34/100)
          ^^
NameError: name 'Ql' is not defined. Did you mean: 'Q'?
-- GRADE:
0%
*-*-*-*-*-*-*-*-*-*-*-*-*-*-*-*-*-*-*-*-*-*-*-*
== RUN (2025-08-26 21:39:51)
-- CODE: 
Q = float(input("Insira um valor:"))

VT = ((Ql * 2,86) + 50) * (34/100)

print(round(VT,2))
-- EXECUTION TIME: 
0.0
-- TEST CASE 1:
---- input:
10.4
---- correct output:
106.86
-- ERROR:
Traceback (most recent call last):
  File "XXXX", line 3, in <module>
    VT = ((Ql * 2,86) + 50) * (34/100)
           ^^
NameError: name 'Ql' is not defined. Did you mean: 'Q'?
-- TEST CASE 2:
---- input:
148.17
---- correct output:
634.85
-- ERROR:
Traceback (most recent call last):
  File "XXXX", line 3, in <module>
    VT = ((Ql * 2,86) + 50) * (34/100)
           ^^
NameError: name 'Ql' is not defined. Did you mean: 'Q'?
-- TEST CASE 3:
---- input:
50.0
---- correct output:
258.62
-- ERROR:
Traceback (most recent call last):
  File "XXXX", line 3, in <module>
    VT = ((Ql * 2,86) + 50) * (34/100)
           ^^
NameError: name 'Ql' is not defined. Did you mean: 'Q'?
-- TEST CASE 4:
---- input:
87.4
---- correct output:
401.95
-- ERROR:
Traceback (most recent call last):
  File "XXXX", line 3, in <module>
    VT = ((Ql * 2,86) + 50) * (34/100)
           ^^
NameError: name 'Ql' is not defined. Did you mean: 'Q'?
-- TEST CASE 5:
---- input:
238.23
---- correct output:
979.99
-- ERROR:
Traceback (most recent call last):
  File "XXXX", line 3, in <module>
    VT = ((Ql * 2,86) + 50) * (34/100)
           ^^
NameError: name 'Ql' is not defined. Did you mean: 'Q'?
-- TEST CASE 6:
---- input:
42.68
---- correct output:
230.57
-- ERROR:
Traceback (most recent call last):
  File "XXXX", line 3, in <module>
    VT = ((Ql * 2,86) + 50) * (34/100)
           ^^
NameError: name 'Ql' is not defined. Did you mean: 'Q'?
*-*-*-*-*-*-*-*-*-*-*-*-*-*-*-*-*-*-*-*-*-*-*-*
== SUBMISSION (2025-08-26 21:43:43)
-- CODE: 
Q = float(input("Insira um valor:"))

V = Q * 2,86 + 50 
VT = V + V * (34/100)

print(round(VT,2))
-- EXECUTION TIME: 
0.0
-- TEST CASE 1:
---- input:
10.4
---- correct output:
106.86
-- ERROR:
Traceback (most recent call last):
  File "XXXX", line 4, in <module>
    VT = V + V * (34/100)
             ~~^~~~~~~~~~
TypeError: can't multiply sequence by non-int of type 'float'
-- TEST CASE 2:
---- input:
148.17
---- correct output:
634.85
-- ERROR:
Traceback (most recent call last):
  File "XXXX", line 4, in <module>
    VT = V + V * (34/100)
             ~~^~~~~~~~~~
TypeError: can't multiply sequence by non-int of type 'float'
-- TEST CASE 3:
---- input:
50.0
---- correct output:
258.62
-- ERROR:
Traceback (most recent call last):
  File "XXXX", line 4, in <module>
    VT = V + V * (34/100)
             ~~^~~~~~~~~~
TypeError: can't multiply sequence by non-int of type 'float'
-- TEST CASE 4:
---- input:
87.4
---- correct output:
401.95
-- ERROR:
Traceback (most recent call last):
  File "XXXX", line 4, in <module>
    VT = V + V * (34/100)
             ~~^~~~~~~~~~
TypeError: can't multiply sequence by non-int of type 'float'
-- TEST CASE 5:
---- input:
238.23
---- correct output:
979.99
-- ERROR:
Traceback (most recent call last):
  File "XXXX", line 4, in <module>
    VT = V + V * (34/100)
             ~~^~~~~~~~~~
TypeError: can't multiply sequence by non-int of type 'float'
-- TEST CASE 6:
---- input:
42.68
---- correct output:
230.57
-- ERROR:
Traceback (most recent call last):
  File "XXXX", line 4, in <module>
    VT = V + V * (34/100)
             ~~^~~~~~~~~~
TypeError: can't multiply sequence by non-int of type 'float'
-- GRADE:
0%
*-*-*-*-*-*-*-*-*-*-*-*-*-*-*-*-*-*-*-*-*-*-*-*
== RUN (2025-08-26 21:37:55)
-- CODE: 
QL = float(input("Insira um valor:"))

VT = ((Ql * 2,86) + 50) * 34/100

print(round(T,2))
-- EXECUTION TIME: 
0.0
-- TEST CASE 1:
---- input:
10.4
---- correct output:
106.86
-- ERROR:
Traceback (most recent call last):
  File "XXXX", line 3, in <module>
    VT = ((Ql * 2,86) + 50) * 34/100
           ^^
NameError: name 'Ql' is not defined. Did you mean: 'QL'?
-- TEST CASE 2:
---- input:
148.17
---- correct output:
634.85
-- ERROR:
Traceback (most recent call last):
  File "XXXX", line 3, in <module>
    VT = ((Ql * 2,86) + 50) * 34/100
           ^^
NameError: name 'Ql' is not defined. Did you mean: 'QL'?
-- TEST CASE 3:
---- input:
50.0
---- correct output:
258.62
-- ERROR:
Traceback (most recent call last):
  File "XXXX", line 3, in <module>
    VT = ((Ql * 2,86) + 50) * 34/100
           ^^
NameError: name 'Ql' is not defined. Did you mean: 'QL'?
-- TEST CASE 4:
---- input:
87.4
---- correct output:
401.95
-- ERROR:
Traceback (most recent call last):
  File "XXXX", line 3, in <module>
    VT = ((Ql * 2,86) + 50) * 34/100
           ^^
NameError: name 'Ql' is not defined. Did you mean: 'QL'?
-- TEST CASE 5:
---- input:
238.23
---- correct output:
979.99
-- ERROR:
Traceback (most recent call last):
  File "XXXX", line 3, in <module>
    VT = ((Ql * 2,86) + 50) * 34/100
           ^^
NameError: name 'Ql' is not defined. Did you mean: 'QL'?
-- TEST CASE 6:
---- input:
42.68
---- correct output:
230.57
-- ERROR:
Traceback (most recent call last):
  File "XXXX", line 3, in <module>
    VT = ((Ql * 2,86) + 50) * 34/100
           ^^
NameError: name 'Ql' is not defined. Did you mean: 'QL'?
*-*-*-*-*-*-*-*-*-*-*-*-*-*-*-*-*-*-*-*-*-*-*-*
== RUN (2025-08-26 21:40:56)
-- CODE: 
Q = float(input("Insira um valor:"))

V = ((Ql * 2,86) + 50) 
VT = V + V * (34/100)

print(round(VT,2))
-- EXECUTION TIME: 
0.0
-- TEST CASE 1:
---- input:
10.4
---- correct output:
106.86
-- ERROR:
Traceback (most recent call last):
  File "XXXX", line 3, in <module>
    V = ((Ql * 2,86) + 50) 
          ^^
NameError: name 'Ql' is not defined. Did you mean: 'Q'?
-- TEST CASE 2:
---- input:
148.17
---- correct output:
634.85
-- ERROR:
Traceback (most recent call last):
  File "XXXX", line 3, in <module>
    V = ((Ql * 2,86) + 50) 
          ^^
NameError: name 'Ql' is not defined. Did you mean: 'Q'?
-- TEST CASE 3:
---- input:
50.0
---- correct output:
258.62
-- ERROR:
Traceback (most recent call last):
  File "XXXX", line 3, in <module>
    V = ((Ql * 2,86) + 50) 
          ^^
NameError: name 'Ql' is not defined. Did you mean: 'Q'?
-- TEST CASE 4:
---- input:
87.4
---- correct output:
401.95
-- ERROR:
Traceback (most recent call last):
  File "XXXX", line 3, in <module>
    V = ((Ql * 2,86) + 50) 
          ^^
NameError: name 'Ql' is not defined. Did you mean: 'Q'?
-- TEST CASE 5:
---- input:
238.23
---- correct output:
979.99
-- ERROR:
Traceback (most recent call last):
  File "XXXX", line 3, in <module>
    V = ((Ql * 2,86) + 50) 
          ^^
NameError: name 'Ql' is not defined. Did you mean: 'Q'?
-- TEST CASE 6:
---- input:
42.68
---- correct output:
230.57
-- ERROR:
Traceback (most recent call last):
  File "XXXX", line 3, in <module>
    V = ((Ql * 2,86) + 50) 
          ^^
NameError: name 'Ql' is not defined. Did you mean: 'Q'?
*-*-*-*-*-*-*-*-*-*-*-*-*-*-*-*-*-*-*-*-*-*-*-*
== SUBMISSION (2025-08-26 21:40:56)
-- CODE: 
Q = float(input("Insira um valor:"))

V = ((Ql * 2,86) + 50) 
VT = V + V * (34/100)

print(round(VT,2))
-- EXECUTION TIME: 
0.0
-- TEST CASE 1:
---- input:
10.4
---- correct output:
106.86
-- ERROR:
Traceback (most recent call last):
  File "XXXX", line 3, in <module>
    V = ((Ql * 2,86) + 50) 
          ^^
NameError: name 'Ql' is not defined. Did you mean: 'Q'?
-- TEST CASE 2:
---- input:
148.17
---- correct output:
634.85
-- ERROR:
Traceback (most recent call last):
  File "XXXX", line 3, in <module>
    V = ((Ql * 2,86) + 50) 
          ^^
NameError: name 'Ql' is not defined. Did you mean: 'Q'?
-- TEST CASE 3:
---- input:
50.0
---- correct output:
258.62
-- ERROR:
Traceback (most recent call last):
  File "XXXX", line 3, in <module>
    V = ((Ql * 2,86) + 50) 
          ^^
NameError: name 'Ql' is not defined. Did you mean: 'Q'?
-- TEST CASE 4:
---- input:
87.4
---- correct output:
401.95
-- ERROR:
Traceback (most recent call last):
  File "XXXX", line 3, in <module>
    V = ((Ql * 2,86) + 50) 
          ^^
NameError: name 'Ql' is not defined. Did you mean: 'Q'?
-- TEST CASE 5:
---- input:
238.23
---- correct output:
979.99
-- ERROR:
Traceback (most recent call last):
  File "XXXX", line 3, in <module>
    V = ((Ql * 2,86) + 50) 
          ^^
NameError: name 'Ql' is not defined. Did you mean: 'Q'?
-- TEST CASE 6:
---- input:
42.68
---- correct output:
230.57
-- ERROR:
Traceback (most recent call last):
  File "XXXX", line 3, in <module>
    V = ((Ql * 2,86) + 50) 
          ^^
NameError: name 'Ql' is not defined. Did you mean: 'Q'?
-- GRADE:
0%
*-*-*-*-*-*-*-*-*-*-*-*-*-*-*-*-*-*-*-*-*-*-*-*
== RUN (2025-08-26 21:38:38)
-- CODE: 
QL = float(input("Insira um valor:"))

VT = ((Ql * 2,86) + 50) * (34/100)

print(round(T,2))
-- EXECUTION TIME: 
0.0
-- TEST CASE 1:
---- input:
10.4
---- correct output:
106.86
-- ERROR:
Traceback (most recent call last):
  File "XXXX", line 3, in <module>
    VT = ((Ql * 2,86) + 50) * (34/100)
           ^^
NameError: name 'Ql' is not defined. Did you mean: 'QL'?
-- TEST CASE 2:
---- input:
148.17
---- correct output:
634.85
-- ERROR:
Traceback (most recent call last):
  File "XXXX", line 3, in <module>
    VT = ((Ql * 2,86) + 50) * (34/100)
           ^^
NameError: name 'Ql' is not defined. Did you mean: 'QL'?
-- TEST CASE 3:
---- input:
50.0
---- correct output:
258.62
-- ERROR:
Traceback (most recent call last):
  File "XXXX", line 3, in <module>
    VT = ((Ql * 2,86) + 50) * (34/100)
           ^^
NameError: name 'Ql' is not defined. Did you mean: 'QL'?
-- TEST CASE 4:
---- input:
87.4
---- correct output:
401.95
-- ERROR:
Traceback (most recent call last):
  File "XXXX", line 3, in <module>
    VT = ((Ql * 2,86) + 50) * (34/100)
           ^^
NameError: name 'Ql' is not defined. Did you mean: 'QL'?
-- TEST CASE 5:
---- input:
238.23
---- correct output:
979.99
-- ERROR:
Traceback (most recent call last):
  File "XXXX", line 3, in <module>
    VT = ((Ql * 2,86) + 50) * (34/100)
           ^^
NameError: name 'Ql' is not defined. Did you mean: 'QL'?
-- TEST CASE 6:
---- input:
42.68
---- correct output:
230.57
-- ERROR:
Traceback (most recent call last):
  File "XXXX", line 3, in <module>
    VT = ((Ql * 2,86) + 50) * (34/100)
           ^^
NameError: name 'Ql' is not defined. Did you mean: 'QL'?
*-*-*-*-*-*-*-*-*-*-*-*-*-*-*-*-*-*-*-*-*-*-*-*
== RUN (2025-08-26 21:39:33)
-- CODE: 
QL = float(input("Insira um valor:"))

VT = ((Ql * 2,86) + 50) * (34/100)

print(round(VT,2))
-- EXECUTION TIME: 
0.0
-- TEST CASE 1:
---- input:
10.4
---- correct output:
106.86
-- ERROR:
Traceback (most recent call last):
  File "XXXX", line 3, in <module>
    VT = ((Ql * 2,86) + 50) * (34/100)
           ^^
NameError: name 'Ql' is not defined. Did you mean: 'QL'?
-- TEST CASE 2:
---- input:
148.17
---- correct output:
634.85
-- ERROR:
Traceback (most recent call last):
  File "XXXX", line 3, in <module>
    VT = ((Ql * 2,86) + 50) * (34/100)
           ^^
NameError: name 'Ql' is not defined. Did you mean: 'QL'?
-- TEST CASE 3:
---- input:
50.0
---- correct output:
258.62
-- ERROR:
Traceback (most recent call last):
  File "XXXX", line 3, in <module>
    VT = ((Ql * 2,86) + 50) * (34/100)
           ^^
NameError: name 'Ql' is not defined. Did you mean: 'QL'?
-- TEST CASE 4:
---- input:
87.4
---- correct output:
401.95
-- ERROR:
Traceback (most recent call last):
  File "XXXX", line 3, in <module>
    VT = ((Ql * 2,86) + 50) * (34/100)
           ^^
NameError: name 'Ql' is not defined. Did you mean: 'QL'?
-- TEST CASE 5:
---- input:
238.23
---- correct output:
979.99
-- ERROR:
Traceback (most recent call last):
  File "XXXX", line 3, in <module>
    VT = ((Ql * 2,86) + 50) * (34/100)
           ^^
NameError: name 'Ql' is not defined. Did you mean: 'QL'?
-- TEST CASE 6:
---- input:
42.68
---- correct output:
230.57
-- ERROR:
Traceback (most recent call last):
  File "XXXX", line 3, in <module>
    VT = ((Ql * 2,86) + 50) * (34/100)
           ^^
NameError: name 'Ql' is not defined. Did you mean: 'QL'?
*-*-*-*-*-*-*-*-*-*-*-*-*-*-*-*-*-*-*-*-*-*-*-*
== RUN (2025-08-26 21:31:33)
-- CODE: 
 QL = float(input("Insira um valor"))
PL = (Ql * 2,86) + 50
T = PL + PL * (34/100)
print(round(T,2))
-- EXECUTION TIME: 
0.0
-- TEST CASE 1:
---- input:
10.4
---- correct output:
106.86
-- ERROR:
File "XXXX", line 1
    QL = float(input("Insira um valor"))
IndentationError: unexpected indent
-- TEST CASE 2:
---- input:
148.17
---- correct output:
634.85
-- ERROR:
File "XXXX", line 1
    QL = float(input("Insira um valor"))
IndentationError: unexpected indent
-- TEST CASE 3:
---- input:
50.0
---- correct output:
258.62
-- ERROR:
File "XXXX", line 1
    QL = float(input("Insira um valor"))
IndentationError: unexpected indent
-- TEST CASE 4:
---- input:
87.4
---- correct output:
401.95
-- ERROR:
File "XXXX", line 1
    QL = float(input("Insira um valor"))
IndentationError: unexpected indent
-- TEST CASE 5:
---- input:
238.23
---- correct output:
979.99
-- ERROR:
File "XXXX", line 1
    QL = float(input("Insira um valor"))
IndentationError: unexpected indent
-- TEST CASE 6:
---- input:
42.68
---- correct output:
230.57
-- ERROR:
File "XXXX", line 1
    QL = float(input("Insira um valor"))
IndentationError: unexpected indent
*-*-*-*-*-*-*-*-*-*-*-*-*-*-*-*-*-*-*-*-*-*-*-*
== SUBMISSION (2025-08-26 21:43:43)
-- CODE: 
Q = float(input("Insira um valor:"))

V = Q * 2,86 + 50 
VT = V + V * (34/100)

print(round(VT,2))
-- EXECUTION TIME: 
0.0
-- TEST CASE 1:
---- input:
10.4
---- correct output:
106.86
-- ERROR:
Traceback (most recent call last):
  File "XXXX", line 4, in <module>
    VT = V + V * (34/100)
             ~~^~~~~~~~~~
TypeError: can't multiply sequence by non-int of type 'float'
-- TEST CASE 2:
---- input:
148.17
---- correct output:
634.85
-- ERROR:
Traceback (most recent call last):
  File "XXXX", line 4, in <module>
    VT = V + V * (34/100)
             ~~^~~~~~~~~~
TypeError: can't multiply sequence by non-int of type 'float'
-- TEST CASE 3:
---- input:
50.0
---- correct output:
258.62
-- ERROR:
Traceback (most recent call last):
  File "XXXX", line 4, in <module>
    VT = V + V * (34/100)
             ~~^~~~~~~~~~
TypeError: can't multiply sequence by non-int of type 'float'
-- TEST CASE 4:
---- input:
87.4
---- correct output:
401.95
-- ERROR:
Traceback (most recent call last):
  File "XXXX", line 4, in <module>
    VT = V + V * (34/100)
             ~~^~~~~~~~~~
TypeError: can't multiply sequence by non-int of type 'float'
-- TEST CASE 5:
---- input:
238.23
---- correct output:
979.99
-- ERROR:
Traceback (most recent call last):
  File "XXXX", line 4, in <module>
    VT = V + V * (34/100)
             ~~^~~~~~~~~~
TypeError: can't multiply sequence by non-int of type 'float'
-- TEST CASE 6:
---- input:
42.68
---- correct output:
230.57
-- ERROR:
Traceback (most recent call last):
  File "XXXX", line 4, in <module>
    VT = V + V * (34/100)
             ~~^~~~~~~~~~
TypeError: can't multiply sequence by non-int of type 'float'
-- GRADE:
0%
*-*-*-*-*-*-*-*-*-*-*-*-*-*-*-*-*-*-*-*-*-*-*-*
== SUBMISSION (2025-08-26 21:33:02)
-- CODE: 
QL = float(input("Insira um valor"))

PL = (Ql * 2,86) + 50

T = PL * (34/100)

print(round(T,2))
-- EXECUTION TIME: 
0.0
-- TEST CASE 1:
---- input:
10.4
---- correct output:
106.86
-- ERROR:
Traceback (most recent call last):
  File "XXXX", line 3, in <module>
    PL = (Ql * 2,86) + 50
          ^^
NameError: name 'Ql' is not defined. Did you mean: 'QL'?
-- TEST CASE 2:
---- input:
148.17
---- correct output:
634.85
-- ERROR:
Traceback (most recent call last):
  File "XXXX", line 3, in <module>
    PL = (Ql * 2,86) + 50
          ^^
NameError: name 'Ql' is not defined. Did you mean: 'QL'?
-- TEST CASE 3:
---- input:
50.0
---- correct output:
258.62
-- ERROR:
Traceback (most recent call last):
  File "XXXX", line 3, in <module>
    PL = (Ql * 2,86) + 50
          ^^
NameError: name 'Ql' is not defined. Did you mean: 'QL'?
-- TEST CASE 4:
---- input:
87.4
---- correct output:
401.95
-- ERROR:
Traceback (most recent call last):
  File "XXXX", line 3, in <module>
    PL = (Ql * 2,86) + 50
          ^^
NameError: name 'Ql' is not defined. Did you mean: 'QL'?
-- TEST CASE 5:
---- input:
238.23
---- correct output:
979.99
-- ERROR:
Traceback (most recent call last):
  File "XXXX", line 3, in <module>
    PL = (Ql * 2,86) + 50
          ^^
NameError: name 'Ql' is not defined. Did you mean: 'QL'?
-- TEST CASE 6:
---- input:
42.68
---- correct output:
230.57
-- ERROR:
Traceback (most recent call last):
  File "XXXX", line 3, in <module>
    PL = (Ql * 2,86) + 50
          ^^
NameError: name 'Ql' is not defined. Did you mean: 'QL'?
-- GRADE:
0%
*-*-*-*-*-*-*-*-*-*-*-*-*-*-*-*-*-*-*-*-*-*-*-*
== RUN (2025-08-26 21:31:35)
-- CODE: 
 QL = float(input("Insira um valor"))
PL = (Ql * 2,86) + 50
T = PL + PL * (34/100)
print(round(T,2))
-- EXECUTION TIME: 
0.0
-- TEST CASE 1:
---- input:
10.4
---- correct output:
106.86
-- ERROR:
File "XXXX", line 1
    QL = float(input("Insira um valor"))
IndentationError: unexpected indent
-- TEST CASE 2:
---- input:
148.17
---- correct output:
634.85
-- ERROR:
File "XXXX", line 1
    QL = float(input("Insira um valor"))
IndentationError: unexpected indent
-- TEST CASE 3:
---- input:
50.0
---- correct output:
258.62
-- ERROR:
File "XXXX", line 1
    QL = float(input("Insira um valor"))
IndentationError: unexpected indent
-- TEST CASE 4:
---- input:
87.4
---- correct output:
401.95
-- ERROR:
File "XXXX", line 1
    QL = float(input("Insira um valor"))
IndentationError: unexpected indent
-- TEST CASE 5:
---- input:
238.23
---- correct output:
979.99
-- ERROR:
File "XXXX", line 1
    QL = float(input("Insira um valor"))
IndentationError: unexpected indent
-- TEST CASE 6:
---- input:
42.68
---- correct output:
230.57
-- ERROR:
File "XXXX", line 1
    QL = float(input("Insira um valor"))
IndentationError: unexpected indent
*-*-*-*-*-*-*-*-*-*-*-*-*-*-*-*-*-*-*-*-*-*-*-*
== SUBMISSION (2025-08-26 21:39:50)
-- CODE: 
Q = float(input("Insira um valor:"))

VT = ((Ql * 2,86) + 50) * (34/100)

print(round(VT,2))
-- EXECUTION TIME: 
0.0
-- TEST CASE 1:
---- input:
10.4
---- correct output:
106.86
-- ERROR:
Traceback (most recent call last):
  File "XXXX", line 3, in <module>
    VT = ((Ql * 2,86) + 50) * (34/100)
           ^^
NameError: name 'Ql' is not defined. Did you mean: 'Q'?
-- TEST CASE 2:
---- input:
148.17
---- correct output:
634.85
-- ERROR:
Traceback (most recent call last):
  File "XXXX", line 3, in <module>
    VT = ((Ql * 2,86) + 50) * (34/100)
           ^^
NameError: name 'Ql' is not defined. Did you mean: 'Q'?
-- TEST CASE 3:
---- input:
50.0
---- correct output:
258.62
-- ERROR:
Traceback (most recent call last):
  File "XXXX", line 3, in <module>
    VT = ((Ql * 2,86) + 50) * (34/100)
           ^^
NameError: name 'Ql' is not defined. Did you mean: 'Q'?
-- TEST CASE 4:
---- input:
87.4
---- correct output:
401.95
-- ERROR:
Traceback (most recent call last):
  File "XXXX", line 3, in <module>
    VT = ((Ql * 2,86) + 50) * (34/100)
           ^^
NameError: name 'Ql' is not defined. Did you mean: 'Q'?
-- TEST CASE 5:
---- input:
238.23
---- correct output:
979.99
-- ERROR:
Traceback (most recent call last):
  File "XXXX", line 3, in <module>
    VT = ((Ql * 2,86) + 50) * (34/100)
           ^^
NameError: name 'Ql' is not defined. Did you mean: 'Q'?
-- TEST CASE 6:
---- input:
42.68
---- correct output:
230.57
-- ERROR:
Traceback (most recent call last):
  File "XXXX", line 3, in <module>
    VT = ((Ql * 2,86) + 50) * (34/100)
           ^^
NameError: name 'Ql' is not defined. Did you mean: 'Q'?
-- GRADE:
0%
*-*-*-*-*-*-*-*-*-*-*-*-*-*-*-*-*-*-*-*-*-*-*-*
== RUN (2025-08-26 21:33:04)
-- CODE: 
QL = float(input("Insira um valor"))

PL = (Ql * 2,86) + 50

T = PL * (34/100)

print(round(T,2))
-- EXECUTION TIME: 
0.0
-- TEST CASE 1:
---- input:
10.4
---- correct output:
106.86
-- ERROR:
Traceback (most recent call last):
  File "XXXX", line 3, in <module>
    PL = (Ql * 2,86) + 50
          ^^
NameError: name 'Ql' is not defined. Did you mean: 'QL'?
-- TEST CASE 2:
---- input:
148.17
---- correct output:
634.85
-- ERROR:
Traceback (most recent call last):
  File "XXXX", line 3, in <module>
    PL = (Ql * 2,86) + 50
          ^^
NameError: name 'Ql' is not defined. Did you mean: 'QL'?
-- TEST CASE 3:
---- input:
50.0
---- correct output:
258.62
-- ERROR:
Traceback (most recent call last):
  File "XXXX", line 3, in <module>
    PL = (Ql * 2,86) + 50
          ^^
NameError: name 'Ql' is not defined. Did you mean: 'QL'?
-- TEST CASE 4:
---- input:
87.4
---- correct output:
401.95
-- ERROR:
Traceback (most recent call last):
  File "XXXX", line 3, in <module>
    PL = (Ql * 2,86) + 50
          ^^
NameError: name 'Ql' is not defined. Did you mean: 'QL'?
-- TEST CASE 5:
---- input:
238.23
---- correct output:
979.99
-- ERROR:
Traceback (most recent call last):
  File "XXXX", line 3, in <module>
    PL = (Ql * 2,86) + 50
          ^^
NameError: name 'Ql' is not defined. Did you mean: 'QL'?
-- TEST CASE 6:
---- input:
42.68
---- correct output:
230.57
-- ERROR:
Traceback (most recent call last):
  File "XXXX", line 3, in <module>
    PL = (Ql * 2,86) + 50
          ^^
NameError: name 'Ql' is not defined. Did you mean: 'QL'?
*-*-*-*-*-*-*-*-*-*-*-*-*-*-*-*-*-*-*-*-*-*-*-*
== SUBMISSION (2025-08-26 21:38:38)
-- CODE: 
QL = float(input("Insira um valor:"))

VT = ((Ql * 2,86) + 50) * (34/100)

print(round(T,2))
-- EXECUTION TIME: 
0.0
-- TEST CASE 1:
---- input:
10.4
---- correct output:
106.86
-- ERROR:
Traceback (most recent call last):
  File "XXXX", line 3, in <module>
    VT = ((Ql * 2,86) + 50) * (34/100)
           ^^
NameError: name 'Ql' is not defined. Did you mean: 'QL'?
-- TEST CASE 2:
---- input:
148.17
---- correct output:
634.85
-- ERROR:
Traceback (most recent call last):
  File "XXXX", line 3, in <module>
    VT = ((Ql * 2,86) + 50) * (34/100)
           ^^
NameError: name 'Ql' is not defined. Did you mean: 'QL'?
-- TEST CASE 3:
---- input:
50.0
---- correct output:
258.62
-- ERROR:
Traceback (most recent call last):
  File "XXXX", line 3, in <module>
    VT = ((Ql * 2,86) + 50) * (34/100)
           ^^
NameError: name 'Ql' is not defined. Did you mean: 'QL'?
-- TEST CASE 4:
---- input:
87.4
---- correct output:
401.95
-- ERROR:
Traceback (most recent call last):
  File "XXXX", line 3, in <module>
    VT = ((Ql * 2,86) + 50) * (34/100)
           ^^
NameError: name 'Ql' is not defined. Did you mean: 'QL'?
-- TEST CASE 5:
---- input:
238.23
---- correct output:
979.99
-- ERROR:
Traceback (most recent call last):
  File "XXXX", line 3, in <module>
    VT = ((Ql * 2,86) + 50) * (34/100)
           ^^
NameError: name 'Ql' is not defined. Did you mean: 'QL'?
-- TEST CASE 6:
---- input:
42.68
---- correct output:
230.57
-- ERROR:
Traceback (most recent call last):
  File "XXXX", line 3, in <module>
    VT = ((Ql * 2,86) + 50) * (34/100)
           ^^
NameError: name 'Ql' is not defined. Did you mean: 'QL'?
-- GRADE:
0%
*-*-*-*-*-*-*-*-*-*-*-*-*-*-*-*-*-*-*-*-*-*-*-*
== SUBMISSION (2025-08-26 21:44:30)
-- CODE: 
Q = float(input("Insira um valor:"))

V = Q * 2.86 + 50.00
VT = V + V * (34/100)

print(round(VT,2))
-- EXECUTION TIME: 
0.01
-- TEST CASE 1:
---- input:
10.4
---- correct output:
106.86
---- user output:
Insira um valor:106.86
-- TEST CASE 2:
---- input:
148.17
---- correct output:
634.85
---- user output:
Insira um valor:634.85
-- TEST CASE 3:
---- input:
50.0
---- correct output:
258.62
---- user output:
Insira um valor:258.62
-- TEST CASE 4:
---- input:
87.4
---- correct output:
401.95
---- user output:
Insira um valor:401.95
-- TEST CASE 5:
---- input:
238.23
---- correct output:
979.99
---- user output:
Insira um valor:979.99
-- TEST CASE 6:
---- input:
42.68
---- correct output:
230.57
---- user output:
Insira um valor:230.57
-- GRADE:
100%
*-*-*-*-*-*-*-*-*-*-*-*-*-*-*-*-*-*-*-*-*-*-*-*
== RUN (2025-08-26 21:37:09)
-- CODE: 
QL = float(input("Insira um valor"))

VT = ((Ql * 2,86) + 50) * 34/100

print(round(T,2))
-- EXECUTION TIME: 
0.0
-- TEST CASE 1:
---- input:
10.4
---- correct output:
106.86
-- ERROR:
Traceback (most recent call last):
  File "XXXX", line 3, in <module>
    VT = ((Ql * 2,86) + 50) * 34/100
           ^^
NameError: name 'Ql' is not defined. Did you mean: 'QL'?
-- TEST CASE 2:
---- input:
148.17
---- correct output:
634.85
-- ERROR:
Traceback (most recent call last):
  File "XXXX", line 3, in <module>
    VT = ((Ql * 2,86) + 50) * 34/100
           ^^
NameError: name 'Ql' is not defined. Did you mean: 'QL'?
-- TEST CASE 3:
---- input:
50.0
---- correct output:
258.62
-- ERROR:
Traceback (most recent call last):
  File "XXXX", line 3, in <module>
    VT = ((Ql * 2,86) + 50) * 34/100
           ^^
NameError: name 'Ql' is not defined. Did you mean: 'QL'?
-- TEST CASE 4:
---- input:
87.4
---- correct output:
401.95
-- ERROR:
Traceback (most recent call last):
  File "XXXX", line 3, in <module>
    VT = ((Ql * 2,86) + 50) * 34/100
           ^^
NameError: name 'Ql' is not defined. Did you mean: 'QL'?
-- TEST CASE 5:
---- input:
238.23
---- correct output:
979.99
-- ERROR:
Traceback (most recent call last):
  File "XXXX", line 3, in <module>
    VT = ((Ql * 2,86) + 50) * 34/100
           ^^
NameError: name 'Ql' is not defined. Did you mean: 'QL'?
-- TEST CASE 6:
---- input:
42.68
---- correct output:
230.57
-- ERROR:
Traceback (most recent call last):
  File "XXXX", line 3, in <module>
    VT = ((Ql * 2,86) + 50) * 34/100
           ^^
NameError: name 'Ql' is not defined. Did you mean: 'QL'?
*-*-*-*-*-*-*-*-*-*-*-*-*-*-*-*-*-*-*-*-*-*-*-*
== RUN (2025-08-26 21:31:45)
-- CODE: 
 QL = float(input("Insira um valor"))
PL = (Ql * 2,86) + 50
T = PL * (34/100)
print(round(T,2))
-- EXECUTION TIME: 
0.0
-- TEST CASE 1:
---- input:
10.4
---- correct output:
106.86
-- ERROR:
File "XXXX", line 1
    QL = float(input("Insira um valor"))
IndentationError: unexpected indent
-- TEST CASE 2:
---- input:
148.17
---- correct output:
634.85
-- ERROR:
File "XXXX", line 1
    QL = float(input("Insira um valor"))
IndentationError: unexpected indent
-- TEST CASE 3:
---- input:
50.0
---- correct output:
258.62
-- ERROR:
File "XXXX", line 1
    QL = float(input("Insira um valor"))
IndentationError: unexpected indent
-- TEST CASE 4:
---- input:
87.4
---- correct output:
401.95
-- ERROR:
File "XXXX", line 1
    QL = float(input("Insira um valor"))
IndentationError: unexpected indent
-- TEST CASE 5:
---- input:
238.23
---- correct output:
979.99
-- ERROR:
File "XXXX", line 1
    QL = float(input("Insira um valor"))
IndentationError: unexpected indent
-- TEST CASE 6:
---- input:
42.68
---- correct output:
230.57
-- ERROR:
File "XXXX", line 1
    QL = float(input("Insira um valor"))
IndentationError: unexpected indent
*-*-*-*-*-*-*-*-*-*-*-*-*-*-*-*-*-*-*-*-*-*-*-*
== SUBMISSION (2025-08-26 21:31:44)
-- CODE: 
 QL = float(input("Insira um valor"))
PL = (Ql * 2,86) + 50
T = PL * (34/100)
print(round(T,2))
-- EXECUTION TIME: 
0.0
-- TEST CASE 1:
---- input:
10.4
---- correct output:
106.86
-- ERROR:
File "XXXX", line 1
    QL = float(input("Insira um valor"))
IndentationError: unexpected indent
-- TEST CASE 2:
---- input:
148.17
---- correct output:
634.85
-- ERROR:
File "XXXX", line 1
    QL = float(input("Insira um valor"))
IndentationError: unexpected indent
-- TEST CASE 3:
---- input:
50.0
---- correct output:
258.62
-- ERROR:
File "XXXX", line 1
    QL = float(input("Insira um valor"))
IndentationError: unexpected indent
-- TEST CASE 4:
---- input:
87.4
---- correct output:
401.95
-- ERROR:
File "XXXX", line 1
    QL = float(input("Insira um valor"))
IndentationError: unexpected indent
-- TEST CASE 5:
---- input:
238.23
---- correct output:
979.99
-- ERROR:
File "XXXX", line 1
    QL = float(input("Insira um valor"))
IndentationError: unexpected indent
-- TEST CASE 6:
---- input:
42.68
---- correct output:
230.57
-- ERROR:
File "XXXX", line 1
    QL = float(input("Insira um valor"))
IndentationError: unexpected indent
-- GRADE:
0%
*-*-*-*-*-*-*-*-*-*-*-*-*-*-*-*-*-*-*-*-*-*-*-*
== RUN (2025-08-26 21:38:46)
-- CODE: 
QL = float(input("Insira um valor:"))

VT = ((Ql * 2,86) + 50) * (34/100)

print(round(T,2))
-- EXECUTION TIME: 
0.0
-- TEST CASE 1:
---- input:
10.4
---- correct output:
106.86
-- ERROR:
Traceback (most recent call last):
  File "XXXX", line 3, in <module>
    VT = ((Ql * 2,86) + 50) * (34/100)
           ^^
NameError: name 'Ql' is not defined. Did you mean: 'QL'?
-- TEST CASE 2:
---- input:
148.17
---- correct output:
634.85
-- ERROR:
Traceback (most recent call last):
  File "XXXX", line 3, in <module>
    VT = ((Ql * 2,86) + 50) * (34/100)
           ^^
NameError: name 'Ql' is not defined. Did you mean: 'QL'?
-- TEST CASE 3:
---- input:
50.0
---- correct output:
258.62
-- ERROR:
Traceback (most recent call last):
  File "XXXX", line 3, in <module>
    VT = ((Ql * 2,86) + 50) * (34/100)
           ^^
NameError: name 'Ql' is not defined. Did you mean: 'QL'?
-- TEST CASE 4:
---- input:
87.4
---- correct output:
401.95
-- ERROR:
Traceback (most recent call last):
  File "XXXX", line 3, in <module>
    VT = ((Ql * 2,86) + 50) * (34/100)
           ^^
NameError: name 'Ql' is not defined. Did you mean: 'QL'?
-- TEST CASE 5:
---- input:
238.23
---- correct output:
979.99
-- ERROR:
Traceback (most recent call last):
  File "XXXX", line 3, in <module>
    VT = ((Ql * 2,86) + 50) * (34/100)
           ^^
NameError: name 'Ql' is not defined. Did you mean: 'QL'?
-- TEST CASE 6:
---- input:
42.68
---- correct output:
230.57
-- ERROR:
Traceback (most recent call last):
  File "XXXX", line 3, in <module>
    VT = ((Ql * 2,86) + 50) * (34/100)
           ^^
NameError: name 'Ql' is not defined. Did you mean: 'QL'?
*-*-*-*-*-*-*-*-*-*-*-*-*-*-*-*-*-*-*-*-*-*-*-*
== RUN (2025-08-26 21:31:37)
-- CODE: 
 QL = float(input("Insira um valor"))
PL = (Ql * 2,86) + 50
T = PL + PL * (34/100)
print(round(T,2))
-- EXECUTION TIME: 
0.0
-- TEST CASE 1:
---- input:
10.4
---- correct output:
106.86
-- ERROR:
File "XXXX", line 1
    QL = float(input("Insira um valor"))
IndentationError: unexpected indent
-- TEST CASE 2:
---- input:
148.17
---- correct output:
634.85
-- ERROR:
File "XXXX", line 1
    QL = float(input("Insira um valor"))
IndentationError: unexpected indent
-- TEST CASE 3:
---- input:
50.0
---- correct output:
258.62
-- ERROR:
File "XXXX", line 1
    QL = float(input("Insira um valor"))
IndentationError: unexpected indent
-- TEST CASE 4:
---- input:
87.4
---- correct output:
401.95
-- ERROR:
File "XXXX", line 1
    QL = float(input("Insira um valor"))
IndentationError: unexpected indent
-- TEST CASE 5:
---- input:
238.23
---- correct output:
979.99
-- ERROR:
File "XXXX", line 1
    QL = float(input("Insira um valor"))
IndentationError: unexpected indent
-- TEST CASE 6:
---- input:
42.68
---- correct output:
230.57
-- ERROR:
File "XXXX", line 1
    QL = float(input("Insira um valor"))
IndentationError: unexpected indent
*-*-*-*-*-*-*-*-*-*-*-*-*-*-*-*-*-*-*-*-*-*-*-*
== SUBMISSION (2025-08-26 21:43:57)
-- CODE: 
Q = float(input("Insira um valor:"))

V = Q * 2,86 + 50,00
VT = V + V * (34/100)

print(round(VT,2))
-- EXECUTION TIME: 
0.0
-- TEST CASE 1:
---- input:
10.4
---- correct output:
106.86
-- ERROR:
Traceback (most recent call last):
  File "XXXX", line 4, in <module>
    VT = V + V * (34/100)
             ~~^~~~~~~~~~
TypeError: can't multiply sequence by non-int of type 'float'
-- TEST CASE 2:
---- input:
148.17
---- correct output:
634.85
-- ERROR:
Traceback (most recent call last):
  File "XXXX", line 4, in <module>
    VT = V + V * (34/100)
             ~~^~~~~~~~~~
TypeError: can't multiply sequence by non-int of type 'float'
-- TEST CASE 3:
---- input:
50.0
---- correct output:
258.62
-- ERROR:
Traceback (most recent call last):
  File "XXXX", line 4, in <module>
    VT = V + V * (34/100)
             ~~^~~~~~~~~~
TypeError: can't multiply sequence by non-int of type 'float'
-- TEST CASE 4:
---- input:
87.4
---- correct output:
401.95
-- ERROR:
Traceback (most recent call last):
  File "XXXX", line 4, in <module>
    VT = V + V * (34/100)
             ~~^~~~~~~~~~
TypeError: can't multiply sequence by non-int of type 'float'
-- TEST CASE 5:
---- input:
238.23
---- correct output:
979.99
-- ERROR:
Traceback (most recent call last):
  File "XXXX", line 4, in <module>
    VT = V + V * (34/100)
             ~~^~~~~~~~~~
TypeError: can't multiply sequence by non-int of type 'float'
-- TEST CASE 6:
---- input:
42.68
---- correct output:
230.57
-- ERROR:
Traceback (most recent call last):
  File "XXXX", line 4, in <module>
    VT = V + V * (34/100)
             ~~^~~~~~~~~~
TypeError: can't multiply sequence by non-int of type 'float'
-- GRADE:
0%
*-*-*-*-*-*-*-*-*-*-*-*-*-*-*-*-*-*-*-*-*-*-*-*
== SUBMISSION (2025-08-26 21:37:54)
-- CODE: 
QL = float(input("Insira um valor:"))

VT = ((Ql * 2,86) + 50) * 34/100

print(round(T,2))
-- EXECUTION TIME: 
0.0
-- TEST CASE 1:
---- input:
10.4
---- correct output:
106.86
-- ERROR:
Traceback (most recent call last):
  File "XXXX", line 3, in <module>
    VT = ((Ql * 2,86) + 50) * 34/100
           ^^
NameError: name 'Ql' is not defined. Did you mean: 'QL'?
-- TEST CASE 2:
---- input:
148.17
---- correct output:
634.85
-- ERROR:
Traceback (most recent call last):
  File "XXXX", line 3, in <module>
    VT = ((Ql * 2,86) + 50) * 34/100
           ^^
NameError: name 'Ql' is not defined. Did you mean: 'QL'?
-- TEST CASE 3:
---- input:
50.0
---- correct output:
258.62
-- ERROR:
Traceback (most recent call last):
  File "XXXX", line 3, in <module>
    VT = ((Ql * 2,86) + 50) * 34/100
           ^^
NameError: name 'Ql' is not defined. Did you mean: 'QL'?
-- TEST CASE 4:
---- input:
87.4
---- correct output:
401.95
-- ERROR:
Traceback (most recent call last):
  File "XXXX", line 3, in <module>
    VT = ((Ql * 2,86) + 50) * 34/100
           ^^
NameError: name 'Ql' is not defined. Did you mean: 'QL'?
-- TEST CASE 5:
---- input:
238.23
---- correct output:
979.99
-- ERROR:
Traceback (most recent call last):
  File "XXXX", line 3, in <module>
    VT = ((Ql * 2,86) + 50) * 34/100
           ^^
NameError: name 'Ql' is not defined. Did you mean: 'QL'?
-- TEST CASE 6:
---- input:
42.68
---- correct output:
230.57
-- ERROR:
Traceback (most recent call last):
  File "XXXX", line 3, in <module>
    VT = ((Ql * 2,86) + 50) * 34/100
           ^^
NameError: name 'Ql' is not defined. Did you mean: 'QL'?
-- GRADE:
0%
*-*-*-*-*-*-*-*-*-*-*-*-*-*-*-*-*-*-*-*-*-*-*-*
== SUBMISSION (2025-08-26 21:38:36)
-- CODE: 
QL = float(input("Insira um valor:"))

VT = ((Ql * 2,86) + 50) * (34/100)

print(round(T,2))
-- EXECUTION TIME: 
0.0
-- TEST CASE 1:
---- input:
10.4
---- correct output:
106.86
-- ERROR:
Traceback (most recent call last):
  File "XXXX", line 3, in <module>
    VT = ((Ql * 2,86) + 50) * (34/100)
           ^^
NameError: name 'Ql' is not defined. Did you mean: 'QL'?
-- TEST CASE 2:
---- input:
148.17
---- correct output:
634.85
-- ERROR:
Traceback (most recent call last):
  File "XXXX", line 3, in <module>
    VT = ((Ql * 2,86) + 50) * (34/100)
           ^^
NameError: name 'Ql' is not defined. Did you mean: 'QL'?
-- TEST CASE 3:
---- input:
50.0
---- correct output:
258.62
-- ERROR:
Traceback (most recent call last):
  File "XXXX", line 3, in <module>
    VT = ((Ql * 2,86) + 50) * (34/100)
           ^^
NameError: name 'Ql' is not defined. Did you mean: 'QL'?
-- TEST CASE 4:
---- input:
87.4
---- correct output:
401.95
-- ERROR:
Traceback (most recent call last):
  File "XXXX", line 3, in <module>
    VT = ((Ql * 2,86) + 50) * (34/100)
           ^^
NameError: name 'Ql' is not defined. Did you mean: 'QL'?
-- TEST CASE 5:
---- input:
238.23
---- correct output:
979.99
-- ERROR:
Traceback (most recent call last):
  File "XXXX", line 3, in <module>
    VT = ((Ql * 2,86) + 50) * (34/100)
           ^^
NameError: name 'Ql' is not defined. Did you mean: 'QL'?
-- TEST CASE 6:
---- input:
42.68
---- correct output:
230.57
-- ERROR:
Traceback (most recent call last):
  File "XXXX", line 3, in <module>
    VT = ((Ql * 2,86) + 50) * (34/100)
           ^^
NameError: name 'Ql' is not defined. Did you mean: 'QL'?
-- GRADE:
0%
*-*-*-*-*-*-*-*-*-*-*-*-*-*-*-*-*-*-*-*-*-*-*-*
== SUBMISSION (2025-08-26 21:38:36)
-- CODE: 
QL = float(input("Insira um valor:"))

VT = ((Ql * 2,86) + 50) * (34/100)

print(round(T,2))
-- EXECUTION TIME: 
0.0
-- TEST CASE 1:
---- input:
10.4
---- correct output:
106.86
-- ERROR:
Traceback (most recent call last):
  File "XXXX", line 3, in <module>
    VT = ((Ql * 2,86) + 50) * (34/100)
           ^^
NameError: name 'Ql' is not defined. Did you mean: 'QL'?
-- TEST CASE 2:
---- input:
148.17
---- correct output:
634.85
-- ERROR:
Traceback (most recent call last):
  File "XXXX", line 3, in <module>
    VT = ((Ql * 2,86) + 50) * (34/100)
           ^^
NameError: name 'Ql' is not defined. Did you mean: 'QL'?
-- TEST CASE 3:
---- input:
50.0
---- correct output:
258.62
-- ERROR:
Traceback (most recent call last):
  File "XXXX", line 3, in <module>
    VT = ((Ql * 2,86) + 50) * (34/100)
           ^^
NameError: name 'Ql' is not defined. Did you mean: 'QL'?
-- TEST CASE 4:
---- input:
87.4
---- correct output:
401.95
-- ERROR:
Traceback (most recent call last):
  File "XXXX", line 3, in <module>
    VT = ((Ql * 2,86) + 50) * (34/100)
           ^^
NameError: name 'Ql' is not defined. Did you mean: 'QL'?
-- TEST CASE 5:
---- input:
238.23
---- correct output:
979.99
-- ERROR:
Traceback (most recent call last):
  File "XXXX", line 3, in <module>
    VT = ((Ql * 2,86) + 50) * (34/100)
           ^^
NameError: name 'Ql' is not defined. Did you mean: 'QL'?
-- TEST CASE 6:
---- input:
42.68
---- correct output:
230.57
-- ERROR:
Traceback (most recent call last):
  File "XXXX", line 3, in <module>
    VT = ((Ql * 2,86) + 50) * (34/100)
           ^^
NameError: name 'Ql' is not defined. Did you mean: 'QL'?
-- GRADE:
0%
*-*-*-*-*-*-*-*-*-*-*-*-*-*-*-*-*-*-*-*-*-*-*-*
== SUBMISSION (2025-08-26 21:39:32)
-- CODE: 
QL = float(input("Insira um valor:"))

VT = ((Ql * 2,86) + 50) * (34/100)

print(round(VT,2))
-- EXECUTION TIME: 
0.0
-- TEST CASE 1:
---- input:
10.4
---- correct output:
106.86
-- ERROR:
Traceback (most recent call last):
  File "XXXX", line 3, in <module>
    VT = ((Ql * 2,86) + 50) * (34/100)
           ^^
NameError: name 'Ql' is not defined. Did you mean: 'QL'?
-- TEST CASE 2:
---- input:
148.17
---- correct output:
634.85
-- ERROR:
Traceback (most recent call last):
  File "XXXX", line 3, in <module>
    VT = ((Ql * 2,86) + 50) * (34/100)
           ^^
NameError: name 'Ql' is not defined. Did you mean: 'QL'?
-- TEST CASE 3:
---- input:
50.0
---- correct output:
258.62
-- ERROR:
Traceback (most recent call last):
  File "XXXX", line 3, in <module>
    VT = ((Ql * 2,86) + 50) * (34/100)
           ^^
NameError: name 'Ql' is not defined. Did you mean: 'QL'?
-- TEST CASE 4:
---- input:
87.4
---- correct output:
401.95
-- ERROR:
Traceback (most recent call last):
  File "XXXX", line 3, in <module>
    VT = ((Ql * 2,86) + 50) * (34/100)
           ^^
NameError: name 'Ql' is not defined. Did you mean: 'QL'?
-- TEST CASE 5:
---- input:
238.23
---- correct output:
979.99
-- ERROR:
Traceback (most recent call last):
  File "XXXX", line 3, in <module>
    VT = ((Ql * 2,86) + 50) * (34/100)
           ^^
NameError: name 'Ql' is not defined. Did you mean: 'QL'?
-- TEST CASE 6:
---- input:
42.68
---- correct output:
230.57
-- ERROR:
Traceback (most recent call last):
  File "XXXX", line 3, in <module>
    VT = ((Ql * 2,86) + 50) * (34/100)
           ^^
NameError: name 'Ql' is not defined. Did you mean: 'QL'?
-- GRADE:
0%
*-*-*-*-*-*-*-*-*-*-*-*-*-*-*-*-*-*-*-*-*-*-*-*
== SUBMISSION (2025-08-26 21:39:32)
-- CODE: 
QL = float(input("Insira um valor:"))

VT = ((Ql * 2,86) + 50) * (34/100)

print(round(VT,2))
-- EXECUTION TIME: 
0.0
-- TEST CASE 1:
---- input:
10.4
---- correct output:
106.86
-- ERROR:
Traceback (most recent call last):
  File "XXXX", line 3, in <module>
    VT = ((Ql * 2,86) + 50) * (34/100)
           ^^
NameError: name 'Ql' is not defined. Did you mean: 'QL'?
-- TEST CASE 2:
---- input:
148.17
---- correct output:
634.85
-- ERROR:
Traceback (most recent call last):
  File "XXXX", line 3, in <module>
    VT = ((Ql * 2,86) + 50) * (34/100)
           ^^
NameError: name 'Ql' is not defined. Did you mean: 'QL'?
-- TEST CASE 3:
---- input:
50.0
---- correct output:
258.62
-- ERROR:
Traceback (most recent call last):
  File "XXXX", line 3, in <module>
    VT = ((Ql * 2,86) + 50) * (34/100)
           ^^
NameError: name 'Ql' is not defined. Did you mean: 'QL'?
-- TEST CASE 4:
---- input:
87.4
---- correct output:
401.95
-- ERROR:
Traceback (most recent call last):
  File "XXXX", line 3, in <module>
    VT = ((Ql * 2,86) + 50) * (34/100)
           ^^
NameError: name 'Ql' is not defined. Did you mean: 'QL'?
-- TEST CASE 5:
---- input:
238.23
---- correct output:
979.99
-- ERROR:
Traceback (most recent call last):
  File "XXXX", line 3, in <module>
    VT = ((Ql * 2,86) + 50) * (34/100)
           ^^
NameError: name 'Ql' is not defined. Did you mean: 'QL'?
-- TEST CASE 6:
---- input:
42.68
---- correct output:
230.57
-- ERROR:
Traceback (most recent call last):
  File "XXXX", line 3, in <module>
    VT = ((Ql * 2,86) + 50) * (34/100)
           ^^
NameError: name 'Ql' is not defined. Did you mean: 'QL'?
-- GRADE:
0%
*-*-*-*-*-*-*-*-*-*-*-*-*-*-*-*-*-*-*-*-*-*-*-*
== SUBMISSION (2025-08-26 21:37:06)
-- CODE: 
QL = float(input("Insira um valor"))

VT = ((Ql * 2,86) + 50) * 34/100

print(round(T,2))
-- EXECUTION TIME: 
0.0
-- TEST CASE 1:
---- input:
10.4
---- correct output:
106.86
-- ERROR:
Traceback (most recent call last):
  File "XXXX", line 3, in <module>
    VT = ((Ql * 2,86) + 50) * 34/100
           ^^
NameError: name 'Ql' is not defined. Did you mean: 'QL'?
-- TEST CASE 2:
---- input:
148.17
---- correct output:
634.85
-- ERROR:
Traceback (most recent call last):
  File "XXXX", line 3, in <module>
    VT = ((Ql * 2,86) + 50) * 34/100
           ^^
NameError: name 'Ql' is not defined. Did you mean: 'QL'?
-- TEST CASE 3:
---- input:
50.0
---- correct output:
258.62
-- ERROR:
Traceback (most recent call last):
  File "XXXX", line 3, in <module>
    VT = ((Ql * 2,86) + 50) * 34/100
           ^^
NameError: name 'Ql' is not defined. Did you mean: 'QL'?
-- TEST CASE 4:
---- input:
87.4
---- correct output:
401.95
-- ERROR:
Traceback (most recent call last):
  File "XXXX", line 3, in <module>
    VT = ((Ql * 2,86) + 50) * 34/100
           ^^
NameError: name 'Ql' is not defined. Did you mean: 'QL'?
-- TEST CASE 5:
---- input:
238.23
---- correct output:
979.99
-- ERROR:
Traceback (most recent call last):
  File "XXXX", line 3, in <module>
    VT = ((Ql * 2,86) + 50) * 34/100
           ^^
NameError: name 'Ql' is not defined. Did you mean: 'QL'?
-- TEST CASE 6:
---- input:
42.68
---- correct output:
230.57
-- ERROR:
Traceback (most recent call last):
  File "XXXX", line 3, in <module>
    VT = ((Ql * 2,86) + 50) * 34/100
           ^^
NameError: name 'Ql' is not defined. Did you mean: 'QL'?
-- GRADE:
0%
*-*-*-*-*-*-*-*-*-*-*-*-*-*-*-*-*-*-*-*-*-*-*-*
== RUN (2025-08-26 21:31:36)
-- CODE: 
 QL = float(input("Insira um valor"))
PL = (Ql * 2,86) + 50
T = PL + PL * (34/100)
print(round(T,2))
-- EXECUTION TIME: 
0.0
-- TEST CASE 1:
---- input:
10.4
---- correct output:
106.86
-- ERROR:
File "XXXX", line 1
    QL = float(input("Insira um valor"))
IndentationError: unexpected indent
-- TEST CASE 2:
---- input:
148.17
---- correct output:
634.85
-- ERROR:
File "XXXX", line 1
    QL = float(input("Insira um valor"))
IndentationError: unexpected indent
-- TEST CASE 3:
---- input:
50.0
---- correct output:
258.62
-- ERROR:
File "XXXX", line 1
    QL = float(input("Insira um valor"))
IndentationError: unexpected indent
-- TEST CASE 4:
---- input:
87.4
---- correct output:
401.95
-- ERROR:
File "XXXX", line 1
    QL = float(input("Insira um valor"))
IndentationError: unexpected indent
-- TEST CASE 5:
---- input:
238.23
---- correct output:
979.99
-- ERROR:
File "XXXX", line 1
    QL = float(input("Insira um valor"))
IndentationError: unexpected indent
-- TEST CASE 6:
---- input:
42.68
---- correct output:
230.57
-- ERROR:
File "XXXX", line 1
    QL = float(input("Insira um valor"))
IndentationError: unexpected indent
*-*-*-*-*-*-*-*-*-*-*-*-*-*-*-*-*-*-*-*-*-*-*-*
== SUBMISSION (2025-08-26 21:37:07)
-- CODE: 
QL = float(input("Insira um valor"))

VT = ((Ql * 2,86) + 50) * 34/100

print(round(T,2))
-- EXECUTION TIME: 
0.0
-- TEST CASE 1:
---- input:
10.4
---- correct output:
106.86
-- ERROR:
Traceback (most recent call last):
  File "XXXX", line 3, in <module>
    VT = ((Ql * 2,86) + 50) * 34/100
           ^^
NameError: name 'Ql' is not defined. Did you mean: 'QL'?
-- TEST CASE 2:
---- input:
148.17
---- correct output:
634.85
-- ERROR:
Traceback (most recent call last):
  File "XXXX", line 3, in <module>
    VT = ((Ql * 2,86) + 50) * 34/100
           ^^
NameError: name 'Ql' is not defined. Did you mean: 'QL'?
-- TEST CASE 3:
---- input:
50.0
---- correct output:
258.62
-- ERROR:
Traceback (most recent call last):
  File "XXXX", line 3, in <module>
    VT = ((Ql * 2,86) + 50) * 34/100
           ^^
NameError: name 'Ql' is not defined. Did you mean: 'QL'?
-- TEST CASE 4:
---- input:
87.4
---- correct output:
401.95
-- ERROR:
Traceback (most recent call last):
  File "XXXX", line 3, in <module>
    VT = ((Ql * 2,86) + 50) * 34/100
           ^^
NameError: name 'Ql' is not defined. Did you mean: 'QL'?
-- TEST CASE 5:
---- input:
238.23
---- correct output:
979.99
-- ERROR:
Traceback (most recent call last):
  File "XXXX", line 3, in <module>
    VT = ((Ql * 2,86) + 50) * 34/100
           ^^
NameError: name 'Ql' is not defined. Did you mean: 'QL'?
-- TEST CASE 6:
---- input:
42.68
---- correct output:
230.57
-- ERROR:
Traceback (most recent call last):
  File "XXXX", line 3, in <module>
    VT = ((Ql * 2,86) + 50) * 34/100
           ^^
NameError: name 'Ql' is not defined. Did you mean: 'QL'?
-- GRADE:
0%
*-*-*-*-*-*-*-*-*-*-*-*-*-*-*-*-*-*-*-*-*-*-*-*
== RUN (2025-08-26 21:43:59)
-- CODE: 
Q = float(input("Insira um valor:"))

V = Q * 2,86 + 50,00
VT = V + V * (34/100)

print(round(VT,2))
-- EXECUTION TIME: 
0.0
-- TEST CASE 1:
---- input:
10.4
---- correct output:
106.86
-- ERROR:
Traceback (most recent call last):
  File "XXXX", line 4, in <module>
    VT = V + V * (34/100)
             ~~^~~~~~~~~~
TypeError: can't multiply sequence by non-int of type 'float'
-- TEST CASE 2:
---- input:
148.17
---- correct output:
634.85
-- ERROR:
Traceback (most recent call last):
  File "XXXX", line 4, in <module>
    VT = V + V * (34/100)
             ~~^~~~~~~~~~
TypeError: can't multiply sequence by non-int of type 'float'
-- TEST CASE 3:
---- input:
50.0
---- correct output:
258.62
-- ERROR:
Traceback (most recent call last):
  File "XXXX", line 4, in <module>
    VT = V + V * (34/100)
             ~~^~~~~~~~~~
TypeError: can't multiply sequence by non-int of type 'float'
-- TEST CASE 4:
---- input:
87.4
---- correct output:
401.95
-- ERROR:
Traceback (most recent call last):
  File "XXXX", line 4, in <module>
    VT = V + V * (34/100)
             ~~^~~~~~~~~~
TypeError: can't multiply sequence by non-int of type 'float'
-- TEST CASE 5:
---- input:
238.23
---- correct output:
979.99
-- ERROR:
Traceback (most recent call last):
  File "XXXX", line 4, in <module>
    VT = V + V * (34/100)
             ~~^~~~~~~~~~
TypeError: can't multiply sequence by non-int of type 'float'
-- TEST CASE 6:
---- input:
42.68
---- correct output:
230.57
-- ERROR:
Traceback (most recent call last):
  File "XXXX", line 4, in <module>
    VT = V + V * (34/100)
             ~~^~~~~~~~~~
TypeError: can't multiply sequence by non-int of type 'float'
*-*-*-*-*-*-*-*-*-*-*-*-*-*-*-*-*-*-*-*-*-*-*-*
== SUBMISSION (2025-08-26 21:39:50)
-- CODE: 
Q = float(input("Insira um valor:"))

VT = ((Ql * 2,86) + 50) * (34/100)

print(round(VT,2))
-- EXECUTION TIME: 
0.0
-- TEST CASE 1:
---- input:
10.4
---- correct output:
106.86
-- ERROR:
Traceback (most recent call last):
  File "XXXX", line 3, in <module>
    VT = ((Ql * 2,86) + 50) * (34/100)
           ^^
NameError: name 'Ql' is not defined. Did you mean: 'Q'?
-- TEST CASE 2:
---- input:
148.17
---- correct output:
634.85
-- ERROR:
Traceback (most recent call last):
  File "XXXX", line 3, in <module>
    VT = ((Ql * 2,86) + 50) * (34/100)
           ^^
NameError: name 'Ql' is not defined. Did you mean: 'Q'?
-- TEST CASE 3:
---- input:
50.0
---- correct output:
258.62
-- ERROR:
Traceback (most recent call last):
  File "XXXX", line 3, in <module>
    VT = ((Ql * 2,86) + 50) * (34/100)
           ^^
NameError: name 'Ql' is not defined. Did you mean: 'Q'?
-- TEST CASE 4:
---- input:
87.4
---- correct output:
401.95
-- ERROR:
Traceback (most recent call last):
  File "XXXX", line 3, in <module>
    VT = ((Ql * 2,86) + 50) * (34/100)
           ^^
NameError: name 'Ql' is not defined. Did you mean: 'Q'?
-- TEST CASE 5:
---- input:
238.23
---- correct output:
979.99
-- ERROR:
Traceback (most recent call last):
  File "XXXX", line 3, in <module>
    VT = ((Ql * 2,86) + 50) * (34/100)
           ^^
NameError: name 'Ql' is not defined. Did you mean: 'Q'?
-- TEST CASE 6:
---- input:
42.68
---- correct output:
230.57
-- ERROR:
Traceback (most recent call last):
  File "XXXX", line 3, in <module>
    VT = ((Ql * 2,86) + 50) * (34/100)
           ^^
NameError: name 'Ql' is not defined. Did you mean: 'Q'?
-- GRADE:
0%
*-*-*-*-*-*-*-*-*-*-*-*-*-*-*-*-*-*-*-*-*-*-*-*
== SUBMISSION (2025-08-26 21:37:53)
-- CODE: 
QL = float(input("Insira um valor:"))

VT = ((Ql * 2,86) + 50) * 34/100

print(round(T,2))
-- EXECUTION TIME: 
0.0
-- TEST CASE 1:
---- input:
10.4
---- correct output:
106.86
-- ERROR:
Traceback (most recent call last):
  File "XXXX", line 3, in <module>
    VT = ((Ql * 2,86) + 50) * 34/100
           ^^
NameError: name 'Ql' is not defined. Did you mean: 'QL'?
-- TEST CASE 2:
---- input:
148.17
---- correct output:
634.85
-- ERROR:
Traceback (most recent call last):
  File "XXXX", line 3, in <module>
    VT = ((Ql * 2,86) + 50) * 34/100
           ^^
NameError: name 'Ql' is not defined. Did you mean: 'QL'?
-- TEST CASE 3:
---- input:
50.0
---- correct output:
258.62
-- ERROR:
Traceback (most recent call last):
  File "XXXX", line 3, in <module>
    VT = ((Ql * 2,86) + 50) * 34/100
           ^^
NameError: name 'Ql' is not defined. Did you mean: 'QL'?
-- TEST CASE 4:
---- input:
87.4
---- correct output:
401.95
-- ERROR:
Traceback (most recent call last):
  File "XXXX", line 3, in <module>
    VT = ((Ql * 2,86) + 50) * 34/100
           ^^
NameError: name 'Ql' is not defined. Did you mean: 'QL'?
-- TEST CASE 5:
---- input:
238.23
---- correct output:
979.99
-- ERROR:
Traceback (most recent call last):
  File "XXXX", line 3, in <module>
    VT = ((Ql * 2,86) + 50) * 34/100
           ^^
NameError: name 'Ql' is not defined. Did you mean: 'QL'?
-- TEST CASE 6:
---- input:
42.68
---- correct output:
230.57
-- ERROR:
Traceback (most recent call last):
  File "XXXX", line 3, in <module>
    VT = ((Ql * 2,86) + 50) * 34/100
           ^^
NameError: name 'Ql' is not defined. Did you mean: 'QL'?
-- GRADE:
0%
*-*-*-*-*-*-*-*-*-*-*-*-*-*-*-*-*-*-*-*-*-*-*-*
== SUBMISSION (2025-08-26 21:31:43)
-- CODE: 
 QL = float(input("Insira um valor"))
PL = (Ql * 2,86) + 50
T = PL * (34/100)
print(round(T,2))
-- EXECUTION TIME: 
0.0
-- TEST CASE 1:
---- input:
10.4
---- correct output:
106.86
-- ERROR:
File "XXXX", line 1
    QL = float(input("Insira um valor"))
IndentationError: unexpected indent
-- TEST CASE 2:
---- input:
148.17
---- correct output:
634.85
-- ERROR:
File "XXXX", line 1
    QL = float(input("Insira um valor"))
IndentationError: unexpected indent
-- TEST CASE 3:
---- input:
50.0
---- correct output:
258.62
-- ERROR:
File "XXXX", line 1
    QL = float(input("Insira um valor"))
IndentationError: unexpected indent
-- TEST CASE 4:
---- input:
87.4
---- correct output:
401.95
-- ERROR:
File "XXXX", line 1
    QL = float(input("Insira um valor"))
IndentationError: unexpected indent
-- TEST CASE 5:
---- input:
238.23
---- correct output:
979.99
-- ERROR:
File "XXXX", line 1
    QL = float(input("Insira um valor"))
IndentationError: unexpected indent
-- TEST CASE 6:
---- input:
42.68
---- correct output:
230.57
-- ERROR:
File "XXXX", line 1
    QL = float(input("Insira um valor"))
IndentationError: unexpected indent
-- GRADE:
0%
*-*-*-*-*-*-*-*-*-*-*-*-*-*-*-*-*-*-*-*-*-*-*-*
== SUBMISSION (2025-08-26 21:31:31)
-- CODE: 
 QL = float(input("Insira um valor"))
PL = (Ql * 2,86) + 50
T = PL + PL * (34/100)
print(round(T,2))
-- EXECUTION TIME: 
0.0
-- TEST CASE 1:
---- input:
10.4
---- correct output:
106.86
-- ERROR:
File "XXXX", line 1
    QL = float(input("Insira um valor"))
IndentationError: unexpected indent
-- TEST CASE 2:
---- input:
148.17
---- correct output:
634.85
-- ERROR:
File "XXXX", line 1
    QL = float(input("Insira um valor"))
IndentationError: unexpected indent
-- TEST CASE 3:
---- input:
50.0
---- correct output:
258.62
-- ERROR:
File "XXXX", line 1
    QL = float(input("Insira um valor"))
IndentationError: unexpected indent
-- TEST CASE 4:
---- input:
87.4
---- correct output:
401.95
-- ERROR:
File "XXXX", line 1
    QL = float(input("Insira um valor"))
IndentationError: unexpected indent
-- TEST CASE 5:
---- input:
238.23
---- correct output:
979.99
-- ERROR:
File "XXXX", line 1
    QL = float(input("Insira um valor"))
IndentationError: unexpected indent
-- TEST CASE 6:
---- input:
42.68
---- correct output:
230.57
-- ERROR:
File "XXXX", line 1
    QL = float(input("Insira um valor"))
IndentationError: unexpected indent
-- GRADE:
0%
*-*-*-*-*-*-*-*-*-*-*-*-*-*-*-*-*-*-*-*-*-*-*-*
== SUBMISSION (2025-08-26 21:43:42)
-- CODE: 
Q = float(input("Insira um valor:"))

V = Q * 2,86 + 50 
VT = V + V * (34/100)

print(round(VT,2))
-- EXECUTION TIME: 
0.0
-- TEST CASE 1:
---- input:
10.4
---- correct output:
106.86
-- ERROR:
Traceback (most recent call last):
  File "XXXX", line 4, in <module>
    VT = V + V * (34/100)
             ~~^~~~~~~~~~
TypeError: can't multiply sequence by non-int of type 'float'
-- TEST CASE 2:
---- input:
148.17
---- correct output:
634.85
-- ERROR:
Traceback (most recent call last):
  File "XXXX", line 4, in <module>
    VT = V + V * (34/100)
             ~~^~~~~~~~~~
TypeError: can't multiply sequence by non-int of type 'float'
-- TEST CASE 3:
---- input:
50.0
---- correct output:
258.62
-- ERROR:
Traceback (most recent call last):
  File "XXXX", line 4, in <module>
    VT = V + V * (34/100)
             ~~^~~~~~~~~~
TypeError: can't multiply sequence by non-int of type 'float'
-- TEST CASE 4:
---- input:
87.4
---- correct output:
401.95
-- ERROR:
Traceback (most recent call last):
  File "XXXX", line 4, in <module>
    VT = V + V * (34/100)
             ~~^~~~~~~~~~
TypeError: can't multiply sequence by non-int of type 'float'
-- TEST CASE 5:
---- input:
238.23
---- correct output:
979.99
-- ERROR:
Traceback (most recent call last):
  File "XXXX", line 4, in <module>
    VT = V + V * (34/100)
             ~~^~~~~~~~~~
TypeError: can't multiply sequence by non-int of type 'float'
-- TEST CASE 6:
---- input:
42.68
---- correct output:
230.57
-- ERROR:
Traceback (most recent call last):
  File "XXXX", line 4, in <module>
    VT = V + V * (34/100)
             ~~^~~~~~~~~~
TypeError: can't multiply sequence by non-int of type 'float'
-- GRADE:
0%
*-*-*-*-*-*-*-*-*-*-*-*-*-*-*-*-*-*-*-*-*-*-*-*
