== SUBMISSION (2025-08-19 21:01:29)
-- CODE: 
print(50//3%)
-- EXECUTION TIME: 
0.0
-- TEST CASE 1:
---- input:
xx
---- correct output:
16
2
-- ERROR:
File "XXXX", line 1
    print(50//3%)
                ^
SyntaxError: invalid syntax
-- TEST CASE 2:
---- input:
xx
---- correct output:
16
2
-- ERROR:
File "XXXX", line 1
    print(50//3%)
                ^
SyntaxError: invalid syntax
-- GRADE:
0%
*-*-*-*-*-*-*-*-*-*-*-*-*-*-*-*-*-*-*-*-*-*-*-*
== SUBMISSION (2025-08-19 21:01:56)
-- CODE: 
print(50//3)
print(%)
-- EXECUTION TIME: 
0.0
-- TEST CASE 1:
---- input:
xx
---- correct output:
16
2
-- ERROR:
File "XXXX", line 2
    print(%)
          ^
SyntaxError: invalid syntax
-- TEST CASE 2:
---- input:
xx
---- correct output:
16
2
-- ERROR:
File "XXXX", line 2
    print(%)
          ^
SyntaxError: invalid syntax
-- GRADE:
0%
*-*-*-*-*-*-*-*-*-*-*-*-*-*-*-*-*-*-*-*-*-*-*-*
== SUBMISSION (2025-08-19 21:02:15)
-- CODE: 
print(50//3)
print(x1)
-- EXECUTION TIME: 
0.0
-- TEST CASE 1:
---- input:
xx
---- correct output:
16
2
-- ERROR:
Traceback (most recent call last):
  File "XXXX", line 2, in <module>
    print(x1)
          ^^
NameError: name 'x1' is not defined
-- TEST CASE 2:
---- input:
xx
---- correct output:
16
2
-- ERROR:
Traceback (most recent call last):
  File "XXXX", line 2, in <module>
    print(x1)
          ^^
NameError: name 'x1' is not defined
-- GRADE:
0%
*-*-*-*-*-*-*-*-*-*-*-*-*-*-*-*-*-*-*-*-*-*-*-*
== SUBMISSION (2025-08-19 21:07:23)
-- CODE: 
print(50//3)
print(50%3)
     
-- EXECUTION TIME: 
0.01
-- TEST CASE 1:
---- input:
xx
---- correct output:
16
2
---- user output:
2
-- TEST CASE 2:
---- input:
xx
---- correct output:
16
2
---- user output:
2
-- GRADE:
100%
*-*-*-*-*-*-*-*-*-*-*-*-*-*-*-*-*-*-*-*-*-*-*-*
== SUBMISSION (2025-08-19 21:05:42)
-- CODE: 
print(50//3)
print(%1)
-- EXECUTION TIME: 
0.0
-- TEST CASE 1:
---- input:
xx
---- correct output:
16
2
-- ERROR:
File "XXXX", line 2
    print(%1)
          ^
SyntaxError: invalid syntax
-- TEST CASE 2:
---- input:
xx
---- correct output:
16
2
-- ERROR:
File "XXXX", line 2
    print(%1)
          ^
SyntaxError: invalid syntax
-- GRADE:
0%
*-*-*-*-*-*-*-*-*-*-*-*-*-*-*-*-*-*-*-*-*-*-*-*
== SUBMISSION (2025-08-19 21:03:24)
-- CODE: 
print(50/3)
-- EXECUTION TIME: 
0.01
-- TEST CASE 1:
---- input:
xx
---- correct output:
16
2
---- user output:
16.666666666666668
-- TEST CASE 2:
---- input:
xx
---- correct output:
16
2
---- user output:
16.666666666666668
-- GRADE:
0%
*-*-*-*-*-*-*-*-*-*-*-*-*-*-*-*-*-*-*-*-*-*-*-*
== SUBMISSION (2025-08-19 21:01:57)
-- CODE: 
print(50//3)
print(%)
-- EXECUTION TIME: 
0.0
-- TEST CASE 1:
---- input:
xx
---- correct output:
16
2
-- ERROR:
File "XXXX", line 2
    print(%)
          ^
SyntaxError: invalid syntax
-- TEST CASE 2:
---- input:
xx
---- correct output:
16
2
-- ERROR:
File "XXXX", line 2
    print(%)
          ^
SyntaxError: invalid syntax
-- GRADE:
0%
*-*-*-*-*-*-*-*-*-*-*-*-*-*-*-*-*-*-*-*-*-*-*-*
== SUBMISSION (2025-08-19 21:05:54)
-- CODE: 
print(50//3)
print()
-- EXECUTION TIME: 
0.01
-- TEST CASE 1:
---- input:
xx
---- correct output:
16
2
---- user output:
16
-- TEST CASE 2:
---- input:
xx
---- correct output:
16
2
---- user output:
16
-- GRADE:
0%
*-*-*-*-*-*-*-*-*-*-*-*-*-*-*-*-*-*-*-*-*-*-*-*
