== RUN (2025-09-01 20:36:03)
-- CODE: 
from math import *
r = float(input())
a = pi*r**2

-- EXECUTION TIME: 
0.0
-- TEST CASE 1:
---- input:
0.1
---- correct output:
0.031
0.004
---- user output:
None
-- TEST CASE 2:
---- input:
4.5

---- correct output:
63.617
381.704
---- user output:
None
-- TEST CASE 3:
---- input:
12.34
---- correct output:
478.388
7871.076
---- user output:
None
-- TEST CASE 4:
---- input:
11.0
---- correct output:
380.133
5575.28
---- user output:
None
-- TEST CASE 5:
---- input:
67.34
---- correct output:
14246.104
1279110.151
---- user output:
None
-- TEST CASE 6:
---- input:
2.0
---- correct output:
12.566
33.51
---- user output:
None
*-*-*-*-*-*-*-*-*-*-*-*-*-*-*-*-*-*-*-*-*-*-*-*
== SUBMISSION (2025-09-01 20:37:45)
-- CODE: 
from math import *
r = float(input())
a = pi*r**2
v = (4/3) *pi*r**3
print(round(a,2))

-- EXECUTION TIME: 
0.01
-- TEST CASE 1:
---- input:
0.1
---- correct output:
0.031
0.004
---- user output:
0.03
-- TEST CASE 2:
---- input:
4.5

---- correct output:
63.617
381.704
---- user output:
63.62
-- TEST CASE 3:
---- input:
12.34
---- correct output:
478.388
7871.076
---- user output:
478.39
-- TEST CASE 4:
---- input:
11.0
---- correct output:
380.133
5575.28
---- user output:
380.13
-- TEST CASE 5:
---- input:
67.34
---- correct output:
14246.104
1279110.151
---- user output:
14246.1
-- TEST CASE 6:
---- input:
2.0
---- correct output:
12.566
33.51
---- user output:
12.57
-- GRADE:
0%
*-*-*-*-*-*-*-*-*-*-*-*-*-*-*-*-*-*-*-*-*-*-*-*
== SUBMISSION (2025-08-28 19:27:45)
-- CODE: 
# Teste seu codigo aos poucos.
# Nao teste tudo no final, pois fica mais dificil de identificar erros.
# Nao se intimide com as mensagens de erro. Elas ajudam a corrigir seu codigo.
from math import *
r = float(input())
a = pi * r**2
v = (4/3) * pi * r**3
print(round(a,3))
print(round(v,3))
-- EXECUTION TIME: 
0.01
-- TEST CASE 1:
---- input:
0.1
---- correct output:
0.031
0.004
---- user output:
0.004
-- TEST CASE 2:
---- input:
4.5

---- correct output:
63.617
381.704
---- user output:
381.704
-- TEST CASE 3:
---- input:
12.34
---- correct output:
478.388
7871.076
---- user output:
7871.076
-- TEST CASE 4:
---- input:
11.0
---- correct output:
380.133
5575.28
---- user output:
5575.28
-- TEST CASE 5:
---- input:
67.34
---- correct output:
14246.104
1279110.151
---- user output:
1279110.151
-- TEST CASE 6:
---- input:
2.0
---- correct output:
12.566
33.51
---- user output:
33.51
-- GRADE:
100%
*-*-*-*-*-*-*-*-*-*-*-*-*-*-*-*-*-*-*-*-*-*-*-*
== RUN (2025-09-01 20:56:46)
-- CODE: 
import math
r = float(input())
a = math.pi*r**2
v = (4/3)*math.pi*r**3
print(round(a,3))
print(round(v,3))
-- EXECUTION TIME: 
0.0
-- TEST CASE 1:
---- input:
0.1
---- correct output:
0.031
0.004
---- user output:
0.004
-- TEST CASE 2:
---- input:
4.5

---- correct output:
63.617
381.704
---- user output:
381.704
-- TEST CASE 3:
---- input:
12.34
---- correct output:
478.388
7871.076
---- user output:
7871.076
-- TEST CASE 4:
---- input:
11.0
---- correct output:
380.133
5575.28
---- user output:
5575.28
-- TEST CASE 5:
---- input:
67.34
---- correct output:
14246.104
1279110.151
---- user output:
1279110.151
-- TEST CASE 6:
---- input:
2.0
---- correct output:
12.566
33.51
---- user output:
33.51
*-*-*-*-*-*-*-*-*-*-*-*-*-*-*-*-*-*-*-*-*-*-*-*
== RUN (2025-08-28 19:22:39)
-- CODE: 
# Teste seu codigo aos poucos.
# Nao teste tudo no final, pois fica mais dificil de identificar erros.
# Nao se intimide com as mensagens de erro. Elas ajudam a corrigir seu codigo.
from math import *
r = float(input())
a = math.pi * r **2
v = (4/3) * math.pi * r ** 3
-- EXECUTION TIME: 
0.0
-- TEST CASE 1:
---- input:
0.1
---- correct output:
0.031
0.004
-- ERROR:
Traceback (most recent call last):
  File "XXXX", line 6, in <module>
    a = math.pi * r **2
        ^^^^
NameError: name 'math' is not defined
-- TEST CASE 2:
---- input:
4.5

---- correct output:
63.617
381.704
-- ERROR:
Traceback (most recent call last):
  File "XXXX", line 6, in <module>
    a = math.pi * r **2
        ^^^^
NameError: name 'math' is not defined
-- TEST CASE 3:
---- input:
12.34
---- correct output:
478.388
7871.076
-- ERROR:
Traceback (most recent call last):
  File "XXXX", line 6, in <module>
    a = math.pi * r **2
        ^^^^
NameError: name 'math' is not defined
-- TEST CASE 4:
---- input:
11.0
---- correct output:
380.133
5575.28
-- ERROR:
Traceback (most recent call last):
  File "XXXX", line 6, in <module>
    a = math.pi * r **2
        ^^^^
NameError: name 'math' is not defined
-- TEST CASE 5:
---- input:
67.34
---- correct output:
14246.104
1279110.151
-- ERROR:
Traceback (most recent call last):
  File "XXXX", line 6, in <module>
    a = math.pi * r **2
        ^^^^
NameError: name 'math' is not defined
-- TEST CASE 6:
---- input:
2.0
---- correct output:
12.566
33.51
-- ERROR:
Traceback (most recent call last):
  File "XXXX", line 6, in <module>
    a = math.pi * r **2
        ^^^^
NameError: name 'math' is not defined
*-*-*-*-*-*-*-*-*-*-*-*-*-*-*-*-*-*-*-*-*-*-*-*
== RUN (2025-08-28 19:20:46)
-- CODE: 
# Teste seu codigo aos poucos.
# Nao teste tudo no final, pois fica mais dificil de identificar erros.
# Nao se intimide com as mensagens de erro. Elas ajudam a corrigir seu codigo.
from math import *
a = math.pir**2
-- EXECUTION TIME: 
0.0
-- TEST CASE 1:
---- input:
0.1
---- correct output:
0.031
0.004
-- ERROR:
Traceback (most recent call last):
  File "XXXX", line 5, in <module>
    a = math.pir**2
        ^^^^
NameError: name 'math' is not defined
-- TEST CASE 2:
---- input:
4.5

---- correct output:
63.617
381.704
-- ERROR:
Traceback (most recent call last):
  File "XXXX", line 5, in <module>
    a = math.pir**2
        ^^^^
NameError: name 'math' is not defined
-- TEST CASE 3:
---- input:
12.34
---- correct output:
478.388
7871.076
-- ERROR:
Traceback (most recent call last):
  File "XXXX", line 5, in <module>
    a = math.pir**2
        ^^^^
NameError: name 'math' is not defined
-- TEST CASE 4:
---- input:
11.0
---- correct output:
380.133
5575.28
-- ERROR:
Traceback (most recent call last):
  File "XXXX", line 5, in <module>
    a = math.pir**2
        ^^^^
NameError: name 'math' is not defined
-- TEST CASE 5:
---- input:
67.34
---- correct output:
14246.104
1279110.151
-- ERROR:
Traceback (most recent call last):
  File "XXXX", line 5, in <module>
    a = math.pir**2
        ^^^^
NameError: name 'math' is not defined
-- TEST CASE 6:
---- input:
2.0
---- correct output:
12.566
33.51
-- ERROR:
Traceback (most recent call last):
  File "XXXX", line 5, in <module>
    a = math.pir**2
        ^^^^
NameError: name 'math' is not defined
*-*-*-*-*-*-*-*-*-*-*-*-*-*-*-*-*-*-*-*-*-*-*-*
== RUN (2025-09-01 20:36:50)
-- CODE: 
from math import *
r = float(input())
a = pi*r**2
v = (4/3) *pi**3

-- EXECUTION TIME: 
0.0
-- TEST CASE 1:
---- input:
0.1
---- correct output:
0.031
0.004
---- user output:
None
-- TEST CASE 2:
---- input:
4.5

---- correct output:
63.617
381.704
---- user output:
None
-- TEST CASE 3:
---- input:
12.34
---- correct output:
478.388
7871.076
---- user output:
None
-- TEST CASE 4:
---- input:
11.0
---- correct output:
380.133
5575.28
---- user output:
None
-- TEST CASE 5:
---- input:
67.34
---- correct output:
14246.104
1279110.151
---- user output:
None
-- TEST CASE 6:
---- input:
2.0
---- correct output:
12.566
33.51
---- user output:
None
*-*-*-*-*-*-*-*-*-*-*-*-*-*-*-*-*-*-*-*-*-*-*-*
== RUN (2025-08-28 19:20:23)
-- CODE: 
# Teste seu codigo aos poucos.
# Nao teste tudo no final, pois fica mais dificil de identificar erros.
# Nao se intimide com as mensagens de erro. Elas ajudam a corrigir seu codigo.
from math import *
a = math.pi**2
-- EXECUTION TIME: 
0.0
-- TEST CASE 1:
---- input:
0.1
---- correct output:
0.031
0.004
-- ERROR:
Traceback (most recent call last):
  File "XXXX", line 5, in <module>
    a = math.pi**2
        ^^^^
NameError: name 'math' is not defined
-- TEST CASE 2:
---- input:
4.5

---- correct output:
63.617
381.704
-- ERROR:
Traceback (most recent call last):
  File "XXXX", line 5, in <module>
    a = math.pi**2
        ^^^^
NameError: name 'math' is not defined
-- TEST CASE 3:
---- input:
12.34
---- correct output:
478.388
7871.076
-- ERROR:
Traceback (most recent call last):
  File "XXXX", line 5, in <module>
    a = math.pi**2
        ^^^^
NameError: name 'math' is not defined
-- TEST CASE 4:
---- input:
11.0
---- correct output:
380.133
5575.28
-- ERROR:
Traceback (most recent call last):
  File "XXXX", line 5, in <module>
    a = math.pi**2
        ^^^^
NameError: name 'math' is not defined
-- TEST CASE 5:
---- input:
67.34
---- correct output:
14246.104
1279110.151
-- ERROR:
Traceback (most recent call last):
  File "XXXX", line 5, in <module>
    a = math.pi**2
        ^^^^
NameError: name 'math' is not defined
-- TEST CASE 6:
---- input:
2.0
---- correct output:
12.566
33.51
-- ERROR:
Traceback (most recent call last):
  File "XXXX", line 5, in <module>
    a = math.pi**2
        ^^^^
NameError: name 'math' is not defined
*-*-*-*-*-*-*-*-*-*-*-*-*-*-*-*-*-*-*-*-*-*-*-*
== SUBMISSION (2025-09-01 12:54:42)
-- CODE: 

-- EXECUTION TIME: 
0.01
-- TEST CASE 1:
---- input:
0.1
---- correct output:
0.031
0.004
---- user output:
None
-- TEST CASE 2:
---- input:
4.5

---- correct output:
63.617
381.704
---- user output:
None
-- TEST CASE 3:
---- input:
12.34
---- correct output:
478.388
7871.076
---- user output:
None
-- TEST CASE 4:
---- input:
11.0
---- correct output:
380.133
5575.28
---- user output:
None
-- TEST CASE 5:
---- input:
67.34
---- correct output:
14246.104
1279110.151
---- user output:
None
-- TEST CASE 6:
---- input:
2.0
---- correct output:
12.566
33.51
---- user output:
None
-- GRADE:
0%
*-*-*-*-*-*-*-*-*-*-*-*-*-*-*-*-*-*-*-*-*-*-*-*
== RUN (2025-09-01 20:57:41)
-- CODE: 
import math
r = float(input())
a = math.pi*r**2
v = (4/3)*math.pi*r**3
print(round(a,3))
print(round(v,3))
-- EXECUTION TIME: 
0.0
-- TEST CASE 1:
---- input:
0.1
---- correct output:
0.031
0.004
---- user output:
0.004
-- TEST CASE 2:
---- input:
4.5

---- correct output:
63.617
381.704
---- user output:
381.704
-- TEST CASE 3:
---- input:
12.34
---- correct output:
478.388
7871.076
---- user output:
7871.076
-- TEST CASE 4:
---- input:
11.0
---- correct output:
380.133
5575.28
---- user output:
5575.28
-- TEST CASE 5:
---- input:
67.34
---- correct output:
14246.104
1279110.151
---- user output:
1279110.151
-- TEST CASE 6:
---- input:
2.0
---- correct output:
12.566
33.51
---- user output:
33.51
*-*-*-*-*-*-*-*-*-*-*-*-*-*-*-*-*-*-*-*-*-*-*-*
== RUN (2025-09-01 20:57:03)
-- CODE: 
import math
r = float(input())
a = math.pi*r**2
v = (4/3)*math.pi*r**3
print(round(a,3))
print(round(v,3))
-- EXECUTION TIME: 
0.0
-- TEST CASE 1:
---- input:
0.1
---- correct output:
0.031
0.004
---- user output:
0.004
-- TEST CASE 2:
---- input:
4.5

---- correct output:
63.617
381.704
---- user output:
381.704
-- TEST CASE 3:
---- input:
12.34
---- correct output:
478.388
7871.076
---- user output:
7871.076
-- TEST CASE 4:
---- input:
11.0
---- correct output:
380.133
5575.28
---- user output:
5575.28
-- TEST CASE 5:
---- input:
67.34
---- correct output:
14246.104
1279110.151
---- user output:
1279110.151
-- TEST CASE 6:
---- input:
2.0
---- correct output:
12.566
33.51
---- user output:
33.51
*-*-*-*-*-*-*-*-*-*-*-*-*-*-*-*-*-*-*-*-*-*-*-*
== RUN (2025-09-01 20:37:15)
-- CODE: 
from math import *
r = float(input())
a = pi*r**2
v = (4/3) *pi*r**3

-- EXECUTION TIME: 
0.0
-- TEST CASE 1:
---- input:
0.1
---- correct output:
0.031
0.004
---- user output:
None
-- TEST CASE 2:
---- input:
4.5

---- correct output:
63.617
381.704
---- user output:
None
-- TEST CASE 3:
---- input:
12.34
---- correct output:
478.388
7871.076
---- user output:
None
-- TEST CASE 4:
---- input:
11.0
---- correct output:
380.133
5575.28
---- user output:
None
-- TEST CASE 5:
---- input:
67.34
---- correct output:
14246.104
1279110.151
---- user output:
None
-- TEST CASE 6:
---- input:
2.0
---- correct output:
12.566
33.51
---- user output:
None
*-*-*-*-*-*-*-*-*-*-*-*-*-*-*-*-*-*-*-*-*-*-*-*
== SUBMISSION (2025-09-01 20:57:54)
-- CODE: 
import math
r = float(input())
a = math.pi*r**2
v = (4/3)*math.pi*r**3
print(round(a,3))
print(round(v,3))
-- EXECUTION TIME: 
0.01
-- TEST CASE 1:
---- input:
0.1
---- correct output:
0.031
0.004
---- user output:
0.004
-- TEST CASE 2:
---- input:
4.5

---- correct output:
63.617
381.704
---- user output:
381.704
-- TEST CASE 3:
---- input:
12.34
---- correct output:
478.388
7871.076
---- user output:
7871.076
-- TEST CASE 4:
---- input:
11.0
---- correct output:
380.133
5575.28
---- user output:
5575.28
-- TEST CASE 5:
---- input:
67.34
---- correct output:
14246.104
1279110.151
---- user output:
1279110.151
-- TEST CASE 6:
---- input:
2.0
---- correct output:
12.566
33.51
---- user output:
33.51
-- GRADE:
100%
*-*-*-*-*-*-*-*-*-*-*-*-*-*-*-*-*-*-*-*-*-*-*-*
