== SUBMISSION (2025-08-12 13:28:54)
-- CODE: 
print(35+40)
-- EXECUTION TIME: 
0.01
-- TEST CASE 1:
---- input:
xx
---- correct output:
75
---- user output:
75
-- TEST CASE 2:
---- input:
xx
---- correct output:
75
---- user output:
75
-- GRADE:
100%
*-*-*-*-*-*-*-*-*-*-*-*-*-*-*-*-*-*-*-*-*-*-*-*
== RUN (2025-08-12 13:27:52)
-- CODE: 
Print(30+45)
-- EXECUTION TIME: 
0.0
-- TEST CASE 1:
---- input:
xx
---- correct output:
75
-- ERROR:
Traceback (most recent call last):
  File "XXXX", line 1, in <module>
    Print(30+45)
    ^^^^^
NameError: name 'Print' is not defined. Did you mean: 'print'?
-- TEST CASE 2:
---- input:
xx
---- correct output:
75
-- ERROR:
Traceback (most recent call last):
  File "XXXX", line 1, in <module>
    Print(30+45)
    ^^^^^
NameError: name 'Print' is not defined. Did you mean: 'print'?
*-*-*-*-*-*-*-*-*-*-*-*-*-*-*-*-*-*-*-*-*-*-*-*
== RUN (2025-08-12 13:27:27)
-- CODE: 
Print("30+45")
-- EXECUTION TIME: 
0.0
-- TEST CASE 1:
---- input:
xx
---- correct output:
75
-- ERROR:
Traceback (most recent call last):
  File "XXXX", line 1, in <module>
    Print("30+45")
    ^^^^^
NameError: name 'Print' is not defined. Did you mean: 'print'?
-- TEST CASE 2:
---- input:
xx
---- correct output:
75
-- ERROR:
Traceback (most recent call last):
  File "XXXX", line 1, in <module>
    Print("30+45")
    ^^^^^
NameError: name 'Print' is not defined. Did you mean: 'print'?
*-*-*-*-*-*-*-*-*-*-*-*-*-*-*-*-*-*-*-*-*-*-*-*
== RUN (2025-08-12 13:27:07)
-- CODE: 
Print(40+35)
-- EXECUTION TIME: 
0.0
-- TEST CASE 1:
---- input:
xx
---- correct output:
75
-- ERROR:
Traceback (most recent call last):
  File "XXXX", line 1, in <module>
    Print(40+35)
    ^^^^^
NameError: name 'Print' is not defined. Did you mean: 'print'?
-- TEST CASE 2:
---- input:
xx
---- correct output:
75
-- ERROR:
Traceback (most recent call last):
  File "XXXX", line 1, in <module>
    Print(40+35)
    ^^^^^
NameError: name 'Print' is not defined. Did you mean: 'print'?
*-*-*-*-*-*-*-*-*-*-*-*-*-*-*-*-*-*-*-*-*-*-*-*
== RUN (2025-08-12 13:28:35)
-- CODE: 
print(35+40)
-- EXECUTION TIME: 
0.0
-- TEST CASE 1:
---- input:
xx
---- correct output:
75
---- user output:
75
-- TEST CASE 2:
---- input:
xx
---- correct output:
75
---- user output:
75
*-*-*-*-*-*-*-*-*-*-*-*-*-*-*-*-*-*-*-*-*-*-*-*
== RUN (2025-08-12 13:27:08)
-- CODE: 
Print(40+35)
-- EXECUTION TIME: 
0.0
-- TEST CASE 1:
---- input:
xx
---- correct output:
75
-- ERROR:
Traceback (most recent call last):
  File "XXXX", line 1, in <module>
    Print(40+35)
    ^^^^^
NameError: name 'Print' is not defined. Did you mean: 'print'?
-- TEST CASE 2:
---- input:
xx
---- correct output:
75
-- ERROR:
Traceback (most recent call last):
  File "XXXX", line 1, in <module>
    Print(40+35)
    ^^^^^
NameError: name 'Print' is not defined. Did you mean: 'print'?
*-*-*-*-*-*-*-*-*-*-*-*-*-*-*-*-*-*-*-*-*-*-*-*
== RUN (2025-08-12 13:26:47)
-- CODE: 
Print(40+35)
-- EXECUTION TIME: 
0.0
-- TEST CASE 1:
---- input:
xx
---- correct output:
75
-- ERROR:
Traceback (most recent call last):
  File "XXXX", line 1, in <module>
    Print(40+35)
    ^^^^^
NameError: name 'Print' is not defined. Did you mean: 'print'?
-- TEST CASE 2:
---- input:
xx
---- correct output:
75
-- ERROR:
Traceback (most recent call last):
  File "XXXX", line 1, in <module>
    Print(40+35)
    ^^^^^
NameError: name 'Print' is not defined. Did you mean: 'print'?
*-*-*-*-*-*-*-*-*-*-*-*-*-*-*-*-*-*-*-*-*-*-*-*
== RUN (2025-08-12 13:27:28)
-- CODE: 
Print("30+45")
-- EXECUTION TIME: 
0.0
-- TEST CASE 1:
---- input:
xx
---- correct output:
75
-- ERROR:
Traceback (most recent call last):
  File "XXXX", line 1, in <module>
    Print("30+45")
    ^^^^^
NameError: name 'Print' is not defined. Did you mean: 'print'?
-- TEST CASE 2:
---- input:
xx
---- correct output:
75
-- ERROR:
Traceback (most recent call last):
  File "XXXX", line 1, in <module>
    Print("30+45")
    ^^^^^
NameError: name 'Print' is not defined. Did you mean: 'print'?
*-*-*-*-*-*-*-*-*-*-*-*-*-*-*-*-*-*-*-*-*-*-*-*
