== RUN (2025-08-19 13:17:29)
-- CODE: 
x1 = 1.23
x2=0
print(x2)
-- EXECUTION TIME: 
0.0
-- TEST CASE 1:
---- input:
1.23
---- correct output:
1.23
---- user output:
0
-- TEST CASE 2:
---- input:
1.23
---- correct output:
1.23
---- user output:
0
*-*-*-*-*-*-*-*-*-*-*-*-*-*-*-*-*-*-*-*-*-*-*-*
== RUN (2025-08-19 13:17:58)
-- CODE: 
x1 = 1.23
printt(x1)
-- EXECUTION TIME: 
0.0
-- TEST CASE 1:
---- input:
1.23
---- correct output:
1.23
-- ERROR:
Traceback (most recent call last):
  File "XXXX", line 2, in <module>
    printt(x1)
    ^^^^^^
NameError: name 'printt' is not defined. Did you mean: 'print'?
-- TEST CASE 2:
---- input:
1.23
---- correct output:
1.23
-- ERROR:
Traceback (most recent call last):
  File "XXXX", line 2, in <module>
    printt(x1)
    ^^^^^^
NameError: name 'printt' is not defined. Did you mean: 'print'?
*-*-*-*-*-*-*-*-*-*-*-*-*-*-*-*-*-*-*-*-*-*-*-*
== RUN (2025-08-19 13:17:13)
-- CODE: 
x1 = 1.23
x2=0
print(X2)
-- EXECUTION TIME: 
0.0
-- TEST CASE 1:
---- input:
1.23
---- correct output:
1.23
-- ERROR:
Traceback (most recent call last):
  File "XXXX", line 3, in <module>
    print(X2)
          ^^
NameError: name 'X2' is not defined. Did you mean: 'x2'?
-- TEST CASE 2:
---- input:
1.23
---- correct output:
1.23
-- ERROR:
Traceback (most recent call last):
  File "XXXX", line 3, in <module>
    print(X2)
          ^^
NameError: name 'X2' is not defined. Did you mean: 'x2'?
*-*-*-*-*-*-*-*-*-*-*-*-*-*-*-*-*-*-*-*-*-*-*-*
== RUN (2025-08-19 01:12:51)
-- CODE: 
x1 = "Ufam"
print(x1
-- EXECUTION TIME: 
0.0
-- TEST CASE 1:
---- input:
1.23
---- correct output:
1.23
-- ERROR:
File "XXXX", line 2
    print(x1
         ^
SyntaxError: '(' was never closed
-- TEST CASE 2:
---- input:
1.23
---- correct output:
1.23
-- ERROR:
File "XXXX", line 2
    print(x1
         ^
SyntaxError: '(' was never closed
*-*-*-*-*-*-*-*-*-*-*-*-*-*-*-*-*-*-*-*-*-*-*-*
== SUBMISSION (2025-08-19 13:18:09)
-- CODE: 
x1 = 1.23
print(x1)
-- EXECUTION TIME: 
0.01
-- TEST CASE 1:
---- input:
1.23
---- correct output:
1.23
---- user output:
1.23
-- TEST CASE 2:
---- input:
1.23
---- correct output:
1.23
---- user output:
1.23
-- GRADE:
100%
*-*-*-*-*-*-*-*-*-*-*-*-*-*-*-*-*-*-*-*-*-*-*-*
== RUN (2025-08-19 01:13:02)
-- CODE: 
x1 = "Ufam"
print(x1)
-- EXECUTION TIME: 
0.0
-- TEST CASE 1:
---- input:
1.23
---- correct output:
1.23
---- user output:
Ufam
-- TEST CASE 2:
---- input:
1.23
---- correct output:
1.23
---- user output:
Ufam
*-*-*-*-*-*-*-*-*-*-*-*-*-*-*-*-*-*-*-*-*-*-*-*
== RUN (2025-08-19 01:11:54)
-- CODE: 
x1 = "Ufam"
-- EXECUTION TIME: 
0.0
-- TEST CASE 1:
---- input:
1.23
---- correct output:
1.23
---- user output:
None
-- TEST CASE 2:
---- input:
1.23
---- correct output:
1.23
---- user output:
None
*-*-*-*-*-*-*-*-*-*-*-*-*-*-*-*-*-*-*-*-*-*-*-*
