== RUN (2025-08-12 13:41:21)
-- CODE: 
print(s == 50//3)
print(50%3)
-- EXECUTION TIME: 
0.0
-- TEST CASE 1:
---- input:
xx
---- correct output:
16
2
-- ERROR:
Traceback (most recent call last):
  File "XXXX", line 1, in <module>
    print(s == 50//3)
          ^
NameError: name 's' is not defined
-- TEST CASE 2:
---- input:
xx
---- correct output:
16
2
-- ERROR:
Traceback (most recent call last):
  File "XXXX", line 1, in <module>
    print(s == 50//3)
          ^
NameError: name 's' is not defined
*-*-*-*-*-*-*-*-*-*-*-*-*-*-*-*-*-*-*-*-*-*-*-*
== RUN (2025-08-12 13:39:52)
-- CODE: 
print(s == 50//3)
print(s = %)
-- EXECUTION TIME: 
0.0
-- TEST CASE 1:
---- input:
xx
---- correct output:
16
2
-- ERROR:
File "XXXX", line 2
    print(s = %)
              ^
SyntaxError: invalid syntax
-- TEST CASE 2:
---- input:
xx
---- correct output:
16
2
-- ERROR:
File "XXXX", line 2
    print(s = %)
              ^
SyntaxError: invalid syntax
*-*-*-*-*-*-*-*-*-*-*-*-*-*-*-*-*-*-*-*-*-*-*-*
== RUN (2025-08-12 13:39:18)
-- CODE: 
print(50//3)
print(2)
-- EXECUTION TIME: 
0.0
-- TEST CASE 1:
---- input:
xx
---- correct output:
16
2
---- user output:
2
-- TEST CASE 2:
---- input:
xx
---- correct output:
16
2
---- user output:
2
*-*-*-*-*-*-*-*-*-*-*-*-*-*-*-*-*-*-*-*-*-*-*-*
== RUN (2025-08-12 13:41:45)
-- CODE: 
print(50//3)
print(50%3)
-- EXECUTION TIME: 
0.0
-- TEST CASE 1:
---- input:
xx
---- correct output:
16
2
---- user output:
2
-- TEST CASE 2:
---- input:
xx
---- correct output:
16
2
---- user output:
2
*-*-*-*-*-*-*-*-*-*-*-*-*-*-*-*-*-*-*-*-*-*-*-*
== RUN (2025-08-12 13:37:00)
-- CODE: 
print(16)
print(2)
-- EXECUTION TIME: 
0.0
-- TEST CASE 1:
---- input:
xx
---- correct output:
16
2
---- user output:
2
-- TEST CASE 2:
---- input:
xx
---- correct output:
16
2
---- user output:
2
*-*-*-*-*-*-*-*-*-*-*-*-*-*-*-*-*-*-*-*-*-*-*-*
== RUN (2025-08-12 13:39:44)
-- CODE: 
print(s == 50//3)
print(s%)
-- EXECUTION TIME: 
0.0
-- TEST CASE 1:
---- input:
xx
---- correct output:
16
2
-- ERROR:
File "XXXX", line 2
    print(s%)
            ^
SyntaxError: invalid syntax
-- TEST CASE 2:
---- input:
xx
---- correct output:
16
2
-- ERROR:
File "XXXX", line 2
    print(s%)
            ^
SyntaxError: invalid syntax
*-*-*-*-*-*-*-*-*-*-*-*-*-*-*-*-*-*-*-*-*-*-*-*
== RUN (2025-08-12 13:41:32)
-- CODE: 
print(50//3)
print(50%3)
-- EXECUTION TIME: 
0.0
-- TEST CASE 1:
---- input:
xx
---- correct output:
16
2
---- user output:
2
-- TEST CASE 2:
---- input:
xx
---- correct output:
16
2
---- user output:
2
*-*-*-*-*-*-*-*-*-*-*-*-*-*-*-*-*-*-*-*-*-*-*-*
== RUN (2025-08-12 13:39:58)
-- CODE: 
print(s == 50//3)
print(s == %)
-- EXECUTION TIME: 
0.0
-- TEST CASE 1:
---- input:
xx
---- correct output:
16
2
-- ERROR:
File "XXXX", line 2
    print(s == %)
               ^
SyntaxError: invalid syntax
-- TEST CASE 2:
---- input:
xx
---- correct output:
16
2
-- ERROR:
File "XXXX", line 2
    print(s == %)
               ^
SyntaxError: invalid syntax
*-*-*-*-*-*-*-*-*-*-*-*-*-*-*-*-*-*-*-*-*-*-*-*
== SUBMISSION (2025-08-12 13:41:46)
-- CODE: 
print(50//3)
print(50%3)
-- EXECUTION TIME: 
0.01
-- TEST CASE 1:
---- input:
xx
---- correct output:
16
2
---- user output:
2
-- TEST CASE 2:
---- input:
xx
---- correct output:
16
2
---- user output:
2
-- GRADE:
100%
*-*-*-*-*-*-*-*-*-*-*-*-*-*-*-*-*-*-*-*-*-*-*-*
