== SUBMISSION (2025-08-28 20:12:14)
-- CODE: 
x=int(input("digite um numero x: "))
y=int(input("digite um numero y: "))

quoc_int = (x//y)
resto = (x%y)
quoc_real = (x/y)
produt = (x*y)
poten = (y**3)

print(quoc_int)
print(resto)
print(quoc_real)
print(produt)
print(poten)
-- EXECUTION TIME: 
0.0133333
-- TEST CASE 1:
---- input:
14
2
---- correct output:
7
0
7.0
28
8
---- user output:
8
-- TEST CASE 2:
---- input:
8
5
---- correct output:
1
3
1.6
40
125
---- user output:
125
-- TEST CASE 3:
---- input:
10
5
---- correct output:
2
0
2.0
50
125
---- user output:
125
-- TEST CASE 4:
---- input:
53
2
---- correct output:
26
1
26.5
106
8
---- user output:
8
-- TEST CASE 5:
---- input:
346
2
---- correct output:
173
0
173.0
692
8
---- user output:
8
-- TEST CASE 6:
---- input:
347
2
---- correct output:
173
1
173.5
694
8
---- user output:
8
-- GRADE:
100%
*-*-*-*-*-*-*-*-*-*-*-*-*-*-*-*-*-*-*-*-*-*-*-*
== RUN (2025-08-28 20:06:59)
-- CODE: 
nx=int(input("digite um numero x: "))
ny=int(input("digite um numero y: "))
print(nx//ny)
print(n%ny)
print(nx/ny)
print(nx*ny)
print(ny**3)
-- EXECUTION TIME: 
0.0
-- TEST CASE 1:
---- input:
14
2
---- correct output:
7
0
7.0
28
8
-- ERROR:
Traceback (most recent call last):
  File "XXXX", line 4, in <module>
    print(n%ny)
          ^
NameError: name 'n' is not defined. Did you mean: 'nx'?
-- TEST CASE 2:
---- input:
8
5
---- correct output:
1
3
1.6
40
125
-- ERROR:
Traceback (most recent call last):
  File "XXXX", line 4, in <module>
    print(n%ny)
          ^
NameError: name 'n' is not defined. Did you mean: 'nx'?
-- TEST CASE 3:
---- input:
10
5
---- correct output:
2
0
2.0
50
125
-- ERROR:
Traceback (most recent call last):
  File "XXXX", line 4, in <module>
    print(n%ny)
          ^
NameError: name 'n' is not defined. Did you mean: 'nx'?
-- TEST CASE 4:
---- input:
53
2
---- correct output:
26
1
26.5
106
8
-- ERROR:
Traceback (most recent call last):
  File "XXXX", line 4, in <module>
    print(n%ny)
          ^
NameError: name 'n' is not defined. Did you mean: 'nx'?
-- TEST CASE 5:
---- input:
346
2
---- correct output:
173
0
173.0
692
8
-- ERROR:
Traceback (most recent call last):
  File "XXXX", line 4, in <module>
    print(n%ny)
          ^
NameError: name 'n' is not defined. Did you mean: 'nx'?
-- TEST CASE 6:
---- input:
347
2
---- correct output:
173
1
173.5
694
8
-- ERROR:
Traceback (most recent call last):
  File "XXXX", line 4, in <module>
    print(n%ny)
          ^
NameError: name 'n' is not defined. Did you mean: 'nx'?
*-*-*-*-*-*-*-*-*-*-*-*-*-*-*-*-*-*-*-*-*-*-*-*
== RUN (2025-08-21 21:40:54)
-- CODE: 
X:input(10)
Y: input(5)

print(X//Y)
print(X%Y)
print(X/Y)
print(X*Y)
print(y**3)
-- EXECUTION TIME: 
0.0
-- TEST CASE 1:
---- input:
14
2
---- correct output:
7
0
7.0
28
8
-- ERROR:
Traceback (most recent call last):
  File "XXXX", line 4, in <module>
    print(X//Y)
          ^
NameError: name 'X' is not defined
-- TEST CASE 2:
---- input:
8
5
---- correct output:
1
3
1.6
40
125
-- ERROR:
Traceback (most recent call last):
  File "XXXX", line 4, in <module>
    print(X//Y)
          ^
NameError: name 'X' is not defined
-- TEST CASE 3:
---- input:
10
5
---- correct output:
2
0
2.0
50
125
-- ERROR:
Traceback (most recent call last):
  File "XXXX", line 4, in <module>
    print(X//Y)
          ^
NameError: name 'X' is not defined
-- TEST CASE 4:
---- input:
53
2
---- correct output:
26
1
26.5
106
8
-- ERROR:
Traceback (most recent call last):
  File "XXXX", line 4, in <module>
    print(X//Y)
          ^
NameError: name 'X' is not defined
-- TEST CASE 5:
---- input:
346
2
---- correct output:
173
0
173.0
692
8
-- ERROR:
Traceback (most recent call last):
  File "XXXX", line 4, in <module>
    print(X//Y)
          ^
NameError: name 'X' is not defined
-- TEST CASE 6:
---- input:
347
2
---- correct output:
173
1
173.5
694
8
-- ERROR:
Traceback (most recent call last):
  File "XXXX", line 4, in <module>
    print(X//Y)
          ^
NameError: name 'X' is not defined
*-*-*-*-*-*-*-*-*-*-*-*-*-*-*-*-*-*-*-*-*-*-*-*
== SUBMISSION (2025-08-21 21:42:37)
-- CODE: 
X:int(input(digite um numero:))
Y: int(input(digite um numero:))

print(X//Y)
print(X%Y)
print(X/Y)
print(X*Y)
print(y**3)
-- EXECUTION TIME: 
0.0
-- TEST CASE 1:
---- input:
14
2
---- correct output:
7
0
7.0
28
8
-- ERROR:
File "XXXX", line 1
    X:int(input(digite um numero:))
                ^^^^^^^^^
SyntaxError: invalid syntax. Perhaps you forgot a comma?
-- TEST CASE 2:
---- input:
8
5
---- correct output:
1
3
1.6
40
125
-- ERROR:
File "XXXX", line 1
    X:int(input(digite um numero:))
                ^^^^^^^^^
SyntaxError: invalid syntax. Perhaps you forgot a comma?
-- TEST CASE 3:
---- input:
10
5
---- correct output:
2
0
2.0
50
125
-- ERROR:
File "XXXX", line 1
    X:int(input(digite um numero:))
                ^^^^^^^^^
SyntaxError: invalid syntax. Perhaps you forgot a comma?
-- TEST CASE 4:
---- input:
53
2
---- correct output:
26
1
26.5
106
8
-- ERROR:
File "XXXX", line 1
    X:int(input(digite um numero:))
                ^^^^^^^^^
SyntaxError: invalid syntax. Perhaps you forgot a comma?
-- TEST CASE 5:
---- input:
346
2
---- correct output:
173
0
173.0
692
8
-- ERROR:
File "XXXX", line 1
    X:int(input(digite um numero:))
                ^^^^^^^^^
SyntaxError: invalid syntax. Perhaps you forgot a comma?
-- TEST CASE 6:
---- input:
347
2
---- correct output:
173
1
173.5
694
8
-- ERROR:
File "XXXX", line 1
    X:int(input(digite um numero:))
                ^^^^^^^^^
SyntaxError: invalid syntax. Perhaps you forgot a comma?
-- GRADE:
0%
*-*-*-*-*-*-*-*-*-*-*-*-*-*-*-*-*-*-*-*-*-*-*-*
== RUN (2025-08-21 21:19:14)
-- CODE: 
x= input(print("digite um numero:"))
y= input(print("digite um numero:"))

print(x//y)
ptint(x%y)
ptint(x/y)
print(x*y)
print(y**3)
-- EXECUTION TIME: 
0.0
-- TEST CASE 1:
---- input:
14
2
---- correct output:
7
0
7.0
28
8
-- ERROR:
Traceback (most recent call last):
  File "XXXX", line 4, in <module>
    print(x//y)
          ~^^~
TypeError: unsupported operand type(s) for //: 'str' and 'str'
-- TEST CASE 2:
---- input:
8
5
---- correct output:
1
3
1.6
40
125
-- ERROR:
Traceback (most recent call last):
  File "XXXX", line 4, in <module>
    print(x//y)
          ~^^~
TypeError: unsupported operand type(s) for //: 'str' and 'str'
-- TEST CASE 3:
---- input:
10
5
---- correct output:
2
0
2.0
50
125
-- ERROR:
Traceback (most recent call last):
  File "XXXX", line 4, in <module>
    print(x//y)
          ~^^~
TypeError: unsupported operand type(s) for //: 'str' and 'str'
-- TEST CASE 4:
---- input:
53
2
---- correct output:
26
1
26.5
106
8
-- ERROR:
Traceback (most recent call last):
  File "XXXX", line 4, in <module>
    print(x//y)
          ~^^~
TypeError: unsupported operand type(s) for //: 'str' and 'str'
-- TEST CASE 5:
---- input:
346
2
---- correct output:
173
0
173.0
692
8
-- ERROR:
Traceback (most recent call last):
  File "XXXX", line 4, in <module>
    print(x//y)
          ~^^~
TypeError: unsupported operand type(s) for //: 'str' and 'str'
-- TEST CASE 6:
---- input:
347
2
---- correct output:
173
1
173.5
694
8
-- ERROR:
Traceback (most recent call last):
  File "XXXX", line 4, in <module>
    print(x//y)
          ~^^~
TypeError: unsupported operand type(s) for //: 'str' and 'str'
*-*-*-*-*-*-*-*-*-*-*-*-*-*-*-*-*-*-*-*-*-*-*-*
== RUN (2025-08-21 21:42:36)
-- CODE: 
X:int(input(digite um numero:))
Y: int(input(digite um numero:))

print(X//Y)
print(X%Y)
print(X/Y)
print(X*Y)
print(y**3)
-- EXECUTION TIME: 
0.0
-- TEST CASE 1:
---- input:
14
2
---- correct output:
7
0
7.0
28
8
-- ERROR:
File "XXXX", line 1
    X:int(input(digite um numero:))
                ^^^^^^^^^
SyntaxError: invalid syntax. Perhaps you forgot a comma?
-- TEST CASE 2:
---- input:
8
5
---- correct output:
1
3
1.6
40
125
-- ERROR:
File "XXXX", line 1
    X:int(input(digite um numero:))
                ^^^^^^^^^
SyntaxError: invalid syntax. Perhaps you forgot a comma?
-- TEST CASE 3:
---- input:
10
5
---- correct output:
2
0
2.0
50
125
-- ERROR:
File "XXXX", line 1
    X:int(input(digite um numero:))
                ^^^^^^^^^
SyntaxError: invalid syntax. Perhaps you forgot a comma?
-- TEST CASE 4:
---- input:
53
2
---- correct output:
26
1
26.5
106
8
-- ERROR:
File "XXXX", line 1
    X:int(input(digite um numero:))
                ^^^^^^^^^
SyntaxError: invalid syntax. Perhaps you forgot a comma?
-- TEST CASE 5:
---- input:
346
2
---- correct output:
173
0
173.0
692
8
-- ERROR:
File "XXXX", line 1
    X:int(input(digite um numero:))
                ^^^^^^^^^
SyntaxError: invalid syntax. Perhaps you forgot a comma?
-- TEST CASE 6:
---- input:
347
2
---- correct output:
173
1
173.5
694
8
-- ERROR:
File "XXXX", line 1
    X:int(input(digite um numero:))
                ^^^^^^^^^
SyntaxError: invalid syntax. Perhaps you forgot a comma?
*-*-*-*-*-*-*-*-*-*-*-*-*-*-*-*-*-*-*-*-*-*-*-*
== SUBMISSION (2025-08-28 20:08:05)
-- CODE: 
nx=int(input("digite um numero x: "))
ny=int(input("digite um numero y: "))
print(nx//ny)
print(n%ny)
print(nx/ny)
print(nx*ny)
print(ny**3)
-- EXECUTION TIME: 
0.0
-- TEST CASE 1:
---- input:
14
2
---- correct output:
7
0
7.0
28
8
-- ERROR:
Traceback (most recent call last):
  File "XXXX", line 4, in <module>
    print(n%ny)
          ^
NameError: name 'n' is not defined. Did you mean: 'nx'?
-- TEST CASE 2:
---- input:
8
5
---- correct output:
1
3
1.6
40
125
-- ERROR:
Traceback (most recent call last):
  File "XXXX", line 4, in <module>
    print(n%ny)
          ^
NameError: name 'n' is not defined. Did you mean: 'nx'?
-- TEST CASE 3:
---- input:
10
5
---- correct output:
2
0
2.0
50
125
-- ERROR:
Traceback (most recent call last):
  File "XXXX", line 4, in <module>
    print(n%ny)
          ^
NameError: name 'n' is not defined. Did you mean: 'nx'?
-- TEST CASE 4:
---- input:
53
2
---- correct output:
26
1
26.5
106
8
-- ERROR:
Traceback (most recent call last):
  File "XXXX", line 4, in <module>
    print(n%ny)
          ^
NameError: name 'n' is not defined. Did you mean: 'nx'?
-- TEST CASE 5:
---- input:
346
2
---- correct output:
173
0
173.0
692
8
-- ERROR:
Traceback (most recent call last):
  File "XXXX", line 4, in <module>
    print(n%ny)
          ^
NameError: name 'n' is not defined. Did you mean: 'nx'?
-- TEST CASE 6:
---- input:
347
2
---- correct output:
173
1
173.5
694
8
-- ERROR:
Traceback (most recent call last):
  File "XXXX", line 4, in <module>
    print(n%ny)
          ^
NameError: name 'n' is not defined. Did you mean: 'nx'?
-- GRADE:
0%
*-*-*-*-*-*-*-*-*-*-*-*-*-*-*-*-*-*-*-*-*-*-*-*
== RUN (2025-08-28 20:12:09)
-- CODE: 
x=int(input("digite um numero x: "))
y=int(input("digite um numero y: "))

quoc_int = (x//y)
resto = (x%y)
quoc_real = (x/y)
produt = (x*y)
poten = (y**3)

print(quoc_int)
print(resto)
print(quoc_real)
print(produt)
print(poten)
-- EXECUTION TIME: 
0.0
-- TEST CASE 1:
---- input:
14
2
---- correct output:
7
0
7.0
28
8
---- user output:
8
-- TEST CASE 2:
---- input:
8
5
---- correct output:
1
3
1.6
40
125
---- user output:
125
-- TEST CASE 3:
---- input:
10
5
---- correct output:
2
0
2.0
50
125
---- user output:
125
-- TEST CASE 4:
---- input:
53
2
---- correct output:
26
1
26.5
106
8
---- user output:
8
-- TEST CASE 5:
---- input:
346
2
---- correct output:
173
0
173.0
692
8
---- user output:
8
-- TEST CASE 6:
---- input:
347
2
---- correct output:
173
1
173.5
694
8
---- user output:
8
*-*-*-*-*-*-*-*-*-*-*-*-*-*-*-*-*-*-*-*-*-*-*-*
== RUN (2025-08-28 19:57:29)
-- CODE: 
nx=int(input("digite um numero x: "))
ny=int(input("digite um numero y: "))
print(nx//ny)
print(n%ny)
print(nx/ny)
print(nx*ny)
print(ny**3)
-- EXECUTION TIME: 
0.0
-- TEST CASE 1:
---- input:
14
2
---- correct output:
7
0
7.0
28
8
-- ERROR:
Traceback (most recent call last):
  File "XXXX", line 4, in <module>
    print(n%ny)
          ^
NameError: name 'n' is not defined. Did you mean: 'nx'?
-- TEST CASE 2:
---- input:
8
5
---- correct output:
1
3
1.6
40
125
-- ERROR:
Traceback (most recent call last):
  File "XXXX", line 4, in <module>
    print(n%ny)
          ^
NameError: name 'n' is not defined. Did you mean: 'nx'?
-- TEST CASE 3:
---- input:
10
5
---- correct output:
2
0
2.0
50
125
-- ERROR:
Traceback (most recent call last):
  File "XXXX", line 4, in <module>
    print(n%ny)
          ^
NameError: name 'n' is not defined. Did you mean: 'nx'?
-- TEST CASE 4:
---- input:
53
2
---- correct output:
26
1
26.5
106
8
-- ERROR:
Traceback (most recent call last):
  File "XXXX", line 4, in <module>
    print(n%ny)
          ^
NameError: name 'n' is not defined. Did you mean: 'nx'?
-- TEST CASE 5:
---- input:
346
2
---- correct output:
173
0
173.0
692
8
-- ERROR:
Traceback (most recent call last):
  File "XXXX", line 4, in <module>
    print(n%ny)
          ^
NameError: name 'n' is not defined. Did you mean: 'nx'?
-- TEST CASE 6:
---- input:
347
2
---- correct output:
173
1
173.5
694
8
-- ERROR:
Traceback (most recent call last):
  File "XXXX", line 4, in <module>
    print(n%ny)
          ^
NameError: name 'n' is not defined. Did you mean: 'nx'?
*-*-*-*-*-*-*-*-*-*-*-*-*-*-*-*-*-*-*-*-*-*-*-*
== RUN (2025-08-21 21:26:33)
-- CODE: 
x= input(print("digite um numero:"))
y= input(print("digite um numero:"))

print(x//y)
ptint(x%y)
ptint(x/y)
print(x*y)
print(y**3)
-- EXECUTION TIME: 
0.0
-- TEST CASE 1:
---- input:
14
2
---- correct output:
7
0
7.0
28
8
-- ERROR:
Traceback (most recent call last):
  File "XXXX", line 4, in <module>
    print(x//y)
          ~^^~
TypeError: unsupported operand type(s) for //: 'str' and 'str'
-- TEST CASE 2:
---- input:
8
5
---- correct output:
1
3
1.6
40
125
-- ERROR:
Traceback (most recent call last):
  File "XXXX", line 4, in <module>
    print(x//y)
          ~^^~
TypeError: unsupported operand type(s) for //: 'str' and 'str'
-- TEST CASE 3:
---- input:
10
5
---- correct output:
2
0
2.0
50
125
-- ERROR:
Traceback (most recent call last):
  File "XXXX", line 4, in <module>
    print(x//y)
          ~^^~
TypeError: unsupported operand type(s) for //: 'str' and 'str'
-- TEST CASE 4:
---- input:
53
2
---- correct output:
26
1
26.5
106
8
-- ERROR:
Traceback (most recent call last):
  File "XXXX", line 4, in <module>
    print(x//y)
          ~^^~
TypeError: unsupported operand type(s) for //: 'str' and 'str'
-- TEST CASE 5:
---- input:
346
2
---- correct output:
173
0
173.0
692
8
-- ERROR:
Traceback (most recent call last):
  File "XXXX", line 4, in <module>
    print(x//y)
          ~^^~
TypeError: unsupported operand type(s) for //: 'str' and 'str'
-- TEST CASE 6:
---- input:
347
2
---- correct output:
173
1
173.5
694
8
-- ERROR:
Traceback (most recent call last):
  File "XXXX", line 4, in <module>
    print(x//y)
          ~^^~
TypeError: unsupported operand type(s) for //: 'str' and 'str'
*-*-*-*-*-*-*-*-*-*-*-*-*-*-*-*-*-*-*-*-*-*-*-*
== RUN (2025-08-21 21:30:19)
-- CODE: 



nome= andreza
print("oi", nome)
-- EXECUTION TIME: 
0.0
-- TEST CASE 1:
---- input:
14
2
---- correct output:
7
0
7.0
28
8
-- ERROR:
Traceback (most recent call last):
  File "XXXX", line 4, in <module>
    nome= andreza
          ^^^^^^^
NameError: name 'andreza' is not defined
-- TEST CASE 2:
---- input:
8
5
---- correct output:
1
3
1.6
40
125
-- ERROR:
Traceback (most recent call last):
  File "XXXX", line 4, in <module>
    nome= andreza
          ^^^^^^^
NameError: name 'andreza' is not defined
-- TEST CASE 3:
---- input:
10
5
---- correct output:
2
0
2.0
50
125
-- ERROR:
Traceback (most recent call last):
  File "XXXX", line 4, in <module>
    nome= andreza
          ^^^^^^^
NameError: name 'andreza' is not defined
-- TEST CASE 4:
---- input:
53
2
---- correct output:
26
1
26.5
106
8
-- ERROR:
Traceback (most recent call last):
  File "XXXX", line 4, in <module>
    nome= andreza
          ^^^^^^^
NameError: name 'andreza' is not defined
-- TEST CASE 5:
---- input:
346
2
---- correct output:
173
0
173.0
692
8
-- ERROR:
Traceback (most recent call last):
  File "XXXX", line 4, in <module>
    nome= andreza
          ^^^^^^^
NameError: name 'andreza' is not defined
-- TEST CASE 6:
---- input:
347
2
---- correct output:
173
1
173.5
694
8
-- ERROR:
Traceback (most recent call last):
  File "XXXX", line 4, in <module>
    nome= andreza
          ^^^^^^^
NameError: name 'andreza' is not defined
*-*-*-*-*-*-*-*-*-*-*-*-*-*-*-*-*-*-*-*-*-*-*-*
== SUBMISSION (2025-08-28 19:57:31)
-- CODE: 
nx=int(input("digite um numero x: "))
ny=int(input("digite um numero y: "))
print(nx//ny)
print(n%ny)
print(nx/ny)
print(nx*ny)
print(ny**3)
-- EXECUTION TIME: 
0.0
-- TEST CASE 1:
---- input:
14
2
---- correct output:
7
0
7.0
28
8
-- ERROR:
Traceback (most recent call last):
  File "XXXX", line 4, in <module>
    print(n%ny)
          ^
NameError: name 'n' is not defined. Did you mean: 'nx'?
-- TEST CASE 2:
---- input:
8
5
---- correct output:
1
3
1.6
40
125
-- ERROR:
Traceback (most recent call last):
  File "XXXX", line 4, in <module>
    print(n%ny)
          ^
NameError: name 'n' is not defined. Did you mean: 'nx'?
-- TEST CASE 3:
---- input:
10
5
---- correct output:
2
0
2.0
50
125
-- ERROR:
Traceback (most recent call last):
  File "XXXX", line 4, in <module>
    print(n%ny)
          ^
NameError: name 'n' is not defined. Did you mean: 'nx'?
-- TEST CASE 4:
---- input:
53
2
---- correct output:
26
1
26.5
106
8
-- ERROR:
Traceback (most recent call last):
  File "XXXX", line 4, in <module>
    print(n%ny)
          ^
NameError: name 'n' is not defined. Did you mean: 'nx'?
-- TEST CASE 5:
---- input:
346
2
---- correct output:
173
0
173.0
692
8
-- ERROR:
Traceback (most recent call last):
  File "XXXX", line 4, in <module>
    print(n%ny)
          ^
NameError: name 'n' is not defined. Did you mean: 'nx'?
-- TEST CASE 6:
---- input:
347
2
---- correct output:
173
1
173.5
694
8
-- ERROR:
Traceback (most recent call last):
  File "XXXX", line 4, in <module>
    print(n%ny)
          ^
NameError: name 'n' is not defined. Did you mean: 'nx'?
-- GRADE:
0%
*-*-*-*-*-*-*-*-*-*-*-*-*-*-*-*-*-*-*-*-*-*-*-*
== SUBMISSION (2025-08-21 21:39:48)
-- CODE: 
X:input(5)
Y: input (8)

print(X//Y)
print(X%Y)
print(X/Y)
print(X*Y)
print(y**3)



-- EXECUTION TIME: 
0.0
-- TEST CASE 1:
---- input:
14
2
---- correct output:
7
0
7.0
28
8
-- ERROR:
Traceback (most recent call last):
  File "XXXX", line 4, in <module>
    print(X//Y)
          ^
NameError: name 'X' is not defined
-- TEST CASE 2:
---- input:
8
5
---- correct output:
1
3
1.6
40
125
-- ERROR:
Traceback (most recent call last):
  File "XXXX", line 4, in <module>
    print(X//Y)
          ^
NameError: name 'X' is not defined
-- TEST CASE 3:
---- input:
10
5
---- correct output:
2
0
2.0
50
125
-- ERROR:
Traceback (most recent call last):
  File "XXXX", line 4, in <module>
    print(X//Y)
          ^
NameError: name 'X' is not defined
-- TEST CASE 4:
---- input:
53
2
---- correct output:
26
1
26.5
106
8
-- ERROR:
Traceback (most recent call last):
  File "XXXX", line 4, in <module>
    print(X//Y)
          ^
NameError: name 'X' is not defined
-- TEST CASE 5:
---- input:
346
2
---- correct output:
173
0
173.0
692
8
-- ERROR:
Traceback (most recent call last):
  File "XXXX", line 4, in <module>
    print(X//Y)
          ^
NameError: name 'X' is not defined
-- TEST CASE 6:
---- input:
347
2
---- correct output:
173
1
173.5
694
8
-- ERROR:
Traceback (most recent call last):
  File "XXXX", line 4, in <module>
    print(X//Y)
          ^
NameError: name 'X' is not defined
-- GRADE:
0%
*-*-*-*-*-*-*-*-*-*-*-*-*-*-*-*-*-*-*-*-*-*-*-*
== RUN (2025-08-21 21:39:44)
-- CODE: 
X:input(5)
Y: input (8)

print(X//Y)
print(X%Y)
print(X/Y)
print(X*Y)
print(y**3)



-- EXECUTION TIME: 
0.0
-- TEST CASE 1:
---- input:
14
2
---- correct output:
7
0
7.0
28
8
-- ERROR:
Traceback (most recent call last):
  File "XXXX", line 4, in <module>
    print(X//Y)
          ^
NameError: name 'X' is not defined
-- TEST CASE 2:
---- input:
8
5
---- correct output:
1
3
1.6
40
125
-- ERROR:
Traceback (most recent call last):
  File "XXXX", line 4, in <module>
    print(X//Y)
          ^
NameError: name 'X' is not defined
-- TEST CASE 3:
---- input:
10
5
---- correct output:
2
0
2.0
50
125
-- ERROR:
Traceback (most recent call last):
  File "XXXX", line 4, in <module>
    print(X//Y)
          ^
NameError: name 'X' is not defined
-- TEST CASE 4:
---- input:
53
2
---- correct output:
26
1
26.5
106
8
-- ERROR:
Traceback (most recent call last):
  File "XXXX", line 4, in <module>
    print(X//Y)
          ^
NameError: name 'X' is not defined
-- TEST CASE 5:
---- input:
346
2
---- correct output:
173
0
173.0
692
8
-- ERROR:
Traceback (most recent call last):
  File "XXXX", line 4, in <module>
    print(X//Y)
          ^
NameError: name 'X' is not defined
-- TEST CASE 6:
---- input:
347
2
---- correct output:
173
1
173.5
694
8
-- ERROR:
Traceback (most recent call last):
  File "XXXX", line 4, in <module>
    print(X//Y)
          ^
NameError: name 'X' is not defined
*-*-*-*-*-*-*-*-*-*-*-*-*-*-*-*-*-*-*-*-*-*-*-*
== SUBMISSION (2025-08-21 21:17:15)
-- CODE: 
x= input("digite um numero:")
y= input("digite um numero:")

print(x//y)
ptint(x%y)
ptint(x/y)
print(x*y)
print(y**3)
-- EXECUTION TIME: 
0.0
-- TEST CASE 1:
---- input:
14
2
---- correct output:
7
0
7.0
28
8
-- ERROR:
Traceback (most recent call last):
  File "XXXX", line 4, in <module>
    print(x//y)
          ~^^~
TypeError: unsupported operand type(s) for //: 'str' and 'str'
-- TEST CASE 2:
---- input:
8
5
---- correct output:
1
3
1.6
40
125
-- ERROR:
Traceback (most recent call last):
  File "XXXX", line 4, in <module>
    print(x//y)
          ~^^~
TypeError: unsupported operand type(s) for //: 'str' and 'str'
-- TEST CASE 3:
---- input:
10
5
---- correct output:
2
0
2.0
50
125
-- ERROR:
Traceback (most recent call last):
  File "XXXX", line 4, in <module>
    print(x//y)
          ~^^~
TypeError: unsupported operand type(s) for //: 'str' and 'str'
-- TEST CASE 4:
---- input:
53
2
---- correct output:
26
1
26.5
106
8
-- ERROR:
Traceback (most recent call last):
  File "XXXX", line 4, in <module>
    print(x//y)
          ~^^~
TypeError: unsupported operand type(s) for //: 'str' and 'str'
-- TEST CASE 5:
---- input:
346
2
---- correct output:
173
0
173.0
692
8
-- ERROR:
Traceback (most recent call last):
  File "XXXX", line 4, in <module>
    print(x//y)
          ~^^~
TypeError: unsupported operand type(s) for //: 'str' and 'str'
-- TEST CASE 6:
---- input:
347
2
---- correct output:
173
1
173.5
694
8
-- ERROR:
Traceback (most recent call last):
  File "XXXX", line 4, in <module>
    print(x//y)
          ~^^~
TypeError: unsupported operand type(s) for //: 'str' and 'str'
-- GRADE:
0%
*-*-*-*-*-*-*-*-*-*-*-*-*-*-*-*-*-*-*-*-*-*-*-*
== SUBMISSION (2025-08-21 21:38:46)
-- CODE: 
n:input(5)
L: input (8)

print(X//Y)
print(X%Y)
print(X/Y)
print(X*Y)
print(y**3)



-- EXECUTION TIME: 
0.0
-- TEST CASE 1:
---- input:
14
2
---- correct output:
7
0
7.0
28
8
-- ERROR:
Traceback (most recent call last):
  File "XXXX", line 4, in <module>
    print(X//Y)
          ^
NameError: name 'X' is not defined
-- TEST CASE 2:
---- input:
8
5
---- correct output:
1
3
1.6
40
125
-- ERROR:
Traceback (most recent call last):
  File "XXXX", line 4, in <module>
    print(X//Y)
          ^
NameError: name 'X' is not defined
-- TEST CASE 3:
---- input:
10
5
---- correct output:
2
0
2.0
50
125
-- ERROR:
Traceback (most recent call last):
  File "XXXX", line 4, in <module>
    print(X//Y)
          ^
NameError: name 'X' is not defined
-- TEST CASE 4:
---- input:
53
2
---- correct output:
26
1
26.5
106
8
-- ERROR:
Traceback (most recent call last):
  File "XXXX", line 4, in <module>
    print(X//Y)
          ^
NameError: name 'X' is not defined
-- TEST CASE 5:
---- input:
346
2
---- correct output:
173
0
173.0
692
8
-- ERROR:
Traceback (most recent call last):
  File "XXXX", line 4, in <module>
    print(X//Y)
          ^
NameError: name 'X' is not defined
-- TEST CASE 6:
---- input:
347
2
---- correct output:
173
1
173.5
694
8
-- ERROR:
Traceback (most recent call last):
  File "XXXX", line 4, in <module>
    print(X//Y)
          ^
NameError: name 'X' is not defined
-- GRADE:
0%
*-*-*-*-*-*-*-*-*-*-*-*-*-*-*-*-*-*-*-*-*-*-*-*
== SUBMISSION (2025-08-21 21:26:43)
-- CODE: 
x= input(print("digite um numero:"))
y= input(print("digite um numero:"))

print(x//y)
ptint(x%y)
ptint(x/y)
print(x*y)
print(y**3)
-- EXECUTION TIME: 
0.0
-- TEST CASE 1:
---- input:
14
2
---- correct output:
7
0
7.0
28
8
-- ERROR:
Traceback (most recent call last):
  File "XXXX", line 4, in <module>
    print(x//y)
          ~^^~
TypeError: unsupported operand type(s) for //: 'str' and 'str'
-- TEST CASE 2:
---- input:
8
5
---- correct output:
1
3
1.6
40
125
-- ERROR:
Traceback (most recent call last):
  File "XXXX", line 4, in <module>
    print(x//y)
          ~^^~
TypeError: unsupported operand type(s) for //: 'str' and 'str'
-- TEST CASE 3:
---- input:
10
5
---- correct output:
2
0
2.0
50
125
-- ERROR:
Traceback (most recent call last):
  File "XXXX", line 4, in <module>
    print(x//y)
          ~^^~
TypeError: unsupported operand type(s) for //: 'str' and 'str'
-- TEST CASE 4:
---- input:
53
2
---- correct output:
26
1
26.5
106
8
-- ERROR:
Traceback (most recent call last):
  File "XXXX", line 4, in <module>
    print(x//y)
          ~^^~
TypeError: unsupported operand type(s) for //: 'str' and 'str'
-- TEST CASE 5:
---- input:
346
2
---- correct output:
173
0
173.0
692
8
-- ERROR:
Traceback (most recent call last):
  File "XXXX", line 4, in <module>
    print(x//y)
          ~^^~
TypeError: unsupported operand type(s) for //: 'str' and 'str'
-- TEST CASE 6:
---- input:
347
2
---- correct output:
173
1
173.5
694
8
-- ERROR:
Traceback (most recent call last):
  File "XXXX", line 4, in <module>
    print(x//y)
          ~^^~
TypeError: unsupported operand type(s) for //: 'str' and 'str'
-- GRADE:
0%
*-*-*-*-*-*-*-*-*-*-*-*-*-*-*-*-*-*-*-*-*-*-*-*
== RUN (2025-08-21 21:38:03)
-- CODE: 
n:input(X)
L: input (Y)

print(X//Y)
print(X%Y)
print(X/Y)
print(X*Y)
print(y**3)



-- EXECUTION TIME: 
0.0
-- TEST CASE 1:
---- input:
14
2
---- correct output:
7
0
7.0
28
8
-- ERROR:
Traceback (most recent call last):
  File "XXXX", line 1, in <module>
    n:input(X)
            ^
NameError: name 'X' is not defined
-- TEST CASE 2:
---- input:
8
5
---- correct output:
1
3
1.6
40
125
-- ERROR:
Traceback (most recent call last):
  File "XXXX", line 1, in <module>
    n:input(X)
            ^
NameError: name 'X' is not defined
-- TEST CASE 3:
---- input:
10
5
---- correct output:
2
0
2.0
50
125
-- ERROR:
Traceback (most recent call last):
  File "XXXX", line 1, in <module>
    n:input(X)
            ^
NameError: name 'X' is not defined
-- TEST CASE 4:
---- input:
53
2
---- correct output:
26
1
26.5
106
8
-- ERROR:
Traceback (most recent call last):
  File "XXXX", line 1, in <module>
    n:input(X)
            ^
NameError: name 'X' is not defined
-- TEST CASE 5:
---- input:
346
2
---- correct output:
173
0
173.0
692
8
-- ERROR:
Traceback (most recent call last):
  File "XXXX", line 1, in <module>
    n:input(X)
            ^
NameError: name 'X' is not defined
-- TEST CASE 6:
---- input:
347
2
---- correct output:
173
1
173.5
694
8
-- ERROR:
Traceback (most recent call last):
  File "XXXX", line 1, in <module>
    n:input(X)
            ^
NameError: name 'X' is not defined
*-*-*-*-*-*-*-*-*-*-*-*-*-*-*-*-*-*-*-*-*-*-*-*
== RUN (2025-08-21 21:27:31)
-- CODE: 
x= input(print("digite um numero:"))
y= input(print("digite um numero:"))


-- EXECUTION TIME: 
0.0
-- TEST CASE 1:
---- input:
14
2
---- correct output:
7
0
7.0
28
8
---- user output:
None
-- TEST CASE 2:
---- input:
8
5
---- correct output:
1
3
1.6
40
125
---- user output:
None
-- TEST CASE 3:
---- input:
10
5
---- correct output:
2
0
2.0
50
125
---- user output:
None
-- TEST CASE 4:
---- input:
53
2
---- correct output:
26
1
26.5
106
8
---- user output:
None
-- TEST CASE 5:
---- input:
346
2
---- correct output:
173
0
173.0
692
8
---- user output:
None
-- TEST CASE 6:
---- input:
347
2
---- correct output:
173
1
173.5
694
8
---- user output:
None
*-*-*-*-*-*-*-*-*-*-*-*-*-*-*-*-*-*-*-*-*-*-*-*
== SUBMISSION (2025-08-28 19:57:28)
-- CODE: 
nx=int(input("digite um numero x: "))
ny=int(input("digite um numero y: "))
print(nx//ny)
print(n%ny)
print(nx/ny)
print(nx*ny)
print(ny**3)
-- EXECUTION TIME: 
0.0
-- TEST CASE 1:
---- input:
14
2
---- correct output:
7
0
7.0
28
8
-- ERROR:
Traceback (most recent call last):
  File "XXXX", line 4, in <module>
    print(n%ny)
          ^
NameError: name 'n' is not defined. Did you mean: 'nx'?
-- TEST CASE 2:
---- input:
8
5
---- correct output:
1
3
1.6
40
125
-- ERROR:
Traceback (most recent call last):
  File "XXXX", line 4, in <module>
    print(n%ny)
          ^
NameError: name 'n' is not defined. Did you mean: 'nx'?
-- TEST CASE 3:
---- input:
10
5
---- correct output:
2
0
2.0
50
125
-- ERROR:
Traceback (most recent call last):
  File "XXXX", line 4, in <module>
    print(n%ny)
          ^
NameError: name 'n' is not defined. Did you mean: 'nx'?
-- TEST CASE 4:
---- input:
53
2
---- correct output:
26
1
26.5
106
8
-- ERROR:
Traceback (most recent call last):
  File "XXXX", line 4, in <module>
    print(n%ny)
          ^
NameError: name 'n' is not defined. Did you mean: 'nx'?
-- TEST CASE 5:
---- input:
346
2
---- correct output:
173
0
173.0
692
8
-- ERROR:
Traceback (most recent call last):
  File "XXXX", line 4, in <module>
    print(n%ny)
          ^
NameError: name 'n' is not defined. Did you mean: 'nx'?
-- TEST CASE 6:
---- input:
347
2
---- correct output:
173
1
173.5
694
8
-- ERROR:
Traceback (most recent call last):
  File "XXXX", line 4, in <module>
    print(n%ny)
          ^
NameError: name 'n' is not defined. Did you mean: 'nx'?
-- GRADE:
0%
*-*-*-*-*-*-*-*-*-*-*-*-*-*-*-*-*-*-*-*-*-*-*-*
== RUN (2025-08-21 21:38:26)
-- CODE: 
n:input(5)
L: input (8)

print(X//Y)
print(X%Y)
print(X/Y)
print(X*Y)
print(y**3)



-- EXECUTION TIME: 
0.0
-- TEST CASE 1:
---- input:
14
2
---- correct output:
7
0
7.0
28
8
-- ERROR:
Traceback (most recent call last):
  File "XXXX", line 4, in <module>
    print(X//Y)
          ^
NameError: name 'X' is not defined
-- TEST CASE 2:
---- input:
8
5
---- correct output:
1
3
1.6
40
125
-- ERROR:
Traceback (most recent call last):
  File "XXXX", line 4, in <module>
    print(X//Y)
          ^
NameError: name 'X' is not defined
-- TEST CASE 3:
---- input:
10
5
---- correct output:
2
0
2.0
50
125
-- ERROR:
Traceback (most recent call last):
  File "XXXX", line 4, in <module>
    print(X//Y)
          ^
NameError: name 'X' is not defined
-- TEST CASE 4:
---- input:
53
2
---- correct output:
26
1
26.5
106
8
-- ERROR:
Traceback (most recent call last):
  File "XXXX", line 4, in <module>
    print(X//Y)
          ^
NameError: name 'X' is not defined
-- TEST CASE 5:
---- input:
346
2
---- correct output:
173
0
173.0
692
8
-- ERROR:
Traceback (most recent call last):
  File "XXXX", line 4, in <module>
    print(X//Y)
          ^
NameError: name 'X' is not defined
-- TEST CASE 6:
---- input:
347
2
---- correct output:
173
1
173.5
694
8
-- ERROR:
Traceback (most recent call last):
  File "XXXX", line 4, in <module>
    print(X//Y)
          ^
NameError: name 'X' is not defined
*-*-*-*-*-*-*-*-*-*-*-*-*-*-*-*-*-*-*-*-*-*-*-*
== SUBMISSION (2025-08-28 20:08:23)
-- CODE: 
nx=int(input("digite um numero x: "))
ny=int(input("digite um numero y: "))

print(nx//ny)
print(n%ny)
print(nx/ny)
print(nx*ny)
print(ny**3)
-- EXECUTION TIME: 
0.0
-- TEST CASE 1:
---- input:
14
2
---- correct output:
7
0
7.0
28
8
-- ERROR:
Traceback (most recent call last):
  File "XXXX", line 5, in <module>
    print(n%ny)
          ^
NameError: name 'n' is not defined. Did you mean: 'nx'?
-- TEST CASE 2:
---- input:
8
5
---- correct output:
1
3
1.6
40
125
-- ERROR:
Traceback (most recent call last):
  File "XXXX", line 5, in <module>
    print(n%ny)
          ^
NameError: name 'n' is not defined. Did you mean: 'nx'?
-- TEST CASE 3:
---- input:
10
5
---- correct output:
2
0
2.0
50
125
-- ERROR:
Traceback (most recent call last):
  File "XXXX", line 5, in <module>
    print(n%ny)
          ^
NameError: name 'n' is not defined. Did you mean: 'nx'?
-- TEST CASE 4:
---- input:
53
2
---- correct output:
26
1
26.5
106
8
-- ERROR:
Traceback (most recent call last):
  File "XXXX", line 5, in <module>
    print(n%ny)
          ^
NameError: name 'n' is not defined. Did you mean: 'nx'?
-- TEST CASE 5:
---- input:
346
2
---- correct output:
173
0
173.0
692
8
-- ERROR:
Traceback (most recent call last):
  File "XXXX", line 5, in <module>
    print(n%ny)
          ^
NameError: name 'n' is not defined. Did you mean: 'nx'?
-- TEST CASE 6:
---- input:
347
2
---- correct output:
173
1
173.5
694
8
-- ERROR:
Traceback (most recent call last):
  File "XXXX", line 5, in <module>
    print(n%ny)
          ^
NameError: name 'n' is not defined. Did you mean: 'nx'?
-- GRADE:
0%
*-*-*-*-*-*-*-*-*-*-*-*-*-*-*-*-*-*-*-*-*-*-*-*
== RUN (2025-08-28 19:57:01)
-- CODE: 
nx=int(input("digite um numero x: "))
ny=int(input("digite um numero y: "))
print(nx//ny)
print(n%ny)
print(nx/ny)
print(nx*ny)
print(ny**3)
-- EXECUTION TIME: 
0.0
-- TEST CASE 1:
---- input:
14
2
---- correct output:
7
0
7.0
28
8
-- ERROR:
Traceback (most recent call last):
  File "XXXX", line 4, in <module>
    print(n%ny)
          ^
NameError: name 'n' is not defined. Did you mean: 'nx'?
-- TEST CASE 2:
---- input:
8
5
---- correct output:
1
3
1.6
40
125
-- ERROR:
Traceback (most recent call last):
  File "XXXX", line 4, in <module>
    print(n%ny)
          ^
NameError: name 'n' is not defined. Did you mean: 'nx'?
-- TEST CASE 3:
---- input:
10
5
---- correct output:
2
0
2.0
50
125
-- ERROR:
Traceback (most recent call last):
  File "XXXX", line 4, in <module>
    print(n%ny)
          ^
NameError: name 'n' is not defined. Did you mean: 'nx'?
-- TEST CASE 4:
---- input:
53
2
---- correct output:
26
1
26.5
106
8
-- ERROR:
Traceback (most recent call last):
  File "XXXX", line 4, in <module>
    print(n%ny)
          ^
NameError: name 'n' is not defined. Did you mean: 'nx'?
-- TEST CASE 5:
---- input:
346
2
---- correct output:
173
0
173.0
692
8
-- ERROR:
Traceback (most recent call last):
  File "XXXX", line 4, in <module>
    print(n%ny)
          ^
NameError: name 'n' is not defined. Did you mean: 'nx'?
-- TEST CASE 6:
---- input:
347
2
---- correct output:
173
1
173.5
694
8
-- ERROR:
Traceback (most recent call last):
  File "XXXX", line 4, in <module>
    print(n%ny)
          ^
NameError: name 'n' is not defined. Did you mean: 'nx'?
*-*-*-*-*-*-*-*-*-*-*-*-*-*-*-*-*-*-*-*-*-*-*-*
== SUBMISSION (2025-08-21 21:41:36)
-- CODE: 
X:int(input(10))
Y: int(input(5))

print(X//Y)
print(X%Y)
print(X/Y)
print(X*Y)
print(y**3)
-- EXECUTION TIME: 
0.0
-- TEST CASE 1:
---- input:
14
2
---- correct output:
7
0
7.0
28
8
-- ERROR:
Traceback (most recent call last):
  File "XXXX", line 4, in <module>
    print(X//Y)
          ^
NameError: name 'X' is not defined
-- TEST CASE 2:
---- input:
8
5
---- correct output:
1
3
1.6
40
125
-- ERROR:
Traceback (most recent call last):
  File "XXXX", line 4, in <module>
    print(X//Y)
          ^
NameError: name 'X' is not defined
-- TEST CASE 3:
---- input:
10
5
---- correct output:
2
0
2.0
50
125
-- ERROR:
Traceback (most recent call last):
  File "XXXX", line 4, in <module>
    print(X//Y)
          ^
NameError: name 'X' is not defined
-- TEST CASE 4:
---- input:
53
2
---- correct output:
26
1
26.5
106
8
-- ERROR:
Traceback (most recent call last):
  File "XXXX", line 4, in <module>
    print(X//Y)
          ^
NameError: name 'X' is not defined
-- TEST CASE 5:
---- input:
346
2
---- correct output:
173
0
173.0
692
8
-- ERROR:
Traceback (most recent call last):
  File "XXXX", line 4, in <module>
    print(X//Y)
          ^
NameError: name 'X' is not defined
-- TEST CASE 6:
---- input:
347
2
---- correct output:
173
1
173.5
694
8
-- ERROR:
Traceback (most recent call last):
  File "XXXX", line 4, in <module>
    print(X//Y)
          ^
NameError: name 'X' is not defined
-- GRADE:
0%
*-*-*-*-*-*-*-*-*-*-*-*-*-*-*-*-*-*-*-*-*-*-*-*
== SUBMISSION (2025-08-21 21:19:19)
-- CODE: 
x= input(print("digite um numero:"))
y= input(print("digite um numero:"))

print(x//y)
ptint(x%y)
ptint(x/y)
print(x*y)
print(y**3)
-- EXECUTION TIME: 
0.0
-- TEST CASE 1:
---- input:
14
2
---- correct output:
7
0
7.0
28
8
-- ERROR:
Traceback (most recent call last):
  File "XXXX", line 4, in <module>
    print(x//y)
          ~^^~
TypeError: unsupported operand type(s) for //: 'str' and 'str'
-- TEST CASE 2:
---- input:
8
5
---- correct output:
1
3
1.6
40
125
-- ERROR:
Traceback (most recent call last):
  File "XXXX", line 4, in <module>
    print(x//y)
          ~^^~
TypeError: unsupported operand type(s) for //: 'str' and 'str'
-- TEST CASE 3:
---- input:
10
5
---- correct output:
2
0
2.0
50
125
-- ERROR:
Traceback (most recent call last):
  File "XXXX", line 4, in <module>
    print(x//y)
          ~^^~
TypeError: unsupported operand type(s) for //: 'str' and 'str'
-- TEST CASE 4:
---- input:
53
2
---- correct output:
26
1
26.5
106
8
-- ERROR:
Traceback (most recent call last):
  File "XXXX", line 4, in <module>
    print(x//y)
          ~^^~
TypeError: unsupported operand type(s) for //: 'str' and 'str'
-- TEST CASE 5:
---- input:
346
2
---- correct output:
173
0
173.0
692
8
-- ERROR:
Traceback (most recent call last):
  File "XXXX", line 4, in <module>
    print(x//y)
          ~^^~
TypeError: unsupported operand type(s) for //: 'str' and 'str'
-- TEST CASE 6:
---- input:
347
2
---- correct output:
173
1
173.5
694
8
-- ERROR:
Traceback (most recent call last):
  File "XXXX", line 4, in <module>
    print(x//y)
          ~^^~
TypeError: unsupported operand type(s) for //: 'str' and 'str'
-- GRADE:
0%
*-*-*-*-*-*-*-*-*-*-*-*-*-*-*-*-*-*-*-*-*-*-*-*
== SUBMISSION (2025-08-28 20:07:00)
-- CODE: 
nx=int(input("digite um numero x: "))
ny=int(input("digite um numero y: "))
print(nx//ny)
print(n%ny)
print(nx/ny)
print(nx*ny)
print(ny**3)
-- EXECUTION TIME: 
0.0
-- TEST CASE 1:
---- input:
14
2
---- correct output:
7
0
7.0
28
8
-- ERROR:
Traceback (most recent call last):
  File "XXXX", line 4, in <module>
    print(n%ny)
          ^
NameError: name 'n' is not defined. Did you mean: 'nx'?
-- TEST CASE 2:
---- input:
8
5
---- correct output:
1
3
1.6
40
125
-- ERROR:
Traceback (most recent call last):
  File "XXXX", line 4, in <module>
    print(n%ny)
          ^
NameError: name 'n' is not defined. Did you mean: 'nx'?
-- TEST CASE 3:
---- input:
10
5
---- correct output:
2
0
2.0
50
125
-- ERROR:
Traceback (most recent call last):
  File "XXXX", line 4, in <module>
    print(n%ny)
          ^
NameError: name 'n' is not defined. Did you mean: 'nx'?
-- TEST CASE 4:
---- input:
53
2
---- correct output:
26
1
26.5
106
8
-- ERROR:
Traceback (most recent call last):
  File "XXXX", line 4, in <module>
    print(n%ny)
          ^
NameError: name 'n' is not defined. Did you mean: 'nx'?
-- TEST CASE 5:
---- input:
346
2
---- correct output:
173
0
173.0
692
8
-- ERROR:
Traceback (most recent call last):
  File "XXXX", line 4, in <module>
    print(n%ny)
          ^
NameError: name 'n' is not defined. Did you mean: 'nx'?
-- TEST CASE 6:
---- input:
347
2
---- correct output:
173
1
173.5
694
8
-- ERROR:
Traceback (most recent call last):
  File "XXXX", line 4, in <module>
    print(n%ny)
          ^
NameError: name 'n' is not defined. Did you mean: 'nx'?
-- GRADE:
0%
*-*-*-*-*-*-*-*-*-*-*-*-*-*-*-*-*-*-*-*-*-*-*-*
== SUBMISSION (2025-08-21 21:17:26)
-- CODE: 
x= input("digite um numero:")
y= input("digite um numero:")

print(x//y)
ptint(x%y)
ptint(x/y)
print(x*y)
print(y**3)
-- EXECUTION TIME: 
0.0
-- TEST CASE 1:
---- input:
14
2
---- correct output:
7
0
7.0
28
8
-- ERROR:
Traceback (most recent call last):
  File "XXXX", line 4, in <module>
    print(x//y)
          ~^^~
TypeError: unsupported operand type(s) for //: 'str' and 'str'
-- TEST CASE 2:
---- input:
8
5
---- correct output:
1
3
1.6
40
125
-- ERROR:
Traceback (most recent call last):
  File "XXXX", line 4, in <module>
    print(x//y)
          ~^^~
TypeError: unsupported operand type(s) for //: 'str' and 'str'
-- TEST CASE 3:
---- input:
10
5
---- correct output:
2
0
2.0
50
125
-- ERROR:
Traceback (most recent call last):
  File "XXXX", line 4, in <module>
    print(x//y)
          ~^^~
TypeError: unsupported operand type(s) for //: 'str' and 'str'
-- TEST CASE 4:
---- input:
53
2
---- correct output:
26
1
26.5
106
8
-- ERROR:
Traceback (most recent call last):
  File "XXXX", line 4, in <module>
    print(x//y)
          ~^^~
TypeError: unsupported operand type(s) for //: 'str' and 'str'
-- TEST CASE 5:
---- input:
346
2
---- correct output:
173
0
173.0
692
8
-- ERROR:
Traceback (most recent call last):
  File "XXXX", line 4, in <module>
    print(x//y)
          ~^^~
TypeError: unsupported operand type(s) for //: 'str' and 'str'
-- TEST CASE 6:
---- input:
347
2
---- correct output:
173
1
173.5
694
8
-- ERROR:
Traceback (most recent call last):
  File "XXXX", line 4, in <module>
    print(x//y)
          ~^^~
TypeError: unsupported operand type(s) for //: 'str' and 'str'
-- GRADE:
0%
*-*-*-*-*-*-*-*-*-*-*-*-*-*-*-*-*-*-*-*-*-*-*-*
== SUBMISSION (2025-08-28 19:57:32)
-- CODE: 
nx=int(input("digite um numero x: "))
ny=int(input("digite um numero y: "))
print(nx//ny)
print(n%ny)
print(nx/ny)
print(nx*ny)
print(ny**3)
-- EXECUTION TIME: 
0.0
-- TEST CASE 1:
---- input:
14
2
---- correct output:
7
0
7.0
28
8
-- ERROR:
Traceback (most recent call last):
  File "XXXX", line 4, in <module>
    print(n%ny)
          ^
NameError: name 'n' is not defined. Did you mean: 'nx'?
-- TEST CASE 2:
---- input:
8
5
---- correct output:
1
3
1.6
40
125
-- ERROR:
Traceback (most recent call last):
  File "XXXX", line 4, in <module>
    print(n%ny)
          ^
NameError: name 'n' is not defined. Did you mean: 'nx'?
-- TEST CASE 3:
---- input:
10
5
---- correct output:
2
0
2.0
50
125
-- ERROR:
Traceback (most recent call last):
  File "XXXX", line 4, in <module>
    print(n%ny)
          ^
NameError: name 'n' is not defined. Did you mean: 'nx'?
-- TEST CASE 4:
---- input:
53
2
---- correct output:
26
1
26.5
106
8
-- ERROR:
Traceback (most recent call last):
  File "XXXX", line 4, in <module>
    print(n%ny)
          ^
NameError: name 'n' is not defined. Did you mean: 'nx'?
-- TEST CASE 5:
---- input:
346
2
---- correct output:
173
0
173.0
692
8
-- ERROR:
Traceback (most recent call last):
  File "XXXX", line 4, in <module>
    print(n%ny)
          ^
NameError: name 'n' is not defined. Did you mean: 'nx'?
-- TEST CASE 6:
---- input:
347
2
---- correct output:
173
1
173.5
694
8
-- ERROR:
Traceback (most recent call last):
  File "XXXX", line 4, in <module>
    print(n%ny)
          ^
NameError: name 'n' is not defined. Did you mean: 'nx'?
-- GRADE:
0%
*-*-*-*-*-*-*-*-*-*-*-*-*-*-*-*-*-*-*-*-*-*-*-*
== RUN (2025-08-21 21:28:21)
-- CODE: 
x= input(print("digite um numero:"))
y= input(print("digite um numero:"))

print(x)
print("y")

-- EXECUTION TIME: 
0.0
-- TEST CASE 1:
---- input:
14
2
---- correct output:
7
0
7.0
28
8
---- user output:
y
-- TEST CASE 2:
---- input:
8
5
---- correct output:
1
3
1.6
40
125
---- user output:
y
-- TEST CASE 3:
---- input:
10
5
---- correct output:
2
0
2.0
50
125
---- user output:
y
-- TEST CASE 4:
---- input:
53
2
---- correct output:
26
1
26.5
106
8
---- user output:
y
-- TEST CASE 5:
---- input:
346
2
---- correct output:
173
0
173.0
692
8
---- user output:
y
-- TEST CASE 6:
---- input:
347
2
---- correct output:
173
1
173.5
694
8
---- user output:
y
*-*-*-*-*-*-*-*-*-*-*-*-*-*-*-*-*-*-*-*-*-*-*-*
== RUN (2025-08-28 19:56:48)
-- CODE: 
nx=int(input("diggite um numero x: "))
ny=int(input("digite um numero y: "))
print(nx//ny)
print(n%ny)
print(nx/ny)
print(nx*ny)
print(ny**3)
-- EXECUTION TIME: 
0.0
-- TEST CASE 1:
---- input:
14
2
---- correct output:
7
0
7.0
28
8
-- ERROR:
Traceback (most recent call last):
  File "XXXX", line 4, in <module>
    print(n%ny)
          ^
NameError: name 'n' is not defined. Did you mean: 'nx'?
-- TEST CASE 2:
---- input:
8
5
---- correct output:
1
3
1.6
40
125
-- ERROR:
Traceback (most recent call last):
  File "XXXX", line 4, in <module>
    print(n%ny)
          ^
NameError: name 'n' is not defined. Did you mean: 'nx'?
-- TEST CASE 3:
---- input:
10
5
---- correct output:
2
0
2.0
50
125
-- ERROR:
Traceback (most recent call last):
  File "XXXX", line 4, in <module>
    print(n%ny)
          ^
NameError: name 'n' is not defined. Did you mean: 'nx'?
-- TEST CASE 4:
---- input:
53
2
---- correct output:
26
1
26.5
106
8
-- ERROR:
Traceback (most recent call last):
  File "XXXX", line 4, in <module>
    print(n%ny)
          ^
NameError: name 'n' is not defined. Did you mean: 'nx'?
-- TEST CASE 5:
---- input:
346
2
---- correct output:
173
0
173.0
692
8
-- ERROR:
Traceback (most recent call last):
  File "XXXX", line 4, in <module>
    print(n%ny)
          ^
NameError: name 'n' is not defined. Did you mean: 'nx'?
-- TEST CASE 6:
---- input:
347
2
---- correct output:
173
1
173.5
694
8
-- ERROR:
Traceback (most recent call last):
  File "XXXX", line 4, in <module>
    print(n%ny)
          ^
NameError: name 'n' is not defined. Did you mean: 'nx'?
*-*-*-*-*-*-*-*-*-*-*-*-*-*-*-*-*-*-*-*-*-*-*-*
== SUBMISSION (2025-08-21 21:30:11)
-- CODE: 
x= input(print("digite um numero:"))
y= input(print("digite um numero:"))


nome= andreza
print("oi", nome)
-- EXECUTION TIME: 
0.0
-- TEST CASE 1:
---- input:
14
2
---- correct output:
7
0
7.0
28
8
-- ERROR:
Traceback (most recent call last):
  File "XXXX", line 5, in <module>
    nome= andreza
          ^^^^^^^
NameError: name 'andreza' is not defined
-- TEST CASE 2:
---- input:
8
5
---- correct output:
1
3
1.6
40
125
-- ERROR:
Traceback (most recent call last):
  File "XXXX", line 5, in <module>
    nome= andreza
          ^^^^^^^
NameError: name 'andreza' is not defined
-- TEST CASE 3:
---- input:
10
5
---- correct output:
2
0
2.0
50
125
-- ERROR:
Traceback (most recent call last):
  File "XXXX", line 5, in <module>
    nome= andreza
          ^^^^^^^
NameError: name 'andreza' is not defined
-- TEST CASE 4:
---- input:
53
2
---- correct output:
26
1
26.5
106
8
-- ERROR:
Traceback (most recent call last):
  File "XXXX", line 5, in <module>
    nome= andreza
          ^^^^^^^
NameError: name 'andreza' is not defined
-- TEST CASE 5:
---- input:
346
2
---- correct output:
173
0
173.0
692
8
-- ERROR:
Traceback (most recent call last):
  File "XXXX", line 5, in <module>
    nome= andreza
          ^^^^^^^
NameError: name 'andreza' is not defined
-- TEST CASE 6:
---- input:
347
2
---- correct output:
173
1
173.5
694
8
-- ERROR:
Traceback (most recent call last):
  File "XXXX", line 5, in <module>
    nome= andreza
          ^^^^^^^
NameError: name 'andreza' is not defined
-- GRADE:
0%
*-*-*-*-*-*-*-*-*-*-*-*-*-*-*-*-*-*-*-*-*-*-*-*
== RUN (2025-08-28 20:07:56)
-- CODE: 
nx=int(input("digite um numero x: "))
ny=int(input("digite um numero y: "))
print(nx//ny)
print(n%ny)
print(nx/ny)
print(nx*ny)
print(ny**3)
-- EXECUTION TIME: 
0.0
-- TEST CASE 1:
---- input:
14
2
---- correct output:
7
0
7.0
28
8
-- ERROR:
Traceback (most recent call last):
  File "XXXX", line 4, in <module>
    print(n%ny)
          ^
NameError: name 'n' is not defined. Did you mean: 'nx'?
-- TEST CASE 2:
---- input:
8
5
---- correct output:
1
3
1.6
40
125
-- ERROR:
Traceback (most recent call last):
  File "XXXX", line 4, in <module>
    print(n%ny)
          ^
NameError: name 'n' is not defined. Did you mean: 'nx'?
-- TEST CASE 3:
---- input:
10
5
---- correct output:
2
0
2.0
50
125
-- ERROR:
Traceback (most recent call last):
  File "XXXX", line 4, in <module>
    print(n%ny)
          ^
NameError: name 'n' is not defined. Did you mean: 'nx'?
-- TEST CASE 4:
---- input:
53
2
---- correct output:
26
1
26.5
106
8
-- ERROR:
Traceback (most recent call last):
  File "XXXX", line 4, in <module>
    print(n%ny)
          ^
NameError: name 'n' is not defined. Did you mean: 'nx'?
-- TEST CASE 5:
---- input:
346
2
---- correct output:
173
0
173.0
692
8
-- ERROR:
Traceback (most recent call last):
  File "XXXX", line 4, in <module>
    print(n%ny)
          ^
NameError: name 'n' is not defined. Did you mean: 'nx'?
-- TEST CASE 6:
---- input:
347
2
---- correct output:
173
1
173.5
694
8
-- ERROR:
Traceback (most recent call last):
  File "XXXX", line 4, in <module>
    print(n%ny)
          ^
NameError: name 'n' is not defined. Did you mean: 'nx'?
*-*-*-*-*-*-*-*-*-*-*-*-*-*-*-*-*-*-*-*-*-*-*-*
== RUN (2025-08-28 20:08:20)
-- CODE: 
nx=int(input("digite um numero x: "))
ny=int(input("digite um numero y: "))

print(nx//ny)
print(n%ny)
print(nx/ny)
print(nx*ny)
print(ny**3)
-- EXECUTION TIME: 
0.0
-- TEST CASE 1:
---- input:
14
2
---- correct output:
7
0
7.0
28
8
-- ERROR:
Traceback (most recent call last):
  File "XXXX", line 5, in <module>
    print(n%ny)
          ^
NameError: name 'n' is not defined. Did you mean: 'nx'?
-- TEST CASE 2:
---- input:
8
5
---- correct output:
1
3
1.6
40
125
-- ERROR:
Traceback (most recent call last):
  File "XXXX", line 5, in <module>
    print(n%ny)
          ^
NameError: name 'n' is not defined. Did you mean: 'nx'?
-- TEST CASE 3:
---- input:
10
5
---- correct output:
2
0
2.0
50
125
-- ERROR:
Traceback (most recent call last):
  File "XXXX", line 5, in <module>
    print(n%ny)
          ^
NameError: name 'n' is not defined. Did you mean: 'nx'?
-- TEST CASE 4:
---- input:
53
2
---- correct output:
26
1
26.5
106
8
-- ERROR:
Traceback (most recent call last):
  File "XXXX", line 5, in <module>
    print(n%ny)
          ^
NameError: name 'n' is not defined. Did you mean: 'nx'?
-- TEST CASE 5:
---- input:
346
2
---- correct output:
173
0
173.0
692
8
-- ERROR:
Traceback (most recent call last):
  File "XXXX", line 5, in <module>
    print(n%ny)
          ^
NameError: name 'n' is not defined. Did you mean: 'nx'?
-- TEST CASE 6:
---- input:
347
2
---- correct output:
173
1
173.5
694
8
-- ERROR:
Traceback (most recent call last):
  File "XXXX", line 5, in <module>
    print(n%ny)
          ^
NameError: name 'n' is not defined. Did you mean: 'nx'?
*-*-*-*-*-*-*-*-*-*-*-*-*-*-*-*-*-*-*-*-*-*-*-*
== SUBMISSION (2025-08-28 19:56:59)
-- CODE: 
nx=int(input("digite um numero x: "))
ny=int(input("digite um numero y: "))
print(nx//ny)
print(n%ny)
print(nx/ny)
print(nx*ny)
print(ny**3)
-- EXECUTION TIME: 
0.0
-- TEST CASE 1:
---- input:
14
2
---- correct output:
7
0
7.0
28
8
-- ERROR:
Traceback (most recent call last):
  File "XXXX", line 4, in <module>
    print(n%ny)
          ^
NameError: name 'n' is not defined. Did you mean: 'nx'?
-- TEST CASE 2:
---- input:
8
5
---- correct output:
1
3
1.6
40
125
-- ERROR:
Traceback (most recent call last):
  File "XXXX", line 4, in <module>
    print(n%ny)
          ^
NameError: name 'n' is not defined. Did you mean: 'nx'?
-- TEST CASE 3:
---- input:
10
5
---- correct output:
2
0
2.0
50
125
-- ERROR:
Traceback (most recent call last):
  File "XXXX", line 4, in <module>
    print(n%ny)
          ^
NameError: name 'n' is not defined. Did you mean: 'nx'?
-- TEST CASE 4:
---- input:
53
2
---- correct output:
26
1
26.5
106
8
-- ERROR:
Traceback (most recent call last):
  File "XXXX", line 4, in <module>
    print(n%ny)
          ^
NameError: name 'n' is not defined. Did you mean: 'nx'?
-- TEST CASE 5:
---- input:
346
2
---- correct output:
173
0
173.0
692
8
-- ERROR:
Traceback (most recent call last):
  File "XXXX", line 4, in <module>
    print(n%ny)
          ^
NameError: name 'n' is not defined. Did you mean: 'nx'?
-- TEST CASE 6:
---- input:
347
2
---- correct output:
173
1
173.5
694
8
-- ERROR:
Traceback (most recent call last):
  File "XXXX", line 4, in <module>
    print(n%ny)
          ^
NameError: name 'n' is not defined. Did you mean: 'nx'?
-- GRADE:
0%
*-*-*-*-*-*-*-*-*-*-*-*-*-*-*-*-*-*-*-*-*-*-*-*
== SUBMISSION (2025-08-21 21:28:17)
-- CODE: 
x= input(print("digite um numero:"))
y= input(print("digite um numero:"))

print(x)
print("y")

-- EXECUTION TIME: 
0.01
-- TEST CASE 1:
---- input:
14
2
---- correct output:
7
0
7.0
28
8
---- user output:
y
-- TEST CASE 2:
---- input:
8
5
---- correct output:
1
3
1.6
40
125
---- user output:
y
-- TEST CASE 3:
---- input:
10
5
---- correct output:
2
0
2.0
50
125
---- user output:
y
-- TEST CASE 4:
---- input:
53
2
---- correct output:
26
1
26.5
106
8
---- user output:
y
-- TEST CASE 5:
---- input:
346
2
---- correct output:
173
0
173.0
692
8
---- user output:
y
-- TEST CASE 6:
---- input:
347
2
---- correct output:
173
1
173.5
694
8
---- user output:
y
-- GRADE:
0%
*-*-*-*-*-*-*-*-*-*-*-*-*-*-*-*-*-*-*-*-*-*-*-*
== SUBMISSION (2025-08-21 21:30:21)
-- CODE: 



nome= andreza
print("oi", nome)
-- EXECUTION TIME: 
0.0
-- TEST CASE 1:
---- input:
14
2
---- correct output:
7
0
7.0
28
8
-- ERROR:
Traceback (most recent call last):
  File "XXXX", line 4, in <module>
    nome= andreza
          ^^^^^^^
NameError: name 'andreza' is not defined
-- TEST CASE 2:
---- input:
8
5
---- correct output:
1
3
1.6
40
125
-- ERROR:
Traceback (most recent call last):
  File "XXXX", line 4, in <module>
    nome= andreza
          ^^^^^^^
NameError: name 'andreza' is not defined
-- TEST CASE 3:
---- input:
10
5
---- correct output:
2
0
2.0
50
125
-- ERROR:
Traceback (most recent call last):
  File "XXXX", line 4, in <module>
    nome= andreza
          ^^^^^^^
NameError: name 'andreza' is not defined
-- TEST CASE 4:
---- input:
53
2
---- correct output:
26
1
26.5
106
8
-- ERROR:
Traceback (most recent call last):
  File "XXXX", line 4, in <module>
    nome= andreza
          ^^^^^^^
NameError: name 'andreza' is not defined
-- TEST CASE 5:
---- input:
346
2
---- correct output:
173
0
173.0
692
8
-- ERROR:
Traceback (most recent call last):
  File "XXXX", line 4, in <module>
    nome= andreza
          ^^^^^^^
NameError: name 'andreza' is not defined
-- TEST CASE 6:
---- input:
347
2
---- correct output:
173
1
173.5
694
8
-- ERROR:
Traceback (most recent call last):
  File "XXXX", line 4, in <module>
    nome= andreza
          ^^^^^^^
NameError: name 'andreza' is not defined
-- GRADE:
0%
*-*-*-*-*-*-*-*-*-*-*-*-*-*-*-*-*-*-*-*-*-*-*-*
== RUN (2025-08-21 21:17:04)
-- CODE: 
x= input("digite um numero:")
y= input("digite um numero:")

print(x//y)
ptint(x%y)
ptint(x/y)
print(x*y)
print(y**3)
-- EXECUTION TIME: 
0.0
-- TEST CASE 1:
---- input:
14
2
---- correct output:
7
0
7.0
28
8
-- ERROR:
Traceback (most recent call last):
  File "XXXX", line 4, in <module>
    print(x//y)
          ~^^~
TypeError: unsupported operand type(s) for //: 'str' and 'str'
-- TEST CASE 2:
---- input:
8
5
---- correct output:
1
3
1.6
40
125
-- ERROR:
Traceback (most recent call last):
  File "XXXX", line 4, in <module>
    print(x//y)
          ~^^~
TypeError: unsupported operand type(s) for //: 'str' and 'str'
-- TEST CASE 3:
---- input:
10
5
---- correct output:
2
0
2.0
50
125
-- ERROR:
Traceback (most recent call last):
  File "XXXX", line 4, in <module>
    print(x//y)
          ~^^~
TypeError: unsupported operand type(s) for //: 'str' and 'str'
-- TEST CASE 4:
---- input:
53
2
---- correct output:
26
1
26.5
106
8
-- ERROR:
Traceback (most recent call last):
  File "XXXX", line 4, in <module>
    print(x//y)
          ~^^~
TypeError: unsupported operand type(s) for //: 'str' and 'str'
-- TEST CASE 5:
---- input:
346
2
---- correct output:
173
0
173.0
692
8
-- ERROR:
Traceback (most recent call last):
  File "XXXX", line 4, in <module>
    print(x//y)
          ~^^~
TypeError: unsupported operand type(s) for //: 'str' and 'str'
-- TEST CASE 6:
---- input:
347
2
---- correct output:
173
1
173.5
694
8
-- ERROR:
Traceback (most recent call last):
  File "XXXX", line 4, in <module>
    print(x//y)
          ~^^~
TypeError: unsupported operand type(s) for //: 'str' and 'str'
*-*-*-*-*-*-*-*-*-*-*-*-*-*-*-*-*-*-*-*-*-*-*-*
