== RUN (2025-09-01 17:28:28)
-- CODE: 
x 1 = 1.25
-- EXECUTION TIME: 
0.0
-- TEST CASE 1:
---- input:
1.23
---- correct output:
1.23
-- ERROR:
File "XXXX", line 1
    x 1 = 1.25
      ^
SyntaxError: invalid syntax
-- TEST CASE 2:
---- input:
1.23
---- correct output:
1.23
-- ERROR:
File "XXXX", line 1
    x 1 = 1.25
      ^
SyntaxError: invalid syntax
*-*-*-*-*-*-*-*-*-*-*-*-*-*-*-*-*-*-*-*-*-*-*-*
== SUBMISSION (2025-09-01 17:32:13)
-- CODE: 
x1 = "1.25"
print(x1)
-- EXECUTION TIME: 
0.01
-- TEST CASE 1:
---- input:
1.23
---- correct output:
1.23
---- user output:
1.25
-- TEST CASE 2:
---- input:
1.23
---- correct output:
1.23
---- user output:
1.25
-- GRADE:
0%
*-*-*-*-*-*-*-*-*-*-*-*-*-*-*-*-*-*-*-*-*-*-*-*
== RUN (2025-09-01 17:30:44)
-- CODE: 
x1 = 1.25
-- EXECUTION TIME: 
0.0
-- TEST CASE 1:
---- input:
1.23
---- correct output:
1.23
---- user output:
None
-- TEST CASE 2:
---- input:
1.23
---- correct output:
1.23
---- user output:
None
*-*-*-*-*-*-*-*-*-*-*-*-*-*-*-*-*-*-*-*-*-*-*-*
== SUBMISSION (2025-09-01 17:31:36)
-- CODE: 
x1 = Ufam
print(x1)
-- EXECUTION TIME: 
0.0
-- TEST CASE 1:
---- input:
1.23
---- correct output:
1.23
-- ERROR:
Traceback (most recent call last):
  File "XXXX", line 1, in <module>
    x1 = Ufam
         ^^^^
NameError: name 'Ufam' is not defined
-- TEST CASE 2:
---- input:
1.23
---- correct output:
1.23
-- ERROR:
Traceback (most recent call last):
  File "XXXX", line 1, in <module>
    x1 = Ufam
         ^^^^
NameError: name 'Ufam' is not defined
-- GRADE:
0%
*-*-*-*-*-*-*-*-*-*-*-*-*-*-*-*-*-*-*-*-*-*-*-*
== SUBMISSION (2025-09-01 17:28:25)
-- CODE: 
x 1 = 1.25
-- EXECUTION TIME: 
0.0
-- TEST CASE 1:
---- input:
1.23
---- correct output:
1.23
-- ERROR:
File "XXXX", line 1
    x 1 = 1.25
      ^
SyntaxError: invalid syntax
-- TEST CASE 2:
---- input:
1.23
---- correct output:
1.23
-- ERROR:
File "XXXX", line 1
    x 1 = 1.25
      ^
SyntaxError: invalid syntax
-- GRADE:
0%
*-*-*-*-*-*-*-*-*-*-*-*-*-*-*-*-*-*-*-*-*-*-*-*
== SUBMISSION (2025-09-01 17:32:02)
-- CODE: 
x1 = "1.25"
print(x1)
-- EXECUTION TIME: 
0.01
-- TEST CASE 1:
---- input:
1.23
---- correct output:
1.23
---- user output:
1.25
-- TEST CASE 2:
---- input:
1.23
---- correct output:
1.23
---- user output:
1.25
-- GRADE:
0%
*-*-*-*-*-*-*-*-*-*-*-*-*-*-*-*-*-*-*-*-*-*-*-*
== SUBMISSION (2025-09-01 17:31:43)
-- CODE: 
x1 = "Ufam"
print(x1)
-- EXECUTION TIME: 
0.01
-- TEST CASE 1:
---- input:
1.23
---- correct output:
1.23
---- user output:
Ufam
-- TEST CASE 2:
---- input:
1.23
---- correct output:
1.23
---- user output:
Ufam
-- GRADE:
0%
*-*-*-*-*-*-*-*-*-*-*-*-*-*-*-*-*-*-*-*-*-*-*-*
== SUBMISSION (2025-09-01 17:30:42)
-- CODE: 
x1 = 1.25
-- EXECUTION TIME: 
0.01
-- TEST CASE 1:
---- input:
1.23
---- correct output:
1.23
---- user output:
None
-- TEST CASE 2:
---- input:
1.23
---- correct output:
1.23
---- user output:
None
-- GRADE:
0%
*-*-*-*-*-*-*-*-*-*-*-*-*-*-*-*-*-*-*-*-*-*-*-*
== SUBMISSION (2025-09-01 17:31:07)
-- CODE: 
x1 = 1.23
-- EXECUTION TIME: 
0.01
-- TEST CASE 1:
---- input:
1.23
---- correct output:
1.23
---- user output:
None
-- TEST CASE 2:
---- input:
1.23
---- correct output:
1.23
---- user output:
None
-- GRADE:
0%
*-*-*-*-*-*-*-*-*-*-*-*-*-*-*-*-*-*-*-*-*-*-*-*
== SUBMISSION (2025-09-01 17:26:44)
-- CODE: 

-- EXECUTION TIME: 
0.01
-- TEST CASE 1:
---- input:
1.23
---- correct output:
1.23
---- user output:
None
-- TEST CASE 2:
---- input:
1.23
---- correct output:
1.23
---- user output:
None
-- GRADE:
0%
*-*-*-*-*-*-*-*-*-*-*-*-*-*-*-*-*-*-*-*-*-*-*-*
== SUBMISSION (2025-09-01 17:31:34)
-- CODE: 
x1 = Ufam
print(x1)
-- EXECUTION TIME: 
0.0
-- TEST CASE 1:
---- input:
1.23
---- correct output:
1.23
-- ERROR:
Traceback (most recent call last):
  File "XXXX", line 1, in <module>
    x1 = Ufam
         ^^^^
NameError: name 'Ufam' is not defined
-- TEST CASE 2:
---- input:
1.23
---- correct output:
1.23
-- ERROR:
Traceback (most recent call last):
  File "XXXX", line 1, in <module>
    x1 = Ufam
         ^^^^
NameError: name 'Ufam' is not defined
-- GRADE:
0%
*-*-*-*-*-*-*-*-*-*-*-*-*-*-*-*-*-*-*-*-*-*-*-*
== SUBMISSION (2025-09-01 17:31:36)
-- CODE: 
x1 = Ufam
print(x1)
-- EXECUTION TIME: 
0.0
-- TEST CASE 1:
---- input:
1.23
---- correct output:
1.23
-- ERROR:
Traceback (most recent call last):
  File "XXXX", line 1, in <module>
    x1 = Ufam
         ^^^^
NameError: name 'Ufam' is not defined
-- TEST CASE 2:
---- input:
1.23
---- correct output:
1.23
-- ERROR:
Traceback (most recent call last):
  File "XXXX", line 1, in <module>
    x1 = Ufam
         ^^^^
NameError: name 'Ufam' is not defined
-- GRADE:
0%
*-*-*-*-*-*-*-*-*-*-*-*-*-*-*-*-*-*-*-*-*-*-*-*
== SUBMISSION (2025-09-01 17:31:37)
-- CODE: 
x1 = Ufam
print(x1)
-- EXECUTION TIME: 
0.0
-- TEST CASE 1:
---- input:
1.23
---- correct output:
1.23
-- ERROR:
Traceback (most recent call last):
  File "XXXX", line 1, in <module>
    x1 = Ufam
         ^^^^
NameError: name 'Ufam' is not defined
-- TEST CASE 2:
---- input:
1.23
---- correct output:
1.23
-- ERROR:
Traceback (most recent call last):
  File "XXXX", line 1, in <module>
    x1 = Ufam
         ^^^^
NameError: name 'Ufam' is not defined
-- GRADE:
0%
*-*-*-*-*-*-*-*-*-*-*-*-*-*-*-*-*-*-*-*-*-*-*-*
== SUBMISSION (2025-09-01 17:33:01)
-- CODE: 
x1 = 1.23
printt(x1)
-- EXECUTION TIME: 
0.0
-- TEST CASE 1:
---- input:
1.23
---- correct output:
1.23
-- ERROR:
Traceback (most recent call last):
  File "XXXX", line 2, in <module>
    printt(x1)
    ^^^^^^
NameError: name 'printt' is not defined. Did you mean: 'print'?
-- TEST CASE 2:
---- input:
1.23
---- correct output:
1.23
-- ERROR:
Traceback (most recent call last):
  File "XXXX", line 2, in <module>
    printt(x1)
    ^^^^^^
NameError: name 'printt' is not defined. Did you mean: 'print'?
-- GRADE:
0%
*-*-*-*-*-*-*-*-*-*-*-*-*-*-*-*-*-*-*-*-*-*-*-*
== SUBMISSION (2025-09-01 17:33:06)
-- CODE: 
x1 = 1.23
print(x1)
-- EXECUTION TIME: 
0.01
-- TEST CASE 1:
---- input:
1.23
---- correct output:
1.23
---- user output:
1.23
-- TEST CASE 2:
---- input:
1.23
---- correct output:
1.23
---- user output:
1.23
-- GRADE:
100%
*-*-*-*-*-*-*-*-*-*-*-*-*-*-*-*-*-*-*-*-*-*-*-*
== SUBMISSION (2025-09-01 17:31:37)
-- CODE: 
x1 = Ufam
print(x1)
-- EXECUTION TIME: 
0.0
-- TEST CASE 1:
---- input:
1.23
---- correct output:
1.23
-- ERROR:
Traceback (most recent call last):
  File "XXXX", line 1, in <module>
    x1 = Ufam
         ^^^^
NameError: name 'Ufam' is not defined
-- TEST CASE 2:
---- input:
1.23
---- correct output:
1.23
-- ERROR:
Traceback (most recent call last):
  File "XXXX", line 1, in <module>
    x1 = Ufam
         ^^^^
NameError: name 'Ufam' is not defined
-- GRADE:
0%
*-*-*-*-*-*-*-*-*-*-*-*-*-*-*-*-*-*-*-*-*-*-*-*
== SUBMISSION (2025-09-01 17:32:21)
-- CODE: 
x1 = "1,25"
print(x1)
-- EXECUTION TIME: 
0.01
-- TEST CASE 1:
---- input:
1.23
---- correct output:
1.23
---- user output:
1,25
-- TEST CASE 2:
---- input:
1.23
---- correct output:
1.23
---- user output:
1,25
-- GRADE:
0%
*-*-*-*-*-*-*-*-*-*-*-*-*-*-*-*-*-*-*-*-*-*-*-*
== RUN (2025-09-01 17:31:45)
-- CODE: 
x1 = "Ufam"
print(x1)
-- EXECUTION TIME: 
0.0
-- TEST CASE 1:
---- input:
1.23
---- correct output:
1.23
---- user output:
Ufam
-- TEST CASE 2:
---- input:
1.23
---- correct output:
1.23
---- user output:
Ufam
*-*-*-*-*-*-*-*-*-*-*-*-*-*-*-*-*-*-*-*-*-*-*-*
== SUBMISSION (2025-09-01 17:33:02)
-- CODE: 
x1 = 1.23
printt(x1)
-- EXECUTION TIME: 
0.0
-- TEST CASE 1:
---- input:
1.23
---- correct output:
1.23
-- ERROR:
Traceback (most recent call last):
  File "XXXX", line 2, in <module>
    printt(x1)
    ^^^^^^
NameError: name 'printt' is not defined. Did you mean: 'print'?
-- TEST CASE 2:
---- input:
1.23
---- correct output:
1.23
-- ERROR:
Traceback (most recent call last):
  File "XXXX", line 2, in <module>
    printt(x1)
    ^^^^^^
NameError: name 'printt' is not defined. Did you mean: 'print'?
-- GRADE:
0%
*-*-*-*-*-*-*-*-*-*-*-*-*-*-*-*-*-*-*-*-*-*-*-*
