== SUBMISSION (2025-09-01 20:58:42)
-- CODE: 
# Teste seu codigo aos poucos.
r = float(input())
area_circulo = math.pi * r**2
volume_esfera = (4/3) * math.pi * r**3
print(round(area_circulo, 3))
print(round(volume_esfera, 3))
# Nao teste tudo no final, pois fica mais dificil de identificar erros.
# Nao se intimide com as mensagens de erro. Elas ajudam a corrigir seu codigo.
-- EXECUTION TIME: 
0.0
-- TEST CASE 1:
---- input:
0.1
---- correct output:
0.031
0.004
-- ERROR:
Traceback (most recent call last):
  File "XXXX", line 3, in <module>
    area_circulo = math.pi * r**2
                   ^^^^
NameError: name 'math' is not defined
-- TEST CASE 2:
---- input:
4.5

---- correct output:
63.617
381.704
-- ERROR:
Traceback (most recent call last):
  File "XXXX", line 3, in <module>
    area_circulo = math.pi * r**2
                   ^^^^
NameError: name 'math' is not defined
-- TEST CASE 3:
---- input:
12.34
---- correct output:
478.388
7871.076
-- ERROR:
Traceback (most recent call last):
  File "XXXX", line 3, in <module>
    area_circulo = math.pi * r**2
                   ^^^^
NameError: name 'math' is not defined
-- TEST CASE 4:
---- input:
11.0
---- correct output:
380.133
5575.28
-- ERROR:
Traceback (most recent call last):
  File "XXXX", line 3, in <module>
    area_circulo = math.pi * r**2
                   ^^^^
NameError: name 'math' is not defined
-- TEST CASE 5:
---- input:
67.34
---- correct output:
14246.104
1279110.151
-- ERROR:
Traceback (most recent call last):
  File "XXXX", line 3, in <module>
    area_circulo = math.pi * r**2
                   ^^^^
NameError: name 'math' is not defined
-- TEST CASE 6:
---- input:
2.0
---- correct output:
12.566
33.51
-- ERROR:
Traceback (most recent call last):
  File "XXXX", line 3, in <module>
    area_circulo = math.pi * r**2
                   ^^^^
NameError: name 'math' is not defined
-- GRADE:
0%
*-*-*-*-*-*-*-*-*-*-*-*-*-*-*-*-*-*-*-*-*-*-*-*
== RUN (2025-09-01 20:58:03)
-- CODE: 
# Teste seu codigo aos poucos.
r = float(input())
area_circulo = math.pi * r**2
volume_esfera = (4/3) * math.pi * r**3
print(round(area_circulo, 3))
print(round(volume_esfera, 3))
# Nao teste tudo no final, pois fica mais dificil de identificar erros.
# Nao se intimide com as mensagens de erro. Elas ajudam a corrigir seu codigo.
-- EXECUTION TIME: 
0.0
-- TEST CASE 1:
---- input:
0.1
---- correct output:
0.031
0.004
-- ERROR:
Traceback (most recent call last):
  File "XXXX", line 3, in <module>
    area_circulo = math.pi * r**2
                   ^^^^
NameError: name 'math' is not defined
-- TEST CASE 2:
---- input:
4.5

---- correct output:
63.617
381.704
-- ERROR:
Traceback (most recent call last):
  File "XXXX", line 3, in <module>
    area_circulo = math.pi * r**2
                   ^^^^
NameError: name 'math' is not defined
-- TEST CASE 3:
---- input:
12.34
---- correct output:
478.388
7871.076
-- ERROR:
Traceback (most recent call last):
  File "XXXX", line 3, in <module>
    area_circulo = math.pi * r**2
                   ^^^^
NameError: name 'math' is not defined
-- TEST CASE 4:
---- input:
11.0
---- correct output:
380.133
5575.28
-- ERROR:
Traceback (most recent call last):
  File "XXXX", line 3, in <module>
    area_circulo = math.pi * r**2
                   ^^^^
NameError: name 'math' is not defined
-- TEST CASE 5:
---- input:
67.34
---- correct output:
14246.104
1279110.151
-- ERROR:
Traceback (most recent call last):
  File "XXXX", line 3, in <module>
    area_circulo = math.pi * r**2
                   ^^^^
NameError: name 'math' is not defined
-- TEST CASE 6:
---- input:
2.0
---- correct output:
12.566
33.51
-- ERROR:
Traceback (most recent call last):
  File "XXXX", line 3, in <module>
    area_circulo = math.pi * r**2
                   ^^^^
NameError: name 'math' is not defined
*-*-*-*-*-*-*-*-*-*-*-*-*-*-*-*-*-*-*-*-*-*-*-*
== SUBMISSION (2025-09-01 20:57:18)
-- CODE: 
# Teste seu codigo aos poucos.
r = float(input())
area_circulo = math.pi * r**2
volume_esfera = (4/3) * math.pi * r**3
print(round(area_circulo,3))
print(round(volume_esfera,3))
# Nao teste tudo no final, pois fica mais dificil de identificar erros.
# Nao se intimide com as mensagens de erro. Elas ajudam a corrigir seu codigo.
-- EXECUTION TIME: 
0.0
-- TEST CASE 1:
---- input:
0.1
---- correct output:
0.031
0.004
-- ERROR:
Traceback (most recent call last):
  File "XXXX", line 3, in <module>
    area_circulo = math.pi * r**2
                   ^^^^
NameError: name 'math' is not defined
-- TEST CASE 2:
---- input:
4.5

---- correct output:
63.617
381.704
-- ERROR:
Traceback (most recent call last):
  File "XXXX", line 3, in <module>
    area_circulo = math.pi * r**2
                   ^^^^
NameError: name 'math' is not defined
-- TEST CASE 3:
---- input:
12.34
---- correct output:
478.388
7871.076
-- ERROR:
Traceback (most recent call last):
  File "XXXX", line 3, in <module>
    area_circulo = math.pi * r**2
                   ^^^^
NameError: name 'math' is not defined
-- TEST CASE 4:
---- input:
11.0
---- correct output:
380.133
5575.28
-- ERROR:
Traceback (most recent call last):
  File "XXXX", line 3, in <module>
    area_circulo = math.pi * r**2
                   ^^^^
NameError: name 'math' is not defined
-- TEST CASE 5:
---- input:
67.34
---- correct output:
14246.104
1279110.151
-- ERROR:
Traceback (most recent call last):
  File "XXXX", line 3, in <module>
    area_circulo = math.pi * r**2
                   ^^^^
NameError: name 'math' is not defined
-- TEST CASE 6:
---- input:
2.0
---- correct output:
12.566
33.51
-- ERROR:
Traceback (most recent call last):
  File "XXXX", line 3, in <module>
    area_circulo = math.pi * r**2
                   ^^^^
NameError: name 'math' is not defined
-- GRADE:
0%
*-*-*-*-*-*-*-*-*-*-*-*-*-*-*-*-*-*-*-*-*-*-*-*
== SUBMISSION (2025-09-01 20:57:17)
-- CODE: 
# Teste seu codigo aos poucos.
r = float(input())
area_circulo = math.pi * r**2
volume_esfera = (4/3) * math.pi * r**3
print(round(area_circulo,3))
print(round(volume_esfera,3))
# Nao teste tudo no final, pois fica mais dificil de identificar erros.
# Nao se intimide com as mensagens de erro. Elas ajudam a corrigir seu codigo.
-- EXECUTION TIME: 
0.0
-- TEST CASE 1:
---- input:
0.1
---- correct output:
0.031
0.004
-- ERROR:
Traceback (most recent call last):
  File "XXXX", line 3, in <module>
    area_circulo = math.pi * r**2
                   ^^^^
NameError: name 'math' is not defined
-- TEST CASE 2:
---- input:
4.5

---- correct output:
63.617
381.704
-- ERROR:
Traceback (most recent call last):
  File "XXXX", line 3, in <module>
    area_circulo = math.pi * r**2
                   ^^^^
NameError: name 'math' is not defined
-- TEST CASE 3:
---- input:
12.34
---- correct output:
478.388
7871.076
-- ERROR:
Traceback (most recent call last):
  File "XXXX", line 3, in <module>
    area_circulo = math.pi * r**2
                   ^^^^
NameError: name 'math' is not defined
-- TEST CASE 4:
---- input:
11.0
---- correct output:
380.133
5575.28
-- ERROR:
Traceback (most recent call last):
  File "XXXX", line 3, in <module>
    area_circulo = math.pi * r**2
                   ^^^^
NameError: name 'math' is not defined
-- TEST CASE 5:
---- input:
67.34
---- correct output:
14246.104
1279110.151
-- ERROR:
Traceback (most recent call last):
  File "XXXX", line 3, in <module>
    area_circulo = math.pi * r**2
                   ^^^^
NameError: name 'math' is not defined
-- TEST CASE 6:
---- input:
2.0
---- correct output:
12.566
33.51
-- ERROR:
Traceback (most recent call last):
  File "XXXX", line 3, in <module>
    area_circulo = math.pi * r**2
                   ^^^^
NameError: name 'math' is not defined
-- GRADE:
0%
*-*-*-*-*-*-*-*-*-*-*-*-*-*-*-*-*-*-*-*-*-*-*-*
== SUBMISSION (2025-09-01 20:57:18)
-- CODE: 
# Teste seu codigo aos poucos.
r = float(input())
area_circulo = math.pi * r**2
volume_esfera = (4/3) * math.pi * r**3
print(round(area_circulo,3))
print(round(volume_esfera,3))
# Nao teste tudo no final, pois fica mais dificil de identificar erros.
# Nao se intimide com as mensagens de erro. Elas ajudam a corrigir seu codigo.
-- EXECUTION TIME: 
0.0
-- TEST CASE 1:
---- input:
0.1
---- correct output:
0.031
0.004
-- ERROR:
Traceback (most recent call last):
  File "XXXX", line 3, in <module>
    area_circulo = math.pi * r**2
                   ^^^^
NameError: name 'math' is not defined
-- TEST CASE 2:
---- input:
4.5

---- correct output:
63.617
381.704
-- ERROR:
Traceback (most recent call last):
  File "XXXX", line 3, in <module>
    area_circulo = math.pi * r**2
                   ^^^^
NameError: name 'math' is not defined
-- TEST CASE 3:
---- input:
12.34
---- correct output:
478.388
7871.076
-- ERROR:
Traceback (most recent call last):
  File "XXXX", line 3, in <module>
    area_circulo = math.pi * r**2
                   ^^^^
NameError: name 'math' is not defined
-- TEST CASE 4:
---- input:
11.0
---- correct output:
380.133
5575.28
-- ERROR:
Traceback (most recent call last):
  File "XXXX", line 3, in <module>
    area_circulo = math.pi * r**2
                   ^^^^
NameError: name 'math' is not defined
-- TEST CASE 5:
---- input:
67.34
---- correct output:
14246.104
1279110.151
-- ERROR:
Traceback (most recent call last):
  File "XXXX", line 3, in <module>
    area_circulo = math.pi * r**2
                   ^^^^
NameError: name 'math' is not defined
-- TEST CASE 6:
---- input:
2.0
---- correct output:
12.566
33.51
-- ERROR:
Traceback (most recent call last):
  File "XXXX", line 3, in <module>
    area_circulo = math.pi * r**2
                   ^^^^
NameError: name 'math' is not defined
-- GRADE:
0%
*-*-*-*-*-*-*-*-*-*-*-*-*-*-*-*-*-*-*-*-*-*-*-*
== RUN (2025-09-01 20:59:31)
-- CODE: 
# Teste seu codigo aos poucos.
import math

r = float(input())
area_circulo = math.pi * r**2
volume_esfera = (4/3) * math.pi * r**3
print(round(area_circulo, 3))
print(round(volume_esfera, 3))
# Nao teste tudo no final, pois fica mais dificil de identificar erros.
# Nao se intimide com as mensagens de erro. Elas ajudam a corrigir seu codigo.
-- EXECUTION TIME: 
0.0
-- TEST CASE 1:
---- input:
0.1
---- correct output:
0.031
0.004
---- user output:
0.004
-- TEST CASE 2:
---- input:
4.5

---- correct output:
63.617
381.704
---- user output:
381.704
-- TEST CASE 3:
---- input:
12.34
---- correct output:
478.388
7871.076
---- user output:
7871.076
-- TEST CASE 4:
---- input:
11.0
---- correct output:
380.133
5575.28
---- user output:
5575.28
-- TEST CASE 5:
---- input:
67.34
---- correct output:
14246.104
1279110.151
---- user output:
1279110.151
-- TEST CASE 6:
---- input:
2.0
---- correct output:
12.566
33.51
---- user output:
33.51
*-*-*-*-*-*-*-*-*-*-*-*-*-*-*-*-*-*-*-*-*-*-*-*
== SUBMISSION (2025-09-01 20:59:28)
-- CODE: 
# Teste seu codigo aos poucos.
import math

r = float(input())
area_circulo = math.pi * r**2
volume_esfera = (4/3) * math.pi * r**3
print(round(area_circulo, 3))
print(round(volume_esfera, 3))
# Nao teste tudo no final, pois fica mais dificil de identificar erros.
# Nao se intimide com as mensagens de erro. Elas ajudam a corrigir seu codigo.
-- EXECUTION TIME: 
0.01
-- TEST CASE 1:
---- input:
0.1
---- correct output:
0.031
0.004
---- user output:
0.004
-- TEST CASE 2:
---- input:
4.5

---- correct output:
63.617
381.704
---- user output:
381.704
-- TEST CASE 3:
---- input:
12.34
---- correct output:
478.388
7871.076
---- user output:
7871.076
-- TEST CASE 4:
---- input:
11.0
---- correct output:
380.133
5575.28
---- user output:
5575.28
-- TEST CASE 5:
---- input:
67.34
---- correct output:
14246.104
1279110.151
---- user output:
1279110.151
-- TEST CASE 6:
---- input:
2.0
---- correct output:
12.566
33.51
---- user output:
33.51
-- GRADE:
100%
*-*-*-*-*-*-*-*-*-*-*-*-*-*-*-*-*-*-*-*-*-*-*-*
== SUBMISSION (2025-09-01 20:57:00)
-- CODE: 
# Teste seu codigo aos poucos.
r = float(input())
area_circulo = math.pi * r**2
volume_esfera_esfera = (4/3) * math.pi * r**3
print(round(area_circulo,3))
print(round(volume_esfera,3))
# Nao teste tudo no final, pois fica mais dificil de identificar erros.
# Nao se intimide com as mensagens de erro. Elas ajudam a corrigir seu codigo.
-- EXECUTION TIME: 
0.0
-- TEST CASE 1:
---- input:
0.1
---- correct output:
0.031
0.004
-- ERROR:
Traceback (most recent call last):
  File "XXXX", line 3, in <module>
    area_circulo = math.pi * r**2
                   ^^^^
NameError: name 'math' is not defined
-- TEST CASE 2:
---- input:
4.5

---- correct output:
63.617
381.704
-- ERROR:
Traceback (most recent call last):
  File "XXXX", line 3, in <module>
    area_circulo = math.pi * r**2
                   ^^^^
NameError: name 'math' is not defined
-- TEST CASE 3:
---- input:
12.34
---- correct output:
478.388
7871.076
-- ERROR:
Traceback (most recent call last):
  File "XXXX", line 3, in <module>
    area_circulo = math.pi * r**2
                   ^^^^
NameError: name 'math' is not defined
-- TEST CASE 4:
---- input:
11.0
---- correct output:
380.133
5575.28
-- ERROR:
Traceback (most recent call last):
  File "XXXX", line 3, in <module>
    area_circulo = math.pi * r**2
                   ^^^^
NameError: name 'math' is not defined
-- TEST CASE 5:
---- input:
67.34
---- correct output:
14246.104
1279110.151
-- ERROR:
Traceback (most recent call last):
  File "XXXX", line 3, in <module>
    area_circulo = math.pi * r**2
                   ^^^^
NameError: name 'math' is not defined
-- TEST CASE 6:
---- input:
2.0
---- correct output:
12.566
33.51
-- ERROR:
Traceback (most recent call last):
  File "XXXX", line 3, in <module>
    area_circulo = math.pi * r**2
                   ^^^^
NameError: name 'math' is not defined
-- GRADE:
0%
*-*-*-*-*-*-*-*-*-*-*-*-*-*-*-*-*-*-*-*-*-*-*-*
== RUN (2025-09-01 20:56:16)
-- CODE: 
# Teste seu codigo aos poucos.
r = float(input())
area_circulo = math.pi * r**2
valor_esfera = (4/3) * math.pi * r**3
print(round(area_circulo,3))
print(round(area_circulo,3))
# Nao teste tudo no final, pois fica mais dificil de identificar erros.
# Nao se intimide com as mensagens de erro. Elas ajudam a corrigir seu codigo.
-- EXECUTION TIME: 
0.0
-- TEST CASE 1:
---- input:
0.1
---- correct output:
0.031
0.004
-- ERROR:
Traceback (most recent call last):
  File "XXXX", line 3, in <module>
    area_circulo = math.pi * r**2
                   ^^^^
NameError: name 'math' is not defined
-- TEST CASE 2:
---- input:
4.5

---- correct output:
63.617
381.704
-- ERROR:
Traceback (most recent call last):
  File "XXXX", line 3, in <module>
    area_circulo = math.pi * r**2
                   ^^^^
NameError: name 'math' is not defined
-- TEST CASE 3:
---- input:
12.34
---- correct output:
478.388
7871.076
-- ERROR:
Traceback (most recent call last):
  File "XXXX", line 3, in <module>
    area_circulo = math.pi * r**2
                   ^^^^
NameError: name 'math' is not defined
-- TEST CASE 4:
---- input:
11.0
---- correct output:
380.133
5575.28
-- ERROR:
Traceback (most recent call last):
  File "XXXX", line 3, in <module>
    area_circulo = math.pi * r**2
                   ^^^^
NameError: name 'math' is not defined
-- TEST CASE 5:
---- input:
67.34
---- correct output:
14246.104
1279110.151
-- ERROR:
Traceback (most recent call last):
  File "XXXX", line 3, in <module>
    area_circulo = math.pi * r**2
                   ^^^^
NameError: name 'math' is not defined
-- TEST CASE 6:
---- input:
2.0
---- correct output:
12.566
33.51
-- ERROR:
Traceback (most recent call last):
  File "XXXX", line 3, in <module>
    area_circulo = math.pi * r**2
                   ^^^^
NameError: name 'math' is not defined
*-*-*-*-*-*-*-*-*-*-*-*-*-*-*-*-*-*-*-*-*-*-*-*
== SUBMISSION (2025-09-01 20:55:51)
-- CODE: 
# Teste seu codigo aos poucos.
r = float(input())
area_circulo = math.pi * r**2
valor_esfera = (4/3) * math.pi * r**3
print(round(area_circulo,3))
print(round(area_circulo,3))
# Nao teste tudo no final, pois fica mais dificil de identificar erros.
# Nao se intimide com as mensagens de erro. Elas ajudam a corrigir seu codigo.
-- EXECUTION TIME: 
0.0
-- TEST CASE 1:
---- input:
0.1
---- correct output:
0.031
0.004
-- ERROR:
Traceback (most recent call last):
  File "XXXX", line 3, in <module>
    area_circulo = math.pi * r**2
                   ^^^^
NameError: name 'math' is not defined
-- TEST CASE 2:
---- input:
4.5

---- correct output:
63.617
381.704
-- ERROR:
Traceback (most recent call last):
  File "XXXX", line 3, in <module>
    area_circulo = math.pi * r**2
                   ^^^^
NameError: name 'math' is not defined
-- TEST CASE 3:
---- input:
12.34
---- correct output:
478.388
7871.076
-- ERROR:
Traceback (most recent call last):
  File "XXXX", line 3, in <module>
    area_circulo = math.pi * r**2
                   ^^^^
NameError: name 'math' is not defined
-- TEST CASE 4:
---- input:
11.0
---- correct output:
380.133
5575.28
-- ERROR:
Traceback (most recent call last):
  File "XXXX", line 3, in <module>
    area_circulo = math.pi * r**2
                   ^^^^
NameError: name 'math' is not defined
-- TEST CASE 5:
---- input:
67.34
---- correct output:
14246.104
1279110.151
-- ERROR:
Traceback (most recent call last):
  File "XXXX", line 3, in <module>
    area_circulo = math.pi * r**2
                   ^^^^
NameError: name 'math' is not defined
-- TEST CASE 6:
---- input:
2.0
---- correct output:
12.566
33.51
-- ERROR:
Traceback (most recent call last):
  File "XXXX", line 3, in <module>
    area_circulo = math.pi * r**2
                   ^^^^
NameError: name 'math' is not defined
-- GRADE:
0%
*-*-*-*-*-*-*-*-*-*-*-*-*-*-*-*-*-*-*-*-*-*-*-*
