== SUBMISSION (2025-08-21 21:13:11)
-- CODE: 
Nome = x
Idade = y
Altura = z
print(Nome)
print(Idade)
print(Altura)
-- EXECUTION TIME: 
0.0
-- TEST CASE 1:
---- input:
Teresa
13
1.45
---- correct output:
Nome: Teresa
Idade: 13
Altura: 1.45
-- ERROR:
Traceback (most recent call last):
  File "XXXX", line 1, in <module>
    Nome = x
           ^
NameError: name 'x' is not defined
-- TEST CASE 2:
---- input:
Marcelo
34
1.79
---- correct output:
Nome: Marcelo
Idade: 34
Altura: 1.79
-- ERROR:
Traceback (most recent call last):
  File "XXXX", line 1, in <module>
    Nome = x
           ^
NameError: name 'x' is not defined
-- TEST CASE 3:
---- input:
Larissa
23
1.68
---- correct output:
Nome: Larissa
Idade: 23
Altura: 1.68
-- ERROR:
Traceback (most recent call last):
  File "XXXX", line 1, in <module>
    Nome = x
           ^
NameError: name 'x' is not defined
-- TEST CASE 4:
---- input:
Jose
45
1.89
---- correct output:
Nome: Jose
Idade: 45
Altura: 1.89
-- ERROR:
Traceback (most recent call last):
  File "XXXX", line 1, in <module>
    Nome = x
           ^
NameError: name 'x' is not defined
-- GRADE:
0%
*-*-*-*-*-*-*-*-*-*-*-*-*-*-*-*-*-*-*-*-*-*-*-*
== SUBMISSION (2025-08-21 21:21:09)
-- CODE: 
Nome = input("Insira seu nome:")
Idade = int(input("Insira sua idade:"))
Altura = float(input("Insira sua altura:"))
print("Nome:",Nome)
print("Idade:",Idade)
print("Altura:",Altura)
-- EXECUTION TIME: 
0.01
-- TEST CASE 1:
---- input:
Teresa
13
1.45
---- correct output:
Nome: Teresa
Idade: 13
Altura: 1.45
---- user output:
Altura: 1.45
-- TEST CASE 2:
---- input:
Marcelo
34
1.79
---- correct output:
Nome: Marcelo
Idade: 34
Altura: 1.79
---- user output:
Altura: 1.79
-- TEST CASE 3:
---- input:
Larissa
23
1.68
---- correct output:
Nome: Larissa
Idade: 23
Altura: 1.68
---- user output:
Altura: 1.68
-- TEST CASE 4:
---- input:
Jose
45
1.89
---- correct output:
Nome: Jose
Idade: 45
Altura: 1.89
---- user output:
Altura: 1.89
-- GRADE:
100%
*-*-*-*-*-*-*-*-*-*-*-*-*-*-*-*-*-*-*-*-*-*-*-*
== SUBMISSION (2025-08-21 21:14:55)
-- CODE: 
input(x)
input(y)
input(z)
print(x)
print(y)
print(z)
-- EXECUTION TIME: 
0.0
-- TEST CASE 1:
---- input:
Teresa
13
1.45
---- correct output:
Nome: Teresa
Idade: 13
Altura: 1.45
-- ERROR:
Traceback (most recent call last):
  File "XXXX", line 1, in <module>
    input(x)
          ^
NameError: name 'x' is not defined
-- TEST CASE 2:
---- input:
Marcelo
34
1.79
---- correct output:
Nome: Marcelo
Idade: 34
Altura: 1.79
-- ERROR:
Traceback (most recent call last):
  File "XXXX", line 1, in <module>
    input(x)
          ^
NameError: name 'x' is not defined
-- TEST CASE 3:
---- input:
Larissa
23
1.68
---- correct output:
Nome: Larissa
Idade: 23
Altura: 1.68
-- ERROR:
Traceback (most recent call last):
  File "XXXX", line 1, in <module>
    input(x)
          ^
NameError: name 'x' is not defined
-- TEST CASE 4:
---- input:
Jose
45
1.89
---- correct output:
Nome: Jose
Idade: 45
Altura: 1.89
-- ERROR:
Traceback (most recent call last):
  File "XXXX", line 1, in <module>
    input(x)
          ^
NameError: name 'x' is not defined
-- GRADE:
0%
*-*-*-*-*-*-*-*-*-*-*-*-*-*-*-*-*-*-*-*-*-*-*-*
== SUBMISSION (2025-08-21 21:20:41)
-- CODE: 
Nome = input("Insira seu nome:")
Idade = int(input("Insira sua idade:"))
Altura = float(input("Insira sua altura:"))
print("Nome:",Nome)
print("Idade:",Idade)
print("Alura:",Altura)
-- EXECUTION TIME: 
0.01
-- TEST CASE 1:
---- input:
Teresa
13
1.45
---- correct output:
Nome: Teresa
Idade: 13
Altura: 1.45
---- user output:
Alura: 1.45
-- TEST CASE 2:
---- input:
Marcelo
34
1.79
---- correct output:
Nome: Marcelo
Idade: 34
Altura: 1.79
---- user output:
Alura: 1.79
-- TEST CASE 3:
---- input:
Larissa
23
1.68
---- correct output:
Nome: Larissa
Idade: 23
Altura: 1.68
---- user output:
Alura: 1.68
-- TEST CASE 4:
---- input:
Jose
45
1.89
---- correct output:
Nome: Jose
Idade: 45
Altura: 1.89
---- user output:
Alura: 1.89
-- GRADE:
0%
*-*-*-*-*-*-*-*-*-*-*-*-*-*-*-*-*-*-*-*-*-*-*-*
== SUBMISSION (2025-08-21 21:14:48)
-- CODE: 
input(x)
input(y)
inpuyt(z)
print(x)
print(y)
print(z)
-- EXECUTION TIME: 
0.0
-- TEST CASE 1:
---- input:
Teresa
13
1.45
---- correct output:
Nome: Teresa
Idade: 13
Altura: 1.45
-- ERROR:
Traceback (most recent call last):
  File "XXXX", line 1, in <module>
    input(x)
          ^
NameError: name 'x' is not defined
-- TEST CASE 2:
---- input:
Marcelo
34
1.79
---- correct output:
Nome: Marcelo
Idade: 34
Altura: 1.79
-- ERROR:
Traceback (most recent call last):
  File "XXXX", line 1, in <module>
    input(x)
          ^
NameError: name 'x' is not defined
-- TEST CASE 3:
---- input:
Larissa
23
1.68
---- correct output:
Nome: Larissa
Idade: 23
Altura: 1.68
-- ERROR:
Traceback (most recent call last):
  File "XXXX", line 1, in <module>
    input(x)
          ^
NameError: name 'x' is not defined
-- TEST CASE 4:
---- input:
Jose
45
1.89
---- correct output:
Nome: Jose
Idade: 45
Altura: 1.89
-- ERROR:
Traceback (most recent call last):
  File "XXXX", line 1, in <module>
    input(x)
          ^
NameError: name 'x' is not defined
-- GRADE:
0%
*-*-*-*-*-*-*-*-*-*-*-*-*-*-*-*-*-*-*-*-*-*-*-*
== SUBMISSION (2025-08-21 21:10:02)
-- CODE: 
Nome = Larissa
Idade = 23
Altura = 1.68
Print(Nome)

-- EXECUTION TIME: 
0.0
-- TEST CASE 1:
---- input:
Teresa
13
1.45
---- correct output:
Nome: Teresa
Idade: 13
Altura: 1.45
-- ERROR:
Traceback (most recent call last):
  File "XXXX", line 1, in <module>
    Nome = Larissa
           ^^^^^^^
NameError: name 'Larissa' is not defined
-- TEST CASE 2:
---- input:
Marcelo
34
1.79
---- correct output:
Nome: Marcelo
Idade: 34
Altura: 1.79
-- ERROR:
Traceback (most recent call last):
  File "XXXX", line 1, in <module>
    Nome = Larissa
           ^^^^^^^
NameError: name 'Larissa' is not defined
-- TEST CASE 3:
---- input:
Larissa
23
1.68
---- correct output:
Nome: Larissa
Idade: 23
Altura: 1.68
-- ERROR:
Traceback (most recent call last):
  File "XXXX", line 1, in <module>
    Nome = Larissa
           ^^^^^^^
NameError: name 'Larissa' is not defined
-- TEST CASE 4:
---- input:
Jose
45
1.89
---- correct output:
Nome: Jose
Idade: 45
Altura: 1.89
-- ERROR:
Traceback (most recent call last):
  File "XXXX", line 1, in <module>
    Nome = Larissa
           ^^^^^^^
NameError: name 'Larissa' is not defined
-- GRADE:
0%
*-*-*-*-*-*-*-*-*-*-*-*-*-*-*-*-*-*-*-*-*-*-*-*
== SUBMISSION (2025-08-21 21:08:32)
-- CODE: 
Nome = x
print(x)
-- EXECUTION TIME: 
0.0
-- TEST CASE 1:
---- input:
Teresa
13
1.45
---- correct output:
Nome: Teresa
Idade: 13
Altura: 1.45
-- ERROR:
Traceback (most recent call last):
  File "XXXX", line 1, in <module>
    Nome = x
           ^
NameError: name 'x' is not defined
-- TEST CASE 2:
---- input:
Marcelo
34
1.79
---- correct output:
Nome: Marcelo
Idade: 34
Altura: 1.79
-- ERROR:
Traceback (most recent call last):
  File "XXXX", line 1, in <module>
    Nome = x
           ^
NameError: name 'x' is not defined
-- TEST CASE 3:
---- input:
Larissa
23
1.68
---- correct output:
Nome: Larissa
Idade: 23
Altura: 1.68
-- ERROR:
Traceback (most recent call last):
  File "XXXX", line 1, in <module>
    Nome = x
           ^
NameError: name 'x' is not defined
-- TEST CASE 4:
---- input:
Jose
45
1.89
---- correct output:
Nome: Jose
Idade: 45
Altura: 1.89
-- ERROR:
Traceback (most recent call last):
  File "XXXX", line 1, in <module>
    Nome = x
           ^
NameError: name 'x' is not defined
-- GRADE:
0%
*-*-*-*-*-*-*-*-*-*-*-*-*-*-*-*-*-*-*-*-*-*-*-*
== SUBMISSION (2025-08-21 21:11:28)
-- CODE: 
Nome = Larissa
Idade = 23
Altura = 1.68
Print(Nome)
Print(Idade)
Print(Altura)
-- EXECUTION TIME: 
0.0
-- TEST CASE 1:
---- input:
Teresa
13
1.45
---- correct output:
Nome: Teresa
Idade: 13
Altura: 1.45
-- ERROR:
Traceback (most recent call last):
  File "XXXX", line 1, in <module>
    Nome = Larissa
           ^^^^^^^
NameError: name 'Larissa' is not defined
-- TEST CASE 2:
---- input:
Marcelo
34
1.79
---- correct output:
Nome: Marcelo
Idade: 34
Altura: 1.79
-- ERROR:
Traceback (most recent call last):
  File "XXXX", line 1, in <module>
    Nome = Larissa
           ^^^^^^^
NameError: name 'Larissa' is not defined
-- TEST CASE 3:
---- input:
Larissa
23
1.68
---- correct output:
Nome: Larissa
Idade: 23
Altura: 1.68
-- ERROR:
Traceback (most recent call last):
  File "XXXX", line 1, in <module>
    Nome = Larissa
           ^^^^^^^
NameError: name 'Larissa' is not defined
-- TEST CASE 4:
---- input:
Jose
45
1.89
---- correct output:
Nome: Jose
Idade: 45
Altura: 1.89
-- ERROR:
Traceback (most recent call last):
  File "XXXX", line 1, in <module>
    Nome = Larissa
           ^^^^^^^
NameError: name 'Larissa' is not defined
-- GRADE:
0%
*-*-*-*-*-*-*-*-*-*-*-*-*-*-*-*-*-*-*-*-*-*-*-*
== SUBMISSION (2025-08-21 21:20:08)
-- CODE: 
Nome = input("Insira seu nome:")
Idade = int(input("Insira sua idade:")
Altura = float(input("Insira sua altura:")
print("Nome:",Nome)
print("Idade:",Idade)
print("Alura:",Altura)
-- EXECUTION TIME: 
0.0
-- TEST CASE 1:
---- input:
Teresa
13
1.45
---- correct output:
Nome: Teresa
Idade: 13
Altura: 1.45
-- ERROR:
File "XXXX", line 2
    Idade = int(input("Insira sua idade:")
                ^^^^^^^^^^^^^^^^^^^^^^^^^^
SyntaxError: invalid syntax. Perhaps you forgot a comma?
-- TEST CASE 2:
---- input:
Marcelo
34
1.79
---- correct output:
Nome: Marcelo
Idade: 34
Altura: 1.79
-- ERROR:
File "XXXX", line 2
    Idade = int(input("Insira sua idade:")
                ^^^^^^^^^^^^^^^^^^^^^^^^^^
SyntaxError: invalid syntax. Perhaps you forgot a comma?
-- TEST CASE 3:
---- input:
Larissa
23
1.68
---- correct output:
Nome: Larissa
Idade: 23
Altura: 1.68
-- ERROR:
File "XXXX", line 2
    Idade = int(input("Insira sua idade:")
                ^^^^^^^^^^^^^^^^^^^^^^^^^^
SyntaxError: invalid syntax. Perhaps you forgot a comma?
-- TEST CASE 4:
---- input:
Jose
45
1.89
---- correct output:
Nome: Jose
Idade: 45
Altura: 1.89
-- ERROR:
File "XXXX", line 2
    Idade = int(input("Insira sua idade:")
                ^^^^^^^^^^^^^^^^^^^^^^^^^^
SyntaxError: invalid syntax. Perhaps you forgot a comma?
-- GRADE:
0%
*-*-*-*-*-*-*-*-*-*-*-*-*-*-*-*-*-*-*-*-*-*-*-*
== SUBMISSION (2025-08-21 21:20:09)
-- CODE: 
Nome = input("Insira seu nome:")
Idade = int(input("Insira sua idade:")
Altura = float(input("Insira sua altura:")
print("Nome:",Nome)
print("Idade:",Idade)
print("Alura:",Altura)
-- EXECUTION TIME: 
0.0
-- TEST CASE 1:
---- input:
Teresa
13
1.45
---- correct output:
Nome: Teresa
Idade: 13
Altura: 1.45
-- ERROR:
File "XXXX", line 2
    Idade = int(input("Insira sua idade:")
                ^^^^^^^^^^^^^^^^^^^^^^^^^^
SyntaxError: invalid syntax. Perhaps you forgot a comma?
-- TEST CASE 2:
---- input:
Marcelo
34
1.79
---- correct output:
Nome: Marcelo
Idade: 34
Altura: 1.79
-- ERROR:
File "XXXX", line 2
    Idade = int(input("Insira sua idade:")
                ^^^^^^^^^^^^^^^^^^^^^^^^^^
SyntaxError: invalid syntax. Perhaps you forgot a comma?
-- TEST CASE 3:
---- input:
Larissa
23
1.68
---- correct output:
Nome: Larissa
Idade: 23
Altura: 1.68
-- ERROR:
File "XXXX", line 2
    Idade = int(input("Insira sua idade:")
                ^^^^^^^^^^^^^^^^^^^^^^^^^^
SyntaxError: invalid syntax. Perhaps you forgot a comma?
-- TEST CASE 4:
---- input:
Jose
45
1.89
---- correct output:
Nome: Jose
Idade: 45
Altura: 1.89
-- ERROR:
File "XXXX", line 2
    Idade = int(input("Insira sua idade:")
                ^^^^^^^^^^^^^^^^^^^^^^^^^^
SyntaxError: invalid syntax. Perhaps you forgot a comma?
-- GRADE:
0%
*-*-*-*-*-*-*-*-*-*-*-*-*-*-*-*-*-*-*-*-*-*-*-*
== SUBMISSION (2025-08-21 21:14:49)
-- CODE: 
input(x)
input(y)
inpuyt(z)
print(x)
print(y)
print(z)
-- EXECUTION TIME: 
0.0
-- TEST CASE 1:
---- input:
Teresa
13
1.45
---- correct output:
Nome: Teresa
Idade: 13
Altura: 1.45
-- ERROR:
Traceback (most recent call last):
  File "XXXX", line 1, in <module>
    input(x)
          ^
NameError: name 'x' is not defined
-- TEST CASE 2:
---- input:
Marcelo
34
1.79
---- correct output:
Nome: Marcelo
Idade: 34
Altura: 1.79
-- ERROR:
Traceback (most recent call last):
  File "XXXX", line 1, in <module>
    input(x)
          ^
NameError: name 'x' is not defined
-- TEST CASE 3:
---- input:
Larissa
23
1.68
---- correct output:
Nome: Larissa
Idade: 23
Altura: 1.68
-- ERROR:
Traceback (most recent call last):
  File "XXXX", line 1, in <module>
    input(x)
          ^
NameError: name 'x' is not defined
-- TEST CASE 4:
---- input:
Jose
45
1.89
---- correct output:
Nome: Jose
Idade: 45
Altura: 1.89
-- ERROR:
Traceback (most recent call last):
  File "XXXX", line 1, in <module>
    input(x)
          ^
NameError: name 'x' is not defined
-- GRADE:
0%
*-*-*-*-*-*-*-*-*-*-*-*-*-*-*-*-*-*-*-*-*-*-*-*
== SUBMISSION (2025-08-21 21:10:59)
-- CODE: 
Nome = "Larissa"
Idade = "23"
Altura = "1.68"
Print(Nome)
Print(Idade)
Print(Altura)
-- EXECUTION TIME: 
0.0
-- TEST CASE 1:
---- input:
Teresa
13
1.45
---- correct output:
Nome: Teresa
Idade: 13
Altura: 1.45
-- ERROR:
Traceback (most recent call last):
  File "XXXX", line 4, in <module>
    Print(Nome)
    ^^^^^
NameError: name 'Print' is not defined. Did you mean: 'print'?
-- TEST CASE 2:
---- input:
Marcelo
34
1.79
---- correct output:
Nome: Marcelo
Idade: 34
Altura: 1.79
-- ERROR:
Traceback (most recent call last):
  File "XXXX", line 4, in <module>
    Print(Nome)
    ^^^^^
NameError: name 'Print' is not defined. Did you mean: 'print'?
-- TEST CASE 3:
---- input:
Larissa
23
1.68
---- correct output:
Nome: Larissa
Idade: 23
Altura: 1.68
-- ERROR:
Traceback (most recent call last):
  File "XXXX", line 4, in <module>
    Print(Nome)
    ^^^^^
NameError: name 'Print' is not defined. Did you mean: 'print'?
-- TEST CASE 4:
---- input:
Jose
45
1.89
---- correct output:
Nome: Jose
Idade: 45
Altura: 1.89
-- ERROR:
Traceback (most recent call last):
  File "XXXX", line 4, in <module>
    Print(Nome)
    ^^^^^
NameError: name 'Print' is not defined. Did you mean: 'print'?
-- GRADE:
0%
*-*-*-*-*-*-*-*-*-*-*-*-*-*-*-*-*-*-*-*-*-*-*-*
== SUBMISSION (2025-08-21 21:11:01)
-- CODE: 
Nome = "Larissa"
Idade = "23"
Altura = "1.68"
Print(Nome)
Print(Idade)
Print(Altura)
-- EXECUTION TIME: 
0.0
-- TEST CASE 1:
---- input:
Teresa
13
1.45
---- correct output:
Nome: Teresa
Idade: 13
Altura: 1.45
-- ERROR:
Traceback (most recent call last):
  File "XXXX", line 4, in <module>
    Print(Nome)
    ^^^^^
NameError: name 'Print' is not defined. Did you mean: 'print'?
-- TEST CASE 2:
---- input:
Marcelo
34
1.79
---- correct output:
Nome: Marcelo
Idade: 34
Altura: 1.79
-- ERROR:
Traceback (most recent call last):
  File "XXXX", line 4, in <module>
    Print(Nome)
    ^^^^^
NameError: name 'Print' is not defined. Did you mean: 'print'?
-- TEST CASE 3:
---- input:
Larissa
23
1.68
---- correct output:
Nome: Larissa
Idade: 23
Altura: 1.68
-- ERROR:
Traceback (most recent call last):
  File "XXXX", line 4, in <module>
    Print(Nome)
    ^^^^^
NameError: name 'Print' is not defined. Did you mean: 'print'?
-- TEST CASE 4:
---- input:
Jose
45
1.89
---- correct output:
Nome: Jose
Idade: 45
Altura: 1.89
-- ERROR:
Traceback (most recent call last):
  File "XXXX", line 4, in <module>
    Print(Nome)
    ^^^^^
NameError: name 'Print' is not defined. Did you mean: 'print'?
-- GRADE:
0%
*-*-*-*-*-*-*-*-*-*-*-*-*-*-*-*-*-*-*-*-*-*-*-*
== SUBMISSION (2025-08-21 21:10:05)
-- CODE: 
Nome = Larissa
Idade = 23
Altura = 1.68
Print(Nome)

-- EXECUTION TIME: 
0.0
-- TEST CASE 1:
---- input:
Teresa
13
1.45
---- correct output:
Nome: Teresa
Idade: 13
Altura: 1.45
-- ERROR:
Traceback (most recent call last):
  File "XXXX", line 1, in <module>
    Nome = Larissa
           ^^^^^^^
NameError: name 'Larissa' is not defined
-- TEST CASE 2:
---- input:
Marcelo
34
1.79
---- correct output:
Nome: Marcelo
Idade: 34
Altura: 1.79
-- ERROR:
Traceback (most recent call last):
  File "XXXX", line 1, in <module>
    Nome = Larissa
           ^^^^^^^
NameError: name 'Larissa' is not defined
-- TEST CASE 3:
---- input:
Larissa
23
1.68
---- correct output:
Nome: Larissa
Idade: 23
Altura: 1.68
-- ERROR:
Traceback (most recent call last):
  File "XXXX", line 1, in <module>
    Nome = Larissa
           ^^^^^^^
NameError: name 'Larissa' is not defined
-- TEST CASE 4:
---- input:
Jose
45
1.89
---- correct output:
Nome: Jose
Idade: 45
Altura: 1.89
-- ERROR:
Traceback (most recent call last):
  File "XXXX", line 1, in <module>
    Nome = Larissa
           ^^^^^^^
NameError: name 'Larissa' is not defined
-- GRADE:
0%
*-*-*-*-*-*-*-*-*-*-*-*-*-*-*-*-*-*-*-*-*-*-*-*
