== RUN (2025-08-20 23:10:30)
-- CODE: 
var = imput()
print(var)

-- EXECUTION TIME: 
0.0
-- TEST CASE 1:
---- input:
Gandalf
---- correct output:
Gandalf
-- ERROR:
Traceback (most recent call last):
  File "XXXX", line 1, in <module>
    var = imput()
          ^^^^^
NameError: name 'imput' is not defined. Did you mean: 'input'?
-- TEST CASE 2:
---- input:
Donald Knuth
---- correct output:
Donald Knuth
-- ERROR:
Traceback (most recent call last):
  File "XXXX", line 1, in <module>
    var = imput()
          ^^^^^
NameError: name 'imput' is not defined. Did you mean: 'input'?
-- TEST CASE 3:
---- input:
Python
---- correct output:
Python
-- ERROR:
Traceback (most recent call last):
  File "XXXX", line 1, in <module>
    var = imput()
          ^^^^^
NameError: name 'imput' is not defined. Did you mean: 'input'?
-- TEST CASE 4:
---- input:
Ada Lovelace
---- correct output:
Ada Lovelace
-- ERROR:
Traceback (most recent call last):
  File "XXXX", line 1, in <module>
    var = imput()
          ^^^^^
NameError: name 'imput' is not defined. Did you mean: 'input'?
-- TEST CASE 5:
---- input:
Teste
---- correct output:
Teste
-- ERROR:
Traceback (most recent call last):
  File "XXXX", line 1, in <module>
    var = imput()
          ^^^^^
NameError: name 'imput' is not defined. Did you mean: 'input'?
*-*-*-*-*-*-*-*-*-*-*-*-*-*-*-*-*-*-*-*-*-*-*-*
== SUBMISSION (2025-08-20 23:10:31)
-- CODE: 
var = imput()
print(var)

-- EXECUTION TIME: 
0.0
-- TEST CASE 1:
---- input:
Gandalf
---- correct output:
Gandalf
-- ERROR:
Traceback (most recent call last):
  File "XXXX", line 1, in <module>
    var = imput()
          ^^^^^
NameError: name 'imput' is not defined. Did you mean: 'input'?
-- TEST CASE 2:
---- input:
Donald Knuth
---- correct output:
Donald Knuth
-- ERROR:
Traceback (most recent call last):
  File "XXXX", line 1, in <module>
    var = imput()
          ^^^^^
NameError: name 'imput' is not defined. Did you mean: 'input'?
-- TEST CASE 3:
---- input:
Python
---- correct output:
Python
-- ERROR:
Traceback (most recent call last):
  File "XXXX", line 1, in <module>
    var = imput()
          ^^^^^
NameError: name 'imput' is not defined. Did you mean: 'input'?
-- TEST CASE 4:
---- input:
Ada Lovelace
---- correct output:
Ada Lovelace
-- ERROR:
Traceback (most recent call last):
  File "XXXX", line 1, in <module>
    var = imput()
          ^^^^^
NameError: name 'imput' is not defined. Did you mean: 'input'?
-- TEST CASE 5:
---- input:
Teste
---- correct output:
Teste
-- ERROR:
Traceback (most recent call last):
  File "XXXX", line 1, in <module>
    var = imput()
          ^^^^^
NameError: name 'imput' is not defined. Did you mean: 'input'?
-- GRADE:
0%
*-*-*-*-*-*-*-*-*-*-*-*-*-*-*-*-*-*-*-*-*-*-*-*
== RUN (2025-08-20 23:10:10)
-- CODE: 
var = imput()
print(var)

-- EXECUTION TIME: 
0.0
-- TEST CASE 1:
---- input:
Gandalf
---- correct output:
Gandalf
-- ERROR:
Traceback (most recent call last):
  File "XXXX", line 1, in <module>
    var = imput()
          ^^^^^
NameError: name 'imput' is not defined. Did you mean: 'input'?
-- TEST CASE 2:
---- input:
Donald Knuth
---- correct output:
Donald Knuth
-- ERROR:
Traceback (most recent call last):
  File "XXXX", line 1, in <module>
    var = imput()
          ^^^^^
NameError: name 'imput' is not defined. Did you mean: 'input'?
-- TEST CASE 3:
---- input:
Python
---- correct output:
Python
-- ERROR:
Traceback (most recent call last):
  File "XXXX", line 1, in <module>
    var = imput()
          ^^^^^
NameError: name 'imput' is not defined. Did you mean: 'input'?
-- TEST CASE 4:
---- input:
Ada Lovelace
---- correct output:
Ada Lovelace
-- ERROR:
Traceback (most recent call last):
  File "XXXX", line 1, in <module>
    var = imput()
          ^^^^^
NameError: name 'imput' is not defined. Did you mean: 'input'?
-- TEST CASE 5:
---- input:
Teste
---- correct output:
Teste
-- ERROR:
Traceback (most recent call last):
  File "XXXX", line 1, in <module>
    var = imput()
          ^^^^^
NameError: name 'imput' is not defined. Did you mean: 'input'?
*-*-*-*-*-*-*-*-*-*-*-*-*-*-*-*-*-*-*-*-*-*-*-*
== RUN (2025-08-20 23:10:55)
-- CODE: 
var = imput()
print(var)

-- EXECUTION TIME: 
0.0
-- TEST CASE 1:
---- input:
Gandalf
---- correct output:
Gandalf
-- ERROR:
Traceback (most recent call last):
  File "XXXX", line 1, in <module>
    var = imput()
          ^^^^^
NameError: name 'imput' is not defined. Did you mean: 'input'?
-- TEST CASE 2:
---- input:
Donald Knuth
---- correct output:
Donald Knuth
-- ERROR:
Traceback (most recent call last):
  File "XXXX", line 1, in <module>
    var = imput()
          ^^^^^
NameError: name 'imput' is not defined. Did you mean: 'input'?
-- TEST CASE 3:
---- input:
Python
---- correct output:
Python
-- ERROR:
Traceback (most recent call last):
  File "XXXX", line 1, in <module>
    var = imput()
          ^^^^^
NameError: name 'imput' is not defined. Did you mean: 'input'?
-- TEST CASE 4:
---- input:
Ada Lovelace
---- correct output:
Ada Lovelace
-- ERROR:
Traceback (most recent call last):
  File "XXXX", line 1, in <module>
    var = imput()
          ^^^^^
NameError: name 'imput' is not defined. Did you mean: 'input'?
-- TEST CASE 5:
---- input:
Teste
---- correct output:
Teste
-- ERROR:
Traceback (most recent call last):
  File "XXXX", line 1, in <module>
    var = imput()
          ^^^^^
NameError: name 'imput' is not defined. Did you mean: 'input'?
*-*-*-*-*-*-*-*-*-*-*-*-*-*-*-*-*-*-*-*-*-*-*-*
== RUN (2025-08-20 23:10:09)
-- CODE: 
var = imput()
print(var)

-- EXECUTION TIME: 
0.0
-- TEST CASE 1:
---- input:
Gandalf
---- correct output:
Gandalf
-- ERROR:
Traceback (most recent call last):
  File "XXXX", line 1, in <module>
    var = imput()
          ^^^^^
NameError: name 'imput' is not defined. Did you mean: 'input'?
-- TEST CASE 2:
---- input:
Donald Knuth
---- correct output:
Donald Knuth
-- ERROR:
Traceback (most recent call last):
  File "XXXX", line 1, in <module>
    var = imput()
          ^^^^^
NameError: name 'imput' is not defined. Did you mean: 'input'?
-- TEST CASE 3:
---- input:
Python
---- correct output:
Python
-- ERROR:
Traceback (most recent call last):
  File "XXXX", line 1, in <module>
    var = imput()
          ^^^^^
NameError: name 'imput' is not defined. Did you mean: 'input'?
-- TEST CASE 4:
---- input:
Ada Lovelace
---- correct output:
Ada Lovelace
-- ERROR:
Traceback (most recent call last):
  File "XXXX", line 1, in <module>
    var = imput()
          ^^^^^
NameError: name 'imput' is not defined. Did you mean: 'input'?
-- TEST CASE 5:
---- input:
Teste
---- correct output:
Teste
-- ERROR:
Traceback (most recent call last):
  File "XXXX", line 1, in <module>
    var = imput()
          ^^^^^
NameError: name 'imput' is not defined. Did you mean: 'input'?
*-*-*-*-*-*-*-*-*-*-*-*-*-*-*-*-*-*-*-*-*-*-*-*
== SUBMISSION (2025-08-20 23:11:10)
-- CODE: 
var = input()
print(var)

-- EXECUTION TIME: 
0.01
-- TEST CASE 1:
---- input:
Gandalf
---- correct output:
Gandalf
---- user output:
Gandalf
-- TEST CASE 2:
---- input:
Donald Knuth
---- correct output:
Donald Knuth
---- user output:
Donald Knuth
-- TEST CASE 3:
---- input:
Python
---- correct output:
Python
---- user output:
Python
-- TEST CASE 4:
---- input:
Ada Lovelace
---- correct output:
Ada Lovelace
---- user output:
Ada Lovelace
-- TEST CASE 5:
---- input:
Teste
---- correct output:
Teste
---- user output:
Teste
-- GRADE:
100%
*-*-*-*-*-*-*-*-*-*-*-*-*-*-*-*-*-*-*-*-*-*-*-*
