== RUN (2025-08-27 02:06:38)
-- CODE: 
x1 = 1.23
printt(x1)
print(x1)
-- EXECUTION TIME: 
0.0
-- TEST CASE 1:
---- input:
1.23
---- correct output:
1.23
-- ERROR:
Traceback (most recent call last):
  File "XXXX", line 2, in <module>
    printt(x1)
    ^^^^^^
NameError: name 'printt' is not defined. Did you mean: 'print'?
-- TEST CASE 2:
---- input:
1.23
---- correct output:
1.23
-- ERROR:
Traceback (most recent call last):
  File "XXXX", line 2, in <module>
    printt(x1)
    ^^^^^^
NameError: name 'printt' is not defined. Did you mean: 'print'?
*-*-*-*-*-*-*-*-*-*-*-*-*-*-*-*-*-*-*-*-*-*-*-*
== SUBMISSION (2025-08-27 02:06:18)
-- CODE: 
x1 = 1.23
printt(x1)
-- EXECUTION TIME: 
0.0
-- TEST CASE 1:
---- input:
1.23
---- correct output:
1.23
-- ERROR:
Traceback (most recent call last):
  File "XXXX", line 2, in <module>
    printt(x1)
    ^^^^^^
NameError: name 'printt' is not defined. Did you mean: 'print'?
-- TEST CASE 2:
---- input:
1.23
---- correct output:
1.23
-- ERROR:
Traceback (most recent call last):
  File "XXXX", line 2, in <module>
    printt(x1)
    ^^^^^^
NameError: name 'printt' is not defined. Did you mean: 'print'?
-- GRADE:
0%
*-*-*-*-*-*-*-*-*-*-*-*-*-*-*-*-*-*-*-*-*-*-*-*
== RUN (2025-08-27 02:06:46)
-- CODE: 
x1 = 1.23
print(x1)
-- EXECUTION TIME: 
0.0
-- TEST CASE 1:
---- input:
1.23
---- correct output:
1.23
---- user output:
1.23
-- TEST CASE 2:
---- input:
1.23
---- correct output:
1.23
---- user output:
1.23
*-*-*-*-*-*-*-*-*-*-*-*-*-*-*-*-*-*-*-*-*-*-*-*
== RUN (2025-08-27 02:06:39)
-- CODE: 
x1 = 1.23
printt(x1)
print(x1)
-- EXECUTION TIME: 
0.0
-- TEST CASE 1:
---- input:
1.23
---- correct output:
1.23
-- ERROR:
Traceback (most recent call last):
  File "XXXX", line 2, in <module>
    printt(x1)
    ^^^^^^
NameError: name 'printt' is not defined. Did you mean: 'print'?
-- TEST CASE 2:
---- input:
1.23
---- correct output:
1.23
-- ERROR:
Traceback (most recent call last):
  File "XXXX", line 2, in <module>
    printt(x1)
    ^^^^^^
NameError: name 'printt' is not defined. Did you mean: 'print'?
*-*-*-*-*-*-*-*-*-*-*-*-*-*-*-*-*-*-*-*-*-*-*-*
== RUN (2025-08-27 02:06:16)
-- CODE: 
x1 = 1.23
printt(x1)
-- EXECUTION TIME: 
0.0
-- TEST CASE 1:
---- input:
1.23
---- correct output:
1.23
-- ERROR:
Traceback (most recent call last):
  File "XXXX", line 2, in <module>
    printt(x1)
    ^^^^^^
NameError: name 'printt' is not defined. Did you mean: 'print'?
-- TEST CASE 2:
---- input:
1.23
---- correct output:
1.23
-- ERROR:
Traceback (most recent call last):
  File "XXXX", line 2, in <module>
    printt(x1)
    ^^^^^^
NameError: name 'printt' is not defined. Did you mean: 'print'?
*-*-*-*-*-*-*-*-*-*-*-*-*-*-*-*-*-*-*-*-*-*-*-*
== SUBMISSION (2025-08-27 02:06:40)
-- CODE: 
x1 = 1.23
printt(x1)
print(x1)
-- EXECUTION TIME: 
0.0
-- TEST CASE 1:
---- input:
1.23
---- correct output:
1.23
-- ERROR:
Traceback (most recent call last):
  File "XXXX", line 2, in <module>
    printt(x1)
    ^^^^^^
NameError: name 'printt' is not defined. Did you mean: 'print'?
-- TEST CASE 2:
---- input:
1.23
---- correct output:
1.23
-- ERROR:
Traceback (most recent call last):
  File "XXXX", line 2, in <module>
    printt(x1)
    ^^^^^^
NameError: name 'printt' is not defined. Did you mean: 'print'?
-- GRADE:
0%
*-*-*-*-*-*-*-*-*-*-*-*-*-*-*-*-*-*-*-*-*-*-*-*
== RUN (2025-08-27 02:06:37)
-- CODE: 
x1 = 1.23
printt(x1)
print(x1)
-- EXECUTION TIME: 
0.0
-- TEST CASE 1:
---- input:
1.23
---- correct output:
1.23
-- ERROR:
Traceback (most recent call last):
  File "XXXX", line 2, in <module>
    printt(x1)
    ^^^^^^
NameError: name 'printt' is not defined. Did you mean: 'print'?
-- TEST CASE 2:
---- input:
1.23
---- correct output:
1.23
-- ERROR:
Traceback (most recent call last):
  File "XXXX", line 2, in <module>
    printt(x1)
    ^^^^^^
NameError: name 'printt' is not defined. Did you mean: 'print'?
*-*-*-*-*-*-*-*-*-*-*-*-*-*-*-*-*-*-*-*-*-*-*-*
== SUBMISSION (2025-08-27 02:06:51)
-- CODE: 
x1 = 1.23
print(x1)
-- EXECUTION TIME: 
0.01
-- TEST CASE 1:
---- input:
1.23
---- correct output:
1.23
---- user output:
1.23
-- TEST CASE 2:
---- input:
1.23
---- correct output:
1.23
---- user output:
1.23
-- GRADE:
100%
*-*-*-*-*-*-*-*-*-*-*-*-*-*-*-*-*-*-*-*-*-*-*-*
== RUN (2025-08-27 02:06:19)
-- CODE: 
x1 = 1.23
printt(x1)
-- EXECUTION TIME: 
0.0
-- TEST CASE 1:
---- input:
1.23
---- correct output:
1.23
-- ERROR:
Traceback (most recent call last):
  File "XXXX", line 2, in <module>
    printt(x1)
    ^^^^^^
NameError: name 'printt' is not defined. Did you mean: 'print'?
-- TEST CASE 2:
---- input:
1.23
---- correct output:
1.23
-- ERROR:
Traceback (most recent call last):
  File "XXXX", line 2, in <module>
    printt(x1)
    ^^^^^^
NameError: name 'printt' is not defined. Did you mean: 'print'?
*-*-*-*-*-*-*-*-*-*-*-*-*-*-*-*-*-*-*-*-*-*-*-*
== RUN (2025-08-27 02:06:49)
-- CODE: 
x1 = 1.23
print(x1)
-- EXECUTION TIME: 
0.0
-- TEST CASE 1:
---- input:
1.23
---- correct output:
1.23
---- user output:
1.23
-- TEST CASE 2:
---- input:
1.23
---- correct output:
1.23
---- user output:
1.23
*-*-*-*-*-*-*-*-*-*-*-*-*-*-*-*-*-*-*-*-*-*-*-*
