== SUBMISSION (2025-08-22 20:29:50)
-- CODE: 
from math import *
Raio_r = float(input("valor do raio r: "))
A = pi*Raio_r**2
V = (4/3)*pi*Raio_r**3

print(round(A, 3))
print(round(V, 3))

-- EXECUTION TIME: 
0.01
-- TEST CASE 1:
---- input:
0.1
---- correct output:
0.031
0.004
---- user output:
0.004
-- TEST CASE 2:
---- input:
4.5

---- correct output:
63.617
381.704
---- user output:
381.704
-- TEST CASE 3:
---- input:
12.34
---- correct output:
478.388
7871.076
---- user output:
7871.076
-- TEST CASE 4:
---- input:
11.0
---- correct output:
380.133
5575.28
---- user output:
5575.28
-- TEST CASE 5:
---- input:
67.34
---- correct output:
14246.104
1279110.151
---- user output:
1279110.151
-- TEST CASE 6:
---- input:
2.0
---- correct output:
12.566
33.51
---- user output:
33.51
-- GRADE:
100%
*-*-*-*-*-*-*-*-*-*-*-*-*-*-*-*-*-*-*-*-*-*-*-*
== RUN (2025-08-22 20:27:42)
-- CODE: 
from math import *
Raio_r = float(input("valor do raio r: "))
A = pi*r**2
V = (4/3)*pi*r**3

print(round(A, 3))
print(round(V, 3))

-- EXECUTION TIME: 
0.0
-- TEST CASE 1:
---- input:
0.1
---- correct output:
0.031
0.004
-- ERROR:
Traceback (most recent call last):
  File "XXXX", line 3, in <module>
    A = pi*r**2
           ^
NameError: name 'r' is not defined
-- TEST CASE 2:
---- input:
4.5

---- correct output:
63.617
381.704
-- ERROR:
Traceback (most recent call last):
  File "XXXX", line 3, in <module>
    A = pi*r**2
           ^
NameError: name 'r' is not defined
-- TEST CASE 3:
---- input:
12.34
---- correct output:
478.388
7871.076
-- ERROR:
Traceback (most recent call last):
  File "XXXX", line 3, in <module>
    A = pi*r**2
           ^
NameError: name 'r' is not defined
-- TEST CASE 4:
---- input:
11.0
---- correct output:
380.133
5575.28
-- ERROR:
Traceback (most recent call last):
  File "XXXX", line 3, in <module>
    A = pi*r**2
           ^
NameError: name 'r' is not defined
-- TEST CASE 5:
---- input:
67.34
---- correct output:
14246.104
1279110.151
-- ERROR:
Traceback (most recent call last):
  File "XXXX", line 3, in <module>
    A = pi*r**2
           ^
NameError: name 'r' is not defined
-- TEST CASE 6:
---- input:
2.0
---- correct output:
12.566
33.51
-- ERROR:
Traceback (most recent call last):
  File "XXXX", line 3, in <module>
    A = pi*r**2
           ^
NameError: name 'r' is not defined
*-*-*-*-*-*-*-*-*-*-*-*-*-*-*-*-*-*-*-*-*-*-*-*
