== SUBMISSION (2025-09-03 14:30:25)
-- CODE: 
idade= int(input("informe sua idade: "))
print(idade)
if (idade >= 18):
   print("Maior_de_idade")
else: print("Menor de idade")
  

-- EXECUTION TIME: 
0.01
-- TEST CASE 1:
---- input:
28
---- correct output:
28
Maior_de_idade
---- user output:
Maior_de_idade
-- TEST CASE 2:
---- input:
17
---- correct output:
17
Menor_de_idade
---- user output:
Menor de idade
-- TEST CASE 3:
---- input:
10
---- correct output:
10
Menor_de_idade
---- user output:
Menor de idade
-- TEST CASE 4:
---- input:
18
---- correct output:
18
Maior_de_idade
---- user output:
Maior_de_idade
-- TEST CASE 5:
---- input:
22
---- correct output:
22
Maior_de_idade
---- user output:
Maior_de_idade
-- TEST CASE 6:
---- input:
18
---- correct output:
18
Maior_de_idade
---- user output:
Maior_de_idade
-- GRADE:
0%
*-*-*-*-*-*-*-*-*-*-*-*-*-*-*-*-*-*-*-*-*-*-*-*
== RUN (2025-09-03 14:09:59)
-- CODE: 
 input("digite sua idade: "))
-- EXECUTION TIME: 
0.0
-- TEST CASE 1:
---- input:
28
---- correct output:
28
Maior_de_idade
-- ERROR:
File "XXXX", line 1
    input("digite sua idade: "))
IndentationError: unexpected indent
-- TEST CASE 2:
---- input:
17
---- correct output:
17
Menor_de_idade
-- ERROR:
File "XXXX", line 1
    input("digite sua idade: "))
IndentationError: unexpected indent
-- TEST CASE 3:
---- input:
10
---- correct output:
10
Menor_de_idade
-- ERROR:
File "XXXX", line 1
    input("digite sua idade: "))
IndentationError: unexpected indent
-- TEST CASE 4:
---- input:
18
---- correct output:
18
Maior_de_idade
-- ERROR:
File "XXXX", line 1
    input("digite sua idade: "))
IndentationError: unexpected indent
-- TEST CASE 5:
---- input:
22
---- correct output:
22
Maior_de_idade
-- ERROR:
File "XXXX", line 1
    input("digite sua idade: "))
IndentationError: unexpected indent
-- TEST CASE 6:
---- input:
18
---- correct output:
18
Maior_de_idade
-- ERROR:
File "XXXX", line 1
    input("digite sua idade: "))
IndentationError: unexpected indent
*-*-*-*-*-*-*-*-*-*-*-*-*-*-*-*-*-*-*-*-*-*-*-*
== RUN (2025-09-03 14:29:11)
-- CODE: 
idade= int(input("idade: "))
print(idade)
if (idade >= 18):
   print("maior_de_idade")
else print("menor de idade")
  

-- EXECUTION TIME: 
0.0
-- TEST CASE 1:
---- input:
28
---- correct output:
28
Maior_de_idade
-- ERROR:
File "XXXX", line 5
    else print("menor de idade")
         ^^^^^
SyntaxError: expected ':'
-- TEST CASE 2:
---- input:
17
---- correct output:
17
Menor_de_idade
-- ERROR:
File "XXXX", line 5
    else print("menor de idade")
         ^^^^^
SyntaxError: expected ':'
-- TEST CASE 3:
---- input:
10
---- correct output:
10
Menor_de_idade
-- ERROR:
File "XXXX", line 5
    else print("menor de idade")
         ^^^^^
SyntaxError: expected ':'
-- TEST CASE 4:
---- input:
18
---- correct output:
18
Maior_de_idade
-- ERROR:
File "XXXX", line 5
    else print("menor de idade")
         ^^^^^
SyntaxError: expected ':'
-- TEST CASE 5:
---- input:
22
---- correct output:
22
Maior_de_idade
-- ERROR:
File "XXXX", line 5
    else print("menor de idade")
         ^^^^^
SyntaxError: expected ':'
-- TEST CASE 6:
---- input:
18
---- correct output:
18
Maior_de_idade
-- ERROR:
File "XXXX", line 5
    else print("menor de idade")
         ^^^^^
SyntaxError: expected ':'
*-*-*-*-*-*-*-*-*-*-*-*-*-*-*-*-*-*-*-*-*-*-*-*
== SUBMISSION (2025-09-03 14:29:59)
-- CODE: 
idade= int(input("informe sua idade: "))
print(idade)
if (idade >= 18):
   print("maior_de_idade")
else: print("menor de idade")
  

-- EXECUTION TIME: 
0.01
-- TEST CASE 1:
---- input:
28
---- correct output:
28
Maior_de_idade
---- user output:
maior_de_idade
-- TEST CASE 2:
---- input:
17
---- correct output:
17
Menor_de_idade
---- user output:
menor de idade
-- TEST CASE 3:
---- input:
10
---- correct output:
10
Menor_de_idade
---- user output:
menor de idade
-- TEST CASE 4:
---- input:
18
---- correct output:
18
Maior_de_idade
---- user output:
maior_de_idade
-- TEST CASE 5:
---- input:
22
---- correct output:
22
Maior_de_idade
---- user output:
maior_de_idade
-- TEST CASE 6:
---- input:
18
---- correct output:
18
Maior_de_idade
---- user output:
maior_de_idade
-- GRADE:
0%
*-*-*-*-*-*-*-*-*-*-*-*-*-*-*-*-*-*-*-*-*-*-*-*
== RUN (2025-09-03 14:10:00)
-- CODE: 
 input("digite sua idade: "))
-- EXECUTION TIME: 
0.0
-- TEST CASE 1:
---- input:
28
---- correct output:
28
Maior_de_idade
-- ERROR:
File "XXXX", line 1
    input("digite sua idade: "))
IndentationError: unexpected indent
-- TEST CASE 2:
---- input:
17
---- correct output:
17
Menor_de_idade
-- ERROR:
File "XXXX", line 1
    input("digite sua idade: "))
IndentationError: unexpected indent
-- TEST CASE 3:
---- input:
10
---- correct output:
10
Menor_de_idade
-- ERROR:
File "XXXX", line 1
    input("digite sua idade: "))
IndentationError: unexpected indent
-- TEST CASE 4:
---- input:
18
---- correct output:
18
Maior_de_idade
-- ERROR:
File "XXXX", line 1
    input("digite sua idade: "))
IndentationError: unexpected indent
-- TEST CASE 5:
---- input:
22
---- correct output:
22
Maior_de_idade
-- ERROR:
File "XXXX", line 1
    input("digite sua idade: "))
IndentationError: unexpected indent
-- TEST CASE 6:
---- input:
18
---- correct output:
18
Maior_de_idade
-- ERROR:
File "XXXX", line 1
    input("digite sua idade: "))
IndentationError: unexpected indent
*-*-*-*-*-*-*-*-*-*-*-*-*-*-*-*-*-*-*-*-*-*-*-*
== RUN (2025-09-03 14:29:47)
-- CODE: 
idade= int(input("informe sua idade: "))
print(idade)
if (idade >= 18):
   print("maior_de_idade")
else: print("menor de idade")
  

-- EXECUTION TIME: 
0.0
-- TEST CASE 1:
---- input:
28
---- correct output:
28
Maior_de_idade
---- user output:
maior_de_idade
-- TEST CASE 2:
---- input:
17
---- correct output:
17
Menor_de_idade
---- user output:
menor de idade
-- TEST CASE 3:
---- input:
10
---- correct output:
10
Menor_de_idade
---- user output:
menor de idade
-- TEST CASE 4:
---- input:
18
---- correct output:
18
Maior_de_idade
---- user output:
maior_de_idade
-- TEST CASE 5:
---- input:
22
---- correct output:
22
Maior_de_idade
---- user output:
maior_de_idade
-- TEST CASE 6:
---- input:
18
---- correct output:
18
Maior_de_idade
---- user output:
maior_de_idade
*-*-*-*-*-*-*-*-*-*-*-*-*-*-*-*-*-*-*-*-*-*-*-*
== RUN (2025-09-03 14:21:27)
-- CODE: 
print idade_maior=(input("digite sua idade: "))
if (idade_maior > 18):
   print("adulto")
else print("menor de idade")
  

-- EXECUTION TIME: 
0.0
-- TEST CASE 1:
---- input:
28
---- correct output:
28
Maior_de_idade
-- ERROR:
File "XXXX", line 1
    print idade_maior=(input("digite sua idade: "))
    ^^^^^^^^^^^^^^^^^
SyntaxError: Missing parentheses in call to 'print'. Did you mean print(...)?
-- TEST CASE 2:
---- input:
17
---- correct output:
17
Menor_de_idade
-- ERROR:
File "XXXX", line 1
    print idade_maior=(input("digite sua idade: "))
    ^^^^^^^^^^^^^^^^^
SyntaxError: Missing parentheses in call to 'print'. Did you mean print(...)?
-- TEST CASE 3:
---- input:
10
---- correct output:
10
Menor_de_idade
-- ERROR:
File "XXXX", line 1
    print idade_maior=(input("digite sua idade: "))
    ^^^^^^^^^^^^^^^^^
SyntaxError: Missing parentheses in call to 'print'. Did you mean print(...)?
-- TEST CASE 4:
---- input:
18
---- correct output:
18
Maior_de_idade
-- ERROR:
File "XXXX", line 1
    print idade_maior=(input("digite sua idade: "))
    ^^^^^^^^^^^^^^^^^
SyntaxError: Missing parentheses in call to 'print'. Did you mean print(...)?
-- TEST CASE 5:
---- input:
22
---- correct output:
22
Maior_de_idade
-- ERROR:
File "XXXX", line 1
    print idade_maior=(input("digite sua idade: "))
    ^^^^^^^^^^^^^^^^^
SyntaxError: Missing parentheses in call to 'print'. Did you mean print(...)?
-- TEST CASE 6:
---- input:
18
---- correct output:
18
Maior_de_idade
-- ERROR:
File "XXXX", line 1
    print idade_maior=(input("digite sua idade: "))
    ^^^^^^^^^^^^^^^^^
SyntaxError: Missing parentheses in call to 'print'. Did you mean print(...)?
*-*-*-*-*-*-*-*-*-*-*-*-*-*-*-*-*-*-*-*-*-*-*-*
== RUN (2025-09-03 14:23:48)
-- CODE: 
print(input("idade: "))
if (idade_maior > 18):
   print("adulto")
else print("menor de idade")
  

-- EXECUTION TIME: 
0.0
-- TEST CASE 1:
---- input:
28
---- correct output:
28
Maior_de_idade
-- ERROR:
File "XXXX", line 4
    else print("menor de idade")
         ^^^^^
SyntaxError: expected ':'
-- TEST CASE 2:
---- input:
17
---- correct output:
17
Menor_de_idade
-- ERROR:
File "XXXX", line 4
    else print("menor de idade")
         ^^^^^
SyntaxError: expected ':'
-- TEST CASE 3:
---- input:
10
---- correct output:
10
Menor_de_idade
-- ERROR:
File "XXXX", line 4
    else print("menor de idade")
         ^^^^^
SyntaxError: expected ':'
-- TEST CASE 4:
---- input:
18
---- correct output:
18
Maior_de_idade
-- ERROR:
File "XXXX", line 4
    else print("menor de idade")
         ^^^^^
SyntaxError: expected ':'
-- TEST CASE 5:
---- input:
22
---- correct output:
22
Maior_de_idade
-- ERROR:
File "XXXX", line 4
    else print("menor de idade")
         ^^^^^
SyntaxError: expected ':'
-- TEST CASE 6:
---- input:
18
---- correct output:
18
Maior_de_idade
-- ERROR:
File "XXXX", line 4
    else print("menor de idade")
         ^^^^^
SyntaxError: expected ':'
*-*-*-*-*-*-*-*-*-*-*-*-*-*-*-*-*-*-*-*-*-*-*-*
== RUN (2025-09-03 14:08:59)
-- CODE: 
print  int (input("digite sua idade: "))
-- EXECUTION TIME: 
0.0
-- TEST CASE 1:
---- input:
28
---- correct output:
28
Maior_de_idade
-- ERROR:
File "XXXX", line 1
    print  int (input("digite sua idade: "))
    ^^^^^^^^^^^^^^^^^^^^^^^^^^^^^^^^^^^^^^^^
SyntaxError: Missing parentheses in call to 'print'. Did you mean print(...)?
-- TEST CASE 2:
---- input:
17
---- correct output:
17
Menor_de_idade
-- ERROR:
File "XXXX", line 1
    print  int (input("digite sua idade: "))
    ^^^^^^^^^^^^^^^^^^^^^^^^^^^^^^^^^^^^^^^^
SyntaxError: Missing parentheses in call to 'print'. Did you mean print(...)?
-- TEST CASE 3:
---- input:
10
---- correct output:
10
Menor_de_idade
-- ERROR:
File "XXXX", line 1
    print  int (input("digite sua idade: "))
    ^^^^^^^^^^^^^^^^^^^^^^^^^^^^^^^^^^^^^^^^
SyntaxError: Missing parentheses in call to 'print'. Did you mean print(...)?
-- TEST CASE 4:
---- input:
18
---- correct output:
18
Maior_de_idade
-- ERROR:
File "XXXX", line 1
    print  int (input("digite sua idade: "))
    ^^^^^^^^^^^^^^^^^^^^^^^^^^^^^^^^^^^^^^^^
SyntaxError: Missing parentheses in call to 'print'. Did you mean print(...)?
-- TEST CASE 5:
---- input:
22
---- correct output:
22
Maior_de_idade
-- ERROR:
File "XXXX", line 1
    print  int (input("digite sua idade: "))
    ^^^^^^^^^^^^^^^^^^^^^^^^^^^^^^^^^^^^^^^^
SyntaxError: Missing parentheses in call to 'print'. Did you mean print(...)?
-- TEST CASE 6:
---- input:
18
---- correct output:
18
Maior_de_idade
-- ERROR:
File "XXXX", line 1
    print  int (input("digite sua idade: "))
    ^^^^^^^^^^^^^^^^^^^^^^^^^^^^^^^^^^^^^^^^
SyntaxError: Missing parentheses in call to 'print'. Did you mean print(...)?
*-*-*-*-*-*-*-*-*-*-*-*-*-*-*-*-*-*-*-*-*-*-*-*
== RUN (2025-09-03 14:09:18)
-- CODE: 
printint (input("digite sua idade: "))
-- EXECUTION TIME: 
0.0
-- TEST CASE 1:
---- input:
28
---- correct output:
28
Maior_de_idade
-- ERROR:
Traceback (most recent call last):
  File "XXXX", line 1, in <module>
    printint (input("digite sua idade: "))
    ^^^^^^^^
NameError: name 'printint' is not defined
-- TEST CASE 2:
---- input:
17
---- correct output:
17
Menor_de_idade
-- ERROR:
Traceback (most recent call last):
  File "XXXX", line 1, in <module>
    printint (input("digite sua idade: "))
    ^^^^^^^^
NameError: name 'printint' is not defined
-- TEST CASE 3:
---- input:
10
---- correct output:
10
Menor_de_idade
-- ERROR:
Traceback (most recent call last):
  File "XXXX", line 1, in <module>
    printint (input("digite sua idade: "))
    ^^^^^^^^
NameError: name 'printint' is not defined
-- TEST CASE 4:
---- input:
18
---- correct output:
18
Maior_de_idade
-- ERROR:
Traceback (most recent call last):
  File "XXXX", line 1, in <module>
    printint (input("digite sua idade: "))
    ^^^^^^^^
NameError: name 'printint' is not defined
-- TEST CASE 5:
---- input:
22
---- correct output:
22
Maior_de_idade
-- ERROR:
Traceback (most recent call last):
  File "XXXX", line 1, in <module>
    printint (input("digite sua idade: "))
    ^^^^^^^^
NameError: name 'printint' is not defined
-- TEST CASE 6:
---- input:
18
---- correct output:
18
Maior_de_idade
-- ERROR:
Traceback (most recent call last):
  File "XXXX", line 1, in <module>
    printint (input("digite sua idade: "))
    ^^^^^^^^
NameError: name 'printint' is not defined
*-*-*-*-*-*-*-*-*-*-*-*-*-*-*-*-*-*-*-*-*-*-*-*
== RUN (2025-09-03 14:28:17)
-- CODE: 
idade= int(input("idade: "))
print(idade)
if (idade >= 18):
   print("maior de idade")
else print("menor de idade")
  

-- EXECUTION TIME: 
0.0
-- TEST CASE 1:
---- input:
28
---- correct output:
28
Maior_de_idade
-- ERROR:
File "XXXX", line 5
    else print("menor de idade")
         ^^^^^
SyntaxError: expected ':'
-- TEST CASE 2:
---- input:
17
---- correct output:
17
Menor_de_idade
-- ERROR:
File "XXXX", line 5
    else print("menor de idade")
         ^^^^^
SyntaxError: expected ':'
-- TEST CASE 3:
---- input:
10
---- correct output:
10
Menor_de_idade
-- ERROR:
File "XXXX", line 5
    else print("menor de idade")
         ^^^^^
SyntaxError: expected ':'
-- TEST CASE 4:
---- input:
18
---- correct output:
18
Maior_de_idade
-- ERROR:
File "XXXX", line 5
    else print("menor de idade")
         ^^^^^
SyntaxError: expected ':'
-- TEST CASE 5:
---- input:
22
---- correct output:
22
Maior_de_idade
-- ERROR:
File "XXXX", line 5
    else print("menor de idade")
         ^^^^^
SyntaxError: expected ':'
-- TEST CASE 6:
---- input:
18
---- correct output:
18
Maior_de_idade
-- ERROR:
File "XXXX", line 5
    else print("menor de idade")
         ^^^^^
SyntaxError: expected ':'
*-*-*-*-*-*-*-*-*-*-*-*-*-*-*-*-*-*-*-*-*-*-*-*
== RUN (2025-09-03 14:09:35)
-- CODE: 
print int(input("digite sua idade: "))
-- EXECUTION TIME: 
0.0
-- TEST CASE 1:
---- input:
28
---- correct output:
28
Maior_de_idade
-- ERROR:
File "XXXX", line 1
    print int(input("digite sua idade: "))
    ^^^^^^^^^^^^^^^^^^^^^^^^^^^^^^^^^^^^^^
SyntaxError: Missing parentheses in call to 'print'. Did you mean print(...)?
-- TEST CASE 2:
---- input:
17
---- correct output:
17
Menor_de_idade
-- ERROR:
File "XXXX", line 1
    print int(input("digite sua idade: "))
    ^^^^^^^^^^^^^^^^^^^^^^^^^^^^^^^^^^^^^^
SyntaxError: Missing parentheses in call to 'print'. Did you mean print(...)?
-- TEST CASE 3:
---- input:
10
---- correct output:
10
Menor_de_idade
-- ERROR:
File "XXXX", line 1
    print int(input("digite sua idade: "))
    ^^^^^^^^^^^^^^^^^^^^^^^^^^^^^^^^^^^^^^
SyntaxError: Missing parentheses in call to 'print'. Did you mean print(...)?
-- TEST CASE 4:
---- input:
18
---- correct output:
18
Maior_de_idade
-- ERROR:
File "XXXX", line 1
    print int(input("digite sua idade: "))
    ^^^^^^^^^^^^^^^^^^^^^^^^^^^^^^^^^^^^^^
SyntaxError: Missing parentheses in call to 'print'. Did you mean print(...)?
-- TEST CASE 5:
---- input:
22
---- correct output:
22
Maior_de_idade
-- ERROR:
File "XXXX", line 1
    print int(input("digite sua idade: "))
    ^^^^^^^^^^^^^^^^^^^^^^^^^^^^^^^^^^^^^^
SyntaxError: Missing parentheses in call to 'print'. Did you mean print(...)?
-- TEST CASE 6:
---- input:
18
---- correct output:
18
Maior_de_idade
-- ERROR:
File "XXXX", line 1
    print int(input("digite sua idade: "))
    ^^^^^^^^^^^^^^^^^^^^^^^^^^^^^^^^^^^^^^
SyntaxError: Missing parentheses in call to 'print'. Did you mean print(...)?
*-*-*-*-*-*-*-*-*-*-*-*-*-*-*-*-*-*-*-*-*-*-*-*
== RUN (2025-09-03 14:29:13)
-- CODE: 
idade= int(input("idade: "))
print(idade)
if (idade >= 18):
   print("maior_de_idade")
else print("menor de idade")
  

-- EXECUTION TIME: 
0.0
-- TEST CASE 1:
---- input:
28
---- correct output:
28
Maior_de_idade
-- ERROR:
File "XXXX", line 5
    else print("menor de idade")
         ^^^^^
SyntaxError: expected ':'
-- TEST CASE 2:
---- input:
17
---- correct output:
17
Menor_de_idade
-- ERROR:
File "XXXX", line 5
    else print("menor de idade")
         ^^^^^
SyntaxError: expected ':'
-- TEST CASE 3:
---- input:
10
---- correct output:
10
Menor_de_idade
-- ERROR:
File "XXXX", line 5
    else print("menor de idade")
         ^^^^^
SyntaxError: expected ':'
-- TEST CASE 4:
---- input:
18
---- correct output:
18
Maior_de_idade
-- ERROR:
File "XXXX", line 5
    else print("menor de idade")
         ^^^^^
SyntaxError: expected ':'
-- TEST CASE 5:
---- input:
22
---- correct output:
22
Maior_de_idade
-- ERROR:
File "XXXX", line 5
    else print("menor de idade")
         ^^^^^
SyntaxError: expected ':'
-- TEST CASE 6:
---- input:
18
---- correct output:
18
Maior_de_idade
-- ERROR:
File "XXXX", line 5
    else print("menor de idade")
         ^^^^^
SyntaxError: expected ':'
*-*-*-*-*-*-*-*-*-*-*-*-*-*-*-*-*-*-*-*-*-*-*-*
== SUBMISSION (2025-09-03 14:29:15)
-- CODE: 
idade= int(input("idade: "))
print(idade)
if (idade >= 18):
   print("maior_de_idade")
else print("menor de idade")
  

-- EXECUTION TIME: 
0.0
-- TEST CASE 1:
---- input:
28
---- correct output:
28
Maior_de_idade
-- ERROR:
File "XXXX", line 5
    else print("menor de idade")
         ^^^^^
SyntaxError: expected ':'
-- TEST CASE 2:
---- input:
17
---- correct output:
17
Menor_de_idade
-- ERROR:
File "XXXX", line 5
    else print("menor de idade")
         ^^^^^
SyntaxError: expected ':'
-- TEST CASE 3:
---- input:
10
---- correct output:
10
Menor_de_idade
-- ERROR:
File "XXXX", line 5
    else print("menor de idade")
         ^^^^^
SyntaxError: expected ':'
-- TEST CASE 4:
---- input:
18
---- correct output:
18
Maior_de_idade
-- ERROR:
File "XXXX", line 5
    else print("menor de idade")
         ^^^^^
SyntaxError: expected ':'
-- TEST CASE 5:
---- input:
22
---- correct output:
22
Maior_de_idade
-- ERROR:
File "XXXX", line 5
    else print("menor de idade")
         ^^^^^
SyntaxError: expected ':'
-- TEST CASE 6:
---- input:
18
---- correct output:
18
Maior_de_idade
-- ERROR:
File "XXXX", line 5
    else print("menor de idade")
         ^^^^^
SyntaxError: expected ':'
-- GRADE:
0%
*-*-*-*-*-*-*-*-*-*-*-*-*-*-*-*-*-*-*-*-*-*-*-*
== RUN (2025-09-03 14:09:50)
-- CODE: 
print input("digite sua idade: "))
-- EXECUTION TIME: 
0.0
-- TEST CASE 1:
---- input:
28
---- correct output:
28
Maior_de_idade
-- ERROR:
File "XXXX", line 1
    print input("digite sua idade: "))
                                     ^
SyntaxError: unmatched ')'
-- TEST CASE 2:
---- input:
17
---- correct output:
17
Menor_de_idade
-- ERROR:
File "XXXX", line 1
    print input("digite sua idade: "))
                                     ^
SyntaxError: unmatched ')'
-- TEST CASE 3:
---- input:
10
---- correct output:
10
Menor_de_idade
-- ERROR:
File "XXXX", line 1
    print input("digite sua idade: "))
                                     ^
SyntaxError: unmatched ')'
-- TEST CASE 4:
---- input:
18
---- correct output:
18
Maior_de_idade
-- ERROR:
File "XXXX", line 1
    print input("digite sua idade: "))
                                     ^
SyntaxError: unmatched ')'
-- TEST CASE 5:
---- input:
22
---- correct output:
22
Maior_de_idade
-- ERROR:
File "XXXX", line 1
    print input("digite sua idade: "))
                                     ^
SyntaxError: unmatched ')'
-- TEST CASE 6:
---- input:
18
---- correct output:
18
Maior_de_idade
-- ERROR:
File "XXXX", line 1
    print input("digite sua idade: "))
                                     ^
SyntaxError: unmatched ')'
*-*-*-*-*-*-*-*-*-*-*-*-*-*-*-*-*-*-*-*-*-*-*-*
== RUN (2025-09-03 14:28:21)
-- CODE: 
idade= int(input("idade: "))
print(idade)
if (idade >= 18):
   print("maior de idade")
else print("menor de idade")
  

-- EXECUTION TIME: 
0.0
-- TEST CASE 1:
---- input:
28
---- correct output:
28
Maior_de_idade
-- ERROR:
File "XXXX", line 5
    else print("menor de idade")
         ^^^^^
SyntaxError: expected ':'
-- TEST CASE 2:
---- input:
17
---- correct output:
17
Menor_de_idade
-- ERROR:
File "XXXX", line 5
    else print("menor de idade")
         ^^^^^
SyntaxError: expected ':'
-- TEST CASE 3:
---- input:
10
---- correct output:
10
Menor_de_idade
-- ERROR:
File "XXXX", line 5
    else print("menor de idade")
         ^^^^^
SyntaxError: expected ':'
-- TEST CASE 4:
---- input:
18
---- correct output:
18
Maior_de_idade
-- ERROR:
File "XXXX", line 5
    else print("menor de idade")
         ^^^^^
SyntaxError: expected ':'
-- TEST CASE 5:
---- input:
22
---- correct output:
22
Maior_de_idade
-- ERROR:
File "XXXX", line 5
    else print("menor de idade")
         ^^^^^
SyntaxError: expected ':'
-- TEST CASE 6:
---- input:
18
---- correct output:
18
Maior_de_idade
-- ERROR:
File "XXXX", line 5
    else print("menor de idade")
         ^^^^^
SyntaxError: expected ':'
*-*-*-*-*-*-*-*-*-*-*-*-*-*-*-*-*-*-*-*-*-*-*-*
== RUN (2025-09-03 14:21:36)
-- CODE: 
 idade_maior=(input("digite sua idade: "))
if (idade_maior > 18):
   print("adulto")
else print("menor de idade")
  

-- EXECUTION TIME: 
0.0
-- TEST CASE 1:
---- input:
28
---- correct output:
28
Maior_de_idade
-- ERROR:
File "XXXX", line 1
    idade_maior=(input("digite sua idade: "))
IndentationError: unexpected indent
-- TEST CASE 2:
---- input:
17
---- correct output:
17
Menor_de_idade
-- ERROR:
File "XXXX", line 1
    idade_maior=(input("digite sua idade: "))
IndentationError: unexpected indent
-- TEST CASE 3:
---- input:
10
---- correct output:
10
Menor_de_idade
-- ERROR:
File "XXXX", line 1
    idade_maior=(input("digite sua idade: "))
IndentationError: unexpected indent
-- TEST CASE 4:
---- input:
18
---- correct output:
18
Maior_de_idade
-- ERROR:
File "XXXX", line 1
    idade_maior=(input("digite sua idade: "))
IndentationError: unexpected indent
-- TEST CASE 5:
---- input:
22
---- correct output:
22
Maior_de_idade
-- ERROR:
File "XXXX", line 1
    idade_maior=(input("digite sua idade: "))
IndentationError: unexpected indent
-- TEST CASE 6:
---- input:
18
---- correct output:
18
Maior_de_idade
-- ERROR:
File "XXXX", line 1
    idade_maior=(input("digite sua idade: "))
IndentationError: unexpected indent
*-*-*-*-*-*-*-*-*-*-*-*-*-*-*-*-*-*-*-*-*-*-*-*
== RUN (2025-09-03 14:29:32)
-- CODE: 
idade= int(input("idade: "))
print(idade)
if (idade >= 18):
   print("maior_de_idade")
else: print("menor de idade")
  

-- EXECUTION TIME: 
0.0
-- TEST CASE 1:
---- input:
28
---- correct output:
28
Maior_de_idade
---- user output:
maior_de_idade
-- TEST CASE 2:
---- input:
17
---- correct output:
17
Menor_de_idade
---- user output:
menor de idade
-- TEST CASE 3:
---- input:
10
---- correct output:
10
Menor_de_idade
---- user output:
menor de idade
-- TEST CASE 4:
---- input:
18
---- correct output:
18
Maior_de_idade
---- user output:
maior_de_idade
-- TEST CASE 5:
---- input:
22
---- correct output:
22
Maior_de_idade
---- user output:
maior_de_idade
-- TEST CASE 6:
---- input:
18
---- correct output:
18
Maior_de_idade
---- user output:
maior_de_idade
*-*-*-*-*-*-*-*-*-*-*-*-*-*-*-*-*-*-*-*-*-*-*-*
== RUN (2025-09-03 14:10:45)
-- CODE: 
print(input("digite sua idade: "))
-- EXECUTION TIME: 
0.0
-- TEST CASE 1:
---- input:
28
---- correct output:
28
Maior_de_idade
---- user output:
digite sua idade: 28
-- TEST CASE 2:
---- input:
17
---- correct output:
17
Menor_de_idade
---- user output:
digite sua idade: 17
-- TEST CASE 3:
---- input:
10
---- correct output:
10
Menor_de_idade
---- user output:
digite sua idade: 10
-- TEST CASE 4:
---- input:
18
---- correct output:
18
Maior_de_idade
---- user output:
digite sua idade: 18
-- TEST CASE 5:
---- input:
22
---- correct output:
22
Maior_de_idade
---- user output:
digite sua idade: 22
-- TEST CASE 6:
---- input:
18
---- correct output:
18
Maior_de_idade
---- user output:
digite sua idade: 18
*-*-*-*-*-*-*-*-*-*-*-*-*-*-*-*-*-*-*-*-*-*-*-*
== RUN (2025-09-03 14:28:21)
-- CODE: 
idade= int(input("idade: "))
print(idade)
if (idade >= 18):
   print("maior de idade")
else print("menor de idade")
  

-- EXECUTION TIME: 
0.0
-- TEST CASE 1:
---- input:
28
---- correct output:
28
Maior_de_idade
-- ERROR:
File "XXXX", line 5
    else print("menor de idade")
         ^^^^^
SyntaxError: expected ':'
-- TEST CASE 2:
---- input:
17
---- correct output:
17
Menor_de_idade
-- ERROR:
File "XXXX", line 5
    else print("menor de idade")
         ^^^^^
SyntaxError: expected ':'
-- TEST CASE 3:
---- input:
10
---- correct output:
10
Menor_de_idade
-- ERROR:
File "XXXX", line 5
    else print("menor de idade")
         ^^^^^
SyntaxError: expected ':'
-- TEST CASE 4:
---- input:
18
---- correct output:
18
Maior_de_idade
-- ERROR:
File "XXXX", line 5
    else print("menor de idade")
         ^^^^^
SyntaxError: expected ':'
-- TEST CASE 5:
---- input:
22
---- correct output:
22
Maior_de_idade
-- ERROR:
File "XXXX", line 5
    else print("menor de idade")
         ^^^^^
SyntaxError: expected ':'
-- TEST CASE 6:
---- input:
18
---- correct output:
18
Maior_de_idade
-- ERROR:
File "XXXX", line 5
    else print("menor de idade")
         ^^^^^
SyntaxError: expected ':'
*-*-*-*-*-*-*-*-*-*-*-*-*-*-*-*-*-*-*-*-*-*-*-*
== RUN (2025-09-03 14:15:12)
-- CODE: 
print(input("digite sua idade: "))
if idade_maior>18:print("adulto")
  

-- EXECUTION TIME: 
0.0
-- TEST CASE 1:
---- input:
28
---- correct output:
28
Maior_de_idade
-- ERROR:
Traceback (most recent call last):
  File "XXXX", line 2, in <module>
    if idade_maior>18:print("adulto")
       ^^^^^^^^^^^
NameError: name 'idade_maior' is not defined
-- TEST CASE 2:
---- input:
17
---- correct output:
17
Menor_de_idade
-- ERROR:
Traceback (most recent call last):
  File "XXXX", line 2, in <module>
    if idade_maior>18:print("adulto")
       ^^^^^^^^^^^
NameError: name 'idade_maior' is not defined
-- TEST CASE 3:
---- input:
10
---- correct output:
10
Menor_de_idade
-- ERROR:
Traceback (most recent call last):
  File "XXXX", line 2, in <module>
    if idade_maior>18:print("adulto")
       ^^^^^^^^^^^
NameError: name 'idade_maior' is not defined
-- TEST CASE 4:
---- input:
18
---- correct output:
18
Maior_de_idade
-- ERROR:
Traceback (most recent call last):
  File "XXXX", line 2, in <module>
    if idade_maior>18:print("adulto")
       ^^^^^^^^^^^
NameError: name 'idade_maior' is not defined
-- TEST CASE 5:
---- input:
22
---- correct output:
22
Maior_de_idade
-- ERROR:
Traceback (most recent call last):
  File "XXXX", line 2, in <module>
    if idade_maior>18:print("adulto")
       ^^^^^^^^^^^
NameError: name 'idade_maior' is not defined
-- TEST CASE 6:
---- input:
18
---- correct output:
18
Maior_de_idade
-- ERROR:
Traceback (most recent call last):
  File "XXXX", line 2, in <module>
    if idade_maior>18:print("adulto")
       ^^^^^^^^^^^
NameError: name 'idade_maior' is not defined
*-*-*-*-*-*-*-*-*-*-*-*-*-*-*-*-*-*-*-*-*-*-*-*
== SUBMISSION (2025-09-03 14:30:42)
-- CODE: 
idade= int(input("informe sua idade: "))
print(idade)
if (idade >= 18):
   print("Maior_de_idade")
else: print("Menor_de_idade")
  

-- EXECUTION TIME: 
0.01
-- TEST CASE 1:
---- input:
28
---- correct output:
28
Maior_de_idade
---- user output:
Maior_de_idade
-- TEST CASE 2:
---- input:
17
---- correct output:
17
Menor_de_idade
---- user output:
Menor_de_idade
-- TEST CASE 3:
---- input:
10
---- correct output:
10
Menor_de_idade
---- user output:
Menor_de_idade
-- TEST CASE 4:
---- input:
18
---- correct output:
18
Maior_de_idade
---- user output:
Maior_de_idade
-- TEST CASE 5:
---- input:
22
---- correct output:
22
Maior_de_idade
---- user output:
Maior_de_idade
-- TEST CASE 6:
---- input:
18
---- correct output:
18
Maior_de_idade
---- user output:
Maior_de_idade
-- GRADE:
100%
*-*-*-*-*-*-*-*-*-*-*-*-*-*-*-*-*-*-*-*-*-*-*-*
