== RUN (2025-08-17 01:58:51)
-- CODE: 
print(round(250/6,2)) 
-- EXECUTION TIME: 
0.0
-- TEST CASE 1:
---- input:
xx
---- correct output:
41.67
---- user output:
41.67
-- TEST CASE 2:
---- input:
xx
---- correct output:
41.67
---- user output:
41.67
*-*-*-*-*-*-*-*-*-*-*-*-*-*-*-*-*-*-*-*-*-*-*-*
== RUN (2025-08-13 01:46:39)
-- CODE: 
print(round(250/6,2)) 
-- EXECUTION TIME: 
0.0
-- TEST CASE 1:
---- input:
xx
---- correct output:
41.67
---- user output:
41.67
-- TEST CASE 2:
---- input:
xx
---- correct output:
41.67
---- user output:
41.67
*-*-*-*-*-*-*-*-*-*-*-*-*-*-*-*-*-*-*-*-*-*-*-*
== RUN (2025-08-13 01:46:10)
-- CODE: 
print(round(250/6,2)) 
-- EXECUTION TIME: 
0.0
-- TEST CASE 1:
---- input:
xx
---- correct output:
41.67
---- user output:
41.67
-- TEST CASE 2:
---- input:
xx
---- correct output:
41.67
---- user output:
41.67
*-*-*-*-*-*-*-*-*-*-*-*-*-*-*-*-*-*-*-*-*-*-*-*
== RUN (2025-08-13 01:43:45)
-- CODE: 
print(250/6)
-- EXECUTION TIME: 
0.0
-- TEST CASE 1:
---- input:
xx
---- correct output:
41.67
---- user output:
41.666666666666664
-- TEST CASE 2:
---- input:
xx
---- correct output:
41.67
---- user output:
41.666666666666664
*-*-*-*-*-*-*-*-*-*-*-*-*-*-*-*-*-*-*-*-*-*-*-*
== RUN (2025-08-13 01:45:00)
-- CODE: 
print(round 250/6,2) 
-- EXECUTION TIME: 
0.0
-- TEST CASE 1:
---- input:
xx
---- correct output:
41.67
-- ERROR:
File "XXXX", line 1
    print(round 250/6,2) 
          ^^^^^^^^^^^
SyntaxError: invalid syntax. Perhaps you forgot a comma?
-- TEST CASE 2:
---- input:
xx
---- correct output:
41.67
-- ERROR:
File "XXXX", line 1
    print(round 250/6,2) 
          ^^^^^^^^^^^
SyntaxError: invalid syntax. Perhaps you forgot a comma?
*-*-*-*-*-*-*-*-*-*-*-*-*-*-*-*-*-*-*-*-*-*-*-*
== RUN (2025-08-13 01:45:40)
-- CODE: 
print(round[250/6,2]) 
-- EXECUTION TIME: 
0.0
-- TEST CASE 1:
---- input:
xx
---- correct output:
41.67
-- ERROR:
Traceback (most recent call last):
  File "XXXX", line 1, in <module>
    print(round[250/6,2]) 
          ~~~~~^^^^^^^^^
TypeError: 'builtin_function_or_method' object is not subscriptable
-- TEST CASE 2:
---- input:
xx
---- correct output:
41.67
-- ERROR:
Traceback (most recent call last):
  File "XXXX", line 1, in <module>
    print(round[250/6,2]) 
          ~~~~~^^^^^^^^^
TypeError: 'builtin_function_or_method' object is not subscriptable
*-*-*-*-*-*-*-*-*-*-*-*-*-*-*-*-*-*-*-*-*-*-*-*
== SUBMISSION (2025-08-13 01:46:41)
-- CODE: 
print(round(250/6,2)) 
-- EXECUTION TIME: 
0.01
-- TEST CASE 1:
---- input:
xx
---- correct output:
41.67
---- user output:
41.67
-- TEST CASE 2:
---- input:
xx
---- correct output:
41.67
---- user output:
41.67
-- GRADE:
100%
*-*-*-*-*-*-*-*-*-*-*-*-*-*-*-*-*-*-*-*-*-*-*-*
== RUN (2025-08-13 01:45:15)
-- CODE: 
print(round,250/6,2) 
-- EXECUTION TIME: 
0.0
-- TEST CASE 1:
---- input:
xx
---- correct output:
41.67
---- user output:
<built-in function round> 41.666666666666664 2
-- TEST CASE 2:
---- input:
xx
---- correct output:
41.67
---- user output:
<built-in function round> 41.666666666666664 2
*-*-*-*-*-*-*-*-*-*-*-*-*-*-*-*-*-*-*-*-*-*-*-*
