== RUN (2025-08-25 23:41:29)
-- CODE: 
X=int(input())
Y=int(input())
print(X//Y)
print(X%Y)
print(X/Y)
print(X*Y)
print(Y**3)
-- EXECUTION TIME: 
0.0
-- TEST CASE 1:
---- input:
14
2
---- correct output:
7
0
7.0
28
8
---- user output:
8
-- TEST CASE 2:
---- input:
8
5
---- correct output:
1
3
1.6
40
125
---- user output:
125
-- TEST CASE 3:
---- input:
10
5
---- correct output:
2
0
2.0
50
125
---- user output:
125
-- TEST CASE 4:
---- input:
53
2
---- correct output:
26
1
26.5
106
8
---- user output:
8
-- TEST CASE 5:
---- input:
346
2
---- correct output:
173
0
173.0
692
8
---- user output:
8
-- TEST CASE 6:
---- input:
347
2
---- correct output:
173
1
173.5
694
8
---- user output:
8
*-*-*-*-*-*-*-*-*-*-*-*-*-*-*-*-*-*-*-*-*-*-*-*
== RUN (2025-08-25 23:39:50)
-- CODE: 
X=int(input())
Y=int(intup())
print(X//Y)
print(X%Y)
print(X/Y)
print(X*Y)
print(Y**3)
-- EXECUTION TIME: 
0.0
-- TEST CASE 1:
---- input:
14
2
---- correct output:
7
0
7.0
28
8
-- ERROR:
Traceback (most recent call last):
  File "XXXX", line 2, in <module>
    Y=int(intup())
          ^^^^^
NameError: name 'intup' is not defined. Did you mean: 'input'?
-- TEST CASE 2:
---- input:
8
5
---- correct output:
1
3
1.6
40
125
-- ERROR:
Traceback (most recent call last):
  File "XXXX", line 2, in <module>
    Y=int(intup())
          ^^^^^
NameError: name 'intup' is not defined. Did you mean: 'input'?
-- TEST CASE 3:
---- input:
10
5
---- correct output:
2
0
2.0
50
125
-- ERROR:
Traceback (most recent call last):
  File "XXXX", line 2, in <module>
    Y=int(intup())
          ^^^^^
NameError: name 'intup' is not defined. Did you mean: 'input'?
-- TEST CASE 4:
---- input:
53
2
---- correct output:
26
1
26.5
106
8
-- ERROR:
Traceback (most recent call last):
  File "XXXX", line 2, in <module>
    Y=int(intup())
          ^^^^^
NameError: name 'intup' is not defined. Did you mean: 'input'?
-- TEST CASE 5:
---- input:
346
2
---- correct output:
173
0
173.0
692
8
-- ERROR:
Traceback (most recent call last):
  File "XXXX", line 2, in <module>
    Y=int(intup())
          ^^^^^
NameError: name 'intup' is not defined. Did you mean: 'input'?
-- TEST CASE 6:
---- input:
347
2
---- correct output:
173
1
173.5
694
8
-- ERROR:
Traceback (most recent call last):
  File "XXXX", line 2, in <module>
    Y=int(intup())
          ^^^^^
NameError: name 'intup' is not defined. Did you mean: 'input'?
*-*-*-*-*-*-*-*-*-*-*-*-*-*-*-*-*-*-*-*-*-*-*-*
== SUBMISSION (2025-08-25 23:41:31)
-- CODE: 
X=int(input())
Y=int(input())
print(X//Y)
print(X%Y)
print(X/Y)
print(X*Y)
print(Y**3)
-- EXECUTION TIME: 
0.01
-- TEST CASE 1:
---- input:
14
2
---- correct output:
7
0
7.0
28
8
---- user output:
8
-- TEST CASE 2:
---- input:
8
5
---- correct output:
1
3
1.6
40
125
---- user output:
125
-- TEST CASE 3:
---- input:
10
5
---- correct output:
2
0
2.0
50
125
---- user output:
125
-- TEST CASE 4:
---- input:
53
2
---- correct output:
26
1
26.5
106
8
---- user output:
8
-- TEST CASE 5:
---- input:
346
2
---- correct output:
173
0
173.0
692
8
---- user output:
8
-- TEST CASE 6:
---- input:
347
2
---- correct output:
173
1
173.5
694
8
---- user output:
8
-- GRADE:
100%
*-*-*-*-*-*-*-*-*-*-*-*-*-*-*-*-*-*-*-*-*-*-*-*
== RUN (2025-08-25 23:29:55)
-- CODE: 
X=input()
Y=input()
print("Quociente",x/y)
-- EXECUTION TIME: 
0.0
-- TEST CASE 1:
---- input:
14
2
---- correct output:
7
0
7.0
28
8
-- ERROR:
Traceback (most recent call last):
  File "XXXX", line 3, in <module>
    print("Quociente",x/y)
                      ^
NameError: name 'x' is not defined. Did you mean: 'X'?
-- TEST CASE 2:
---- input:
8
5
---- correct output:
1
3
1.6
40
125
-- ERROR:
Traceback (most recent call last):
  File "XXXX", line 3, in <module>
    print("Quociente",x/y)
                      ^
NameError: name 'x' is not defined. Did you mean: 'X'?
-- TEST CASE 3:
---- input:
10
5
---- correct output:
2
0
2.0
50
125
-- ERROR:
Traceback (most recent call last):
  File "XXXX", line 3, in <module>
    print("Quociente",x/y)
                      ^
NameError: name 'x' is not defined. Did you mean: 'X'?
-- TEST CASE 4:
---- input:
53
2
---- correct output:
26
1
26.5
106
8
-- ERROR:
Traceback (most recent call last):
  File "XXXX", line 3, in <module>
    print("Quociente",x/y)
                      ^
NameError: name 'x' is not defined. Did you mean: 'X'?
-- TEST CASE 5:
---- input:
346
2
---- correct output:
173
0
173.0
692
8
-- ERROR:
Traceback (most recent call last):
  File "XXXX", line 3, in <module>
    print("Quociente",x/y)
                      ^
NameError: name 'x' is not defined. Did you mean: 'X'?
-- TEST CASE 6:
---- input:
347
2
---- correct output:
173
1
173.5
694
8
-- ERROR:
Traceback (most recent call last):
  File "XXXX", line 3, in <module>
    print("Quociente",x/y)
                      ^
NameError: name 'x' is not defined. Did you mean: 'X'?
*-*-*-*-*-*-*-*-*-*-*-*-*-*-*-*-*-*-*-*-*-*-*-*
== RUN (2025-08-25 23:29:53)
-- CODE: 
X=input()
Y=input()
print("Quociente",x/y)
-- EXECUTION TIME: 
0.0
-- TEST CASE 1:
---- input:
14
2
---- correct output:
7
0
7.0
28
8
-- ERROR:
Traceback (most recent call last):
  File "XXXX", line 3, in <module>
    print("Quociente",x/y)
                      ^
NameError: name 'x' is not defined. Did you mean: 'X'?
-- TEST CASE 2:
---- input:
8
5
---- correct output:
1
3
1.6
40
125
-- ERROR:
Traceback (most recent call last):
  File "XXXX", line 3, in <module>
    print("Quociente",x/y)
                      ^
NameError: name 'x' is not defined. Did you mean: 'X'?
-- TEST CASE 3:
---- input:
10
5
---- correct output:
2
0
2.0
50
125
-- ERROR:
Traceback (most recent call last):
  File "XXXX", line 3, in <module>
    print("Quociente",x/y)
                      ^
NameError: name 'x' is not defined. Did you mean: 'X'?
-- TEST CASE 4:
---- input:
53
2
---- correct output:
26
1
26.5
106
8
-- ERROR:
Traceback (most recent call last):
  File "XXXX", line 3, in <module>
    print("Quociente",x/y)
                      ^
NameError: name 'x' is not defined. Did you mean: 'X'?
-- TEST CASE 5:
---- input:
346
2
---- correct output:
173
0
173.0
692
8
-- ERROR:
Traceback (most recent call last):
  File "XXXX", line 3, in <module>
    print("Quociente",x/y)
                      ^
NameError: name 'x' is not defined. Did you mean: 'X'?
-- TEST CASE 6:
---- input:
347
2
---- correct output:
173
1
173.5
694
8
-- ERROR:
Traceback (most recent call last):
  File "XXXX", line 3, in <module>
    print("Quociente",x/y)
                      ^
NameError: name 'x' is not defined. Did you mean: 'X'?
*-*-*-*-*-*-*-*-*-*-*-*-*-*-*-*-*-*-*-*-*-*-*-*
== SUBMISSION (2025-08-25 23:40:57)
-- CODE: 
X=int(input())
Y=int(intup())
print(X//Y)
print(X%Y)
print(X/Y)
print(X*Y)
print(Y**3)
-- EXECUTION TIME: 
0.0
-- TEST CASE 1:
---- input:
14
2
---- correct output:
7
0
7.0
28
8
-- ERROR:
Traceback (most recent call last):
  File "XXXX", line 2, in <module>
    Y=int(intup())
          ^^^^^
NameError: name 'intup' is not defined. Did you mean: 'input'?
-- TEST CASE 2:
---- input:
8
5
---- correct output:
1
3
1.6
40
125
-- ERROR:
Traceback (most recent call last):
  File "XXXX", line 2, in <module>
    Y=int(intup())
          ^^^^^
NameError: name 'intup' is not defined. Did you mean: 'input'?
-- TEST CASE 3:
---- input:
10
5
---- correct output:
2
0
2.0
50
125
-- ERROR:
Traceback (most recent call last):
  File "XXXX", line 2, in <module>
    Y=int(intup())
          ^^^^^
NameError: name 'intup' is not defined. Did you mean: 'input'?
-- TEST CASE 4:
---- input:
53
2
---- correct output:
26
1
26.5
106
8
-- ERROR:
Traceback (most recent call last):
  File "XXXX", line 2, in <module>
    Y=int(intup())
          ^^^^^
NameError: name 'intup' is not defined. Did you mean: 'input'?
-- TEST CASE 5:
---- input:
346
2
---- correct output:
173
0
173.0
692
8
-- ERROR:
Traceback (most recent call last):
  File "XXXX", line 2, in <module>
    Y=int(intup())
          ^^^^^
NameError: name 'intup' is not defined. Did you mean: 'input'?
-- TEST CASE 6:
---- input:
347
2
---- correct output:
173
1
173.5
694
8
-- ERROR:
Traceback (most recent call last):
  File "XXXX", line 2, in <module>
    Y=int(intup())
          ^^^^^
NameError: name 'intup' is not defined. Did you mean: 'input'?
-- GRADE:
0%
*-*-*-*-*-*-*-*-*-*-*-*-*-*-*-*-*-*-*-*-*-*-*-*
== SUBMISSION (2025-08-25 23:30:36)
-- CODE: 
X=input()
Y=input()
print("Quociente",X/Y)
-- EXECUTION TIME: 
0.0
-- TEST CASE 1:
---- input:
14
2
---- correct output:
7
0
7.0
28
8
-- ERROR:
Traceback (most recent call last):
  File "XXXX", line 3, in <module>
    print("Quociente",X/Y)
                      ~^~
TypeError: unsupported operand type(s) for /: 'str' and 'str'
-- TEST CASE 2:
---- input:
8
5
---- correct output:
1
3
1.6
40
125
-- ERROR:
Traceback (most recent call last):
  File "XXXX", line 3, in <module>
    print("Quociente",X/Y)
                      ~^~
TypeError: unsupported operand type(s) for /: 'str' and 'str'
-- TEST CASE 3:
---- input:
10
5
---- correct output:
2
0
2.0
50
125
-- ERROR:
Traceback (most recent call last):
  File "XXXX", line 3, in <module>
    print("Quociente",X/Y)
                      ~^~
TypeError: unsupported operand type(s) for /: 'str' and 'str'
-- TEST CASE 4:
---- input:
53
2
---- correct output:
26
1
26.5
106
8
-- ERROR:
Traceback (most recent call last):
  File "XXXX", line 3, in <module>
    print("Quociente",X/Y)
                      ~^~
TypeError: unsupported operand type(s) for /: 'str' and 'str'
-- TEST CASE 5:
---- input:
346
2
---- correct output:
173
0
173.0
692
8
-- ERROR:
Traceback (most recent call last):
  File "XXXX", line 3, in <module>
    print("Quociente",X/Y)
                      ~^~
TypeError: unsupported operand type(s) for /: 'str' and 'str'
-- TEST CASE 6:
---- input:
347
2
---- correct output:
173
1
173.5
694
8
-- ERROR:
Traceback (most recent call last):
  File "XXXX", line 3, in <module>
    print("Quociente",X/Y)
                      ~^~
TypeError: unsupported operand type(s) for /: 'str' and 'str'
-- GRADE:
0%
*-*-*-*-*-*-*-*-*-*-*-*-*-*-*-*-*-*-*-*-*-*-*-*
== RUN (2025-08-25 23:29:52)
-- CODE: 
X=input()
Y=input()
print("Quociente",x/y)
-- EXECUTION TIME: 
0.0
-- TEST CASE 1:
---- input:
14
2
---- correct output:
7
0
7.0
28
8
-- ERROR:
Traceback (most recent call last):
  File "XXXX", line 3, in <module>
    print("Quociente",x/y)
                      ^
NameError: name 'x' is not defined. Did you mean: 'X'?
-- TEST CASE 2:
---- input:
8
5
---- correct output:
1
3
1.6
40
125
-- ERROR:
Traceback (most recent call last):
  File "XXXX", line 3, in <module>
    print("Quociente",x/y)
                      ^
NameError: name 'x' is not defined. Did you mean: 'X'?
-- TEST CASE 3:
---- input:
10
5
---- correct output:
2
0
2.0
50
125
-- ERROR:
Traceback (most recent call last):
  File "XXXX", line 3, in <module>
    print("Quociente",x/y)
                      ^
NameError: name 'x' is not defined. Did you mean: 'X'?
-- TEST CASE 4:
---- input:
53
2
---- correct output:
26
1
26.5
106
8
-- ERROR:
Traceback (most recent call last):
  File "XXXX", line 3, in <module>
    print("Quociente",x/y)
                      ^
NameError: name 'x' is not defined. Did you mean: 'X'?
-- TEST CASE 5:
---- input:
346
2
---- correct output:
173
0
173.0
692
8
-- ERROR:
Traceback (most recent call last):
  File "XXXX", line 3, in <module>
    print("Quociente",x/y)
                      ^
NameError: name 'x' is not defined. Did you mean: 'X'?
-- TEST CASE 6:
---- input:
347
2
---- correct output:
173
1
173.5
694
8
-- ERROR:
Traceback (most recent call last):
  File "XXXX", line 3, in <module>
    print("Quociente",x/y)
                      ^
NameError: name 'x' is not defined. Did you mean: 'X'?
*-*-*-*-*-*-*-*-*-*-*-*-*-*-*-*-*-*-*-*-*-*-*-*
== RUN (2025-08-25 23:29:50)
-- CODE: 
X=input()
Y=input()
print("Quociente",x/y)
-- EXECUTION TIME: 
0.0
-- TEST CASE 1:
---- input:
14
2
---- correct output:
7
0
7.0
28
8
-- ERROR:
Traceback (most recent call last):
  File "XXXX", line 3, in <module>
    print("Quociente",x/y)
                      ^
NameError: name 'x' is not defined. Did you mean: 'X'?
-- TEST CASE 2:
---- input:
8
5
---- correct output:
1
3
1.6
40
125
-- ERROR:
Traceback (most recent call last):
  File "XXXX", line 3, in <module>
    print("Quociente",x/y)
                      ^
NameError: name 'x' is not defined. Did you mean: 'X'?
-- TEST CASE 3:
---- input:
10
5
---- correct output:
2
0
2.0
50
125
-- ERROR:
Traceback (most recent call last):
  File "XXXX", line 3, in <module>
    print("Quociente",x/y)
                      ^
NameError: name 'x' is not defined. Did you mean: 'X'?
-- TEST CASE 4:
---- input:
53
2
---- correct output:
26
1
26.5
106
8
-- ERROR:
Traceback (most recent call last):
  File "XXXX", line 3, in <module>
    print("Quociente",x/y)
                      ^
NameError: name 'x' is not defined. Did you mean: 'X'?
-- TEST CASE 5:
---- input:
346
2
---- correct output:
173
0
173.0
692
8
-- ERROR:
Traceback (most recent call last):
  File "XXXX", line 3, in <module>
    print("Quociente",x/y)
                      ^
NameError: name 'x' is not defined. Did you mean: 'X'?
-- TEST CASE 6:
---- input:
347
2
---- correct output:
173
1
173.5
694
8
-- ERROR:
Traceback (most recent call last):
  File "XXXX", line 3, in <module>
    print("Quociente",x/y)
                      ^
NameError: name 'x' is not defined. Did you mean: 'X'?
*-*-*-*-*-*-*-*-*-*-*-*-*-*-*-*-*-*-*-*-*-*-*-*
== RUN (2025-08-25 23:30:15)
-- CODE: 
X=input()
Y=input()
print("Quociente",X/Y)
-- EXECUTION TIME: 
0.0
-- TEST CASE 1:
---- input:
14
2
---- correct output:
7
0
7.0
28
8
-- ERROR:
Traceback (most recent call last):
  File "XXXX", line 3, in <module>
    print("Quociente",X/Y)
                      ~^~
TypeError: unsupported operand type(s) for /: 'str' and 'str'
-- TEST CASE 2:
---- input:
8
5
---- correct output:
1
3
1.6
40
125
-- ERROR:
Traceback (most recent call last):
  File "XXXX", line 3, in <module>
    print("Quociente",X/Y)
                      ~^~
TypeError: unsupported operand type(s) for /: 'str' and 'str'
-- TEST CASE 3:
---- input:
10
5
---- correct output:
2
0
2.0
50
125
-- ERROR:
Traceback (most recent call last):
  File "XXXX", line 3, in <module>
    print("Quociente",X/Y)
                      ~^~
TypeError: unsupported operand type(s) for /: 'str' and 'str'
-- TEST CASE 4:
---- input:
53
2
---- correct output:
26
1
26.5
106
8
-- ERROR:
Traceback (most recent call last):
  File "XXXX", line 3, in <module>
    print("Quociente",X/Y)
                      ~^~
TypeError: unsupported operand type(s) for /: 'str' and 'str'
-- TEST CASE 5:
---- input:
346
2
---- correct output:
173
0
173.0
692
8
-- ERROR:
Traceback (most recent call last):
  File "XXXX", line 3, in <module>
    print("Quociente",X/Y)
                      ~^~
TypeError: unsupported operand type(s) for /: 'str' and 'str'
-- TEST CASE 6:
---- input:
347
2
---- correct output:
173
1
173.5
694
8
-- ERROR:
Traceback (most recent call last):
  File "XXXX", line 3, in <module>
    print("Quociente",X/Y)
                      ~^~
TypeError: unsupported operand type(s) for /: 'str' and 'str'
*-*-*-*-*-*-*-*-*-*-*-*-*-*-*-*-*-*-*-*-*-*-*-*
== RUN (2025-08-25 23:40:34)
-- CODE: 
X=int(input())
Y=int(intup())
print(X//Y)
print(X%Y)
print(X/Y)
print(X*Y)
print(Y**3)
-- EXECUTION TIME: 
0.0
-- TEST CASE 1:
---- input:
14
2
---- correct output:
7
0
7.0
28
8
-- ERROR:
Traceback (most recent call last):
  File "XXXX", line 2, in <module>
    Y=int(intup())
          ^^^^^
NameError: name 'intup' is not defined. Did you mean: 'input'?
-- TEST CASE 2:
---- input:
8
5
---- correct output:
1
3
1.6
40
125
-- ERROR:
Traceback (most recent call last):
  File "XXXX", line 2, in <module>
    Y=int(intup())
          ^^^^^
NameError: name 'intup' is not defined. Did you mean: 'input'?
-- TEST CASE 3:
---- input:
10
5
---- correct output:
2
0
2.0
50
125
-- ERROR:
Traceback (most recent call last):
  File "XXXX", line 2, in <module>
    Y=int(intup())
          ^^^^^
NameError: name 'intup' is not defined. Did you mean: 'input'?
-- TEST CASE 4:
---- input:
53
2
---- correct output:
26
1
26.5
106
8
-- ERROR:
Traceback (most recent call last):
  File "XXXX", line 2, in <module>
    Y=int(intup())
          ^^^^^
NameError: name 'intup' is not defined. Did you mean: 'input'?
-- TEST CASE 5:
---- input:
346
2
---- correct output:
173
0
173.0
692
8
-- ERROR:
Traceback (most recent call last):
  File "XXXX", line 2, in <module>
    Y=int(intup())
          ^^^^^
NameError: name 'intup' is not defined. Did you mean: 'input'?
-- TEST CASE 6:
---- input:
347
2
---- correct output:
173
1
173.5
694
8
-- ERROR:
Traceback (most recent call last):
  File "XXXX", line 2, in <module>
    Y=int(intup())
          ^^^^^
NameError: name 'intup' is not defined. Did you mean: 'input'?
*-*-*-*-*-*-*-*-*-*-*-*-*-*-*-*-*-*-*-*-*-*-*-*
== SUBMISSION (2025-08-25 23:39:24)
-- CODE: 
X=int(input())
Y=int(intup())
print(X//Y)
print(X%Y)
print(X/Y)
print(X*Y)
print(Y**3)
-- EXECUTION TIME: 
0.0
-- TEST CASE 1:
---- input:
14
2
---- correct output:
7
0
7.0
28
8
-- ERROR:
Traceback (most recent call last):
  File "XXXX", line 2, in <module>
    Y=int(intup())
          ^^^^^
NameError: name 'intup' is not defined. Did you mean: 'input'?
-- TEST CASE 2:
---- input:
8
5
---- correct output:
1
3
1.6
40
125
-- ERROR:
Traceback (most recent call last):
  File "XXXX", line 2, in <module>
    Y=int(intup())
          ^^^^^
NameError: name 'intup' is not defined. Did you mean: 'input'?
-- TEST CASE 3:
---- input:
10
5
---- correct output:
2
0
2.0
50
125
-- ERROR:
Traceback (most recent call last):
  File "XXXX", line 2, in <module>
    Y=int(intup())
          ^^^^^
NameError: name 'intup' is not defined. Did you mean: 'input'?
-- TEST CASE 4:
---- input:
53
2
---- correct output:
26
1
26.5
106
8
-- ERROR:
Traceback (most recent call last):
  File "XXXX", line 2, in <module>
    Y=int(intup())
          ^^^^^
NameError: name 'intup' is not defined. Did you mean: 'input'?
-- TEST CASE 5:
---- input:
346
2
---- correct output:
173
0
173.0
692
8
-- ERROR:
Traceback (most recent call last):
  File "XXXX", line 2, in <module>
    Y=int(intup())
          ^^^^^
NameError: name 'intup' is not defined. Did you mean: 'input'?
-- TEST CASE 6:
---- input:
347
2
---- correct output:
173
1
173.5
694
8
-- ERROR:
Traceback (most recent call last):
  File "XXXX", line 2, in <module>
    Y=int(intup())
          ^^^^^
NameError: name 'intup' is not defined. Did you mean: 'input'?
-- GRADE:
0%
*-*-*-*-*-*-*-*-*-*-*-*-*-*-*-*-*-*-*-*-*-*-*-*
== RUN (2025-08-25 23:40:51)
-- CODE: 
X=int(input())
Y=int(intup())
print(X//Y)
print(X%Y)
print(X/Y)
print(X*Y)
print(Y**3)
-- EXECUTION TIME: 
0.0
-- TEST CASE 1:
---- input:
14
2
---- correct output:
7
0
7.0
28
8
-- ERROR:
Traceback (most recent call last):
  File "XXXX", line 2, in <module>
    Y=int(intup())
          ^^^^^
NameError: name 'intup' is not defined. Did you mean: 'input'?
-- TEST CASE 2:
---- input:
8
5
---- correct output:
1
3
1.6
40
125
-- ERROR:
Traceback (most recent call last):
  File "XXXX", line 2, in <module>
    Y=int(intup())
          ^^^^^
NameError: name 'intup' is not defined. Did you mean: 'input'?
-- TEST CASE 3:
---- input:
10
5
---- correct output:
2
0
2.0
50
125
-- ERROR:
Traceback (most recent call last):
  File "XXXX", line 2, in <module>
    Y=int(intup())
          ^^^^^
NameError: name 'intup' is not defined. Did you mean: 'input'?
-- TEST CASE 4:
---- input:
53
2
---- correct output:
26
1
26.5
106
8
-- ERROR:
Traceback (most recent call last):
  File "XXXX", line 2, in <module>
    Y=int(intup())
          ^^^^^
NameError: name 'intup' is not defined. Did you mean: 'input'?
-- TEST CASE 5:
---- input:
346
2
---- correct output:
173
0
173.0
692
8
-- ERROR:
Traceback (most recent call last):
  File "XXXX", line 2, in <module>
    Y=int(intup())
          ^^^^^
NameError: name 'intup' is not defined. Did you mean: 'input'?
-- TEST CASE 6:
---- input:
347
2
---- correct output:
173
1
173.5
694
8
-- ERROR:
Traceback (most recent call last):
  File "XXXX", line 2, in <module>
    Y=int(intup())
          ^^^^^
NameError: name 'intup' is not defined. Did you mean: 'input'?
*-*-*-*-*-*-*-*-*-*-*-*-*-*-*-*-*-*-*-*-*-*-*-*
== RUN (2025-08-25 23:30:07)
-- CODE: 
X=input()
Y=input()
print("Quociente",X/Y)
-- EXECUTION TIME: 
0.0
-- TEST CASE 1:
---- input:
14
2
---- correct output:
7
0
7.0
28
8
-- ERROR:
Traceback (most recent call last):
  File "XXXX", line 3, in <module>
    print("Quociente",X/Y)
                      ~^~
TypeError: unsupported operand type(s) for /: 'str' and 'str'
-- TEST CASE 2:
---- input:
8
5
---- correct output:
1
3
1.6
40
125
-- ERROR:
Traceback (most recent call last):
  File "XXXX", line 3, in <module>
    print("Quociente",X/Y)
                      ~^~
TypeError: unsupported operand type(s) for /: 'str' and 'str'
-- TEST CASE 3:
---- input:
10
5
---- correct output:
2
0
2.0
50
125
-- ERROR:
Traceback (most recent call last):
  File "XXXX", line 3, in <module>
    print("Quociente",X/Y)
                      ~^~
TypeError: unsupported operand type(s) for /: 'str' and 'str'
-- TEST CASE 4:
---- input:
53
2
---- correct output:
26
1
26.5
106
8
-- ERROR:
Traceback (most recent call last):
  File "XXXX", line 3, in <module>
    print("Quociente",X/Y)
                      ~^~
TypeError: unsupported operand type(s) for /: 'str' and 'str'
-- TEST CASE 5:
---- input:
346
2
---- correct output:
173
0
173.0
692
8
-- ERROR:
Traceback (most recent call last):
  File "XXXX", line 3, in <module>
    print("Quociente",X/Y)
                      ~^~
TypeError: unsupported operand type(s) for /: 'str' and 'str'
-- TEST CASE 6:
---- input:
347
2
---- correct output:
173
1
173.5
694
8
-- ERROR:
Traceback (most recent call last):
  File "XXXX", line 3, in <module>
    print("Quociente",X/Y)
                      ~^~
TypeError: unsupported operand type(s) for /: 'str' and 'str'
*-*-*-*-*-*-*-*-*-*-*-*-*-*-*-*-*-*-*-*-*-*-*-*
== SUBMISSION (2025-08-25 23:39:22)
-- CODE: 
X=int(input())
Y=int(intup())
print(X//Y)
print(X%Y)
print(X/Y)
print(X*Y)
print(Y**3)
-- EXECUTION TIME: 
0.0
-- TEST CASE 1:
---- input:
14
2
---- correct output:
7
0
7.0
28
8
-- ERROR:
Traceback (most recent call last):
  File "XXXX", line 2, in <module>
    Y=int(intup())
          ^^^^^
NameError: name 'intup' is not defined. Did you mean: 'input'?
-- TEST CASE 2:
---- input:
8
5
---- correct output:
1
3
1.6
40
125
-- ERROR:
Traceback (most recent call last):
  File "XXXX", line 2, in <module>
    Y=int(intup())
          ^^^^^
NameError: name 'intup' is not defined. Did you mean: 'input'?
-- TEST CASE 3:
---- input:
10
5
---- correct output:
2
0
2.0
50
125
-- ERROR:
Traceback (most recent call last):
  File "XXXX", line 2, in <module>
    Y=int(intup())
          ^^^^^
NameError: name 'intup' is not defined. Did you mean: 'input'?
-- TEST CASE 4:
---- input:
53
2
---- correct output:
26
1
26.5
106
8
-- ERROR:
Traceback (most recent call last):
  File "XXXX", line 2, in <module>
    Y=int(intup())
          ^^^^^
NameError: name 'intup' is not defined. Did you mean: 'input'?
-- TEST CASE 5:
---- input:
346
2
---- correct output:
173
0
173.0
692
8
-- ERROR:
Traceback (most recent call last):
  File "XXXX", line 2, in <module>
    Y=int(intup())
          ^^^^^
NameError: name 'intup' is not defined. Did you mean: 'input'?
-- TEST CASE 6:
---- input:
347
2
---- correct output:
173
1
173.5
694
8
-- ERROR:
Traceback (most recent call last):
  File "XXXX", line 2, in <module>
    Y=int(intup())
          ^^^^^
NameError: name 'intup' is not defined. Did you mean: 'input'?
-- GRADE:
0%
*-*-*-*-*-*-*-*-*-*-*-*-*-*-*-*-*-*-*-*-*-*-*-*
== RUN (2025-08-25 23:30:09)
-- CODE: 
X=input()
Y=input()
print("Quociente",X/Y)
-- EXECUTION TIME: 
0.0
-- TEST CASE 1:
---- input:
14
2
---- correct output:
7
0
7.0
28
8
-- ERROR:
Traceback (most recent call last):
  File "XXXX", line 3, in <module>
    print("Quociente",X/Y)
                      ~^~
TypeError: unsupported operand type(s) for /: 'str' and 'str'
-- TEST CASE 2:
---- input:
8
5
---- correct output:
1
3
1.6
40
125
-- ERROR:
Traceback (most recent call last):
  File "XXXX", line 3, in <module>
    print("Quociente",X/Y)
                      ~^~
TypeError: unsupported operand type(s) for /: 'str' and 'str'
-- TEST CASE 3:
---- input:
10
5
---- correct output:
2
0
2.0
50
125
-- ERROR:
Traceback (most recent call last):
  File "XXXX", line 3, in <module>
    print("Quociente",X/Y)
                      ~^~
TypeError: unsupported operand type(s) for /: 'str' and 'str'
-- TEST CASE 4:
---- input:
53
2
---- correct output:
26
1
26.5
106
8
-- ERROR:
Traceback (most recent call last):
  File "XXXX", line 3, in <module>
    print("Quociente",X/Y)
                      ~^~
TypeError: unsupported operand type(s) for /: 'str' and 'str'
-- TEST CASE 5:
---- input:
346
2
---- correct output:
173
0
173.0
692
8
-- ERROR:
Traceback (most recent call last):
  File "XXXX", line 3, in <module>
    print("Quociente",X/Y)
                      ~^~
TypeError: unsupported operand type(s) for /: 'str' and 'str'
-- TEST CASE 6:
---- input:
347
2
---- correct output:
173
1
173.5
694
8
-- ERROR:
Traceback (most recent call last):
  File "XXXX", line 3, in <module>
    print("Quociente",X/Y)
                      ~^~
TypeError: unsupported operand type(s) for /: 'str' and 'str'
*-*-*-*-*-*-*-*-*-*-*-*-*-*-*-*-*-*-*-*-*-*-*-*
== RUN (2025-08-25 23:27:47)
-- CODE: 
X=input()
Y=input()
-- EXECUTION TIME: 
0.0
-- TEST CASE 1:
---- input:
14
2
---- correct output:
7
0
7.0
28
8
---- user output:
None
-- TEST CASE 2:
---- input:
8
5
---- correct output:
1
3
1.6
40
125
---- user output:
None
-- TEST CASE 3:
---- input:
10
5
---- correct output:
2
0
2.0
50
125
---- user output:
None
-- TEST CASE 4:
---- input:
53
2
---- correct output:
26
1
26.5
106
8
---- user output:
None
-- TEST CASE 5:
---- input:
346
2
---- correct output:
173
0
173.0
692
8
---- user output:
None
-- TEST CASE 6:
---- input:
347
2
---- correct output:
173
1
173.5
694
8
---- user output:
None
*-*-*-*-*-*-*-*-*-*-*-*-*-*-*-*-*-*-*-*-*-*-*-*
== SUBMISSION (2025-08-25 23:39:19)
-- CODE: 
X=int(input())
Y=int(intup())
print(X//Y)
print(X%Y)
print(X/Y)
print(X*Y)
print(Y**3)
-- EXECUTION TIME: 
0.0
-- TEST CASE 1:
---- input:
14
2
---- correct output:
7
0
7.0
28
8
-- ERROR:
Traceback (most recent call last):
  File "XXXX", line 2, in <module>
    Y=int(intup())
          ^^^^^
NameError: name 'intup' is not defined. Did you mean: 'input'?
-- TEST CASE 2:
---- input:
8
5
---- correct output:
1
3
1.6
40
125
-- ERROR:
Traceback (most recent call last):
  File "XXXX", line 2, in <module>
    Y=int(intup())
          ^^^^^
NameError: name 'intup' is not defined. Did you mean: 'input'?
-- TEST CASE 3:
---- input:
10
5
---- correct output:
2
0
2.0
50
125
-- ERROR:
Traceback (most recent call last):
  File "XXXX", line 2, in <module>
    Y=int(intup())
          ^^^^^
NameError: name 'intup' is not defined. Did you mean: 'input'?
-- TEST CASE 4:
---- input:
53
2
---- correct output:
26
1
26.5
106
8
-- ERROR:
Traceback (most recent call last):
  File "XXXX", line 2, in <module>
    Y=int(intup())
          ^^^^^
NameError: name 'intup' is not defined. Did you mean: 'input'?
-- TEST CASE 5:
---- input:
346
2
---- correct output:
173
0
173.0
692
8
-- ERROR:
Traceback (most recent call last):
  File "XXXX", line 2, in <module>
    Y=int(intup())
          ^^^^^
NameError: name 'intup' is not defined. Did you mean: 'input'?
-- TEST CASE 6:
---- input:
347
2
---- correct output:
173
1
173.5
694
8
-- ERROR:
Traceback (most recent call last):
  File "XXXX", line 2, in <module>
    Y=int(intup())
          ^^^^^
NameError: name 'intup' is not defined. Did you mean: 'input'?
-- GRADE:
0%
*-*-*-*-*-*-*-*-*-*-*-*-*-*-*-*-*-*-*-*-*-*-*-*
== RUN (2025-08-25 23:28:22)
-- CODE: 
X=input()
Y=input()
-- EXECUTION TIME: 
0.0
-- TEST CASE 1:
---- input:
14
2
---- correct output:
7
0
7.0
28
8
---- user output:
None
-- TEST CASE 2:
---- input:
8
5
---- correct output:
1
3
1.6
40
125
---- user output:
None
-- TEST CASE 3:
---- input:
10
5
---- correct output:
2
0
2.0
50
125
---- user output:
None
-- TEST CASE 4:
---- input:
53
2
---- correct output:
26
1
26.5
106
8
---- user output:
None
-- TEST CASE 5:
---- input:
346
2
---- correct output:
173
0
173.0
692
8
---- user output:
None
-- TEST CASE 6:
---- input:
347
2
---- correct output:
173
1
173.5
694
8
---- user output:
None
*-*-*-*-*-*-*-*-*-*-*-*-*-*-*-*-*-*-*-*-*-*-*-*
== RUN (2025-08-25 23:29:54)
-- CODE: 
X=input()
Y=input()
print("Quociente",x/y)
-- EXECUTION TIME: 
0.0
-- TEST CASE 1:
---- input:
14
2
---- correct output:
7
0
7.0
28
8
-- ERROR:
Traceback (most recent call last):
  File "XXXX", line 3, in <module>
    print("Quociente",x/y)
                      ^
NameError: name 'x' is not defined. Did you mean: 'X'?
-- TEST CASE 2:
---- input:
8
5
---- correct output:
1
3
1.6
40
125
-- ERROR:
Traceback (most recent call last):
  File "XXXX", line 3, in <module>
    print("Quociente",x/y)
                      ^
NameError: name 'x' is not defined. Did you mean: 'X'?
-- TEST CASE 3:
---- input:
10
5
---- correct output:
2
0
2.0
50
125
-- ERROR:
Traceback (most recent call last):
  File "XXXX", line 3, in <module>
    print("Quociente",x/y)
                      ^
NameError: name 'x' is not defined. Did you mean: 'X'?
-- TEST CASE 4:
---- input:
53
2
---- correct output:
26
1
26.5
106
8
-- ERROR:
Traceback (most recent call last):
  File "XXXX", line 3, in <module>
    print("Quociente",x/y)
                      ^
NameError: name 'x' is not defined. Did you mean: 'X'?
-- TEST CASE 5:
---- input:
346
2
---- correct output:
173
0
173.0
692
8
-- ERROR:
Traceback (most recent call last):
  File "XXXX", line 3, in <module>
    print("Quociente",x/y)
                      ^
NameError: name 'x' is not defined. Did you mean: 'X'?
-- TEST CASE 6:
---- input:
347
2
---- correct output:
173
1
173.5
694
8
-- ERROR:
Traceback (most recent call last):
  File "XXXX", line 3, in <module>
    print("Quociente",x/y)
                      ^
NameError: name 'x' is not defined. Did you mean: 'X'?
*-*-*-*-*-*-*-*-*-*-*-*-*-*-*-*-*-*-*-*-*-*-*-*
