== SUBMISSION (2025-08-28 03:35:55)
-- CODE: 
# Teste seu codigo aos poucos.
# Nao teste tudo no final, pois fica mais dificil de identificar erros.
# Nao se intimide com as mensagens de erro. Elas ajudam a corrigir seu codigo.
nome = input()
print(upper())
-- EXECUTION TIME: 
0.0
-- TEST CASE 1:
---- input:
dean_winchester
---- correct output:
DEAN_WINCHESTER
-- ERROR:
Traceback (most recent call last):
  File "XXXX", line 5, in <module>
    print(upper())
          ^^^^^
NameError: name 'upper' is not defined. Did you mean: 'super'?
-- TEST CASE 2:
---- input:
maRtIn_GarrIx
---- correct output:
MARTIN_GARRIX
-- ERROR:
Traceback (most recent call last):
  File "XXXX", line 5, in <module>
    print(upper())
          ^^^^^
NameError: name 'upper' is not defined. Did you mean: 'super'?
-- TEST CASE 3:
---- input:
Selina_Kyle_Silva
---- correct output:
SELINA_KYLE_SILVA
-- ERROR:
Traceback (most recent call last):
  File "XXXX", line 5, in <module>
    print(upper())
          ^^^^^
NameError: name 'upper' is not defined. Did you mean: 'super'?
-- TEST CASE 4:
---- input:
Billie_Eilish
---- correct output:
BILLIE_EILISH
-- ERROR:
Traceback (most recent call last):
  File "XXXX", line 5, in <module>
    print(upper())
          ^^^^^
NameError: name 'upper' is not defined. Did you mean: 'super'?
-- TEST CASE 5:
---- input:
hOmeM_dE_FeRrO

---- correct output:
HOMEM_DE_FERRO
-- ERROR:
Traceback (most recent call last):
  File "XXXX", line 5, in <module>
    print(upper())
          ^^^^^
NameError: name 'upper' is not defined. Did you mean: 'super'?
-- TEST CASE 6:
---- input:
Primeiro_caso_de_teste
---- correct output:
PRIMEIRO_CASO_DE_TESTE
-- ERROR:
Traceback (most recent call last):
  File "XXXX", line 5, in <module>
    print(upper())
          ^^^^^
NameError: name 'upper' is not defined. Did you mean: 'super'?
-- GRADE:
0%
*-*-*-*-*-*-*-*-*-*-*-*-*-*-*-*-*-*-*-*-*-*-*-*
== RUN (2025-08-28 03:36:06)
-- CODE: 
# Teste seu codigo aos poucos.
# Nao teste tudo no final, pois fica mais dificil de identificar erros.
# Nao se intimide com as mensagens de erro. Elas ajudam a corrigir seu codigo.
nome = input()
print(texto.upper())
-- EXECUTION TIME: 
0.0
-- TEST CASE 1:
---- input:
dean_winchester
---- correct output:
DEAN_WINCHESTER
-- ERROR:
Traceback (most recent call last):
  File "XXXX", line 5, in <module>
    print(texto.upper())
          ^^^^^
NameError: name 'texto' is not defined. Did you mean: 'next'?
-- TEST CASE 2:
---- input:
maRtIn_GarrIx
---- correct output:
MARTIN_GARRIX
-- ERROR:
Traceback (most recent call last):
  File "XXXX", line 5, in <module>
    print(texto.upper())
          ^^^^^
NameError: name 'texto' is not defined. Did you mean: 'next'?
-- TEST CASE 3:
---- input:
Selina_Kyle_Silva
---- correct output:
SELINA_KYLE_SILVA
-- ERROR:
Traceback (most recent call last):
  File "XXXX", line 5, in <module>
    print(texto.upper())
          ^^^^^
NameError: name 'texto' is not defined. Did you mean: 'next'?
-- TEST CASE 4:
---- input:
Billie_Eilish
---- correct output:
BILLIE_EILISH
-- ERROR:
Traceback (most recent call last):
  File "XXXX", line 5, in <module>
    print(texto.upper())
          ^^^^^
NameError: name 'texto' is not defined. Did you mean: 'next'?
-- TEST CASE 5:
---- input:
hOmeM_dE_FeRrO

---- correct output:
HOMEM_DE_FERRO
-- ERROR:
Traceback (most recent call last):
  File "XXXX", line 5, in <module>
    print(texto.upper())
          ^^^^^
NameError: name 'texto' is not defined. Did you mean: 'next'?
-- TEST CASE 6:
---- input:
Primeiro_caso_de_teste
---- correct output:
PRIMEIRO_CASO_DE_TESTE
-- ERROR:
Traceback (most recent call last):
  File "XXXX", line 5, in <module>
    print(texto.upper())
          ^^^^^
NameError: name 'texto' is not defined. Did you mean: 'next'?
*-*-*-*-*-*-*-*-*-*-*-*-*-*-*-*-*-*-*-*-*-*-*-*
== RUN (2025-08-28 03:35:43)
-- CODE: 
# Teste seu codigo aos poucos.
# Nao teste tudo no final, pois fica mais dificil de identificar erros.
# Nao se intimide com as mensagens de erro. Elas ajudam a corrigir seu codigo.
nome = input()
print(.upper())
-- EXECUTION TIME: 
0.0
-- TEST CASE 1:
---- input:
dean_winchester
---- correct output:
DEAN_WINCHESTER
-- ERROR:
File "XXXX", line 5
    print(.upper())
          ^
SyntaxError: invalid syntax
-- TEST CASE 2:
---- input:
maRtIn_GarrIx
---- correct output:
MARTIN_GARRIX
-- ERROR:
File "XXXX", line 5
    print(.upper())
          ^
SyntaxError: invalid syntax
-- TEST CASE 3:
---- input:
Selina_Kyle_Silva
---- correct output:
SELINA_KYLE_SILVA
-- ERROR:
File "XXXX", line 5
    print(.upper())
          ^
SyntaxError: invalid syntax
-- TEST CASE 4:
---- input:
Billie_Eilish
---- correct output:
BILLIE_EILISH
-- ERROR:
File "XXXX", line 5
    print(.upper())
          ^
SyntaxError: invalid syntax
-- TEST CASE 5:
---- input:
hOmeM_dE_FeRrO

---- correct output:
HOMEM_DE_FERRO
-- ERROR:
File "XXXX", line 5
    print(.upper())
          ^
SyntaxError: invalid syntax
-- TEST CASE 6:
---- input:
Primeiro_caso_de_teste
---- correct output:
PRIMEIRO_CASO_DE_TESTE
-- ERROR:
File "XXXX", line 5
    print(.upper())
          ^
SyntaxError: invalid syntax
*-*-*-*-*-*-*-*-*-*-*-*-*-*-*-*-*-*-*-*-*-*-*-*
== SUBMISSION (2025-08-19 23:13:45)
-- CODE: 
# Teste seu codigo aos poucos.
# Nao teste tudo no final, pois fica mais dificil de identificar erros.
# Nao se intimide com as mensagens de erro. Elas ajudam a corrigir seu codigo.
nome = input()
print(nome.upper())
-- EXECUTION TIME: 
0.01
-- TEST CASE 1:
---- input:
dean_winchester
---- correct output:
DEAN_WINCHESTER
---- user output:
DEAN_WINCHESTER
-- TEST CASE 2:
---- input:
maRtIn_GarrIx
---- correct output:
MARTIN_GARRIX
---- user output:
MARTIN_GARRIX
-- TEST CASE 3:
---- input:
Selina_Kyle_Silva
---- correct output:
SELINA_KYLE_SILVA
---- user output:
SELINA_KYLE_SILVA
-- TEST CASE 4:
---- input:
Billie_Eilish
---- correct output:
BILLIE_EILISH
---- user output:
BILLIE_EILISH
-- TEST CASE 5:
---- input:
hOmeM_dE_FeRrO

---- correct output:
HOMEM_DE_FERRO
---- user output:
HOMEM_DE_FERRO
-- TEST CASE 6:
---- input:
Primeiro_caso_de_teste
---- correct output:
PRIMEIRO_CASO_DE_TESTE
---- user output:
PRIMEIRO_CASO_DE_TESTE
-- GRADE:
100%
*-*-*-*-*-*-*-*-*-*-*-*-*-*-*-*-*-*-*-*-*-*-*-*
== SUBMISSION (2025-08-28 03:36:49)
-- CODE: 
# Teste seu codigo aos poucos.
# Nao teste tudo no final, pois fica mais dificil de identificar erros.
# Nao se intimide com as mensagens de erro. Elas ajudam a corrigir seu codigo.
nome = input()
print(nome.upper())
-- EXECUTION TIME: 
0.01
-- TEST CASE 1:
---- input:
dean_winchester
---- correct output:
DEAN_WINCHESTER
---- user output:
DEAN_WINCHESTER
-- TEST CASE 2:
---- input:
maRtIn_GarrIx
---- correct output:
MARTIN_GARRIX
---- user output:
MARTIN_GARRIX
-- TEST CASE 3:
---- input:
Selina_Kyle_Silva
---- correct output:
SELINA_KYLE_SILVA
---- user output:
SELINA_KYLE_SILVA
-- TEST CASE 4:
---- input:
Billie_Eilish
---- correct output:
BILLIE_EILISH
---- user output:
BILLIE_EILISH
-- TEST CASE 5:
---- input:
hOmeM_dE_FeRrO

---- correct output:
HOMEM_DE_FERRO
---- user output:
HOMEM_DE_FERRO
-- TEST CASE 6:
---- input:
Primeiro_caso_de_teste
---- correct output:
PRIMEIRO_CASO_DE_TESTE
---- user output:
PRIMEIRO_CASO_DE_TESTE
-- GRADE:
100%
*-*-*-*-*-*-*-*-*-*-*-*-*-*-*-*-*-*-*-*-*-*-*-*
== RUN (2025-08-28 03:36:24)
-- CODE: 
# Teste seu codigo aos poucos.
# Nao teste tudo no final, pois fica mais dificil de identificar erros.
# Nao se intimide com as mensagens de erro. Elas ajudam a corrigir seu codigo.
nome = input()
print(nome.upper())
-- EXECUTION TIME: 
0.0
-- TEST CASE 1:
---- input:
dean_winchester
---- correct output:
DEAN_WINCHESTER
---- user output:
DEAN_WINCHESTER
-- TEST CASE 2:
---- input:
maRtIn_GarrIx
---- correct output:
MARTIN_GARRIX
---- user output:
MARTIN_GARRIX
-- TEST CASE 3:
---- input:
Selina_Kyle_Silva
---- correct output:
SELINA_KYLE_SILVA
---- user output:
SELINA_KYLE_SILVA
-- TEST CASE 4:
---- input:
Billie_Eilish
---- correct output:
BILLIE_EILISH
---- user output:
BILLIE_EILISH
-- TEST CASE 5:
---- input:
hOmeM_dE_FeRrO

---- correct output:
HOMEM_DE_FERRO
---- user output:
HOMEM_DE_FERRO
-- TEST CASE 6:
---- input:
Primeiro_caso_de_teste
---- correct output:
PRIMEIRO_CASO_DE_TESTE
---- user output:
PRIMEIRO_CASO_DE_TESTE
*-*-*-*-*-*-*-*-*-*-*-*-*-*-*-*-*-*-*-*-*-*-*-*
