== RUN (2025-08-27 21:58:54)
-- CODE: 
tempC=flot(input())
tempK=tempC+273.15
print(round(tempK,2))
-- EXECUTION TIME: 
0.0
-- TEST CASE 1:
---- input:
20.25
---- correct output:
293.4
-- ERROR:
Traceback (most recent call last):
  File "XXXX", line 1, in <module>
    tempC=flot(input())
          ^^^^
NameError: name 'flot' is not defined. Did you mean: 'float'?
-- TEST CASE 2:
---- input:
-10.0
---- correct output:
263.15
-- ERROR:
Traceback (most recent call last):
  File "XXXX", line 1, in <module>
    tempC=flot(input())
          ^^^^
NameError: name 'flot' is not defined. Did you mean: 'float'?
-- TEST CASE 3:
---- input:
-40.0
---- correct output:
233.15
-- ERROR:
Traceback (most recent call last):
  File "XXXX", line 1, in <module>
    tempC=flot(input())
          ^^^^
NameError: name 'flot' is not defined. Did you mean: 'float'?
-- TEST CASE 4:
---- input:
100.0
---- correct output:
373.15
-- ERROR:
Traceback (most recent call last):
  File "XXXX", line 1, in <module>
    tempC=flot(input())
          ^^^^
NameError: name 'flot' is not defined. Did you mean: 'float'?
-- TEST CASE 5:
---- input:
0.0
---- correct output:
273.15
-- ERROR:
Traceback (most recent call last):
  File "XXXX", line 1, in <module>
    tempC=flot(input())
          ^^^^
NameError: name 'flot' is not defined. Did you mean: 'float'?
-- TEST CASE 6:
---- input:
30.5
---- correct output:
303.65
-- ERROR:
Traceback (most recent call last):
  File "XXXX", line 1, in <module>
    tempC=flot(input())
          ^^^^
NameError: name 'flot' is not defined. Did you mean: 'float'?
*-*-*-*-*-*-*-*-*-*-*-*-*-*-*-*-*-*-*-*-*-*-*-*
== RUN (2025-08-27 21:57:11)
-- CODE: 
tempC=flot(input())
tempK=tempC+273.15
print(round(tempK, 2))
-- EXECUTION TIME: 
0.0
-- TEST CASE 1:
---- input:
20.25
---- correct output:
293.4
-- ERROR:
Traceback (most recent call last):
  File "XXXX", line 1, in <module>
    tempC=flot(input())
          ^^^^
NameError: name 'flot' is not defined. Did you mean: 'float'?
-- TEST CASE 2:
---- input:
-10.0
---- correct output:
263.15
-- ERROR:
Traceback (most recent call last):
  File "XXXX", line 1, in <module>
    tempC=flot(input())
          ^^^^
NameError: name 'flot' is not defined. Did you mean: 'float'?
-- TEST CASE 3:
---- input:
-40.0
---- correct output:
233.15
-- ERROR:
Traceback (most recent call last):
  File "XXXX", line 1, in <module>
    tempC=flot(input())
          ^^^^
NameError: name 'flot' is not defined. Did you mean: 'float'?
-- TEST CASE 4:
---- input:
100.0
---- correct output:
373.15
-- ERROR:
Traceback (most recent call last):
  File "XXXX", line 1, in <module>
    tempC=flot(input())
          ^^^^
NameError: name 'flot' is not defined. Did you mean: 'float'?
-- TEST CASE 5:
---- input:
0.0
---- correct output:
273.15
-- ERROR:
Traceback (most recent call last):
  File "XXXX", line 1, in <module>
    tempC=flot(input())
          ^^^^
NameError: name 'flot' is not defined. Did you mean: 'float'?
-- TEST CASE 6:
---- input:
30.5
---- correct output:
303.65
-- ERROR:
Traceback (most recent call last):
  File "XXXX", line 1, in <module>
    tempC=flot(input())
          ^^^^
NameError: name 'flot' is not defined. Did you mean: 'float'?
*-*-*-*-*-*-*-*-*-*-*-*-*-*-*-*-*-*-*-*-*-*-*-*
== RUN (2025-08-27 21:56:32)
-- CODE: 
tempC=flot(input ())
tempk=tempC+273,15
print(round(temp, 2))
-- EXECUTION TIME: 
0.0
-- TEST CASE 1:
---- input:
20.25
---- correct output:
293.4
-- ERROR:
Traceback (most recent call last):
  File "XXXX", line 1, in <module>
    tempC=flot(input ())
          ^^^^
NameError: name 'flot' is not defined. Did you mean: 'float'?
-- TEST CASE 2:
---- input:
-10.0
---- correct output:
263.15
-- ERROR:
Traceback (most recent call last):
  File "XXXX", line 1, in <module>
    tempC=flot(input ())
          ^^^^
NameError: name 'flot' is not defined. Did you mean: 'float'?
-- TEST CASE 3:
---- input:
-40.0
---- correct output:
233.15
-- ERROR:
Traceback (most recent call last):
  File "XXXX", line 1, in <module>
    tempC=flot(input ())
          ^^^^
NameError: name 'flot' is not defined. Did you mean: 'float'?
-- TEST CASE 4:
---- input:
100.0
---- correct output:
373.15
-- ERROR:
Traceback (most recent call last):
  File "XXXX", line 1, in <module>
    tempC=flot(input ())
          ^^^^
NameError: name 'flot' is not defined. Did you mean: 'float'?
-- TEST CASE 5:
---- input:
0.0
---- correct output:
273.15
-- ERROR:
Traceback (most recent call last):
  File "XXXX", line 1, in <module>
    tempC=flot(input ())
          ^^^^
NameError: name 'flot' is not defined. Did you mean: 'float'?
-- TEST CASE 6:
---- input:
30.5
---- correct output:
303.65
-- ERROR:
Traceback (most recent call last):
  File "XXXX", line 1, in <module>
    tempC=flot(input ())
          ^^^^
NameError: name 'flot' is not defined. Did you mean: 'float'?
*-*-*-*-*-*-*-*-*-*-*-*-*-*-*-*-*-*-*-*-*-*-*-*
== RUN (2025-08-27 21:57:25)
-- CODE: 
tempC=flot(input())
tempK=tempC+273.15
print(round(tempK,2))
-- EXECUTION TIME: 
0.0
-- TEST CASE 1:
---- input:
20.25
---- correct output:
293.4
-- ERROR:
Traceback (most recent call last):
  File "XXXX", line 1, in <module>
    tempC=flot(input())
          ^^^^
NameError: name 'flot' is not defined. Did you mean: 'float'?
-- TEST CASE 2:
---- input:
-10.0
---- correct output:
263.15
-- ERROR:
Traceback (most recent call last):
  File "XXXX", line 1, in <module>
    tempC=flot(input())
          ^^^^
NameError: name 'flot' is not defined. Did you mean: 'float'?
-- TEST CASE 3:
---- input:
-40.0
---- correct output:
233.15
-- ERROR:
Traceback (most recent call last):
  File "XXXX", line 1, in <module>
    tempC=flot(input())
          ^^^^
NameError: name 'flot' is not defined. Did you mean: 'float'?
-- TEST CASE 4:
---- input:
100.0
---- correct output:
373.15
-- ERROR:
Traceback (most recent call last):
  File "XXXX", line 1, in <module>
    tempC=flot(input())
          ^^^^
NameError: name 'flot' is not defined. Did you mean: 'float'?
-- TEST CASE 5:
---- input:
0.0
---- correct output:
273.15
-- ERROR:
Traceback (most recent call last):
  File "XXXX", line 1, in <module>
    tempC=flot(input())
          ^^^^
NameError: name 'flot' is not defined. Did you mean: 'float'?
-- TEST CASE 6:
---- input:
30.5
---- correct output:
303.65
-- ERROR:
Traceback (most recent call last):
  File "XXXX", line 1, in <module>
    tempC=flot(input())
          ^^^^
NameError: name 'flot' is not defined. Did you mean: 'float'?
*-*-*-*-*-*-*-*-*-*-*-*-*-*-*-*-*-*-*-*-*-*-*-*
== RUN (2025-08-27 21:56:22)
-- CODE: 
tempC=flot(input ())
tempk=tempC+273,15
print(round(temp,2))
-- EXECUTION TIME: 
0.0
-- TEST CASE 1:
---- input:
20.25
---- correct output:
293.4
-- ERROR:
Traceback (most recent call last):
  File "XXXX", line 1, in <module>
    tempC=flot(input ())
          ^^^^
NameError: name 'flot' is not defined. Did you mean: 'float'?
-- TEST CASE 2:
---- input:
-10.0
---- correct output:
263.15
-- ERROR:
Traceback (most recent call last):
  File "XXXX", line 1, in <module>
    tempC=flot(input ())
          ^^^^
NameError: name 'flot' is not defined. Did you mean: 'float'?
-- TEST CASE 3:
---- input:
-40.0
---- correct output:
233.15
-- ERROR:
Traceback (most recent call last):
  File "XXXX", line 1, in <module>
    tempC=flot(input ())
          ^^^^
NameError: name 'flot' is not defined. Did you mean: 'float'?
-- TEST CASE 4:
---- input:
100.0
---- correct output:
373.15
-- ERROR:
Traceback (most recent call last):
  File "XXXX", line 1, in <module>
    tempC=flot(input ())
          ^^^^
NameError: name 'flot' is not defined. Did you mean: 'float'?
-- TEST CASE 5:
---- input:
0.0
---- correct output:
273.15
-- ERROR:
Traceback (most recent call last):
  File "XXXX", line 1, in <module>
    tempC=flot(input ())
          ^^^^
NameError: name 'flot' is not defined. Did you mean: 'float'?
-- TEST CASE 6:
---- input:
30.5
---- correct output:
303.65
-- ERROR:
Traceback (most recent call last):
  File "XXXX", line 1, in <module>
    tempC=flot(input ())
          ^^^^
NameError: name 'flot' is not defined. Did you mean: 'float'?
*-*-*-*-*-*-*-*-*-*-*-*-*-*-*-*-*-*-*-*-*-*-*-*
== SUBMISSION (2025-08-27 21:59:08)
-- CODE: 
tempC=float(input())
tempK=tempC+273.15
print(round(tempK,2))
-- EXECUTION TIME: 
0.0133333
-- TEST CASE 1:
---- input:
20.25
---- correct output:
293.4
---- user output:
293.4
-- TEST CASE 2:
---- input:
-10.0
---- correct output:
263.15
---- user output:
263.15
-- TEST CASE 3:
---- input:
-40.0
---- correct output:
233.15
---- user output:
233.15
-- TEST CASE 4:
---- input:
100.0
---- correct output:
373.15
---- user output:
373.15
-- TEST CASE 5:
---- input:
0.0
---- correct output:
273.15
---- user output:
273.15
-- TEST CASE 6:
---- input:
30.5
---- correct output:
303.65
---- user output:
303.65
-- GRADE:
100%
*-*-*-*-*-*-*-*-*-*-*-*-*-*-*-*-*-*-*-*-*-*-*-*
== RUN (2025-08-27 21:58:42)
-- CODE: 
tempC=flot(input(""))
tempK=tempC+273.15
print("round(tempK,2)")
-- EXECUTION TIME: 
0.0
-- TEST CASE 1:
---- input:
20.25
---- correct output:
293.4
-- ERROR:
Traceback (most recent call last):
  File "XXXX", line 1, in <module>
    tempC=flot(input(""))
          ^^^^
NameError: name 'flot' is not defined. Did you mean: 'float'?
-- TEST CASE 2:
---- input:
-10.0
---- correct output:
263.15
-- ERROR:
Traceback (most recent call last):
  File "XXXX", line 1, in <module>
    tempC=flot(input(""))
          ^^^^
NameError: name 'flot' is not defined. Did you mean: 'float'?
-- TEST CASE 3:
---- input:
-40.0
---- correct output:
233.15
-- ERROR:
Traceback (most recent call last):
  File "XXXX", line 1, in <module>
    tempC=flot(input(""))
          ^^^^
NameError: name 'flot' is not defined. Did you mean: 'float'?
-- TEST CASE 4:
---- input:
100.0
---- correct output:
373.15
-- ERROR:
Traceback (most recent call last):
  File "XXXX", line 1, in <module>
    tempC=flot(input(""))
          ^^^^
NameError: name 'flot' is not defined. Did you mean: 'float'?
-- TEST CASE 5:
---- input:
0.0
---- correct output:
273.15
-- ERROR:
Traceback (most recent call last):
  File "XXXX", line 1, in <module>
    tempC=flot(input(""))
          ^^^^
NameError: name 'flot' is not defined. Did you mean: 'float'?
-- TEST CASE 6:
---- input:
30.5
---- correct output:
303.65
-- ERROR:
Traceback (most recent call last):
  File "XXXX", line 1, in <module>
    tempC=flot(input(""))
          ^^^^
NameError: name 'flot' is not defined. Did you mean: 'float'?
*-*-*-*-*-*-*-*-*-*-*-*-*-*-*-*-*-*-*-*-*-*-*-*
== SUBMISSION (2025-08-27 21:57:00)
-- CODE: 
tempC=flot(input())
tempK=tempC+273.15
print(round(temp, 2))
-- EXECUTION TIME: 
0.0
-- TEST CASE 1:
---- input:
20.25
---- correct output:
293.4
-- ERROR:
Traceback (most recent call last):
  File "XXXX", line 1, in <module>
    tempC=flot(input())
          ^^^^
NameError: name 'flot' is not defined. Did you mean: 'float'?
-- TEST CASE 2:
---- input:
-10.0
---- correct output:
263.15
-- ERROR:
Traceback (most recent call last):
  File "XXXX", line 1, in <module>
    tempC=flot(input())
          ^^^^
NameError: name 'flot' is not defined. Did you mean: 'float'?
-- TEST CASE 3:
---- input:
-40.0
---- correct output:
233.15
-- ERROR:
Traceback (most recent call last):
  File "XXXX", line 1, in <module>
    tempC=flot(input())
          ^^^^
NameError: name 'flot' is not defined. Did you mean: 'float'?
-- TEST CASE 4:
---- input:
100.0
---- correct output:
373.15
-- ERROR:
Traceback (most recent call last):
  File "XXXX", line 1, in <module>
    tempC=flot(input())
          ^^^^
NameError: name 'flot' is not defined. Did you mean: 'float'?
-- TEST CASE 5:
---- input:
0.0
---- correct output:
273.15
-- ERROR:
Traceback (most recent call last):
  File "XXXX", line 1, in <module>
    tempC=flot(input())
          ^^^^
NameError: name 'flot' is not defined. Did you mean: 'float'?
-- TEST CASE 6:
---- input:
30.5
---- correct output:
303.65
-- ERROR:
Traceback (most recent call last):
  File "XXXX", line 1, in <module>
    tempC=flot(input())
          ^^^^
NameError: name 'flot' is not defined. Did you mean: 'float'?
-- GRADE:
0%
*-*-*-*-*-*-*-*-*-*-*-*-*-*-*-*-*-*-*-*-*-*-*-*
== RUN (2025-08-27 21:58:28)
-- CODE: 
tempC=flot(input(""))
tempK=tempC+273.15
print(round(tempK,2))
-- EXECUTION TIME: 
0.0
-- TEST CASE 1:
---- input:
20.25
---- correct output:
293.4
-- ERROR:
Traceback (most recent call last):
  File "XXXX", line 1, in <module>
    tempC=flot(input(""))
          ^^^^
NameError: name 'flot' is not defined. Did you mean: 'float'?
-- TEST CASE 2:
---- input:
-10.0
---- correct output:
263.15
-- ERROR:
Traceback (most recent call last):
  File "XXXX", line 1, in <module>
    tempC=flot(input(""))
          ^^^^
NameError: name 'flot' is not defined. Did you mean: 'float'?
-- TEST CASE 3:
---- input:
-40.0
---- correct output:
233.15
-- ERROR:
Traceback (most recent call last):
  File "XXXX", line 1, in <module>
    tempC=flot(input(""))
          ^^^^
NameError: name 'flot' is not defined. Did you mean: 'float'?
-- TEST CASE 4:
---- input:
100.0
---- correct output:
373.15
-- ERROR:
Traceback (most recent call last):
  File "XXXX", line 1, in <module>
    tempC=flot(input(""))
          ^^^^
NameError: name 'flot' is not defined. Did you mean: 'float'?
-- TEST CASE 5:
---- input:
0.0
---- correct output:
273.15
-- ERROR:
Traceback (most recent call last):
  File "XXXX", line 1, in <module>
    tempC=flot(input(""))
          ^^^^
NameError: name 'flot' is not defined. Did you mean: 'float'?
-- TEST CASE 6:
---- input:
30.5
---- correct output:
303.65
-- ERROR:
Traceback (most recent call last):
  File "XXXX", line 1, in <module>
    tempC=flot(input(""))
          ^^^^
NameError: name 'flot' is not defined. Did you mean: 'float'?
*-*-*-*-*-*-*-*-*-*-*-*-*-*-*-*-*-*-*-*-*-*-*-*
== SUBMISSION (2025-08-27 21:57:26)
-- CODE: 
tempC=flot(input())
tempK=tempC+273.15
print(round(tempK,2))
-- EXECUTION TIME: 
0.0
-- TEST CASE 1:
---- input:
20.25
---- correct output:
293.4
-- ERROR:
Traceback (most recent call last):
  File "XXXX", line 1, in <module>
    tempC=flot(input())
          ^^^^
NameError: name 'flot' is not defined. Did you mean: 'float'?
-- TEST CASE 2:
---- input:
-10.0
---- correct output:
263.15
-- ERROR:
Traceback (most recent call last):
  File "XXXX", line 1, in <module>
    tempC=flot(input())
          ^^^^
NameError: name 'flot' is not defined. Did you mean: 'float'?
-- TEST CASE 3:
---- input:
-40.0
---- correct output:
233.15
-- ERROR:
Traceback (most recent call last):
  File "XXXX", line 1, in <module>
    tempC=flot(input())
          ^^^^
NameError: name 'flot' is not defined. Did you mean: 'float'?
-- TEST CASE 4:
---- input:
100.0
---- correct output:
373.15
-- ERROR:
Traceback (most recent call last):
  File "XXXX", line 1, in <module>
    tempC=flot(input())
          ^^^^
NameError: name 'flot' is not defined. Did you mean: 'float'?
-- TEST CASE 5:
---- input:
0.0
---- correct output:
273.15
-- ERROR:
Traceback (most recent call last):
  File "XXXX", line 1, in <module>
    tempC=flot(input())
          ^^^^
NameError: name 'flot' is not defined. Did you mean: 'float'?
-- TEST CASE 6:
---- input:
30.5
---- correct output:
303.65
-- ERROR:
Traceback (most recent call last):
  File "XXXX", line 1, in <module>
    tempC=flot(input())
          ^^^^
NameError: name 'flot' is not defined. Did you mean: 'float'?
-- GRADE:
0%
*-*-*-*-*-*-*-*-*-*-*-*-*-*-*-*-*-*-*-*-*-*-*-*
== SUBMISSION (2025-08-27 21:57:12)
-- CODE: 
tempC=flot(input())
tempK=tempC+273.15
print(round(tempK, 2))
-- EXECUTION TIME: 
0.0
-- TEST CASE 1:
---- input:
20.25
---- correct output:
293.4
-- ERROR:
Traceback (most recent call last):
  File "XXXX", line 1, in <module>
    tempC=flot(input())
          ^^^^
NameError: name 'flot' is not defined. Did you mean: 'float'?
-- TEST CASE 2:
---- input:
-10.0
---- correct output:
263.15
-- ERROR:
Traceback (most recent call last):
  File "XXXX", line 1, in <module>
    tempC=flot(input())
          ^^^^
NameError: name 'flot' is not defined. Did you mean: 'float'?
-- TEST CASE 3:
---- input:
-40.0
---- correct output:
233.15
-- ERROR:
Traceback (most recent call last):
  File "XXXX", line 1, in <module>
    tempC=flot(input())
          ^^^^
NameError: name 'flot' is not defined. Did you mean: 'float'?
-- TEST CASE 4:
---- input:
100.0
---- correct output:
373.15
-- ERROR:
Traceback (most recent call last):
  File "XXXX", line 1, in <module>
    tempC=flot(input())
          ^^^^
NameError: name 'flot' is not defined. Did you mean: 'float'?
-- TEST CASE 5:
---- input:
0.0
---- correct output:
273.15
-- ERROR:
Traceback (most recent call last):
  File "XXXX", line 1, in <module>
    tempC=flot(input())
          ^^^^
NameError: name 'flot' is not defined. Did you mean: 'float'?
-- TEST CASE 6:
---- input:
30.5
---- correct output:
303.65
-- ERROR:
Traceback (most recent call last):
  File "XXXX", line 1, in <module>
    tempC=flot(input())
          ^^^^
NameError: name 'flot' is not defined. Did you mean: 'float'?
-- GRADE:
0%
*-*-*-*-*-*-*-*-*-*-*-*-*-*-*-*-*-*-*-*-*-*-*-*
== SUBMISSION (2025-08-27 21:56:48)
-- CODE: 
tempC=flot(input())
tempk=tempC+273.15
print(round(temp, 2))
-- EXECUTION TIME: 
0.0
-- TEST CASE 1:
---- input:
20.25
---- correct output:
293.4
-- ERROR:
Traceback (most recent call last):
  File "XXXX", line 1, in <module>
    tempC=flot(input())
          ^^^^
NameError: name 'flot' is not defined. Did you mean: 'float'?
-- TEST CASE 2:
---- input:
-10.0
---- correct output:
263.15
-- ERROR:
Traceback (most recent call last):
  File "XXXX", line 1, in <module>
    tempC=flot(input())
          ^^^^
NameError: name 'flot' is not defined. Did you mean: 'float'?
-- TEST CASE 3:
---- input:
-40.0
---- correct output:
233.15
-- ERROR:
Traceback (most recent call last):
  File "XXXX", line 1, in <module>
    tempC=flot(input())
          ^^^^
NameError: name 'flot' is not defined. Did you mean: 'float'?
-- TEST CASE 4:
---- input:
100.0
---- correct output:
373.15
-- ERROR:
Traceback (most recent call last):
  File "XXXX", line 1, in <module>
    tempC=flot(input())
          ^^^^
NameError: name 'flot' is not defined. Did you mean: 'float'?
-- TEST CASE 5:
---- input:
0.0
---- correct output:
273.15
-- ERROR:
Traceback (most recent call last):
  File "XXXX", line 1, in <module>
    tempC=flot(input())
          ^^^^
NameError: name 'flot' is not defined. Did you mean: 'float'?
-- TEST CASE 6:
---- input:
30.5
---- correct output:
303.65
-- ERROR:
Traceback (most recent call last):
  File "XXXX", line 1, in <module>
    tempC=flot(input())
          ^^^^
NameError: name 'flot' is not defined. Did you mean: 'float'?
-- GRADE:
0%
*-*-*-*-*-*-*-*-*-*-*-*-*-*-*-*-*-*-*-*-*-*-*-*
== RUN (2025-08-27 21:56:45)
-- CODE: 
tempC=flot(input())
tempk=tempC+273.15
print(round(temp, 2))
-- EXECUTION TIME: 
0.0
-- TEST CASE 1:
---- input:
20.25
---- correct output:
293.4
-- ERROR:
Traceback (most recent call last):
  File "XXXX", line 1, in <module>
    tempC=flot(input())
          ^^^^
NameError: name 'flot' is not defined. Did you mean: 'float'?
-- TEST CASE 2:
---- input:
-10.0
---- correct output:
263.15
-- ERROR:
Traceback (most recent call last):
  File "XXXX", line 1, in <module>
    tempC=flot(input())
          ^^^^
NameError: name 'flot' is not defined. Did you mean: 'float'?
-- TEST CASE 3:
---- input:
-40.0
---- correct output:
233.15
-- ERROR:
Traceback (most recent call last):
  File "XXXX", line 1, in <module>
    tempC=flot(input())
          ^^^^
NameError: name 'flot' is not defined. Did you mean: 'float'?
-- TEST CASE 4:
---- input:
100.0
---- correct output:
373.15
-- ERROR:
Traceback (most recent call last):
  File "XXXX", line 1, in <module>
    tempC=flot(input())
          ^^^^
NameError: name 'flot' is not defined. Did you mean: 'float'?
-- TEST CASE 5:
---- input:
0.0
---- correct output:
273.15
-- ERROR:
Traceback (most recent call last):
  File "XXXX", line 1, in <module>
    tempC=flot(input())
          ^^^^
NameError: name 'flot' is not defined. Did you mean: 'float'?
-- TEST CASE 6:
---- input:
30.5
---- correct output:
303.65
-- ERROR:
Traceback (most recent call last):
  File "XXXX", line 1, in <module>
    tempC=flot(input())
          ^^^^
NameError: name 'flot' is not defined. Did you mean: 'float'?
*-*-*-*-*-*-*-*-*-*-*-*-*-*-*-*-*-*-*-*-*-*-*-*
== RUN (2025-08-27 21:56:36)
-- CODE: 
tempC=flot(input())
tempk=tempC+273,15
print(round(temp, 2))
-- EXECUTION TIME: 
0.0
-- TEST CASE 1:
---- input:
20.25
---- correct output:
293.4
-- ERROR:
Traceback (most recent call last):
  File "XXXX", line 1, in <module>
    tempC=flot(input())
          ^^^^
NameError: name 'flot' is not defined. Did you mean: 'float'?
-- TEST CASE 2:
---- input:
-10.0
---- correct output:
263.15
-- ERROR:
Traceback (most recent call last):
  File "XXXX", line 1, in <module>
    tempC=flot(input())
          ^^^^
NameError: name 'flot' is not defined. Did you mean: 'float'?
-- TEST CASE 3:
---- input:
-40.0
---- correct output:
233.15
-- ERROR:
Traceback (most recent call last):
  File "XXXX", line 1, in <module>
    tempC=flot(input())
          ^^^^
NameError: name 'flot' is not defined. Did you mean: 'float'?
-- TEST CASE 4:
---- input:
100.0
---- correct output:
373.15
-- ERROR:
Traceback (most recent call last):
  File "XXXX", line 1, in <module>
    tempC=flot(input())
          ^^^^
NameError: name 'flot' is not defined. Did you mean: 'float'?
-- TEST CASE 5:
---- input:
0.0
---- correct output:
273.15
-- ERROR:
Traceback (most recent call last):
  File "XXXX", line 1, in <module>
    tempC=flot(input())
          ^^^^
NameError: name 'flot' is not defined. Did you mean: 'float'?
-- TEST CASE 6:
---- input:
30.5
---- correct output:
303.65
-- ERROR:
Traceback (most recent call last):
  File "XXXX", line 1, in <module>
    tempC=flot(input())
          ^^^^
NameError: name 'flot' is not defined. Did you mean: 'float'?
*-*-*-*-*-*-*-*-*-*-*-*-*-*-*-*-*-*-*-*-*-*-*-*
== SUBMISSION (2025-08-27 21:58:42)
-- CODE: 
tempC=flot(input(""))
tempK=tempC+273.15
print("round(tempK,2)")
-- EXECUTION TIME: 
0.0
-- TEST CASE 1:
---- input:
20.25
---- correct output:
293.4
-- ERROR:
Traceback (most recent call last):
  File "XXXX", line 1, in <module>
    tempC=flot(input(""))
          ^^^^
NameError: name 'flot' is not defined. Did you mean: 'float'?
-- TEST CASE 2:
---- input:
-10.0
---- correct output:
263.15
-- ERROR:
Traceback (most recent call last):
  File "XXXX", line 1, in <module>
    tempC=flot(input(""))
          ^^^^
NameError: name 'flot' is not defined. Did you mean: 'float'?
-- TEST CASE 3:
---- input:
-40.0
---- correct output:
233.15
-- ERROR:
Traceback (most recent call last):
  File "XXXX", line 1, in <module>
    tempC=flot(input(""))
          ^^^^
NameError: name 'flot' is not defined. Did you mean: 'float'?
-- TEST CASE 4:
---- input:
100.0
---- correct output:
373.15
-- ERROR:
Traceback (most recent call last):
  File "XXXX", line 1, in <module>
    tempC=flot(input(""))
          ^^^^
NameError: name 'flot' is not defined. Did you mean: 'float'?
-- TEST CASE 5:
---- input:
0.0
---- correct output:
273.15
-- ERROR:
Traceback (most recent call last):
  File "XXXX", line 1, in <module>
    tempC=flot(input(""))
          ^^^^
NameError: name 'flot' is not defined. Did you mean: 'float'?
-- TEST CASE 6:
---- input:
30.5
---- correct output:
303.65
-- ERROR:
Traceback (most recent call last):
  File "XXXX", line 1, in <module>
    tempC=flot(input(""))
          ^^^^
NameError: name 'flot' is not defined. Did you mean: 'float'?
-- GRADE:
0%
*-*-*-*-*-*-*-*-*-*-*-*-*-*-*-*-*-*-*-*-*-*-*-*
== SUBMISSION (2025-08-27 21:57:38)
-- CODE: 
tempC=flot(input(""))
tempK=tempC+273.15
print(round(tempK,2))
-- EXECUTION TIME: 
0.0
-- TEST CASE 1:
---- input:
20.25
---- correct output:
293.4
-- ERROR:
Traceback (most recent call last):
  File "XXXX", line 1, in <module>
    tempC=flot(input(""))
          ^^^^
NameError: name 'flot' is not defined. Did you mean: 'float'?
-- TEST CASE 2:
---- input:
-10.0
---- correct output:
263.15
-- ERROR:
Traceback (most recent call last):
  File "XXXX", line 1, in <module>
    tempC=flot(input(""))
          ^^^^
NameError: name 'flot' is not defined. Did you mean: 'float'?
-- TEST CASE 3:
---- input:
-40.0
---- correct output:
233.15
-- ERROR:
Traceback (most recent call last):
  File "XXXX", line 1, in <module>
    tempC=flot(input(""))
          ^^^^
NameError: name 'flot' is not defined. Did you mean: 'float'?
-- TEST CASE 4:
---- input:
100.0
---- correct output:
373.15
-- ERROR:
Traceback (most recent call last):
  File "XXXX", line 1, in <module>
    tempC=flot(input(""))
          ^^^^
NameError: name 'flot' is not defined. Did you mean: 'float'?
-- TEST CASE 5:
---- input:
0.0
---- correct output:
273.15
-- ERROR:
Traceback (most recent call last):
  File "XXXX", line 1, in <module>
    tempC=flot(input(""))
          ^^^^
NameError: name 'flot' is not defined. Did you mean: 'float'?
-- TEST CASE 6:
---- input:
30.5
---- correct output:
303.65
-- ERROR:
Traceback (most recent call last):
  File "XXXX", line 1, in <module>
    tempC=flot(input(""))
          ^^^^
NameError: name 'flot' is not defined. Did you mean: 'float'?
-- GRADE:
0%
*-*-*-*-*-*-*-*-*-*-*-*-*-*-*-*-*-*-*-*-*-*-*-*
