== SUBMISSION (2025-09-01 14:26:54)
-- CODE: 
Dolar = float(input())
Reais = dolar * 2.96
print(round(dolar,2))
-- EXECUTION TIME: 
0.0
-- TEST CASE 1:
---- input:
7
---- correct output:
20.72
-- ERROR:
Traceback (most recent call last):
  File "XXXX", line 2, in <module>
    Reais = dolar * 2.96
            ^^^^^
NameError: name 'dolar' is not defined. Did you mean: 'Dolar'?
-- TEST CASE 2:
---- input:
1
---- correct output:
2.96
-- ERROR:
Traceback (most recent call last):
  File "XXXX", line 2, in <module>
    Reais = dolar * 2.96
            ^^^^^
NameError: name 'dolar' is not defined. Did you mean: 'Dolar'?
-- TEST CASE 3:
---- input:
8
---- correct output:
23.68
-- ERROR:
Traceback (most recent call last):
  File "XXXX", line 2, in <module>
    Reais = dolar * 2.96
            ^^^^^
NameError: name 'dolar' is not defined. Did you mean: 'Dolar'?
-- TEST CASE 4:
---- input:
19
---- correct output:
56.24
-- ERROR:
Traceback (most recent call last):
  File "XXXX", line 2, in <module>
    Reais = dolar * 2.96
            ^^^^^
NameError: name 'dolar' is not defined. Did you mean: 'Dolar'?
-- TEST CASE 5:
---- input:
21
---- correct output:
62.16
-- ERROR:
Traceback (most recent call last):
  File "XXXX", line 2, in <module>
    Reais = dolar * 2.96
            ^^^^^
NameError: name 'dolar' is not defined. Did you mean: 'Dolar'?
-- TEST CASE 6:
---- input:
2
---- correct output:
5.92
-- ERROR:
Traceback (most recent call last):
  File "XXXX", line 2, in <module>
    Reais = dolar * 2.96
            ^^^^^
NameError: name 'dolar' is not defined. Did you mean: 'Dolar'?
-- GRADE:
0%
*-*-*-*-*-*-*-*-*-*-*-*-*-*-*-*-*-*-*-*-*-*-*-*
== RUN (2025-09-01 14:14:44)
-- CODE: 
valor_real = float(input())
dolar_neozelandes_= flot(input(*2.96))
dolar_neozelandes = float(input(valor_real*2.96))
print(valor_neozelandes(round,2))

-- EXECUTION TIME: 
0.0
-- TEST CASE 1:
---- input:
7
---- correct output:
20.72
-- ERROR:
Traceback (most recent call last):
  File "XXXX", line 2, in <module>
    dolar_neozelandes_= flot(input(*2.96))
                        ^^^^
NameError: name 'flot' is not defined. Did you mean: 'float'?
-- TEST CASE 2:
---- input:
1
---- correct output:
2.96
-- ERROR:
Traceback (most recent call last):
  File "XXXX", line 2, in <module>
    dolar_neozelandes_= flot(input(*2.96))
                        ^^^^
NameError: name 'flot' is not defined. Did you mean: 'float'?
-- TEST CASE 3:
---- input:
8
---- correct output:
23.68
-- ERROR:
Traceback (most recent call last):
  File "XXXX", line 2, in <module>
    dolar_neozelandes_= flot(input(*2.96))
                        ^^^^
NameError: name 'flot' is not defined. Did you mean: 'float'?
-- TEST CASE 4:
---- input:
19
---- correct output:
56.24
-- ERROR:
Traceback (most recent call last):
  File "XXXX", line 2, in <module>
    dolar_neozelandes_= flot(input(*2.96))
                        ^^^^
NameError: name 'flot' is not defined. Did you mean: 'float'?
-- TEST CASE 5:
---- input:
21
---- correct output:
62.16
-- ERROR:
Traceback (most recent call last):
  File "XXXX", line 2, in <module>
    dolar_neozelandes_= flot(input(*2.96))
                        ^^^^
NameError: name 'flot' is not defined. Did you mean: 'float'?
-- TEST CASE 6:
---- input:
2
---- correct output:
5.92
-- ERROR:
Traceback (most recent call last):
  File "XXXX", line 2, in <module>
    dolar_neozelandes_= flot(input(*2.96))
                        ^^^^
NameError: name 'flot' is not defined. Did you mean: 'float'?
*-*-*-*-*-*-*-*-*-*-*-*-*-*-*-*-*-*-*-*-*-*-*-*
== SUBMISSION (2025-09-01 14:35:48)
-- CODE: 
valor_reais = float(int(input))
valor_dolares = float(valor_reais*2.96)
round(dolar,2)

-- EXECUTION TIME: 
0.0
-- TEST CASE 1:
---- input:
7
---- correct output:
20.72
-- ERROR:
Traceback (most recent call last):
  File "XXXX", line 1, in <module>
    valor_reais = float(int(input))
                        ^^^^^^^^^^
TypeError: int() argument must be a string, a bytes-like object or a real number, not 'builtin_function_or_method'
-- TEST CASE 2:
---- input:
1
---- correct output:
2.96
-- ERROR:
Traceback (most recent call last):
  File "XXXX", line 1, in <module>
    valor_reais = float(int(input))
                        ^^^^^^^^^^
TypeError: int() argument must be a string, a bytes-like object or a real number, not 'builtin_function_or_method'
-- TEST CASE 3:
---- input:
8
---- correct output:
23.68
-- ERROR:
Traceback (most recent call last):
  File "XXXX", line 1, in <module>
    valor_reais = float(int(input))
                        ^^^^^^^^^^
TypeError: int() argument must be a string, a bytes-like object or a real number, not 'builtin_function_or_method'
-- TEST CASE 4:
---- input:
19
---- correct output:
56.24
-- ERROR:
Traceback (most recent call last):
  File "XXXX", line 1, in <module>
    valor_reais = float(int(input))
                        ^^^^^^^^^^
TypeError: int() argument must be a string, a bytes-like object or a real number, not 'builtin_function_or_method'
-- TEST CASE 5:
---- input:
21
---- correct output:
62.16
-- ERROR:
Traceback (most recent call last):
  File "XXXX", line 1, in <module>
    valor_reais = float(int(input))
                        ^^^^^^^^^^
TypeError: int() argument must be a string, a bytes-like object or a real number, not 'builtin_function_or_method'
-- TEST CASE 6:
---- input:
2
---- correct output:
5.92
-- ERROR:
Traceback (most recent call last):
  File "XXXX", line 1, in <module>
    valor_reais = float(int(input))
                        ^^^^^^^^^^
TypeError: int() argument must be a string, a bytes-like object or a real number, not 'builtin_function_or_method'
-- GRADE:
0%
*-*-*-*-*-*-*-*-*-*-*-*-*-*-*-*-*-*-*-*-*-*-*-*
== SUBMISSION (2025-09-01 14:41:08)
-- CODE: 
valor_reais = float(int(input))
valor_dolares = float(valor_reais*2.96)
valor_dolares = float(valor_dolares)
print(valor_dolares)
-- EXECUTION TIME: 
0.0
-- TEST CASE 1:
---- input:
7
---- correct output:
20.72
-- ERROR:
Traceback (most recent call last):
  File "XXXX", line 1, in <module>
    valor_reais = float(int(input))
                        ^^^^^^^^^^
TypeError: int() argument must be a string, a bytes-like object or a real number, not 'builtin_function_or_method'
-- TEST CASE 2:
---- input:
1
---- correct output:
2.96
-- ERROR:
Traceback (most recent call last):
  File "XXXX", line 1, in <module>
    valor_reais = float(int(input))
                        ^^^^^^^^^^
TypeError: int() argument must be a string, a bytes-like object or a real number, not 'builtin_function_or_method'
-- TEST CASE 3:
---- input:
8
---- correct output:
23.68
-- ERROR:
Traceback (most recent call last):
  File "XXXX", line 1, in <module>
    valor_reais = float(int(input))
                        ^^^^^^^^^^
TypeError: int() argument must be a string, a bytes-like object or a real number, not 'builtin_function_or_method'
-- TEST CASE 4:
---- input:
19
---- correct output:
56.24
-- ERROR:
Traceback (most recent call last):
  File "XXXX", line 1, in <module>
    valor_reais = float(int(input))
                        ^^^^^^^^^^
TypeError: int() argument must be a string, a bytes-like object or a real number, not 'builtin_function_or_method'
-- TEST CASE 5:
---- input:
21
---- correct output:
62.16
-- ERROR:
Traceback (most recent call last):
  File "XXXX", line 1, in <module>
    valor_reais = float(int(input))
                        ^^^^^^^^^^
TypeError: int() argument must be a string, a bytes-like object or a real number, not 'builtin_function_or_method'
-- TEST CASE 6:
---- input:
2
---- correct output:
5.92
-- ERROR:
Traceback (most recent call last):
  File "XXXX", line 1, in <module>
    valor_reais = float(int(input))
                        ^^^^^^^^^^
TypeError: int() argument must be a string, a bytes-like object or a real number, not 'builtin_function_or_method'
-- GRADE:
0%
*-*-*-*-*-*-*-*-*-*-*-*-*-*-*-*-*-*-*-*-*-*-*-*
== SUBMISSION (2025-09-01 14:40:48)
-- CODE: 
valor_reais = float(int(input))
valor_dolares = float(valor_reais*2.96)
valor_dolares = float(valor_dolares)
print(valor_dolares)
-- EXECUTION TIME: 
0.0
-- TEST CASE 1:
---- input:
7
---- correct output:
20.72
-- ERROR:
Traceback (most recent call last):
  File "XXXX", line 1, in <module>
    valor_reais = float(int(input))
                        ^^^^^^^^^^
TypeError: int() argument must be a string, a bytes-like object or a real number, not 'builtin_function_or_method'
-- TEST CASE 2:
---- input:
1
---- correct output:
2.96
-- ERROR:
Traceback (most recent call last):
  File "XXXX", line 1, in <module>
    valor_reais = float(int(input))
                        ^^^^^^^^^^
TypeError: int() argument must be a string, a bytes-like object or a real number, not 'builtin_function_or_method'
-- TEST CASE 3:
---- input:
8
---- correct output:
23.68
-- ERROR:
Traceback (most recent call last):
  File "XXXX", line 1, in <module>
    valor_reais = float(int(input))
                        ^^^^^^^^^^
TypeError: int() argument must be a string, a bytes-like object or a real number, not 'builtin_function_or_method'
-- TEST CASE 4:
---- input:
19
---- correct output:
56.24
-- ERROR:
Traceback (most recent call last):
  File "XXXX", line 1, in <module>
    valor_reais = float(int(input))
                        ^^^^^^^^^^
TypeError: int() argument must be a string, a bytes-like object or a real number, not 'builtin_function_or_method'
-- TEST CASE 5:
---- input:
21
---- correct output:
62.16
-- ERROR:
Traceback (most recent call last):
  File "XXXX", line 1, in <module>
    valor_reais = float(int(input))
                        ^^^^^^^^^^
TypeError: int() argument must be a string, a bytes-like object or a real number, not 'builtin_function_or_method'
-- TEST CASE 6:
---- input:
2
---- correct output:
5.92
-- ERROR:
Traceback (most recent call last):
  File "XXXX", line 1, in <module>
    valor_reais = float(int(input))
                        ^^^^^^^^^^
TypeError: int() argument must be a string, a bytes-like object or a real number, not 'builtin_function_or_method'
-- GRADE:
0%
*-*-*-*-*-*-*-*-*-*-*-*-*-*-*-*-*-*-*-*-*-*-*-*
== SUBMISSION (2025-09-01 14:40:48)
-- CODE: 
valor_reais = float(int(input))
valor_dolares = float(valor_reais*2.96)
valor_dolares = float(valor_dolares)
print(valor_dolares)
-- EXECUTION TIME: 
0.0
-- TEST CASE 1:
---- input:
7
---- correct output:
20.72
-- ERROR:
Traceback (most recent call last):
  File "XXXX", line 1, in <module>
    valor_reais = float(int(input))
                        ^^^^^^^^^^
TypeError: int() argument must be a string, a bytes-like object or a real number, not 'builtin_function_or_method'
-- TEST CASE 2:
---- input:
1
---- correct output:
2.96
-- ERROR:
Traceback (most recent call last):
  File "XXXX", line 1, in <module>
    valor_reais = float(int(input))
                        ^^^^^^^^^^
TypeError: int() argument must be a string, a bytes-like object or a real number, not 'builtin_function_or_method'
-- TEST CASE 3:
---- input:
8
---- correct output:
23.68
-- ERROR:
Traceback (most recent call last):
  File "XXXX", line 1, in <module>
    valor_reais = float(int(input))
                        ^^^^^^^^^^
TypeError: int() argument must be a string, a bytes-like object or a real number, not 'builtin_function_or_method'
-- TEST CASE 4:
---- input:
19
---- correct output:
56.24
-- ERROR:
Traceback (most recent call last):
  File "XXXX", line 1, in <module>
    valor_reais = float(int(input))
                        ^^^^^^^^^^
TypeError: int() argument must be a string, a bytes-like object or a real number, not 'builtin_function_or_method'
-- TEST CASE 5:
---- input:
21
---- correct output:
62.16
-- ERROR:
Traceback (most recent call last):
  File "XXXX", line 1, in <module>
    valor_reais = float(int(input))
                        ^^^^^^^^^^
TypeError: int() argument must be a string, a bytes-like object or a real number, not 'builtin_function_or_method'
-- TEST CASE 6:
---- input:
2
---- correct output:
5.92
-- ERROR:
Traceback (most recent call last):
  File "XXXX", line 1, in <module>
    valor_reais = float(int(input))
                        ^^^^^^^^^^
TypeError: int() argument must be a string, a bytes-like object or a real number, not 'builtin_function_or_method'
-- GRADE:
0%
*-*-*-*-*-*-*-*-*-*-*-*-*-*-*-*-*-*-*-*-*-*-*-*
== SUBMISSION (2025-09-01 14:40:25)
-- CODE: 
valor_reais = float(int(input)))
valor_dolares = float(valor_reais*2.96)
valor_dolares = float(valor_dolares)
print(vallor_dolares)
-- EXECUTION TIME: 
0.0
-- TEST CASE 1:
---- input:
7
---- correct output:
20.72
-- ERROR:
File "XXXX", line 1
    valor_reais = float(int(input)))
                                   ^
SyntaxError: unmatched ')'
-- TEST CASE 2:
---- input:
1
---- correct output:
2.96
-- ERROR:
File "XXXX", line 1
    valor_reais = float(int(input)))
                                   ^
SyntaxError: unmatched ')'
-- TEST CASE 3:
---- input:
8
---- correct output:
23.68
-- ERROR:
File "XXXX", line 1
    valor_reais = float(int(input)))
                                   ^
SyntaxError: unmatched ')'
-- TEST CASE 4:
---- input:
19
---- correct output:
56.24
-- ERROR:
File "XXXX", line 1
    valor_reais = float(int(input)))
                                   ^
SyntaxError: unmatched ')'
-- TEST CASE 5:
---- input:
21
---- correct output:
62.16
-- ERROR:
File "XXXX", line 1
    valor_reais = float(int(input)))
                                   ^
SyntaxError: unmatched ')'
-- TEST CASE 6:
---- input:
2
---- correct output:
5.92
-- ERROR:
File "XXXX", line 1
    valor_reais = float(int(input)))
                                   ^
SyntaxError: unmatched ')'
-- GRADE:
0%
*-*-*-*-*-*-*-*-*-*-*-*-*-*-*-*-*-*-*-*-*-*-*-*
== SUBMISSION (2025-09-01 14:40:46)
-- CODE: 
valor_reais = float(int(input))
valor_dolares = float(valor_reais*2.96)
valor_dolares = float(valor_dolares)
print(valor_dolares)
-- EXECUTION TIME: 
0.0
-- TEST CASE 1:
---- input:
7
---- correct output:
20.72
-- ERROR:
Traceback (most recent call last):
  File "XXXX", line 1, in <module>
    valor_reais = float(int(input))
                        ^^^^^^^^^^
TypeError: int() argument must be a string, a bytes-like object or a real number, not 'builtin_function_or_method'
-- TEST CASE 2:
---- input:
1
---- correct output:
2.96
-- ERROR:
Traceback (most recent call last):
  File "XXXX", line 1, in <module>
    valor_reais = float(int(input))
                        ^^^^^^^^^^
TypeError: int() argument must be a string, a bytes-like object or a real number, not 'builtin_function_or_method'
-- TEST CASE 3:
---- input:
8
---- correct output:
23.68
-- ERROR:
Traceback (most recent call last):
  File "XXXX", line 1, in <module>
    valor_reais = float(int(input))
                        ^^^^^^^^^^
TypeError: int() argument must be a string, a bytes-like object or a real number, not 'builtin_function_or_method'
-- TEST CASE 4:
---- input:
19
---- correct output:
56.24
-- ERROR:
Traceback (most recent call last):
  File "XXXX", line 1, in <module>
    valor_reais = float(int(input))
                        ^^^^^^^^^^
TypeError: int() argument must be a string, a bytes-like object or a real number, not 'builtin_function_or_method'
-- TEST CASE 5:
---- input:
21
---- correct output:
62.16
-- ERROR:
Traceback (most recent call last):
  File "XXXX", line 1, in <module>
    valor_reais = float(int(input))
                        ^^^^^^^^^^
TypeError: int() argument must be a string, a bytes-like object or a real number, not 'builtin_function_or_method'
-- TEST CASE 6:
---- input:
2
---- correct output:
5.92
-- ERROR:
Traceback (most recent call last):
  File "XXXX", line 1, in <module>
    valor_reais = float(int(input))
                        ^^^^^^^^^^
TypeError: int() argument must be a string, a bytes-like object or a real number, not 'builtin_function_or_method'
-- GRADE:
0%
*-*-*-*-*-*-*-*-*-*-*-*-*-*-*-*-*-*-*-*-*-*-*-*
== RUN (2025-09-01 14:35:33)
-- CODE: 
valor_reais = float(int(input))
valor_dolares = float(valor_reais*2.96)
roun(dolar,2)
-- EXECUTION TIME: 
0.0
-- TEST CASE 1:
---- input:
7
---- correct output:
20.72
-- ERROR:
Traceback (most recent call last):
  File "XXXX", line 1, in <module>
    valor_reais = float(int(input))
                        ^^^^^^^^^^
TypeError: int() argument must be a string, a bytes-like object or a real number, not 'builtin_function_or_method'
-- TEST CASE 2:
---- input:
1
---- correct output:
2.96
-- ERROR:
Traceback (most recent call last):
  File "XXXX", line 1, in <module>
    valor_reais = float(int(input))
                        ^^^^^^^^^^
TypeError: int() argument must be a string, a bytes-like object or a real number, not 'builtin_function_or_method'
-- TEST CASE 3:
---- input:
8
---- correct output:
23.68
-- ERROR:
Traceback (most recent call last):
  File "XXXX", line 1, in <module>
    valor_reais = float(int(input))
                        ^^^^^^^^^^
TypeError: int() argument must be a string, a bytes-like object or a real number, not 'builtin_function_or_method'
-- TEST CASE 4:
---- input:
19
---- correct output:
56.24
-- ERROR:
Traceback (most recent call last):
  File "XXXX", line 1, in <module>
    valor_reais = float(int(input))
                        ^^^^^^^^^^
TypeError: int() argument must be a string, a bytes-like object or a real number, not 'builtin_function_or_method'
-- TEST CASE 5:
---- input:
21
---- correct output:
62.16
-- ERROR:
Traceback (most recent call last):
  File "XXXX", line 1, in <module>
    valor_reais = float(int(input))
                        ^^^^^^^^^^
TypeError: int() argument must be a string, a bytes-like object or a real number, not 'builtin_function_or_method'
-- TEST CASE 6:
---- input:
2
---- correct output:
5.92
-- ERROR:
Traceback (most recent call last):
  File "XXXX", line 1, in <module>
    valor_reais = float(int(input))
                        ^^^^^^^^^^
TypeError: int() argument must be a string, a bytes-like object or a real number, not 'builtin_function_or_method'
*-*-*-*-*-*-*-*-*-*-*-*-*-*-*-*-*-*-*-*-*-*-*-*
== RUN (2025-09-01 14:39:36)
-- CODE: 
valor_reais = float(int(input))
valor_dolares = float(valor_reais*2.96)
valor_dolares = float(valor_dolares)
print(vallor_dolares)
-- EXECUTION TIME: 
0.0
-- TEST CASE 1:
---- input:
7
---- correct output:
20.72
-- ERROR:
Traceback (most recent call last):
  File "XXXX", line 1, in <module>
    valor_reais = float(int(input))
                        ^^^^^^^^^^
TypeError: int() argument must be a string, a bytes-like object or a real number, not 'builtin_function_or_method'
-- TEST CASE 2:
---- input:
1
---- correct output:
2.96
-- ERROR:
Traceback (most recent call last):
  File "XXXX", line 1, in <module>
    valor_reais = float(int(input))
                        ^^^^^^^^^^
TypeError: int() argument must be a string, a bytes-like object or a real number, not 'builtin_function_or_method'
-- TEST CASE 3:
---- input:
8
---- correct output:
23.68
-- ERROR:
Traceback (most recent call last):
  File "XXXX", line 1, in <module>
    valor_reais = float(int(input))
                        ^^^^^^^^^^
TypeError: int() argument must be a string, a bytes-like object or a real number, not 'builtin_function_or_method'
-- TEST CASE 4:
---- input:
19
---- correct output:
56.24
-- ERROR:
Traceback (most recent call last):
  File "XXXX", line 1, in <module>
    valor_reais = float(int(input))
                        ^^^^^^^^^^
TypeError: int() argument must be a string, a bytes-like object or a real number, not 'builtin_function_or_method'
-- TEST CASE 5:
---- input:
21
---- correct output:
62.16
-- ERROR:
Traceback (most recent call last):
  File "XXXX", line 1, in <module>
    valor_reais = float(int(input))
                        ^^^^^^^^^^
TypeError: int() argument must be a string, a bytes-like object or a real number, not 'builtin_function_or_method'
-- TEST CASE 6:
---- input:
2
---- correct output:
5.92
-- ERROR:
Traceback (most recent call last):
  File "XXXX", line 1, in <module>
    valor_reais = float(int(input))
                        ^^^^^^^^^^
TypeError: int() argument must be a string, a bytes-like object or a real number, not 'builtin_function_or_method'
*-*-*-*-*-*-*-*-*-*-*-*-*-*-*-*-*-*-*-*-*-*-*-*
== SUBMISSION (2025-09-01 14:40:24)
-- CODE: 
valor_reais = float(int(input)))
valor_dolares = float(valor_reais*2.96)
valor_dolares = float(valor_dolares)
print(vallor_dolares)
-- EXECUTION TIME: 
0.0
-- TEST CASE 1:
---- input:
7
---- correct output:
20.72
-- ERROR:
File "XXXX", line 1
    valor_reais = float(int(input)))
                                   ^
SyntaxError: unmatched ')'
-- TEST CASE 2:
---- input:
1
---- correct output:
2.96
-- ERROR:
File "XXXX", line 1
    valor_reais = float(int(input)))
                                   ^
SyntaxError: unmatched ')'
-- TEST CASE 3:
---- input:
8
---- correct output:
23.68
-- ERROR:
File "XXXX", line 1
    valor_reais = float(int(input)))
                                   ^
SyntaxError: unmatched ')'
-- TEST CASE 4:
---- input:
19
---- correct output:
56.24
-- ERROR:
File "XXXX", line 1
    valor_reais = float(int(input)))
                                   ^
SyntaxError: unmatched ')'
-- TEST CASE 5:
---- input:
21
---- correct output:
62.16
-- ERROR:
File "XXXX", line 1
    valor_reais = float(int(input)))
                                   ^
SyntaxError: unmatched ')'
-- TEST CASE 6:
---- input:
2
---- correct output:
5.92
-- ERROR:
File "XXXX", line 1
    valor_reais = float(int(input)))
                                   ^
SyntaxError: unmatched ')'
-- GRADE:
0%
*-*-*-*-*-*-*-*-*-*-*-*-*-*-*-*-*-*-*-*-*-*-*-*
== SUBMISSION (2025-09-01 14:26:09)
-- CODE: 
Dolar = float(input())
Reais = dolar * 2.96
print(round(dolar,2))
-- EXECUTION TIME: 
0.0
-- TEST CASE 1:
---- input:
7
---- correct output:
20.72
-- ERROR:
Traceback (most recent call last):
  File "XXXX", line 2, in <module>
    Reais = dolar * 2.96
            ^^^^^
NameError: name 'dolar' is not defined. Did you mean: 'Dolar'?
-- TEST CASE 2:
---- input:
1
---- correct output:
2.96
-- ERROR:
Traceback (most recent call last):
  File "XXXX", line 2, in <module>
    Reais = dolar * 2.96
            ^^^^^
NameError: name 'dolar' is not defined. Did you mean: 'Dolar'?
-- TEST CASE 3:
---- input:
8
---- correct output:
23.68
-- ERROR:
Traceback (most recent call last):
  File "XXXX", line 2, in <module>
    Reais = dolar * 2.96
            ^^^^^
NameError: name 'dolar' is not defined. Did you mean: 'Dolar'?
-- TEST CASE 4:
---- input:
19
---- correct output:
56.24
-- ERROR:
Traceback (most recent call last):
  File "XXXX", line 2, in <module>
    Reais = dolar * 2.96
            ^^^^^
NameError: name 'dolar' is not defined. Did you mean: 'Dolar'?
-- TEST CASE 5:
---- input:
21
---- correct output:
62.16
-- ERROR:
Traceback (most recent call last):
  File "XXXX", line 2, in <module>
    Reais = dolar * 2.96
            ^^^^^
NameError: name 'dolar' is not defined. Did you mean: 'Dolar'?
-- TEST CASE 6:
---- input:
2
---- correct output:
5.92
-- ERROR:
Traceback (most recent call last):
  File "XXXX", line 2, in <module>
    Reais = dolar * 2.96
            ^^^^^
NameError: name 'dolar' is not defined. Did you mean: 'Dolar'?
-- GRADE:
0%
*-*-*-*-*-*-*-*-*-*-*-*-*-*-*-*-*-*-*-*-*-*-*-*
== SUBMISSION (2025-09-01 14:26:40)
-- CODE: 
Dolar = float(input())
Reais = dolar * 2.96
print(round(dolar,2))
-- EXECUTION TIME: 
0.0
-- TEST CASE 1:
---- input:
7
---- correct output:
20.72
-- ERROR:
Traceback (most recent call last):
  File "XXXX", line 2, in <module>
    Reais = dolar * 2.96
            ^^^^^
NameError: name 'dolar' is not defined. Did you mean: 'Dolar'?
-- TEST CASE 2:
---- input:
1
---- correct output:
2.96
-- ERROR:
Traceback (most recent call last):
  File "XXXX", line 2, in <module>
    Reais = dolar * 2.96
            ^^^^^
NameError: name 'dolar' is not defined. Did you mean: 'Dolar'?
-- TEST CASE 3:
---- input:
8
---- correct output:
23.68
-- ERROR:
Traceback (most recent call last):
  File "XXXX", line 2, in <module>
    Reais = dolar * 2.96
            ^^^^^
NameError: name 'dolar' is not defined. Did you mean: 'Dolar'?
-- TEST CASE 4:
---- input:
19
---- correct output:
56.24
-- ERROR:
Traceback (most recent call last):
  File "XXXX", line 2, in <module>
    Reais = dolar * 2.96
            ^^^^^
NameError: name 'dolar' is not defined. Did you mean: 'Dolar'?
-- TEST CASE 5:
---- input:
21
---- correct output:
62.16
-- ERROR:
Traceback (most recent call last):
  File "XXXX", line 2, in <module>
    Reais = dolar * 2.96
            ^^^^^
NameError: name 'dolar' is not defined. Did you mean: 'Dolar'?
-- TEST CASE 6:
---- input:
2
---- correct output:
5.92
-- ERROR:
Traceback (most recent call last):
  File "XXXX", line 2, in <module>
    Reais = dolar * 2.96
            ^^^^^
NameError: name 'dolar' is not defined. Did you mean: 'Dolar'?
-- GRADE:
0%
*-*-*-*-*-*-*-*-*-*-*-*-*-*-*-*-*-*-*-*-*-*-*-*
== RUN (2025-09-01 14:14:00)
-- CODE: 
valor_real = float(input())
dolar_neozelandes_= flot(input(*2.96))
dolar_neozelandes = float(input(valor_real*2.96))
print(valor_neozelandes(round,2))

-- EXECUTION TIME: 
0.0
-- TEST CASE 1:
---- input:
7
---- correct output:
20.72
-- ERROR:
Traceback (most recent call last):
  File "XXXX", line 2, in <module>
    dolar_neozelandes_= flot(input(*2.96))
                        ^^^^
NameError: name 'flot' is not defined. Did you mean: 'float'?
-- TEST CASE 2:
---- input:
1
---- correct output:
2.96
-- ERROR:
Traceback (most recent call last):
  File "XXXX", line 2, in <module>
    dolar_neozelandes_= flot(input(*2.96))
                        ^^^^
NameError: name 'flot' is not defined. Did you mean: 'float'?
-- TEST CASE 3:
---- input:
8
---- correct output:
23.68
-- ERROR:
Traceback (most recent call last):
  File "XXXX", line 2, in <module>
    dolar_neozelandes_= flot(input(*2.96))
                        ^^^^
NameError: name 'flot' is not defined. Did you mean: 'float'?
-- TEST CASE 4:
---- input:
19
---- correct output:
56.24
-- ERROR:
Traceback (most recent call last):
  File "XXXX", line 2, in <module>
    dolar_neozelandes_= flot(input(*2.96))
                        ^^^^
NameError: name 'flot' is not defined. Did you mean: 'float'?
-- TEST CASE 5:
---- input:
21
---- correct output:
62.16
-- ERROR:
Traceback (most recent call last):
  File "XXXX", line 2, in <module>
    dolar_neozelandes_= flot(input(*2.96))
                        ^^^^
NameError: name 'flot' is not defined. Did you mean: 'float'?
-- TEST CASE 6:
---- input:
2
---- correct output:
5.92
-- ERROR:
Traceback (most recent call last):
  File "XXXX", line 2, in <module>
    dolar_neozelandes_= flot(input(*2.96))
                        ^^^^
NameError: name 'flot' is not defined. Did you mean: 'float'?
*-*-*-*-*-*-*-*-*-*-*-*-*-*-*-*-*-*-*-*-*-*-*-*
== SUBMISSION (2025-09-01 14:41:01)
-- CODE: 
valor_reais = float(int(input))
valor_dolares = float(valor_reais*2.96)
valor_dolares = float(valor_dolares)
print(valor_dolares)
-- EXECUTION TIME: 
0.0
-- TEST CASE 1:
---- input:
7
---- correct output:
20.72
-- ERROR:
Traceback (most recent call last):
  File "XXXX", line 1, in <module>
    valor_reais = float(int(input))
                        ^^^^^^^^^^
TypeError: int() argument must be a string, a bytes-like object or a real number, not 'builtin_function_or_method'
-- TEST CASE 2:
---- input:
1
---- correct output:
2.96
-- ERROR:
Traceback (most recent call last):
  File "XXXX", line 1, in <module>
    valor_reais = float(int(input))
                        ^^^^^^^^^^
TypeError: int() argument must be a string, a bytes-like object or a real number, not 'builtin_function_or_method'
-- TEST CASE 3:
---- input:
8
---- correct output:
23.68
-- ERROR:
Traceback (most recent call last):
  File "XXXX", line 1, in <module>
    valor_reais = float(int(input))
                        ^^^^^^^^^^
TypeError: int() argument must be a string, a bytes-like object or a real number, not 'builtin_function_or_method'
-- TEST CASE 4:
---- input:
19
---- correct output:
56.24
-- ERROR:
Traceback (most recent call last):
  File "XXXX", line 1, in <module>
    valor_reais = float(int(input))
                        ^^^^^^^^^^
TypeError: int() argument must be a string, a bytes-like object or a real number, not 'builtin_function_or_method'
-- TEST CASE 5:
---- input:
21
---- correct output:
62.16
-- ERROR:
Traceback (most recent call last):
  File "XXXX", line 1, in <module>
    valor_reais = float(int(input))
                        ^^^^^^^^^^
TypeError: int() argument must be a string, a bytes-like object or a real number, not 'builtin_function_or_method'
-- TEST CASE 6:
---- input:
2
---- correct output:
5.92
-- ERROR:
Traceback (most recent call last):
  File "XXXX", line 1, in <module>
    valor_reais = float(int(input))
                        ^^^^^^^^^^
TypeError: int() argument must be a string, a bytes-like object or a real number, not 'builtin_function_or_method'
-- GRADE:
0%
*-*-*-*-*-*-*-*-*-*-*-*-*-*-*-*-*-*-*-*-*-*-*-*
== RUN (2025-09-01 14:10:29)
-- CODE: 
valor_real = float(input())
dolar_neozelandes = (valor_real*2.96)
print(valor_neozelandes(round,2))
-- EXECUTION TIME: 
0.0
-- TEST CASE 1:
---- input:
7
---- correct output:
20.72
-- ERROR:
Traceback (most recent call last):
  File "XXXX", line 3, in <module>
    print(valor_neozelandes(round,2))
          ^^^^^^^^^^^^^^^^^
NameError: name 'valor_neozelandes' is not defined. Did you mean: 'dolar_neozelandes'?
-- TEST CASE 2:
---- input:
1
---- correct output:
2.96
-- ERROR:
Traceback (most recent call last):
  File "XXXX", line 3, in <module>
    print(valor_neozelandes(round,2))
          ^^^^^^^^^^^^^^^^^
NameError: name 'valor_neozelandes' is not defined. Did you mean: 'dolar_neozelandes'?
-- TEST CASE 3:
---- input:
8
---- correct output:
23.68
-- ERROR:
Traceback (most recent call last):
  File "XXXX", line 3, in <module>
    print(valor_neozelandes(round,2))
          ^^^^^^^^^^^^^^^^^
NameError: name 'valor_neozelandes' is not defined. Did you mean: 'dolar_neozelandes'?
-- TEST CASE 4:
---- input:
19
---- correct output:
56.24
-- ERROR:
Traceback (most recent call last):
  File "XXXX", line 3, in <module>
    print(valor_neozelandes(round,2))
          ^^^^^^^^^^^^^^^^^
NameError: name 'valor_neozelandes' is not defined. Did you mean: 'dolar_neozelandes'?
-- TEST CASE 5:
---- input:
21
---- correct output:
62.16
-- ERROR:
Traceback (most recent call last):
  File "XXXX", line 3, in <module>
    print(valor_neozelandes(round,2))
          ^^^^^^^^^^^^^^^^^
NameError: name 'valor_neozelandes' is not defined. Did you mean: 'dolar_neozelandes'?
-- TEST CASE 6:
---- input:
2
---- correct output:
5.92
-- ERROR:
Traceback (most recent call last):
  File "XXXX", line 3, in <module>
    print(valor_neozelandes(round,2))
          ^^^^^^^^^^^^^^^^^
NameError: name 'valor_neozelandes' is not defined. Did you mean: 'dolar_neozelandes'?
*-*-*-*-*-*-*-*-*-*-*-*-*-*-*-*-*-*-*-*-*-*-*-*
== SUBMISSION (2025-09-01 14:41:43)
-- CODE: 
valor_reais = float(int(input()))
valor_dolares = float(valor_reais*2.96)
valor_dolares = float(valor_dolares)
print(valor_dolares)
-- EXECUTION TIME: 
0.01
-- TEST CASE 1:
---- input:
7
---- correct output:
20.72
---- user output:
20.72
-- TEST CASE 2:
---- input:
1
---- correct output:
2.96
---- user output:
2.96
-- TEST CASE 3:
---- input:
8
---- correct output:
23.68
---- user output:
23.68
-- TEST CASE 4:
---- input:
19
---- correct output:
56.24
---- user output:
56.24
-- TEST CASE 5:
---- input:
21
---- correct output:
62.16
---- user output:
62.16
-- TEST CASE 6:
---- input:
2
---- correct output:
5.92
---- user output:
5.92
-- GRADE:
100%
*-*-*-*-*-*-*-*-*-*-*-*-*-*-*-*-*-*-*-*-*-*-*-*
== RUN (2025-09-01 14:39:58)
-- CODE: 
valor_reais = float(int(input))
valor_dolares = float(valor_reais*2.96)
valor_dolares = float(valor_dolares)
print(vallor_dolares)
-- EXECUTION TIME: 
0.0
-- TEST CASE 1:
---- input:
7
---- correct output:
20.72
-- ERROR:
Traceback (most recent call last):
  File "XXXX", line 1, in <module>
    valor_reais = float(int(input))
                        ^^^^^^^^^^
TypeError: int() argument must be a string, a bytes-like object or a real number, not 'builtin_function_or_method'
-- TEST CASE 2:
---- input:
1
---- correct output:
2.96
-- ERROR:
Traceback (most recent call last):
  File "XXXX", line 1, in <module>
    valor_reais = float(int(input))
                        ^^^^^^^^^^
TypeError: int() argument must be a string, a bytes-like object or a real number, not 'builtin_function_or_method'
-- TEST CASE 3:
---- input:
8
---- correct output:
23.68
-- ERROR:
Traceback (most recent call last):
  File "XXXX", line 1, in <module>
    valor_reais = float(int(input))
                        ^^^^^^^^^^
TypeError: int() argument must be a string, a bytes-like object or a real number, not 'builtin_function_or_method'
-- TEST CASE 4:
---- input:
19
---- correct output:
56.24
-- ERROR:
Traceback (most recent call last):
  File "XXXX", line 1, in <module>
    valor_reais = float(int(input))
                        ^^^^^^^^^^
TypeError: int() argument must be a string, a bytes-like object or a real number, not 'builtin_function_or_method'
-- TEST CASE 5:
---- input:
21
---- correct output:
62.16
-- ERROR:
Traceback (most recent call last):
  File "XXXX", line 1, in <module>
    valor_reais = float(int(input))
                        ^^^^^^^^^^
TypeError: int() argument must be a string, a bytes-like object or a real number, not 'builtin_function_or_method'
-- TEST CASE 6:
---- input:
2
---- correct output:
5.92
-- ERROR:
Traceback (most recent call last):
  File "XXXX", line 1, in <module>
    valor_reais = float(int(input))
                        ^^^^^^^^^^
TypeError: int() argument must be a string, a bytes-like object or a real number, not 'builtin_function_or_method'
*-*-*-*-*-*-*-*-*-*-*-*-*-*-*-*-*-*-*-*-*-*-*-*
== SUBMISSION (2025-09-01 14:25:17)
-- CODE: 
Dolar = float(input())
Reais = dolar*2.96
print(round(dolar,2))
-- EXECUTION TIME: 
0.0
-- TEST CASE 1:
---- input:
7
---- correct output:
20.72
-- ERROR:
Traceback (most recent call last):
  File "XXXX", line 2, in <module>
    Reais = dolar*2.96
            ^^^^^
NameError: name 'dolar' is not defined. Did you mean: 'Dolar'?
-- TEST CASE 2:
---- input:
1
---- correct output:
2.96
-- ERROR:
Traceback (most recent call last):
  File "XXXX", line 2, in <module>
    Reais = dolar*2.96
            ^^^^^
NameError: name 'dolar' is not defined. Did you mean: 'Dolar'?
-- TEST CASE 3:
---- input:
8
---- correct output:
23.68
-- ERROR:
Traceback (most recent call last):
  File "XXXX", line 2, in <module>
    Reais = dolar*2.96
            ^^^^^
NameError: name 'dolar' is not defined. Did you mean: 'Dolar'?
-- TEST CASE 4:
---- input:
19
---- correct output:
56.24
-- ERROR:
Traceback (most recent call last):
  File "XXXX", line 2, in <module>
    Reais = dolar*2.96
            ^^^^^
NameError: name 'dolar' is not defined. Did you mean: 'Dolar'?
-- TEST CASE 5:
---- input:
21
---- correct output:
62.16
-- ERROR:
Traceback (most recent call last):
  File "XXXX", line 2, in <module>
    Reais = dolar*2.96
            ^^^^^
NameError: name 'dolar' is not defined. Did you mean: 'Dolar'?
-- TEST CASE 6:
---- input:
2
---- correct output:
5.92
-- ERROR:
Traceback (most recent call last):
  File "XXXX", line 2, in <module>
    Reais = dolar*2.96
            ^^^^^
NameError: name 'dolar' is not defined. Did you mean: 'Dolar'?
-- GRADE:
0%
*-*-*-*-*-*-*-*-*-*-*-*-*-*-*-*-*-*-*-*-*-*-*-*
== RUN (2025-09-01 14:17:17)
-- CODE: 
valor_real = float(input())
dolar_neozelandes_= flot(input(*2.96))
dolar_neozelandes = float(input(valor_real*2.96))
print(valor_neozelandes(round,2))

-- EXECUTION TIME: 
0.0
-- TEST CASE 1:
---- input:
7
---- correct output:
20.72
-- ERROR:
Traceback (most recent call last):
  File "XXXX", line 2, in <module>
    dolar_neozelandes_= flot(input(*2.96))
                        ^^^^
NameError: name 'flot' is not defined. Did you mean: 'float'?
-- TEST CASE 2:
---- input:
1
---- correct output:
2.96
-- ERROR:
Traceback (most recent call last):
  File "XXXX", line 2, in <module>
    dolar_neozelandes_= flot(input(*2.96))
                        ^^^^
NameError: name 'flot' is not defined. Did you mean: 'float'?
-- TEST CASE 3:
---- input:
8
---- correct output:
23.68
-- ERROR:
Traceback (most recent call last):
  File "XXXX", line 2, in <module>
    dolar_neozelandes_= flot(input(*2.96))
                        ^^^^
NameError: name 'flot' is not defined. Did you mean: 'float'?
-- TEST CASE 4:
---- input:
19
---- correct output:
56.24
-- ERROR:
Traceback (most recent call last):
  File "XXXX", line 2, in <module>
    dolar_neozelandes_= flot(input(*2.96))
                        ^^^^
NameError: name 'flot' is not defined. Did you mean: 'float'?
-- TEST CASE 5:
---- input:
21
---- correct output:
62.16
-- ERROR:
Traceback (most recent call last):
  File "XXXX", line 2, in <module>
    dolar_neozelandes_= flot(input(*2.96))
                        ^^^^
NameError: name 'flot' is not defined. Did you mean: 'float'?
-- TEST CASE 6:
---- input:
2
---- correct output:
5.92
-- ERROR:
Traceback (most recent call last):
  File "XXXX", line 2, in <module>
    dolar_neozelandes_= flot(input(*2.96))
                        ^^^^
NameError: name 'flot' is not defined. Did you mean: 'float'?
*-*-*-*-*-*-*-*-*-*-*-*-*-*-*-*-*-*-*-*-*-*-*-*
== SUBMISSION (2025-09-01 14:09:43)
-- CODE: 
valor_real = float(input())
dolar_neozelandes = (valor_real*2.96)
print(valor_real(round,2))
-- EXECUTION TIME: 
0.0
-- TEST CASE 1:
---- input:
7
---- correct output:
20.72
-- ERROR:
Traceback (most recent call last):
  File "XXXX", line 3, in <module>
    print(valor_real(round,2))
          ^^^^^^^^^^^^^^^^^^^
TypeError: 'float' object is not callable
-- TEST CASE 2:
---- input:
1
---- correct output:
2.96
-- ERROR:
Traceback (most recent call last):
  File "XXXX", line 3, in <module>
    print(valor_real(round,2))
          ^^^^^^^^^^^^^^^^^^^
TypeError: 'float' object is not callable
-- TEST CASE 3:
---- input:
8
---- correct output:
23.68
-- ERROR:
Traceback (most recent call last):
  File "XXXX", line 3, in <module>
    print(valor_real(round,2))
          ^^^^^^^^^^^^^^^^^^^
TypeError: 'float' object is not callable
-- TEST CASE 4:
---- input:
19
---- correct output:
56.24
-- ERROR:
Traceback (most recent call last):
  File "XXXX", line 3, in <module>
    print(valor_real(round,2))
          ^^^^^^^^^^^^^^^^^^^
TypeError: 'float' object is not callable
-- TEST CASE 5:
---- input:
21
---- correct output:
62.16
-- ERROR:
Traceback (most recent call last):
  File "XXXX", line 3, in <module>
    print(valor_real(round,2))
          ^^^^^^^^^^^^^^^^^^^
TypeError: 'float' object is not callable
-- TEST CASE 6:
---- input:
2
---- correct output:
5.92
-- ERROR:
Traceback (most recent call last):
  File "XXXX", line 3, in <module>
    print(valor_real(round,2))
          ^^^^^^^^^^^^^^^^^^^
TypeError: 'float' object is not callable
-- GRADE:
0%
*-*-*-*-*-*-*-*-*-*-*-*-*-*-*-*-*-*-*-*-*-*-*-*
== RUN (2025-09-01 14:17:01)
-- CODE: 
valor_real = float(input())
dolar_neozelandes_= flot(input(*2.96))
dolar_neozelandes = float(input(valor_real*2.96))
print(valor_neozelandes(round,2))

-- EXECUTION TIME: 
0.0
-- TEST CASE 1:
---- input:
7
---- correct output:
20.72
-- ERROR:
Traceback (most recent call last):
  File "XXXX", line 2, in <module>
    dolar_neozelandes_= flot(input(*2.96))
                        ^^^^
NameError: name 'flot' is not defined. Did you mean: 'float'?
-- TEST CASE 2:
---- input:
1
---- correct output:
2.96
-- ERROR:
Traceback (most recent call last):
  File "XXXX", line 2, in <module>
    dolar_neozelandes_= flot(input(*2.96))
                        ^^^^
NameError: name 'flot' is not defined. Did you mean: 'float'?
-- TEST CASE 3:
---- input:
8
---- correct output:
23.68
-- ERROR:
Traceback (most recent call last):
  File "XXXX", line 2, in <module>
    dolar_neozelandes_= flot(input(*2.96))
                        ^^^^
NameError: name 'flot' is not defined. Did you mean: 'float'?
-- TEST CASE 4:
---- input:
19
---- correct output:
56.24
-- ERROR:
Traceback (most recent call last):
  File "XXXX", line 2, in <module>
    dolar_neozelandes_= flot(input(*2.96))
                        ^^^^
NameError: name 'flot' is not defined. Did you mean: 'float'?
-- TEST CASE 5:
---- input:
21
---- correct output:
62.16
-- ERROR:
Traceback (most recent call last):
  File "XXXX", line 2, in <module>
    dolar_neozelandes_= flot(input(*2.96))
                        ^^^^
NameError: name 'flot' is not defined. Did you mean: 'float'?
-- TEST CASE 6:
---- input:
2
---- correct output:
5.92
-- ERROR:
Traceback (most recent call last):
  File "XXXX", line 2, in <module>
    dolar_neozelandes_= flot(input(*2.96))
                        ^^^^
NameError: name 'flot' is not defined. Did you mean: 'float'?
*-*-*-*-*-*-*-*-*-*-*-*-*-*-*-*-*-*-*-*-*-*-*-*
== SUBMISSION (2025-09-01 14:40:26)
-- CODE: 
valor_reais = float(int(input)))
valor_dolares = float(valor_reais*2.96)
valor_dolares = float(valor_dolares)
print(vallor_dolares)
-- EXECUTION TIME: 
0.0
-- TEST CASE 1:
---- input:
7
---- correct output:
20.72
-- ERROR:
File "XXXX", line 1
    valor_reais = float(int(input)))
                                   ^
SyntaxError: unmatched ')'
-- TEST CASE 2:
---- input:
1
---- correct output:
2.96
-- ERROR:
File "XXXX", line 1
    valor_reais = float(int(input)))
                                   ^
SyntaxError: unmatched ')'
-- TEST CASE 3:
---- input:
8
---- correct output:
23.68
-- ERROR:
File "XXXX", line 1
    valor_reais = float(int(input)))
                                   ^
SyntaxError: unmatched ')'
-- TEST CASE 4:
---- input:
19
---- correct output:
56.24
-- ERROR:
File "XXXX", line 1
    valor_reais = float(int(input)))
                                   ^
SyntaxError: unmatched ')'
-- TEST CASE 5:
---- input:
21
---- correct output:
62.16
-- ERROR:
File "XXXX", line 1
    valor_reais = float(int(input)))
                                   ^
SyntaxError: unmatched ')'
-- TEST CASE 6:
---- input:
2
---- correct output:
5.92
-- ERROR:
File "XXXX", line 1
    valor_reais = float(int(input)))
                                   ^
SyntaxError: unmatched ')'
-- GRADE:
0%
*-*-*-*-*-*-*-*-*-*-*-*-*-*-*-*-*-*-*-*-*-*-*-*
== RUN (2025-09-01 14:12:51)
-- CODE: 
valor_real = float(input())
dolar_neozelandes_= flot(input())
dolar_neozelandes = float(input(valor_real*2.96))
print(valor_neozelandes(round,2))
-- EXECUTION TIME: 
0.0
-- TEST CASE 1:
---- input:
7
---- correct output:
20.72
-- ERROR:
Traceback (most recent call last):
  File "XXXX", line 2, in <module>
    dolar_neozelandes_= flot(input())
                        ^^^^
NameError: name 'flot' is not defined. Did you mean: 'float'?
-- TEST CASE 2:
---- input:
1
---- correct output:
2.96
-- ERROR:
Traceback (most recent call last):
  File "XXXX", line 2, in <module>
    dolar_neozelandes_= flot(input())
                        ^^^^
NameError: name 'flot' is not defined. Did you mean: 'float'?
-- TEST CASE 3:
---- input:
8
---- correct output:
23.68
-- ERROR:
Traceback (most recent call last):
  File "XXXX", line 2, in <module>
    dolar_neozelandes_= flot(input())
                        ^^^^
NameError: name 'flot' is not defined. Did you mean: 'float'?
-- TEST CASE 4:
---- input:
19
---- correct output:
56.24
-- ERROR:
Traceback (most recent call last):
  File "XXXX", line 2, in <module>
    dolar_neozelandes_= flot(input())
                        ^^^^
NameError: name 'flot' is not defined. Did you mean: 'float'?
-- TEST CASE 5:
---- input:
21
---- correct output:
62.16
-- ERROR:
Traceback (most recent call last):
  File "XXXX", line 2, in <module>
    dolar_neozelandes_= flot(input())
                        ^^^^
NameError: name 'flot' is not defined. Did you mean: 'float'?
-- TEST CASE 6:
---- input:
2
---- correct output:
5.92
-- ERROR:
Traceback (most recent call last):
  File "XXXX", line 2, in <module>
    dolar_neozelandes_= flot(input())
                        ^^^^
NameError: name 'flot' is not defined. Did you mean: 'float'?
*-*-*-*-*-*-*-*-*-*-*-*-*-*-*-*-*-*-*-*-*-*-*-*
== SUBMISSION (2025-09-01 14:12:45)
-- CODE: 
valor_real = float(input())
dolar_neozelandes_= flot(input())
dolar_neozelandes = float(input(valor_real*2.96))
print(valor_neozelandes(round,2))
-- EXECUTION TIME: 
0.0
-- TEST CASE 1:
---- input:
7
---- correct output:
20.72
-- ERROR:
Traceback (most recent call last):
  File "XXXX", line 2, in <module>
    dolar_neozelandes_= flot(input())
                        ^^^^
NameError: name 'flot' is not defined. Did you mean: 'float'?
-- TEST CASE 2:
---- input:
1
---- correct output:
2.96
-- ERROR:
Traceback (most recent call last):
  File "XXXX", line 2, in <module>
    dolar_neozelandes_= flot(input())
                        ^^^^
NameError: name 'flot' is not defined. Did you mean: 'float'?
-- TEST CASE 3:
---- input:
8
---- correct output:
23.68
-- ERROR:
Traceback (most recent call last):
  File "XXXX", line 2, in <module>
    dolar_neozelandes_= flot(input())
                        ^^^^
NameError: name 'flot' is not defined. Did you mean: 'float'?
-- TEST CASE 4:
---- input:
19
---- correct output:
56.24
-- ERROR:
Traceback (most recent call last):
  File "XXXX", line 2, in <module>
    dolar_neozelandes_= flot(input())
                        ^^^^
NameError: name 'flot' is not defined. Did you mean: 'float'?
-- TEST CASE 5:
---- input:
21
---- correct output:
62.16
-- ERROR:
Traceback (most recent call last):
  File "XXXX", line 2, in <module>
    dolar_neozelandes_= flot(input())
                        ^^^^
NameError: name 'flot' is not defined. Did you mean: 'float'?
-- TEST CASE 6:
---- input:
2
---- correct output:
5.92
-- ERROR:
Traceback (most recent call last):
  File "XXXX", line 2, in <module>
    dolar_neozelandes_= flot(input())
                        ^^^^
NameError: name 'flot' is not defined. Did you mean: 'float'?
-- GRADE:
0%
*-*-*-*-*-*-*-*-*-*-*-*-*-*-*-*-*-*-*-*-*-*-*-*
== SUBMISSION (2025-09-01 14:40:45)
-- CODE: 
valor_reais = float(int(input))
valor_dolares = float(valor_reais*2.96)
valor_dolares = float(valor_dolares)
print(valor_dolares)
-- EXECUTION TIME: 
0.0
-- TEST CASE 1:
---- input:
7
---- correct output:
20.72
-- ERROR:
Traceback (most recent call last):
  File "XXXX", line 1, in <module>
    valor_reais = float(int(input))
                        ^^^^^^^^^^
TypeError: int() argument must be a string, a bytes-like object or a real number, not 'builtin_function_or_method'
-- TEST CASE 2:
---- input:
1
---- correct output:
2.96
-- ERROR:
Traceback (most recent call last):
  File "XXXX", line 1, in <module>
    valor_reais = float(int(input))
                        ^^^^^^^^^^
TypeError: int() argument must be a string, a bytes-like object or a real number, not 'builtin_function_or_method'
-- TEST CASE 3:
---- input:
8
---- correct output:
23.68
-- ERROR:
Traceback (most recent call last):
  File "XXXX", line 1, in <module>
    valor_reais = float(int(input))
                        ^^^^^^^^^^
TypeError: int() argument must be a string, a bytes-like object or a real number, not 'builtin_function_or_method'
-- TEST CASE 4:
---- input:
19
---- correct output:
56.24
-- ERROR:
Traceback (most recent call last):
  File "XXXX", line 1, in <module>
    valor_reais = float(int(input))
                        ^^^^^^^^^^
TypeError: int() argument must be a string, a bytes-like object or a real number, not 'builtin_function_or_method'
-- TEST CASE 5:
---- input:
21
---- correct output:
62.16
-- ERROR:
Traceback (most recent call last):
  File "XXXX", line 1, in <module>
    valor_reais = float(int(input))
                        ^^^^^^^^^^
TypeError: int() argument must be a string, a bytes-like object or a real number, not 'builtin_function_or_method'
-- TEST CASE 6:
---- input:
2
---- correct output:
5.92
-- ERROR:
Traceback (most recent call last):
  File "XXXX", line 1, in <module>
    valor_reais = float(int(input))
                        ^^^^^^^^^^
TypeError: int() argument must be a string, a bytes-like object or a real number, not 'builtin_function_or_method'
-- GRADE:
0%
*-*-*-*-*-*-*-*-*-*-*-*-*-*-*-*-*-*-*-*-*-*-*-*
== RUN (2025-09-01 14:41:40)
-- CODE: 
valor_reais = float(int(input()))
valor_dolares = float(valor_reais*2.96)
valor_dolares = float(valor_dolares)
print(valor_dolares)
-- EXECUTION TIME: 
0.0
-- TEST CASE 1:
---- input:
7
---- correct output:
20.72
---- user output:
20.72
-- TEST CASE 2:
---- input:
1
---- correct output:
2.96
---- user output:
2.96
-- TEST CASE 3:
---- input:
8
---- correct output:
23.68
---- user output:
23.68
-- TEST CASE 4:
---- input:
19
---- correct output:
56.24
---- user output:
56.24
-- TEST CASE 5:
---- input:
21
---- correct output:
62.16
---- user output:
62.16
-- TEST CASE 6:
---- input:
2
---- correct output:
5.92
---- user output:
5.92
*-*-*-*-*-*-*-*-*-*-*-*-*-*-*-*-*-*-*-*-*-*-*-*
== SUBMISSION (2025-09-01 14:40:47)
-- CODE: 
valor_reais = float(int(input))
valor_dolares = float(valor_reais*2.96)
valor_dolares = float(valor_dolares)
print(valor_dolares)
-- EXECUTION TIME: 
0.0
-- TEST CASE 1:
---- input:
7
---- correct output:
20.72
-- ERROR:
Traceback (most recent call last):
  File "XXXX", line 1, in <module>
    valor_reais = float(int(input))
                        ^^^^^^^^^^
TypeError: int() argument must be a string, a bytes-like object or a real number, not 'builtin_function_or_method'
-- TEST CASE 2:
---- input:
1
---- correct output:
2.96
-- ERROR:
Traceback (most recent call last):
  File "XXXX", line 1, in <module>
    valor_reais = float(int(input))
                        ^^^^^^^^^^
TypeError: int() argument must be a string, a bytes-like object or a real number, not 'builtin_function_or_method'
-- TEST CASE 3:
---- input:
8
---- correct output:
23.68
-- ERROR:
Traceback (most recent call last):
  File "XXXX", line 1, in <module>
    valor_reais = float(int(input))
                        ^^^^^^^^^^
TypeError: int() argument must be a string, a bytes-like object or a real number, not 'builtin_function_or_method'
-- TEST CASE 4:
---- input:
19
---- correct output:
56.24
-- ERROR:
Traceback (most recent call last):
  File "XXXX", line 1, in <module>
    valor_reais = float(int(input))
                        ^^^^^^^^^^
TypeError: int() argument must be a string, a bytes-like object or a real number, not 'builtin_function_or_method'
-- TEST CASE 5:
---- input:
21
---- correct output:
62.16
-- ERROR:
Traceback (most recent call last):
  File "XXXX", line 1, in <module>
    valor_reais = float(int(input))
                        ^^^^^^^^^^
TypeError: int() argument must be a string, a bytes-like object or a real number, not 'builtin_function_or_method'
-- TEST CASE 6:
---- input:
2
---- correct output:
5.92
-- ERROR:
Traceback (most recent call last):
  File "XXXX", line 1, in <module>
    valor_reais = float(int(input))
                        ^^^^^^^^^^
TypeError: int() argument must be a string, a bytes-like object or a real number, not 'builtin_function_or_method'
-- GRADE:
0%
*-*-*-*-*-*-*-*-*-*-*-*-*-*-*-*-*-*-*-*-*-*-*-*
== RUN (2025-09-01 14:40:27)
-- CODE: 
valor_reais = float(int(input)))
valor_dolares = float(valor_reais*2.96)
valor_dolares = float(valor_dolares)
print(vallor_dolares)
-- EXECUTION TIME: 
0.0
-- TEST CASE 1:
---- input:
7
---- correct output:
20.72
-- ERROR:
File "XXXX", line 1
    valor_reais = float(int(input)))
                                   ^
SyntaxError: unmatched ')'
-- TEST CASE 2:
---- input:
1
---- correct output:
2.96
-- ERROR:
File "XXXX", line 1
    valor_reais = float(int(input)))
                                   ^
SyntaxError: unmatched ')'
-- TEST CASE 3:
---- input:
8
---- correct output:
23.68
-- ERROR:
File "XXXX", line 1
    valor_reais = float(int(input)))
                                   ^
SyntaxError: unmatched ')'
-- TEST CASE 4:
---- input:
19
---- correct output:
56.24
-- ERROR:
File "XXXX", line 1
    valor_reais = float(int(input)))
                                   ^
SyntaxError: unmatched ')'
-- TEST CASE 5:
---- input:
21
---- correct output:
62.16
-- ERROR:
File "XXXX", line 1
    valor_reais = float(int(input)))
                                   ^
SyntaxError: unmatched ')'
-- TEST CASE 6:
---- input:
2
---- correct output:
5.92
-- ERROR:
File "XXXX", line 1
    valor_reais = float(int(input)))
                                   ^
SyntaxError: unmatched ')'
*-*-*-*-*-*-*-*-*-*-*-*-*-*-*-*-*-*-*-*-*-*-*-*
== RUN (2025-09-01 14:41:10)
-- CODE: 
valor_reais = float(int(input))
valor_dolares = float(valor_reais*2.96)
valor_dolares = float(valor_dolares)
print(valor_dolares)
-- EXECUTION TIME: 
0.0
-- TEST CASE 1:
---- input:
7
---- correct output:
20.72
-- ERROR:
Traceback (most recent call last):
  File "XXXX", line 1, in <module>
    valor_reais = float(int(input))
                        ^^^^^^^^^^
TypeError: int() argument must be a string, a bytes-like object or a real number, not 'builtin_function_or_method'
-- TEST CASE 2:
---- input:
1
---- correct output:
2.96
-- ERROR:
Traceback (most recent call last):
  File "XXXX", line 1, in <module>
    valor_reais = float(int(input))
                        ^^^^^^^^^^
TypeError: int() argument must be a string, a bytes-like object or a real number, not 'builtin_function_or_method'
-- TEST CASE 3:
---- input:
8
---- correct output:
23.68
-- ERROR:
Traceback (most recent call last):
  File "XXXX", line 1, in <module>
    valor_reais = float(int(input))
                        ^^^^^^^^^^
TypeError: int() argument must be a string, a bytes-like object or a real number, not 'builtin_function_or_method'
-- TEST CASE 4:
---- input:
19
---- correct output:
56.24
-- ERROR:
Traceback (most recent call last):
  File "XXXX", line 1, in <module>
    valor_reais = float(int(input))
                        ^^^^^^^^^^
TypeError: int() argument must be a string, a bytes-like object or a real number, not 'builtin_function_or_method'
-- TEST CASE 5:
---- input:
21
---- correct output:
62.16
-- ERROR:
Traceback (most recent call last):
  File "XXXX", line 1, in <module>
    valor_reais = float(int(input))
                        ^^^^^^^^^^
TypeError: int() argument must be a string, a bytes-like object or a real number, not 'builtin_function_or_method'
-- TEST CASE 6:
---- input:
2
---- correct output:
5.92
-- ERROR:
Traceback (most recent call last):
  File "XXXX", line 1, in <module>
    valor_reais = float(int(input))
                        ^^^^^^^^^^
TypeError: int() argument must be a string, a bytes-like object or a real number, not 'builtin_function_or_method'
*-*-*-*-*-*-*-*-*-*-*-*-*-*-*-*-*-*-*-*-*-*-*-*
== SUBMISSION (2025-09-01 14:10:31)
-- CODE: 
valor_real = float(input())
dolar_neozelandes = (valor_real*2.96)
print(valor_neozelandes(round,2))
-- EXECUTION TIME: 
0.0
-- TEST CASE 1:
---- input:
7
---- correct output:
20.72
-- ERROR:
Traceback (most recent call last):
  File "XXXX", line 3, in <module>
    print(valor_neozelandes(round,2))
          ^^^^^^^^^^^^^^^^^
NameError: name 'valor_neozelandes' is not defined. Did you mean: 'dolar_neozelandes'?
-- TEST CASE 2:
---- input:
1
---- correct output:
2.96
-- ERROR:
Traceback (most recent call last):
  File "XXXX", line 3, in <module>
    print(valor_neozelandes(round,2))
          ^^^^^^^^^^^^^^^^^
NameError: name 'valor_neozelandes' is not defined. Did you mean: 'dolar_neozelandes'?
-- TEST CASE 3:
---- input:
8
---- correct output:
23.68
-- ERROR:
Traceback (most recent call last):
  File "XXXX", line 3, in <module>
    print(valor_neozelandes(round,2))
          ^^^^^^^^^^^^^^^^^
NameError: name 'valor_neozelandes' is not defined. Did you mean: 'dolar_neozelandes'?
-- TEST CASE 4:
---- input:
19
---- correct output:
56.24
-- ERROR:
Traceback (most recent call last):
  File "XXXX", line 3, in <module>
    print(valor_neozelandes(round,2))
          ^^^^^^^^^^^^^^^^^
NameError: name 'valor_neozelandes' is not defined. Did you mean: 'dolar_neozelandes'?
-- TEST CASE 5:
---- input:
21
---- correct output:
62.16
-- ERROR:
Traceback (most recent call last):
  File "XXXX", line 3, in <module>
    print(valor_neozelandes(round,2))
          ^^^^^^^^^^^^^^^^^
NameError: name 'valor_neozelandes' is not defined. Did you mean: 'dolar_neozelandes'?
-- TEST CASE 6:
---- input:
2
---- correct output:
5.92
-- ERROR:
Traceback (most recent call last):
  File "XXXX", line 3, in <module>
    print(valor_neozelandes(round,2))
          ^^^^^^^^^^^^^^^^^
NameError: name 'valor_neozelandes' is not defined. Did you mean: 'dolar_neozelandes'?
-- GRADE:
0%
*-*-*-*-*-*-*-*-*-*-*-*-*-*-*-*-*-*-*-*-*-*-*-*
== RUN (2025-09-01 14:12:43)
-- CODE: 
valor_real = float(input())
dolar_neozelandes_= flot(input())
dolar_neozelandes = float(input(valor_real*2.96))
print(valor_neozelandes(round,2))
-- EXECUTION TIME: 
0.0
-- TEST CASE 1:
---- input:
7
---- correct output:
20.72
-- ERROR:
Traceback (most recent call last):
  File "XXXX", line 2, in <module>
    dolar_neozelandes_= flot(input())
                        ^^^^
NameError: name 'flot' is not defined. Did you mean: 'float'?
-- TEST CASE 2:
---- input:
1
---- correct output:
2.96
-- ERROR:
Traceback (most recent call last):
  File "XXXX", line 2, in <module>
    dolar_neozelandes_= flot(input())
                        ^^^^
NameError: name 'flot' is not defined. Did you mean: 'float'?
-- TEST CASE 3:
---- input:
8
---- correct output:
23.68
-- ERROR:
Traceback (most recent call last):
  File "XXXX", line 2, in <module>
    dolar_neozelandes_= flot(input())
                        ^^^^
NameError: name 'flot' is not defined. Did you mean: 'float'?
-- TEST CASE 4:
---- input:
19
---- correct output:
56.24
-- ERROR:
Traceback (most recent call last):
  File "XXXX", line 2, in <module>
    dolar_neozelandes_= flot(input())
                        ^^^^
NameError: name 'flot' is not defined. Did you mean: 'float'?
-- TEST CASE 5:
---- input:
21
---- correct output:
62.16
-- ERROR:
Traceback (most recent call last):
  File "XXXX", line 2, in <module>
    dolar_neozelandes_= flot(input())
                        ^^^^
NameError: name 'flot' is not defined. Did you mean: 'float'?
-- TEST CASE 6:
---- input:
2
---- correct output:
5.92
-- ERROR:
Traceback (most recent call last):
  File "XXXX", line 2, in <module>
    dolar_neozelandes_= flot(input())
                        ^^^^
NameError: name 'flot' is not defined. Did you mean: 'float'?
*-*-*-*-*-*-*-*-*-*-*-*-*-*-*-*-*-*-*-*-*-*-*-*
== RUN (2025-09-01 14:09:33)
-- CODE: 
valor_real = float(input())
dolar_neozelandes = (valor_real*2.96)
print(valor_real(round,2))
-- EXECUTION TIME: 
0.0
-- TEST CASE 1:
---- input:
7
---- correct output:
20.72
-- ERROR:
Traceback (most recent call last):
  File "XXXX", line 3, in <module>
    print(valor_real(round,2))
          ^^^^^^^^^^^^^^^^^^^
TypeError: 'float' object is not callable
-- TEST CASE 2:
---- input:
1
---- correct output:
2.96
-- ERROR:
Traceback (most recent call last):
  File "XXXX", line 3, in <module>
    print(valor_real(round,2))
          ^^^^^^^^^^^^^^^^^^^
TypeError: 'float' object is not callable
-- TEST CASE 3:
---- input:
8
---- correct output:
23.68
-- ERROR:
Traceback (most recent call last):
  File "XXXX", line 3, in <module>
    print(valor_real(round,2))
          ^^^^^^^^^^^^^^^^^^^
TypeError: 'float' object is not callable
-- TEST CASE 4:
---- input:
19
---- correct output:
56.24
-- ERROR:
Traceback (most recent call last):
  File "XXXX", line 3, in <module>
    print(valor_real(round,2))
          ^^^^^^^^^^^^^^^^^^^
TypeError: 'float' object is not callable
-- TEST CASE 5:
---- input:
21
---- correct output:
62.16
-- ERROR:
Traceback (most recent call last):
  File "XXXX", line 3, in <module>
    print(valor_real(round,2))
          ^^^^^^^^^^^^^^^^^^^
TypeError: 'float' object is not callable
-- TEST CASE 6:
---- input:
2
---- correct output:
5.92
-- ERROR:
Traceback (most recent call last):
  File "XXXX", line 3, in <module>
    print(valor_real(round,2))
          ^^^^^^^^^^^^^^^^^^^
TypeError: 'float' object is not callable
*-*-*-*-*-*-*-*-*-*-*-*-*-*-*-*-*-*-*-*-*-*-*-*
== SUBMISSION (2025-09-01 14:35:47)
-- CODE: 
valor_reais = float(int(input))
valor_dolares = float(valor_reais*2.96)
round(dolar,2)

-- EXECUTION TIME: 
0.0
-- TEST CASE 1:
---- input:
7
---- correct output:
20.72
-- ERROR:
Traceback (most recent call last):
  File "XXXX", line 1, in <module>
    valor_reais = float(int(input))
                        ^^^^^^^^^^
TypeError: int() argument must be a string, a bytes-like object or a real number, not 'builtin_function_or_method'
-- TEST CASE 2:
---- input:
1
---- correct output:
2.96
-- ERROR:
Traceback (most recent call last):
  File "XXXX", line 1, in <module>
    valor_reais = float(int(input))
                        ^^^^^^^^^^
TypeError: int() argument must be a string, a bytes-like object or a real number, not 'builtin_function_or_method'
-- TEST CASE 3:
---- input:
8
---- correct output:
23.68
-- ERROR:
Traceback (most recent call last):
  File "XXXX", line 1, in <module>
    valor_reais = float(int(input))
                        ^^^^^^^^^^
TypeError: int() argument must be a string, a bytes-like object or a real number, not 'builtin_function_or_method'
-- TEST CASE 4:
---- input:
19
---- correct output:
56.24
-- ERROR:
Traceback (most recent call last):
  File "XXXX", line 1, in <module>
    valor_reais = float(int(input))
                        ^^^^^^^^^^
TypeError: int() argument must be a string, a bytes-like object or a real number, not 'builtin_function_or_method'
-- TEST CASE 5:
---- input:
21
---- correct output:
62.16
-- ERROR:
Traceback (most recent call last):
  File "XXXX", line 1, in <module>
    valor_reais = float(int(input))
                        ^^^^^^^^^^
TypeError: int() argument must be a string, a bytes-like object or a real number, not 'builtin_function_or_method'
-- TEST CASE 6:
---- input:
2
---- correct output:
5.92
-- ERROR:
Traceback (most recent call last):
  File "XXXX", line 1, in <module>
    valor_reais = float(int(input))
                        ^^^^^^^^^^
TypeError: int() argument must be a string, a bytes-like object or a real number, not 'builtin_function_or_method'
-- GRADE:
0%
*-*-*-*-*-*-*-*-*-*-*-*-*-*-*-*-*-*-*-*-*-*-*-*
== RUN (2025-09-01 14:35:46)
-- CODE: 
valor_reais = float(int(input))
valor_dolares = float(valor_reais*2.96)
round(dolar,2)

-- EXECUTION TIME: 
0.0
-- TEST CASE 1:
---- input:
7
---- correct output:
20.72
-- ERROR:
Traceback (most recent call last):
  File "XXXX", line 1, in <module>
    valor_reais = float(int(input))
                        ^^^^^^^^^^
TypeError: int() argument must be a string, a bytes-like object or a real number, not 'builtin_function_or_method'
-- TEST CASE 2:
---- input:
1
---- correct output:
2.96
-- ERROR:
Traceback (most recent call last):
  File "XXXX", line 1, in <module>
    valor_reais = float(int(input))
                        ^^^^^^^^^^
TypeError: int() argument must be a string, a bytes-like object or a real number, not 'builtin_function_or_method'
-- TEST CASE 3:
---- input:
8
---- correct output:
23.68
-- ERROR:
Traceback (most recent call last):
  File "XXXX", line 1, in <module>
    valor_reais = float(int(input))
                        ^^^^^^^^^^
TypeError: int() argument must be a string, a bytes-like object or a real number, not 'builtin_function_or_method'
-- TEST CASE 4:
---- input:
19
---- correct output:
56.24
-- ERROR:
Traceback (most recent call last):
  File "XXXX", line 1, in <module>
    valor_reais = float(int(input))
                        ^^^^^^^^^^
TypeError: int() argument must be a string, a bytes-like object or a real number, not 'builtin_function_or_method'
-- TEST CASE 5:
---- input:
21
---- correct output:
62.16
-- ERROR:
Traceback (most recent call last):
  File "XXXX", line 1, in <module>
    valor_reais = float(int(input))
                        ^^^^^^^^^^
TypeError: int() argument must be a string, a bytes-like object or a real number, not 'builtin_function_or_method'
-- TEST CASE 6:
---- input:
2
---- correct output:
5.92
-- ERROR:
Traceback (most recent call last):
  File "XXXX", line 1, in <module>
    valor_reais = float(int(input))
                        ^^^^^^^^^^
TypeError: int() argument must be a string, a bytes-like object or a real number, not 'builtin_function_or_method'
*-*-*-*-*-*-*-*-*-*-*-*-*-*-*-*-*-*-*-*-*-*-*-*
== RUN (2025-09-01 14:40:55)
-- CODE: 
valor_reais = float(int(input))
valor_dolares = float(valor_reais*2.96)
valor_dolares = float(valor_dolares)
print(valor_dolares)
-- EXECUTION TIME: 
0.0
-- TEST CASE 1:
---- input:
7
---- correct output:
20.72
-- ERROR:
Traceback (most recent call last):
  File "XXXX", line 1, in <module>
    valor_reais = float(int(input))
                        ^^^^^^^^^^
TypeError: int() argument must be a string, a bytes-like object or a real number, not 'builtin_function_or_method'
-- TEST CASE 2:
---- input:
1
---- correct output:
2.96
-- ERROR:
Traceback (most recent call last):
  File "XXXX", line 1, in <module>
    valor_reais = float(int(input))
                        ^^^^^^^^^^
TypeError: int() argument must be a string, a bytes-like object or a real number, not 'builtin_function_or_method'
-- TEST CASE 3:
---- input:
8
---- correct output:
23.68
-- ERROR:
Traceback (most recent call last):
  File "XXXX", line 1, in <module>
    valor_reais = float(int(input))
                        ^^^^^^^^^^
TypeError: int() argument must be a string, a bytes-like object or a real number, not 'builtin_function_or_method'
-- TEST CASE 4:
---- input:
19
---- correct output:
56.24
-- ERROR:
Traceback (most recent call last):
  File "XXXX", line 1, in <module>
    valor_reais = float(int(input))
                        ^^^^^^^^^^
TypeError: int() argument must be a string, a bytes-like object or a real number, not 'builtin_function_or_method'
-- TEST CASE 5:
---- input:
21
---- correct output:
62.16
-- ERROR:
Traceback (most recent call last):
  File "XXXX", line 1, in <module>
    valor_reais = float(int(input))
                        ^^^^^^^^^^
TypeError: int() argument must be a string, a bytes-like object or a real number, not 'builtin_function_or_method'
-- TEST CASE 6:
---- input:
2
---- correct output:
5.92
-- ERROR:
Traceback (most recent call last):
  File "XXXX", line 1, in <module>
    valor_reais = float(int(input))
                        ^^^^^^^^^^
TypeError: int() argument must be a string, a bytes-like object or a real number, not 'builtin_function_or_method'
*-*-*-*-*-*-*-*-*-*-*-*-*-*-*-*-*-*-*-*-*-*-*-*
== RUN (2025-09-01 14:39:36)
-- CODE: 
valor_reais = float(int(input))
valor_dolares = float(valor_reais*2.96)
valor_dolares = float(valor_dolares)
print(vallor_dolares)
-- EXECUTION TIME: 
0.0
-- TEST CASE 1:
---- input:
7
---- correct output:
20.72
-- ERROR:
Traceback (most recent call last):
  File "XXXX", line 1, in <module>
    valor_reais = float(int(input))
                        ^^^^^^^^^^
TypeError: int() argument must be a string, a bytes-like object or a real number, not 'builtin_function_or_method'
-- TEST CASE 2:
---- input:
1
---- correct output:
2.96
-- ERROR:
Traceback (most recent call last):
  File "XXXX", line 1, in <module>
    valor_reais = float(int(input))
                        ^^^^^^^^^^
TypeError: int() argument must be a string, a bytes-like object or a real number, not 'builtin_function_or_method'
-- TEST CASE 3:
---- input:
8
---- correct output:
23.68
-- ERROR:
Traceback (most recent call last):
  File "XXXX", line 1, in <module>
    valor_reais = float(int(input))
                        ^^^^^^^^^^
TypeError: int() argument must be a string, a bytes-like object or a real number, not 'builtin_function_or_method'
-- TEST CASE 4:
---- input:
19
---- correct output:
56.24
-- ERROR:
Traceback (most recent call last):
  File "XXXX", line 1, in <module>
    valor_reais = float(int(input))
                        ^^^^^^^^^^
TypeError: int() argument must be a string, a bytes-like object or a real number, not 'builtin_function_or_method'
-- TEST CASE 5:
---- input:
21
---- correct output:
62.16
-- ERROR:
Traceback (most recent call last):
  File "XXXX", line 1, in <module>
    valor_reais = float(int(input))
                        ^^^^^^^^^^
TypeError: int() argument must be a string, a bytes-like object or a real number, not 'builtin_function_or_method'
-- TEST CASE 6:
---- input:
2
---- correct output:
5.92
-- ERROR:
Traceback (most recent call last):
  File "XXXX", line 1, in <module>
    valor_reais = float(int(input))
                        ^^^^^^^^^^
TypeError: int() argument must be a string, a bytes-like object or a real number, not 'builtin_function_or_method'
*-*-*-*-*-*-*-*-*-*-*-*-*-*-*-*-*-*-*-*-*-*-*-*
== SUBMISSION (2025-09-01 14:17:19)
-- CODE: 
valor_real = float(input())
dolar_neozelandes_= flot(input(*2.96))
dolar_neozelandes = float(input(valor_real*2.96))
print(valor_neozelandes(round,2))

-- EXECUTION TIME: 
0.0
-- TEST CASE 1:
---- input:
7
---- correct output:
20.72
-- ERROR:
Traceback (most recent call last):
  File "XXXX", line 2, in <module>
    dolar_neozelandes_= flot(input(*2.96))
                        ^^^^
NameError: name 'flot' is not defined. Did you mean: 'float'?
-- TEST CASE 2:
---- input:
1
---- correct output:
2.96
-- ERROR:
Traceback (most recent call last):
  File "XXXX", line 2, in <module>
    dolar_neozelandes_= flot(input(*2.96))
                        ^^^^
NameError: name 'flot' is not defined. Did you mean: 'float'?
-- TEST CASE 3:
---- input:
8
---- correct output:
23.68
-- ERROR:
Traceback (most recent call last):
  File "XXXX", line 2, in <module>
    dolar_neozelandes_= flot(input(*2.96))
                        ^^^^
NameError: name 'flot' is not defined. Did you mean: 'float'?
-- TEST CASE 4:
---- input:
19
---- correct output:
56.24
-- ERROR:
Traceback (most recent call last):
  File "XXXX", line 2, in <module>
    dolar_neozelandes_= flot(input(*2.96))
                        ^^^^
NameError: name 'flot' is not defined. Did you mean: 'float'?
-- TEST CASE 5:
---- input:
21
---- correct output:
62.16
-- ERROR:
Traceback (most recent call last):
  File "XXXX", line 2, in <module>
    dolar_neozelandes_= flot(input(*2.96))
                        ^^^^
NameError: name 'flot' is not defined. Did you mean: 'float'?
-- TEST CASE 6:
---- input:
2
---- correct output:
5.92
-- ERROR:
Traceback (most recent call last):
  File "XXXX", line 2, in <module>
    dolar_neozelandes_= flot(input(*2.96))
                        ^^^^
NameError: name 'flot' is not defined. Did you mean: 'float'?
-- GRADE:
0%
*-*-*-*-*-*-*-*-*-*-*-*-*-*-*-*-*-*-*-*-*-*-*-*
== RUN (2025-09-01 14:41:00)
-- CODE: 
valor_reais = float(int(input))
valor_dolares = float(valor_reais*2.96)
valor_dolares = float(valor_dolares)
print(valor_dolares)
-- EXECUTION TIME: 
0.0
-- TEST CASE 1:
---- input:
7
---- correct output:
20.72
-- ERROR:
Traceback (most recent call last):
  File "XXXX", line 1, in <module>
    valor_reais = float(int(input))
                        ^^^^^^^^^^
TypeError: int() argument must be a string, a bytes-like object or a real number, not 'builtin_function_or_method'
-- TEST CASE 2:
---- input:
1
---- correct output:
2.96
-- ERROR:
Traceback (most recent call last):
  File "XXXX", line 1, in <module>
    valor_reais = float(int(input))
                        ^^^^^^^^^^
TypeError: int() argument must be a string, a bytes-like object or a real number, not 'builtin_function_or_method'
-- TEST CASE 3:
---- input:
8
---- correct output:
23.68
-- ERROR:
Traceback (most recent call last):
  File "XXXX", line 1, in <module>
    valor_reais = float(int(input))
                        ^^^^^^^^^^
TypeError: int() argument must be a string, a bytes-like object or a real number, not 'builtin_function_or_method'
-- TEST CASE 4:
---- input:
19
---- correct output:
56.24
-- ERROR:
Traceback (most recent call last):
  File "XXXX", line 1, in <module>
    valor_reais = float(int(input))
                        ^^^^^^^^^^
TypeError: int() argument must be a string, a bytes-like object or a real number, not 'builtin_function_or_method'
-- TEST CASE 5:
---- input:
21
---- correct output:
62.16
-- ERROR:
Traceback (most recent call last):
  File "XXXX", line 1, in <module>
    valor_reais = float(int(input))
                        ^^^^^^^^^^
TypeError: int() argument must be a string, a bytes-like object or a real number, not 'builtin_function_or_method'
-- TEST CASE 6:
---- input:
2
---- correct output:
5.92
-- ERROR:
Traceback (most recent call last):
  File "XXXX", line 1, in <module>
    valor_reais = float(int(input))
                        ^^^^^^^^^^
TypeError: int() argument must be a string, a bytes-like object or a real number, not 'builtin_function_or_method'
*-*-*-*-*-*-*-*-*-*-*-*-*-*-*-*-*-*-*-*-*-*-*-*
== RUN (2025-09-01 14:26:29)
-- CODE: 
Dolar = float(input())
Reais = dolar * 2.96
print(round(dolar,2))
-- EXECUTION TIME: 
0.0
-- TEST CASE 1:
---- input:
7
---- correct output:
20.72
-- ERROR:
Traceback (most recent call last):
  File "XXXX", line 2, in <module>
    Reais = dolar * 2.96
            ^^^^^
NameError: name 'dolar' is not defined. Did you mean: 'Dolar'?
-- TEST CASE 2:
---- input:
1
---- correct output:
2.96
-- ERROR:
Traceback (most recent call last):
  File "XXXX", line 2, in <module>
    Reais = dolar * 2.96
            ^^^^^
NameError: name 'dolar' is not defined. Did you mean: 'Dolar'?
-- TEST CASE 3:
---- input:
8
---- correct output:
23.68
-- ERROR:
Traceback (most recent call last):
  File "XXXX", line 2, in <module>
    Reais = dolar * 2.96
            ^^^^^
NameError: name 'dolar' is not defined. Did you mean: 'Dolar'?
-- TEST CASE 4:
---- input:
19
---- correct output:
56.24
-- ERROR:
Traceback (most recent call last):
  File "XXXX", line 2, in <module>
    Reais = dolar * 2.96
            ^^^^^
NameError: name 'dolar' is not defined. Did you mean: 'Dolar'?
-- TEST CASE 5:
---- input:
21
---- correct output:
62.16
-- ERROR:
Traceback (most recent call last):
  File "XXXX", line 2, in <module>
    Reais = dolar * 2.96
            ^^^^^
NameError: name 'dolar' is not defined. Did you mean: 'Dolar'?
-- TEST CASE 6:
---- input:
2
---- correct output:
5.92
-- ERROR:
Traceback (most recent call last):
  File "XXXX", line 2, in <module>
    Reais = dolar * 2.96
            ^^^^^
NameError: name 'dolar' is not defined. Did you mean: 'Dolar'?
*-*-*-*-*-*-*-*-*-*-*-*-*-*-*-*-*-*-*-*-*-*-*-*
== SUBMISSION (2025-09-01 14:39:44)
-- CODE: 
valor_reais = float(int(input))
valor_dolares = float(valor_reais*2.96)
valor_dolares = float(valor_dolares)
print(vallor_dolares)
-- EXECUTION TIME: 
0.0
-- TEST CASE 1:
---- input:
7
---- correct output:
20.72
-- ERROR:
Traceback (most recent call last):
  File "XXXX", line 1, in <module>
    valor_reais = float(int(input))
                        ^^^^^^^^^^
TypeError: int() argument must be a string, a bytes-like object or a real number, not 'builtin_function_or_method'
-- TEST CASE 2:
---- input:
1
---- correct output:
2.96
-- ERROR:
Traceback (most recent call last):
  File "XXXX", line 1, in <module>
    valor_reais = float(int(input))
                        ^^^^^^^^^^
TypeError: int() argument must be a string, a bytes-like object or a real number, not 'builtin_function_or_method'
-- TEST CASE 3:
---- input:
8
---- correct output:
23.68
-- ERROR:
Traceback (most recent call last):
  File "XXXX", line 1, in <module>
    valor_reais = float(int(input))
                        ^^^^^^^^^^
TypeError: int() argument must be a string, a bytes-like object or a real number, not 'builtin_function_or_method'
-- TEST CASE 4:
---- input:
19
---- correct output:
56.24
-- ERROR:
Traceback (most recent call last):
  File "XXXX", line 1, in <module>
    valor_reais = float(int(input))
                        ^^^^^^^^^^
TypeError: int() argument must be a string, a bytes-like object or a real number, not 'builtin_function_or_method'
-- TEST CASE 5:
---- input:
21
---- correct output:
62.16
-- ERROR:
Traceback (most recent call last):
  File "XXXX", line 1, in <module>
    valor_reais = float(int(input))
                        ^^^^^^^^^^
TypeError: int() argument must be a string, a bytes-like object or a real number, not 'builtin_function_or_method'
-- TEST CASE 6:
---- input:
2
---- correct output:
5.92
-- ERROR:
Traceback (most recent call last):
  File "XXXX", line 1, in <module>
    valor_reais = float(int(input))
                        ^^^^^^^^^^
TypeError: int() argument must be a string, a bytes-like object or a real number, not 'builtin_function_or_method'
-- GRADE:
0%
*-*-*-*-*-*-*-*-*-*-*-*-*-*-*-*-*-*-*-*-*-*-*-*
== SUBMISSION (2025-09-01 14:40:25)
-- CODE: 
valor_reais = float(int(input)))
valor_dolares = float(valor_reais*2.96)
valor_dolares = float(valor_dolares)
print(vallor_dolares)
-- EXECUTION TIME: 
0.0
-- TEST CASE 1:
---- input:
7
---- correct output:
20.72
-- ERROR:
File "XXXX", line 1
    valor_reais = float(int(input)))
                                   ^
SyntaxError: unmatched ')'
-- TEST CASE 2:
---- input:
1
---- correct output:
2.96
-- ERROR:
File "XXXX", line 1
    valor_reais = float(int(input)))
                                   ^
SyntaxError: unmatched ')'
-- TEST CASE 3:
---- input:
8
---- correct output:
23.68
-- ERROR:
File "XXXX", line 1
    valor_reais = float(int(input)))
                                   ^
SyntaxError: unmatched ')'
-- TEST CASE 4:
---- input:
19
---- correct output:
56.24
-- ERROR:
File "XXXX", line 1
    valor_reais = float(int(input)))
                                   ^
SyntaxError: unmatched ')'
-- TEST CASE 5:
---- input:
21
---- correct output:
62.16
-- ERROR:
File "XXXX", line 1
    valor_reais = float(int(input)))
                                   ^
SyntaxError: unmatched ')'
-- TEST CASE 6:
---- input:
2
---- correct output:
5.92
-- ERROR:
File "XXXX", line 1
    valor_reais = float(int(input)))
                                   ^
SyntaxError: unmatched ')'
-- GRADE:
0%
*-*-*-*-*-*-*-*-*-*-*-*-*-*-*-*-*-*-*-*-*-*-*-*
== SUBMISSION (2025-09-01 14:40:47)
-- CODE: 
valor_reais = float(int(input))
valor_dolares = float(valor_reais*2.96)
valor_dolares = float(valor_dolares)
print(valor_dolares)
-- EXECUTION TIME: 
0.0
-- TEST CASE 1:
---- input:
7
---- correct output:
20.72
-- ERROR:
Traceback (most recent call last):
  File "XXXX", line 1, in <module>
    valor_reais = float(int(input))
                        ^^^^^^^^^^
TypeError: int() argument must be a string, a bytes-like object or a real number, not 'builtin_function_or_method'
-- TEST CASE 2:
---- input:
1
---- correct output:
2.96
-- ERROR:
Traceback (most recent call last):
  File "XXXX", line 1, in <module>
    valor_reais = float(int(input))
                        ^^^^^^^^^^
TypeError: int() argument must be a string, a bytes-like object or a real number, not 'builtin_function_or_method'
-- TEST CASE 3:
---- input:
8
---- correct output:
23.68
-- ERROR:
Traceback (most recent call last):
  File "XXXX", line 1, in <module>
    valor_reais = float(int(input))
                        ^^^^^^^^^^
TypeError: int() argument must be a string, a bytes-like object or a real number, not 'builtin_function_or_method'
-- TEST CASE 4:
---- input:
19
---- correct output:
56.24
-- ERROR:
Traceback (most recent call last):
  File "XXXX", line 1, in <module>
    valor_reais = float(int(input))
                        ^^^^^^^^^^
TypeError: int() argument must be a string, a bytes-like object or a real number, not 'builtin_function_or_method'
-- TEST CASE 5:
---- input:
21
---- correct output:
62.16
-- ERROR:
Traceback (most recent call last):
  File "XXXX", line 1, in <module>
    valor_reais = float(int(input))
                        ^^^^^^^^^^
TypeError: int() argument must be a string, a bytes-like object or a real number, not 'builtin_function_or_method'
-- TEST CASE 6:
---- input:
2
---- correct output:
5.92
-- ERROR:
Traceback (most recent call last):
  File "XXXX", line 1, in <module>
    valor_reais = float(int(input))
                        ^^^^^^^^^^
TypeError: int() argument must be a string, a bytes-like object or a real number, not 'builtin_function_or_method'
-- GRADE:
0%
*-*-*-*-*-*-*-*-*-*-*-*-*-*-*-*-*-*-*-*-*-*-*-*
== SUBMISSION (2025-09-01 14:39:44)
-- CODE: 
valor_reais = float(int(input))
valor_dolares = float(valor_reais*2.96)
valor_dolares = float(valor_dolares)
print(vallor_dolares)
-- EXECUTION TIME: 
0.0
-- TEST CASE 1:
---- input:
7
---- correct output:
20.72
-- ERROR:
Traceback (most recent call last):
  File "XXXX", line 1, in <module>
    valor_reais = float(int(input))
                        ^^^^^^^^^^
TypeError: int() argument must be a string, a bytes-like object or a real number, not 'builtin_function_or_method'
-- TEST CASE 2:
---- input:
1
---- correct output:
2.96
-- ERROR:
Traceback (most recent call last):
  File "XXXX", line 1, in <module>
    valor_reais = float(int(input))
                        ^^^^^^^^^^
TypeError: int() argument must be a string, a bytes-like object or a real number, not 'builtin_function_or_method'
-- TEST CASE 3:
---- input:
8
---- correct output:
23.68
-- ERROR:
Traceback (most recent call last):
  File "XXXX", line 1, in <module>
    valor_reais = float(int(input))
                        ^^^^^^^^^^
TypeError: int() argument must be a string, a bytes-like object or a real number, not 'builtin_function_or_method'
-- TEST CASE 4:
---- input:
19
---- correct output:
56.24
-- ERROR:
Traceback (most recent call last):
  File "XXXX", line 1, in <module>
    valor_reais = float(int(input))
                        ^^^^^^^^^^
TypeError: int() argument must be a string, a bytes-like object or a real number, not 'builtin_function_or_method'
-- TEST CASE 5:
---- input:
21
---- correct output:
62.16
-- ERROR:
Traceback (most recent call last):
  File "XXXX", line 1, in <module>
    valor_reais = float(int(input))
                        ^^^^^^^^^^
TypeError: int() argument must be a string, a bytes-like object or a real number, not 'builtin_function_or_method'
-- TEST CASE 6:
---- input:
2
---- correct output:
5.92
-- ERROR:
Traceback (most recent call last):
  File "XXXX", line 1, in <module>
    valor_reais = float(int(input))
                        ^^^^^^^^^^
TypeError: int() argument must be a string, a bytes-like object or a real number, not 'builtin_function_or_method'
-- GRADE:
0%
*-*-*-*-*-*-*-*-*-*-*-*-*-*-*-*-*-*-*-*-*-*-*-*
== SUBMISSION (2025-09-01 14:39:56)
-- CODE: 
valor_reais = float(int(input))
valor_dolares = float(valor_reais*2.96)
valor_dolares = float(valor_dolares)
print(vallor_dolares)
-- EXECUTION TIME: 
0.0
-- TEST CASE 1:
---- input:
7
---- correct output:
20.72
-- ERROR:
Traceback (most recent call last):
  File "XXXX", line 1, in <module>
    valor_reais = float(int(input))
                        ^^^^^^^^^^
TypeError: int() argument must be a string, a bytes-like object or a real number, not 'builtin_function_or_method'
-- TEST CASE 2:
---- input:
1
---- correct output:
2.96
-- ERROR:
Traceback (most recent call last):
  File "XXXX", line 1, in <module>
    valor_reais = float(int(input))
                        ^^^^^^^^^^
TypeError: int() argument must be a string, a bytes-like object or a real number, not 'builtin_function_or_method'
-- TEST CASE 3:
---- input:
8
---- correct output:
23.68
-- ERROR:
Traceback (most recent call last):
  File "XXXX", line 1, in <module>
    valor_reais = float(int(input))
                        ^^^^^^^^^^
TypeError: int() argument must be a string, a bytes-like object or a real number, not 'builtin_function_or_method'
-- TEST CASE 4:
---- input:
19
---- correct output:
56.24
-- ERROR:
Traceback (most recent call last):
  File "XXXX", line 1, in <module>
    valor_reais = float(int(input))
                        ^^^^^^^^^^
TypeError: int() argument must be a string, a bytes-like object or a real number, not 'builtin_function_or_method'
-- TEST CASE 5:
---- input:
21
---- correct output:
62.16
-- ERROR:
Traceback (most recent call last):
  File "XXXX", line 1, in <module>
    valor_reais = float(int(input))
                        ^^^^^^^^^^
TypeError: int() argument must be a string, a bytes-like object or a real number, not 'builtin_function_or_method'
-- TEST CASE 6:
---- input:
2
---- correct output:
5.92
-- ERROR:
Traceback (most recent call last):
  File "XXXX", line 1, in <module>
    valor_reais = float(int(input))
                        ^^^^^^^^^^
TypeError: int() argument must be a string, a bytes-like object or a real number, not 'builtin_function_or_method'
-- GRADE:
0%
*-*-*-*-*-*-*-*-*-*-*-*-*-*-*-*-*-*-*-*-*-*-*-*
== SUBMISSION (2025-09-01 14:41:16)
-- CODE: 
valor_reais = float(int(input))
valor_dolares = float(valor_reais*2.96)
valor_dolares = float(valor_dolares)
print(valor_dolares)
-- EXECUTION TIME: 
0.0
-- TEST CASE 1:
---- input:
7
---- correct output:
20.72
-- ERROR:
Traceback (most recent call last):
  File "XXXX", line 1, in <module>
    valor_reais = float(int(input))
                        ^^^^^^^^^^
TypeError: int() argument must be a string, a bytes-like object or a real number, not 'builtin_function_or_method'
-- TEST CASE 2:
---- input:
1
---- correct output:
2.96
-- ERROR:
Traceback (most recent call last):
  File "XXXX", line 1, in <module>
    valor_reais = float(int(input))
                        ^^^^^^^^^^
TypeError: int() argument must be a string, a bytes-like object or a real number, not 'builtin_function_or_method'
-- TEST CASE 3:
---- input:
8
---- correct output:
23.68
-- ERROR:
Traceback (most recent call last):
  File "XXXX", line 1, in <module>
    valor_reais = float(int(input))
                        ^^^^^^^^^^
TypeError: int() argument must be a string, a bytes-like object or a real number, not 'builtin_function_or_method'
-- TEST CASE 4:
---- input:
19
---- correct output:
56.24
-- ERROR:
Traceback (most recent call last):
  File "XXXX", line 1, in <module>
    valor_reais = float(int(input))
                        ^^^^^^^^^^
TypeError: int() argument must be a string, a bytes-like object or a real number, not 'builtin_function_or_method'
-- TEST CASE 5:
---- input:
21
---- correct output:
62.16
-- ERROR:
Traceback (most recent call last):
  File "XXXX", line 1, in <module>
    valor_reais = float(int(input))
                        ^^^^^^^^^^
TypeError: int() argument must be a string, a bytes-like object or a real number, not 'builtin_function_or_method'
-- TEST CASE 6:
---- input:
2
---- correct output:
5.92
-- ERROR:
Traceback (most recent call last):
  File "XXXX", line 1, in <module>
    valor_reais = float(int(input))
                        ^^^^^^^^^^
TypeError: int() argument must be a string, a bytes-like object or a real number, not 'builtin_function_or_method'
-- GRADE:
0%
*-*-*-*-*-*-*-*-*-*-*-*-*-*-*-*-*-*-*-*-*-*-*-*
== SUBMISSION (2025-09-01 14:25:26)
-- CODE: 
Dolar = float(input())
Reais = dolar*2.96
print(round(dolar,2))
-- EXECUTION TIME: 
0.0
-- TEST CASE 1:
---- input:
7
---- correct output:
20.72
-- ERROR:
Traceback (most recent call last):
  File "XXXX", line 2, in <module>
    Reais = dolar*2.96
            ^^^^^
NameError: name 'dolar' is not defined. Did you mean: 'Dolar'?
-- TEST CASE 2:
---- input:
1
---- correct output:
2.96
-- ERROR:
Traceback (most recent call last):
  File "XXXX", line 2, in <module>
    Reais = dolar*2.96
            ^^^^^
NameError: name 'dolar' is not defined. Did you mean: 'Dolar'?
-- TEST CASE 3:
---- input:
8
---- correct output:
23.68
-- ERROR:
Traceback (most recent call last):
  File "XXXX", line 2, in <module>
    Reais = dolar*2.96
            ^^^^^
NameError: name 'dolar' is not defined. Did you mean: 'Dolar'?
-- TEST CASE 4:
---- input:
19
---- correct output:
56.24
-- ERROR:
Traceback (most recent call last):
  File "XXXX", line 2, in <module>
    Reais = dolar*2.96
            ^^^^^
NameError: name 'dolar' is not defined. Did you mean: 'Dolar'?
-- TEST CASE 5:
---- input:
21
---- correct output:
62.16
-- ERROR:
Traceback (most recent call last):
  File "XXXX", line 2, in <module>
    Reais = dolar*2.96
            ^^^^^
NameError: name 'dolar' is not defined. Did you mean: 'Dolar'?
-- TEST CASE 6:
---- input:
2
---- correct output:
5.92
-- ERROR:
Traceback (most recent call last):
  File "XXXX", line 2, in <module>
    Reais = dolar*2.96
            ^^^^^
NameError: name 'dolar' is not defined. Did you mean: 'Dolar'?
-- GRADE:
0%
*-*-*-*-*-*-*-*-*-*-*-*-*-*-*-*-*-*-*-*-*-*-*-*
== RUN (2025-09-01 14:40:23)
-- CODE: 
valor_reais = float(int(input)))
valor_dolares = float(valor_reais*2.96)
valor_dolares = float(valor_dolares)
print(vallor_dolares)
-- EXECUTION TIME: 
0.0
-- TEST CASE 1:
---- input:
7
---- correct output:
20.72
-- ERROR:
File "XXXX", line 1
    valor_reais = float(int(input)))
                                   ^
SyntaxError: unmatched ')'
-- TEST CASE 2:
---- input:
1
---- correct output:
2.96
-- ERROR:
File "XXXX", line 1
    valor_reais = float(int(input)))
                                   ^
SyntaxError: unmatched ')'
-- TEST CASE 3:
---- input:
8
---- correct output:
23.68
-- ERROR:
File "XXXX", line 1
    valor_reais = float(int(input)))
                                   ^
SyntaxError: unmatched ')'
-- TEST CASE 4:
---- input:
19
---- correct output:
56.24
-- ERROR:
File "XXXX", line 1
    valor_reais = float(int(input)))
                                   ^
SyntaxError: unmatched ')'
-- TEST CASE 5:
---- input:
21
---- correct output:
62.16
-- ERROR:
File "XXXX", line 1
    valor_reais = float(int(input)))
                                   ^
SyntaxError: unmatched ')'
-- TEST CASE 6:
---- input:
2
---- correct output:
5.92
-- ERROR:
File "XXXX", line 1
    valor_reais = float(int(input)))
                                   ^
SyntaxError: unmatched ')'
*-*-*-*-*-*-*-*-*-*-*-*-*-*-*-*-*-*-*-*-*-*-*-*
== SUBMISSION (2025-09-01 14:39:42)
-- CODE: 
valor_reais = float(int(input))
valor_dolares = float(valor_reais*2.96)
valor_dolares = float(valor_dolares)
print(vallor_dolares)
-- EXECUTION TIME: 
0.0
-- TEST CASE 1:
---- input:
7
---- correct output:
20.72
-- ERROR:
Traceback (most recent call last):
  File "XXXX", line 1, in <module>
    valor_reais = float(int(input))
                        ^^^^^^^^^^
TypeError: int() argument must be a string, a bytes-like object or a real number, not 'builtin_function_or_method'
-- TEST CASE 2:
---- input:
1
---- correct output:
2.96
-- ERROR:
Traceback (most recent call last):
  File "XXXX", line 1, in <module>
    valor_reais = float(int(input))
                        ^^^^^^^^^^
TypeError: int() argument must be a string, a bytes-like object or a real number, not 'builtin_function_or_method'
-- TEST CASE 3:
---- input:
8
---- correct output:
23.68
-- ERROR:
Traceback (most recent call last):
  File "XXXX", line 1, in <module>
    valor_reais = float(int(input))
                        ^^^^^^^^^^
TypeError: int() argument must be a string, a bytes-like object or a real number, not 'builtin_function_or_method'
-- TEST CASE 4:
---- input:
19
---- correct output:
56.24
-- ERROR:
Traceback (most recent call last):
  File "XXXX", line 1, in <module>
    valor_reais = float(int(input))
                        ^^^^^^^^^^
TypeError: int() argument must be a string, a bytes-like object or a real number, not 'builtin_function_or_method'
-- TEST CASE 5:
---- input:
21
---- correct output:
62.16
-- ERROR:
Traceback (most recent call last):
  File "XXXX", line 1, in <module>
    valor_reais = float(int(input))
                        ^^^^^^^^^^
TypeError: int() argument must be a string, a bytes-like object or a real number, not 'builtin_function_or_method'
-- TEST CASE 6:
---- input:
2
---- correct output:
5.92
-- ERROR:
Traceback (most recent call last):
  File "XXXX", line 1, in <module>
    valor_reais = float(int(input))
                        ^^^^^^^^^^
TypeError: int() argument must be a string, a bytes-like object or a real number, not 'builtin_function_or_method'
-- GRADE:
0%
*-*-*-*-*-*-*-*-*-*-*-*-*-*-*-*-*-*-*-*-*-*-*-*
== SUBMISSION (2025-09-01 14:17:06)
-- CODE: 
valor_real = float(input())
dolar_neozelandes_= flot(input(*2.96))
dolar_neozelandes = float(input(valor_real*2.96))
print(valor_neozelandes(round,2))

-- EXECUTION TIME: 
0.0
-- TEST CASE 1:
---- input:
7
---- correct output:
20.72
-- ERROR:
Traceback (most recent call last):
  File "XXXX", line 2, in <module>
    dolar_neozelandes_= flot(input(*2.96))
                        ^^^^
NameError: name 'flot' is not defined. Did you mean: 'float'?
-- TEST CASE 2:
---- input:
1
---- correct output:
2.96
-- ERROR:
Traceback (most recent call last):
  File "XXXX", line 2, in <module>
    dolar_neozelandes_= flot(input(*2.96))
                        ^^^^
NameError: name 'flot' is not defined. Did you mean: 'float'?
-- TEST CASE 3:
---- input:
8
---- correct output:
23.68
-- ERROR:
Traceback (most recent call last):
  File "XXXX", line 2, in <module>
    dolar_neozelandes_= flot(input(*2.96))
                        ^^^^
NameError: name 'flot' is not defined. Did you mean: 'float'?
-- TEST CASE 4:
---- input:
19
---- correct output:
56.24
-- ERROR:
Traceback (most recent call last):
  File "XXXX", line 2, in <module>
    dolar_neozelandes_= flot(input(*2.96))
                        ^^^^
NameError: name 'flot' is not defined. Did you mean: 'float'?
-- TEST CASE 5:
---- input:
21
---- correct output:
62.16
-- ERROR:
Traceback (most recent call last):
  File "XXXX", line 2, in <module>
    dolar_neozelandes_= flot(input(*2.96))
                        ^^^^
NameError: name 'flot' is not defined. Did you mean: 'float'?
-- TEST CASE 6:
---- input:
2
---- correct output:
5.92
-- ERROR:
Traceback (most recent call last):
  File "XXXX", line 2, in <module>
    dolar_neozelandes_= flot(input(*2.96))
                        ^^^^
NameError: name 'flot' is not defined. Did you mean: 'float'?
-- GRADE:
0%
*-*-*-*-*-*-*-*-*-*-*-*-*-*-*-*-*-*-*-*-*-*-*-*
== RUN (2025-09-01 14:38:54)
-- CODE: 
valor_reais = float(int(input))
valor_dolares = float(valor_reais*2.96)
valor_dolares = float(valor_dolares)
round(valor_reais,2)
-- EXECUTION TIME: 
0.0
-- TEST CASE 1:
---- input:
7
---- correct output:
20.72
-- ERROR:
Traceback (most recent call last):
  File "XXXX", line 1, in <module>
    valor_reais = float(int(input))
                        ^^^^^^^^^^
TypeError: int() argument must be a string, a bytes-like object or a real number, not 'builtin_function_or_method'
-- TEST CASE 2:
---- input:
1
---- correct output:
2.96
-- ERROR:
Traceback (most recent call last):
  File "XXXX", line 1, in <module>
    valor_reais = float(int(input))
                        ^^^^^^^^^^
TypeError: int() argument must be a string, a bytes-like object or a real number, not 'builtin_function_or_method'
-- TEST CASE 3:
---- input:
8
---- correct output:
23.68
-- ERROR:
Traceback (most recent call last):
  File "XXXX", line 1, in <module>
    valor_reais = float(int(input))
                        ^^^^^^^^^^
TypeError: int() argument must be a string, a bytes-like object or a real number, not 'builtin_function_or_method'
-- TEST CASE 4:
---- input:
19
---- correct output:
56.24
-- ERROR:
Traceback (most recent call last):
  File "XXXX", line 1, in <module>
    valor_reais = float(int(input))
                        ^^^^^^^^^^
TypeError: int() argument must be a string, a bytes-like object or a real number, not 'builtin_function_or_method'
-- TEST CASE 5:
---- input:
21
---- correct output:
62.16
-- ERROR:
Traceback (most recent call last):
  File "XXXX", line 1, in <module>
    valor_reais = float(int(input))
                        ^^^^^^^^^^
TypeError: int() argument must be a string, a bytes-like object or a real number, not 'builtin_function_or_method'
-- TEST CASE 6:
---- input:
2
---- correct output:
5.92
-- ERROR:
Traceback (most recent call last):
  File "XXXX", line 1, in <module>
    valor_reais = float(int(input))
                        ^^^^^^^^^^
TypeError: int() argument must be a string, a bytes-like object or a real number, not 'builtin_function_or_method'
*-*-*-*-*-*-*-*-*-*-*-*-*-*-*-*-*-*-*-*-*-*-*-*
== RUN (2025-09-01 14:25:16)
-- CODE: 
Dolar = float(input())
Reais = dolar*2.96
print(round(dolar,2))
-- EXECUTION TIME: 
0.0
-- TEST CASE 1:
---- input:
7
---- correct output:
20.72
-- ERROR:
Traceback (most recent call last):
  File "XXXX", line 2, in <module>
    Reais = dolar*2.96
            ^^^^^
NameError: name 'dolar' is not defined. Did you mean: 'Dolar'?
-- TEST CASE 2:
---- input:
1
---- correct output:
2.96
-- ERROR:
Traceback (most recent call last):
  File "XXXX", line 2, in <module>
    Reais = dolar*2.96
            ^^^^^
NameError: name 'dolar' is not defined. Did you mean: 'Dolar'?
-- TEST CASE 3:
---- input:
8
---- correct output:
23.68
-- ERROR:
Traceback (most recent call last):
  File "XXXX", line 2, in <module>
    Reais = dolar*2.96
            ^^^^^
NameError: name 'dolar' is not defined. Did you mean: 'Dolar'?
-- TEST CASE 4:
---- input:
19
---- correct output:
56.24
-- ERROR:
Traceback (most recent call last):
  File "XXXX", line 2, in <module>
    Reais = dolar*2.96
            ^^^^^
NameError: name 'dolar' is not defined. Did you mean: 'Dolar'?
-- TEST CASE 5:
---- input:
21
---- correct output:
62.16
-- ERROR:
Traceback (most recent call last):
  File "XXXX", line 2, in <module>
    Reais = dolar*2.96
            ^^^^^
NameError: name 'dolar' is not defined. Did you mean: 'Dolar'?
-- TEST CASE 6:
---- input:
2
---- correct output:
5.92
-- ERROR:
Traceback (most recent call last):
  File "XXXX", line 2, in <module>
    Reais = dolar*2.96
            ^^^^^
NameError: name 'dolar' is not defined. Did you mean: 'Dolar'?
*-*-*-*-*-*-*-*-*-*-*-*-*-*-*-*-*-*-*-*-*-*-*-*
== SUBMISSION (2025-09-01 14:39:44)
-- CODE: 
valor_reais = float(int(input))
valor_dolares = float(valor_reais*2.96)
valor_dolares = float(valor_dolares)
print(vallor_dolares)
-- EXECUTION TIME: 
0.0
-- TEST CASE 1:
---- input:
7
---- correct output:
20.72
-- ERROR:
Traceback (most recent call last):
  File "XXXX", line 1, in <module>
    valor_reais = float(int(input))
                        ^^^^^^^^^^
TypeError: int() argument must be a string, a bytes-like object or a real number, not 'builtin_function_or_method'
-- TEST CASE 2:
---- input:
1
---- correct output:
2.96
-- ERROR:
Traceback (most recent call last):
  File "XXXX", line 1, in <module>
    valor_reais = float(int(input))
                        ^^^^^^^^^^
TypeError: int() argument must be a string, a bytes-like object or a real number, not 'builtin_function_or_method'
-- TEST CASE 3:
---- input:
8
---- correct output:
23.68
-- ERROR:
Traceback (most recent call last):
  File "XXXX", line 1, in <module>
    valor_reais = float(int(input))
                        ^^^^^^^^^^
TypeError: int() argument must be a string, a bytes-like object or a real number, not 'builtin_function_or_method'
-- TEST CASE 4:
---- input:
19
---- correct output:
56.24
-- ERROR:
Traceback (most recent call last):
  File "XXXX", line 1, in <module>
    valor_reais = float(int(input))
                        ^^^^^^^^^^
TypeError: int() argument must be a string, a bytes-like object or a real number, not 'builtin_function_or_method'
-- TEST CASE 5:
---- input:
21
---- correct output:
62.16
-- ERROR:
Traceback (most recent call last):
  File "XXXX", line 1, in <module>
    valor_reais = float(int(input))
                        ^^^^^^^^^^
TypeError: int() argument must be a string, a bytes-like object or a real number, not 'builtin_function_or_method'
-- TEST CASE 6:
---- input:
2
---- correct output:
5.92
-- ERROR:
Traceback (most recent call last):
  File "XXXX", line 1, in <module>
    valor_reais = float(int(input))
                        ^^^^^^^^^^
TypeError: int() argument must be a string, a bytes-like object or a real number, not 'builtin_function_or_method'
-- GRADE:
0%
*-*-*-*-*-*-*-*-*-*-*-*-*-*-*-*-*-*-*-*-*-*-*-*
== SUBMISSION (2025-09-01 14:26:02)
-- CODE: 
Dolar = float(input())
Reais = dolar * 2.96
print(round(dolar,2))
-- EXECUTION TIME: 
0.0
-- TEST CASE 1:
---- input:
7
---- correct output:
20.72
-- ERROR:
Traceback (most recent call last):
  File "XXXX", line 2, in <module>
    Reais = dolar * 2.96
            ^^^^^
NameError: name 'dolar' is not defined. Did you mean: 'Dolar'?
-- TEST CASE 2:
---- input:
1
---- correct output:
2.96
-- ERROR:
Traceback (most recent call last):
  File "XXXX", line 2, in <module>
    Reais = dolar * 2.96
            ^^^^^
NameError: name 'dolar' is not defined. Did you mean: 'Dolar'?
-- TEST CASE 3:
---- input:
8
---- correct output:
23.68
-- ERROR:
Traceback (most recent call last):
  File "XXXX", line 2, in <module>
    Reais = dolar * 2.96
            ^^^^^
NameError: name 'dolar' is not defined. Did you mean: 'Dolar'?
-- TEST CASE 4:
---- input:
19
---- correct output:
56.24
-- ERROR:
Traceback (most recent call last):
  File "XXXX", line 2, in <module>
    Reais = dolar * 2.96
            ^^^^^
NameError: name 'dolar' is not defined. Did you mean: 'Dolar'?
-- TEST CASE 5:
---- input:
21
---- correct output:
62.16
-- ERROR:
Traceback (most recent call last):
  File "XXXX", line 2, in <module>
    Reais = dolar * 2.96
            ^^^^^
NameError: name 'dolar' is not defined. Did you mean: 'Dolar'?
-- TEST CASE 6:
---- input:
2
---- correct output:
5.92
-- ERROR:
Traceback (most recent call last):
  File "XXXX", line 2, in <module>
    Reais = dolar * 2.96
            ^^^^^
NameError: name 'dolar' is not defined. Did you mean: 'Dolar'?
-- GRADE:
0%
*-*-*-*-*-*-*-*-*-*-*-*-*-*-*-*-*-*-*-*-*-*-*-*
== SUBMISSION (2025-09-01 14:14:03)
-- CODE: 
valor_real = float(input())
dolar_neozelandes_= flot(input(*2.96))
dolar_neozelandes = float(input(valor_real*2.96))
print(valor_neozelandes(round,2))

-- EXECUTION TIME: 
0.0
-- TEST CASE 1:
---- input:
7
---- correct output:
20.72
-- ERROR:
Traceback (most recent call last):
  File "XXXX", line 2, in <module>
    dolar_neozelandes_= flot(input(*2.96))
                        ^^^^
NameError: name 'flot' is not defined. Did you mean: 'float'?
-- TEST CASE 2:
---- input:
1
---- correct output:
2.96
-- ERROR:
Traceback (most recent call last):
  File "XXXX", line 2, in <module>
    dolar_neozelandes_= flot(input(*2.96))
                        ^^^^
NameError: name 'flot' is not defined. Did you mean: 'float'?
-- TEST CASE 3:
---- input:
8
---- correct output:
23.68
-- ERROR:
Traceback (most recent call last):
  File "XXXX", line 2, in <module>
    dolar_neozelandes_= flot(input(*2.96))
                        ^^^^
NameError: name 'flot' is not defined. Did you mean: 'float'?
-- TEST CASE 4:
---- input:
19
---- correct output:
56.24
-- ERROR:
Traceback (most recent call last):
  File "XXXX", line 2, in <module>
    dolar_neozelandes_= flot(input(*2.96))
                        ^^^^
NameError: name 'flot' is not defined. Did you mean: 'float'?
-- TEST CASE 5:
---- input:
21
---- correct output:
62.16
-- ERROR:
Traceback (most recent call last):
  File "XXXX", line 2, in <module>
    dolar_neozelandes_= flot(input(*2.96))
                        ^^^^
NameError: name 'flot' is not defined. Did you mean: 'float'?
-- TEST CASE 6:
---- input:
2
---- correct output:
5.92
-- ERROR:
Traceback (most recent call last):
  File "XXXX", line 2, in <module>
    dolar_neozelandes_= flot(input(*2.96))
                        ^^^^
NameError: name 'flot' is not defined. Did you mean: 'float'?
-- GRADE:
0%
*-*-*-*-*-*-*-*-*-*-*-*-*-*-*-*-*-*-*-*-*-*-*-*
== SUBMISSION (2025-09-01 14:39:43)
-- CODE: 
valor_reais = float(int(input))
valor_dolares = float(valor_reais*2.96)
valor_dolares = float(valor_dolares)
print(vallor_dolares)
-- EXECUTION TIME: 
0.0
-- TEST CASE 1:
---- input:
7
---- correct output:
20.72
-- ERROR:
Traceback (most recent call last):
  File "XXXX", line 1, in <module>
    valor_reais = float(int(input))
                        ^^^^^^^^^^
TypeError: int() argument must be a string, a bytes-like object or a real number, not 'builtin_function_or_method'
-- TEST CASE 2:
---- input:
1
---- correct output:
2.96
-- ERROR:
Traceback (most recent call last):
  File "XXXX", line 1, in <module>
    valor_reais = float(int(input))
                        ^^^^^^^^^^
TypeError: int() argument must be a string, a bytes-like object or a real number, not 'builtin_function_or_method'
-- TEST CASE 3:
---- input:
8
---- correct output:
23.68
-- ERROR:
Traceback (most recent call last):
  File "XXXX", line 1, in <module>
    valor_reais = float(int(input))
                        ^^^^^^^^^^
TypeError: int() argument must be a string, a bytes-like object or a real number, not 'builtin_function_or_method'
-- TEST CASE 4:
---- input:
19
---- correct output:
56.24
-- ERROR:
Traceback (most recent call last):
  File "XXXX", line 1, in <module>
    valor_reais = float(int(input))
                        ^^^^^^^^^^
TypeError: int() argument must be a string, a bytes-like object or a real number, not 'builtin_function_or_method'
-- TEST CASE 5:
---- input:
21
---- correct output:
62.16
-- ERROR:
Traceback (most recent call last):
  File "XXXX", line 1, in <module>
    valor_reais = float(int(input))
                        ^^^^^^^^^^
TypeError: int() argument must be a string, a bytes-like object or a real number, not 'builtin_function_or_method'
-- TEST CASE 6:
---- input:
2
---- correct output:
5.92
-- ERROR:
Traceback (most recent call last):
  File "XXXX", line 1, in <module>
    valor_reais = float(int(input))
                        ^^^^^^^^^^
TypeError: int() argument must be a string, a bytes-like object or a real number, not 'builtin_function_or_method'
-- GRADE:
0%
*-*-*-*-*-*-*-*-*-*-*-*-*-*-*-*-*-*-*-*-*-*-*-*
== SUBMISSION (2025-09-01 14:40:24)
-- CODE: 
valor_reais = float(int(input)))
valor_dolares = float(valor_reais*2.96)
valor_dolares = float(valor_dolares)
print(vallor_dolares)
-- EXECUTION TIME: 
0.0
-- TEST CASE 1:
---- input:
7
---- correct output:
20.72
-- ERROR:
File "XXXX", line 1
    valor_reais = float(int(input)))
                                   ^
SyntaxError: unmatched ')'
-- TEST CASE 2:
---- input:
1
---- correct output:
2.96
-- ERROR:
File "XXXX", line 1
    valor_reais = float(int(input)))
                                   ^
SyntaxError: unmatched ')'
-- TEST CASE 3:
---- input:
8
---- correct output:
23.68
-- ERROR:
File "XXXX", line 1
    valor_reais = float(int(input)))
                                   ^
SyntaxError: unmatched ')'
-- TEST CASE 4:
---- input:
19
---- correct output:
56.24
-- ERROR:
File "XXXX", line 1
    valor_reais = float(int(input)))
                                   ^
SyntaxError: unmatched ')'
-- TEST CASE 5:
---- input:
21
---- correct output:
62.16
-- ERROR:
File "XXXX", line 1
    valor_reais = float(int(input)))
                                   ^
SyntaxError: unmatched ')'
-- TEST CASE 6:
---- input:
2
---- correct output:
5.92
-- ERROR:
File "XXXX", line 1
    valor_reais = float(int(input)))
                                   ^
SyntaxError: unmatched ')'
-- GRADE:
0%
*-*-*-*-*-*-*-*-*-*-*-*-*-*-*-*-*-*-*-*-*-*-*-*
== RUN (2025-09-01 14:25:21)
-- CODE: 
Dolar = float(input())
Reais = dolar*2.96
print(round(dolar,2))
-- EXECUTION TIME: 
0.0
-- TEST CASE 1:
---- input:
7
---- correct output:
20.72
-- ERROR:
Traceback (most recent call last):
  File "XXXX", line 2, in <module>
    Reais = dolar*2.96
            ^^^^^
NameError: name 'dolar' is not defined. Did you mean: 'Dolar'?
-- TEST CASE 2:
---- input:
1
---- correct output:
2.96
-- ERROR:
Traceback (most recent call last):
  File "XXXX", line 2, in <module>
    Reais = dolar*2.96
            ^^^^^
NameError: name 'dolar' is not defined. Did you mean: 'Dolar'?
-- TEST CASE 3:
---- input:
8
---- correct output:
23.68
-- ERROR:
Traceback (most recent call last):
  File "XXXX", line 2, in <module>
    Reais = dolar*2.96
            ^^^^^
NameError: name 'dolar' is not defined. Did you mean: 'Dolar'?
-- TEST CASE 4:
---- input:
19
---- correct output:
56.24
-- ERROR:
Traceback (most recent call last):
  File "XXXX", line 2, in <module>
    Reais = dolar*2.96
            ^^^^^
NameError: name 'dolar' is not defined. Did you mean: 'Dolar'?
-- TEST CASE 5:
---- input:
21
---- correct output:
62.16
-- ERROR:
Traceback (most recent call last):
  File "XXXX", line 2, in <module>
    Reais = dolar*2.96
            ^^^^^
NameError: name 'dolar' is not defined. Did you mean: 'Dolar'?
-- TEST CASE 6:
---- input:
2
---- correct output:
5.92
-- ERROR:
Traceback (most recent call last):
  File "XXXX", line 2, in <module>
    Reais = dolar*2.96
            ^^^^^
NameError: name 'dolar' is not defined. Did you mean: 'Dolar'?
*-*-*-*-*-*-*-*-*-*-*-*-*-*-*-*-*-*-*-*-*-*-*-*
== RUN (2025-09-01 14:26:53)
-- CODE: 
Dolar = float(input())
Reais = dolar * 2.96
print(round(dolar,2))
-- EXECUTION TIME: 
0.0
-- TEST CASE 1:
---- input:
7
---- correct output:
20.72
-- ERROR:
Traceback (most recent call last):
  File "XXXX", line 2, in <module>
    Reais = dolar * 2.96
            ^^^^^
NameError: name 'dolar' is not defined. Did you mean: 'Dolar'?
-- TEST CASE 2:
---- input:
1
---- correct output:
2.96
-- ERROR:
Traceback (most recent call last):
  File "XXXX", line 2, in <module>
    Reais = dolar * 2.96
            ^^^^^
NameError: name 'dolar' is not defined. Did you mean: 'Dolar'?
-- TEST CASE 3:
---- input:
8
---- correct output:
23.68
-- ERROR:
Traceback (most recent call last):
  File "XXXX", line 2, in <module>
    Reais = dolar * 2.96
            ^^^^^
NameError: name 'dolar' is not defined. Did you mean: 'Dolar'?
-- TEST CASE 4:
---- input:
19
---- correct output:
56.24
-- ERROR:
Traceback (most recent call last):
  File "XXXX", line 2, in <module>
    Reais = dolar * 2.96
            ^^^^^
NameError: name 'dolar' is not defined. Did you mean: 'Dolar'?
-- TEST CASE 5:
---- input:
21
---- correct output:
62.16
-- ERROR:
Traceback (most recent call last):
  File "XXXX", line 2, in <module>
    Reais = dolar * 2.96
            ^^^^^
NameError: name 'dolar' is not defined. Did you mean: 'Dolar'?
-- TEST CASE 6:
---- input:
2
---- correct output:
5.92
-- ERROR:
Traceback (most recent call last):
  File "XXXX", line 2, in <module>
    Reais = dolar * 2.96
            ^^^^^
NameError: name 'dolar' is not defined. Did you mean: 'Dolar'?
*-*-*-*-*-*-*-*-*-*-*-*-*-*-*-*-*-*-*-*-*-*-*-*
== RUN (2025-09-01 14:25:34)
-- CODE: 
Dolar = float(input())
Reais = dolar*2.96
print(round(dolar,2))
-- EXECUTION TIME: 
0.0
-- TEST CASE 1:
---- input:
7
---- correct output:
20.72
-- ERROR:
Traceback (most recent call last):
  File "XXXX", line 2, in <module>
    Reais = dolar*2.96
            ^^^^^
NameError: name 'dolar' is not defined. Did you mean: 'Dolar'?
-- TEST CASE 2:
---- input:
1
---- correct output:
2.96
-- ERROR:
Traceback (most recent call last):
  File "XXXX", line 2, in <module>
    Reais = dolar*2.96
            ^^^^^
NameError: name 'dolar' is not defined. Did you mean: 'Dolar'?
-- TEST CASE 3:
---- input:
8
---- correct output:
23.68
-- ERROR:
Traceback (most recent call last):
  File "XXXX", line 2, in <module>
    Reais = dolar*2.96
            ^^^^^
NameError: name 'dolar' is not defined. Did you mean: 'Dolar'?
-- TEST CASE 4:
---- input:
19
---- correct output:
56.24
-- ERROR:
Traceback (most recent call last):
  File "XXXX", line 2, in <module>
    Reais = dolar*2.96
            ^^^^^
NameError: name 'dolar' is not defined. Did you mean: 'Dolar'?
-- TEST CASE 5:
---- input:
21
---- correct output:
62.16
-- ERROR:
Traceback (most recent call last):
  File "XXXX", line 2, in <module>
    Reais = dolar*2.96
            ^^^^^
NameError: name 'dolar' is not defined. Did you mean: 'Dolar'?
-- TEST CASE 6:
---- input:
2
---- correct output:
5.92
-- ERROR:
Traceback (most recent call last):
  File "XXXX", line 2, in <module>
    Reais = dolar*2.96
            ^^^^^
NameError: name 'dolar' is not defined. Did you mean: 'Dolar'?
*-*-*-*-*-*-*-*-*-*-*-*-*-*-*-*-*-*-*-*-*-*-*-*
== SUBMISSION (2025-09-01 14:12:52)
-- CODE: 
valor_real = float(input())
dolar_neozelandes_= flot(input())
dolar_neozelandes = float(input(valor_real*2.96))
print(valor_neozelandes(round,2))
-- EXECUTION TIME: 
0.0
-- TEST CASE 1:
---- input:
7
---- correct output:
20.72
-- ERROR:
Traceback (most recent call last):
  File "XXXX", line 2, in <module>
    dolar_neozelandes_= flot(input())
                        ^^^^
NameError: name 'flot' is not defined. Did you mean: 'float'?
-- TEST CASE 2:
---- input:
1
---- correct output:
2.96
-- ERROR:
Traceback (most recent call last):
  File "XXXX", line 2, in <module>
    dolar_neozelandes_= flot(input())
                        ^^^^
NameError: name 'flot' is not defined. Did you mean: 'float'?
-- TEST CASE 3:
---- input:
8
---- correct output:
23.68
-- ERROR:
Traceback (most recent call last):
  File "XXXX", line 2, in <module>
    dolar_neozelandes_= flot(input())
                        ^^^^
NameError: name 'flot' is not defined. Did you mean: 'float'?
-- TEST CASE 4:
---- input:
19
---- correct output:
56.24
-- ERROR:
Traceback (most recent call last):
  File "XXXX", line 2, in <module>
    dolar_neozelandes_= flot(input())
                        ^^^^
NameError: name 'flot' is not defined. Did you mean: 'float'?
-- TEST CASE 5:
---- input:
21
---- correct output:
62.16
-- ERROR:
Traceback (most recent call last):
  File "XXXX", line 2, in <module>
    dolar_neozelandes_= flot(input())
                        ^^^^
NameError: name 'flot' is not defined. Did you mean: 'float'?
-- TEST CASE 6:
---- input:
2
---- correct output:
5.92
-- ERROR:
Traceback (most recent call last):
  File "XXXX", line 2, in <module>
    dolar_neozelandes_= flot(input())
                        ^^^^
NameError: name 'flot' is not defined. Did you mean: 'float'?
-- GRADE:
0%
*-*-*-*-*-*-*-*-*-*-*-*-*-*-*-*-*-*-*-*-*-*-*-*
