== SUBMISSION (2025-08-25 14:48:03)
-- CODE: 
x=int(input("entre com o valor de x: "))
y=int(input("entre com o valor de y: "))
print(x+y)
print(x//y)
print(x//y)
print(x*y)
print(Y**3)
-- EXECUTION TIME: 
0.0
-- TEST CASE 1:
---- input:
14
2
---- correct output:
7
0
7.0
28
8
-- ERROR:
Traceback (most recent call last):
  File "XXXX", line 7, in <module>
    print(Y**3)
          ^
NameError: name 'Y' is not defined. Did you mean: 'y'?
-- TEST CASE 2:
---- input:
8
5
---- correct output:
1
3
1.6
40
125
-- ERROR:
Traceback (most recent call last):
  File "XXXX", line 7, in <module>
    print(Y**3)
          ^
NameError: name 'Y' is not defined. Did you mean: 'y'?
-- TEST CASE 3:
---- input:
10
5
---- correct output:
2
0
2.0
50
125
-- ERROR:
Traceback (most recent call last):
  File "XXXX", line 7, in <module>
    print(Y**3)
          ^
NameError: name 'Y' is not defined. Did you mean: 'y'?
-- TEST CASE 4:
---- input:
53
2
---- correct output:
26
1
26.5
106
8
-- ERROR:
Traceback (most recent call last):
  File "XXXX", line 7, in <module>
    print(Y**3)
          ^
NameError: name 'Y' is not defined. Did you mean: 'y'?
-- TEST CASE 5:
---- input:
346
2
---- correct output:
173
0
173.0
692
8
-- ERROR:
Traceback (most recent call last):
  File "XXXX", line 7, in <module>
    print(Y**3)
          ^
NameError: name 'Y' is not defined. Did you mean: 'y'?
-- TEST CASE 6:
---- input:
347
2
---- correct output:
173
1
173.5
694
8
-- ERROR:
Traceback (most recent call last):
  File "XXXX", line 7, in <module>
    print(Y**3)
          ^
NameError: name 'Y' is not defined. Did you mean: 'y'?
-- GRADE:
0%
*-*-*-*-*-*-*-*-*-*-*-*-*-*-*-*-*-*-*-*-*-*-*-*
== RUN (2025-08-25 14:47:58)
-- CODE: 
x=int(input("entre com o valor de x: "))
y=int(input("entre com o valor de y: "))
print(x+y)
print(x//y)
print(x//y)
print(x*y)
print(Y**3)
-- EXECUTION TIME: 
0.0
-- TEST CASE 1:
---- input:
14
2
---- correct output:
7
0
7.0
28
8
-- ERROR:
Traceback (most recent call last):
  File "XXXX", line 7, in <module>
    print(Y**3)
          ^
NameError: name 'Y' is not defined. Did you mean: 'y'?
-- TEST CASE 2:
---- input:
8
5
---- correct output:
1
3
1.6
40
125
-- ERROR:
Traceback (most recent call last):
  File "XXXX", line 7, in <module>
    print(Y**3)
          ^
NameError: name 'Y' is not defined. Did you mean: 'y'?
-- TEST CASE 3:
---- input:
10
5
---- correct output:
2
0
2.0
50
125
-- ERROR:
Traceback (most recent call last):
  File "XXXX", line 7, in <module>
    print(Y**3)
          ^
NameError: name 'Y' is not defined. Did you mean: 'y'?
-- TEST CASE 4:
---- input:
53
2
---- correct output:
26
1
26.5
106
8
-- ERROR:
Traceback (most recent call last):
  File "XXXX", line 7, in <module>
    print(Y**3)
          ^
NameError: name 'Y' is not defined. Did you mean: 'y'?
-- TEST CASE 5:
---- input:
346
2
---- correct output:
173
0
173.0
692
8
-- ERROR:
Traceback (most recent call last):
  File "XXXX", line 7, in <module>
    print(Y**3)
          ^
NameError: name 'Y' is not defined. Did you mean: 'y'?
-- TEST CASE 6:
---- input:
347
2
---- correct output:
173
1
173.5
694
8
-- ERROR:
Traceback (most recent call last):
  File "XXXX", line 7, in <module>
    print(Y**3)
          ^
NameError: name 'Y' is not defined. Did you mean: 'y'?
*-*-*-*-*-*-*-*-*-*-*-*-*-*-*-*-*-*-*-*-*-*-*-*
== SUBMISSION (2025-08-25 14:43:38)
-- CODE: 
x=int(input("entre com o valor de x: "))
y=int(input("entre com o valor de y: "))
print(x+y)
print(x-y)
print(x*y)
print(x/y)
print(x//y)
print(x%y)
print(x**y)
-- EXECUTION TIME: 
0.01
-- TEST CASE 1:
---- input:
14
2
---- correct output:
7
0
7.0
28
8
---- user output:
196
-- TEST CASE 2:
---- input:
8
5
---- correct output:
1
3
1.6
40
125
---- user output:
32768
-- TEST CASE 3:
---- input:
10
5
---- correct output:
2
0
2.0
50
125
---- user output:
100000
-- TEST CASE 4:
---- input:
53
2
---- correct output:
26
1
26.5
106
8
---- user output:
2809
-- TEST CASE 5:
---- input:
346
2
---- correct output:
173
0
173.0
692
8
---- user output:
119716
-- TEST CASE 6:
---- input:
347
2
---- correct output:
173
1
173.5
694
8
---- user output:
120409
-- GRADE:
0%
*-*-*-*-*-*-*-*-*-*-*-*-*-*-*-*-*-*-*-*-*-*-*-*
== SUBMISSION (2025-08-25 14:29:17)
-- CODE: 
numero = numero + 5
print(10)
-- EXECUTION TIME: 
0.0
-- TEST CASE 1:
---- input:
14
2
---- correct output:
7
0
7.0
28
8
-- ERROR:
Traceback (most recent call last):
  File "XXXX", line 1, in <module>
    numero = numero + 5
             ^^^^^^
NameError: name 'numero' is not defined
-- TEST CASE 2:
---- input:
8
5
---- correct output:
1
3
1.6
40
125
-- ERROR:
Traceback (most recent call last):
  File "XXXX", line 1, in <module>
    numero = numero + 5
             ^^^^^^
NameError: name 'numero' is not defined
-- TEST CASE 3:
---- input:
10
5
---- correct output:
2
0
2.0
50
125
-- ERROR:
Traceback (most recent call last):
  File "XXXX", line 1, in <module>
    numero = numero + 5
             ^^^^^^
NameError: name 'numero' is not defined
-- TEST CASE 4:
---- input:
53
2
---- correct output:
26
1
26.5
106
8
-- ERROR:
Traceback (most recent call last):
  File "XXXX", line 1, in <module>
    numero = numero + 5
             ^^^^^^
NameError: name 'numero' is not defined
-- TEST CASE 5:
---- input:
346
2
---- correct output:
173
0
173.0
692
8
-- ERROR:
Traceback (most recent call last):
  File "XXXX", line 1, in <module>
    numero = numero + 5
             ^^^^^^
NameError: name 'numero' is not defined
-- TEST CASE 6:
---- input:
347
2
---- correct output:
173
1
173.5
694
8
-- ERROR:
Traceback (most recent call last):
  File "XXXX", line 1, in <module>
    numero = numero + 5
             ^^^^^^
NameError: name 'numero' is not defined
-- GRADE:
0%
*-*-*-*-*-*-*-*-*-*-*-*-*-*-*-*-*-*-*-*-*-*-*-*
== RUN (2025-08-25 14:45:35)
-- CODE: 
x=int(input("entre com o valor de x: "))
y=int(input("entre com o valor de y: "))
print(x+y)
print(x-y)
print(x*y)
print(x/y)
print(x%y)
print(y**3)
-- EXECUTION TIME: 
0.0
-- TEST CASE 1:
---- input:
14
2
---- correct output:
7
0
7.0
28
8
---- user output:
8
-- TEST CASE 2:
---- input:
8
5
---- correct output:
1
3
1.6
40
125
---- user output:
125
-- TEST CASE 3:
---- input:
10
5
---- correct output:
2
0
2.0
50
125
---- user output:
125
-- TEST CASE 4:
---- input:
53
2
---- correct output:
26
1
26.5
106
8
---- user output:
8
-- TEST CASE 5:
---- input:
346
2
---- correct output:
173
0
173.0
692
8
---- user output:
8
-- TEST CASE 6:
---- input:
347
2
---- correct output:
173
1
173.5
694
8
---- user output:
8
*-*-*-*-*-*-*-*-*-*-*-*-*-*-*-*-*-*-*-*-*-*-*-*
== RUN (2025-08-25 14:27:50)
-- CODE: 
numero - 10 
print(10)
-- EXECUTION TIME: 
0.0
-- TEST CASE 1:
---- input:
14
2
---- correct output:
7
0
7.0
28
8
-- ERROR:
Traceback (most recent call last):
  File "XXXX", line 1, in <module>
    numero - 10 
    ^^^^^^
NameError: name 'numero' is not defined
-- TEST CASE 2:
---- input:
8
5
---- correct output:
1
3
1.6
40
125
-- ERROR:
Traceback (most recent call last):
  File "XXXX", line 1, in <module>
    numero - 10 
    ^^^^^^
NameError: name 'numero' is not defined
-- TEST CASE 3:
---- input:
10
5
---- correct output:
2
0
2.0
50
125
-- ERROR:
Traceback (most recent call last):
  File "XXXX", line 1, in <module>
    numero - 10 
    ^^^^^^
NameError: name 'numero' is not defined
-- TEST CASE 4:
---- input:
53
2
---- correct output:
26
1
26.5
106
8
-- ERROR:
Traceback (most recent call last):
  File "XXXX", line 1, in <module>
    numero - 10 
    ^^^^^^
NameError: name 'numero' is not defined
-- TEST CASE 5:
---- input:
346
2
---- correct output:
173
0
173.0
692
8
-- ERROR:
Traceback (most recent call last):
  File "XXXX", line 1, in <module>
    numero - 10 
    ^^^^^^
NameError: name 'numero' is not defined
-- TEST CASE 6:
---- input:
347
2
---- correct output:
173
1
173.5
694
8
-- ERROR:
Traceback (most recent call last):
  File "XXXX", line 1, in <module>
    numero - 10 
    ^^^^^^
NameError: name 'numero' is not defined
*-*-*-*-*-*-*-*-*-*-*-*-*-*-*-*-*-*-*-*-*-*-*-*
== RUN (2025-08-25 14:29:20)
-- CODE: 
numero = numero + 5
print(10)
-- EXECUTION TIME: 
0.0
-- TEST CASE 1:
---- input:
14
2
---- correct output:
7
0
7.0
28
8
-- ERROR:
Traceback (most recent call last):
  File "XXXX", line 1, in <module>
    numero = numero + 5
             ^^^^^^
NameError: name 'numero' is not defined
-- TEST CASE 2:
---- input:
8
5
---- correct output:
1
3
1.6
40
125
-- ERROR:
Traceback (most recent call last):
  File "XXXX", line 1, in <module>
    numero = numero + 5
             ^^^^^^
NameError: name 'numero' is not defined
-- TEST CASE 3:
---- input:
10
5
---- correct output:
2
0
2.0
50
125
-- ERROR:
Traceback (most recent call last):
  File "XXXX", line 1, in <module>
    numero = numero + 5
             ^^^^^^
NameError: name 'numero' is not defined
-- TEST CASE 4:
---- input:
53
2
---- correct output:
26
1
26.5
106
8
-- ERROR:
Traceback (most recent call last):
  File "XXXX", line 1, in <module>
    numero = numero + 5
             ^^^^^^
NameError: name 'numero' is not defined
-- TEST CASE 5:
---- input:
346
2
---- correct output:
173
0
173.0
692
8
-- ERROR:
Traceback (most recent call last):
  File "XXXX", line 1, in <module>
    numero = numero + 5
             ^^^^^^
NameError: name 'numero' is not defined
-- TEST CASE 6:
---- input:
347
2
---- correct output:
173
1
173.5
694
8
-- ERROR:
Traceback (most recent call last):
  File "XXXX", line 1, in <module>
    numero = numero + 5
             ^^^^^^
NameError: name 'numero' is not defined
*-*-*-*-*-*-*-*-*-*-*-*-*-*-*-*-*-*-*-*-*-*-*-*
== RUN (2025-08-25 14:43:11)
-- CODE: 
x=int(input("entre com o valor de x: "))
y=int(input("entre com o valor de y: "))
print(x+y)
print(x-y)
print(x*y)
print(x/y)
print(x//y)
print(x%y)
print(x**y)
-- EXECUTION TIME: 
0.0
-- TEST CASE 1:
---- input:
14
2
---- correct output:
7
0
7.0
28
8
---- user output:
196
-- TEST CASE 2:
---- input:
8
5
---- correct output:
1
3
1.6
40
125
---- user output:
32768
-- TEST CASE 3:
---- input:
10
5
---- correct output:
2
0
2.0
50
125
---- user output:
100000
-- TEST CASE 4:
---- input:
53
2
---- correct output:
26
1
26.5
106
8
---- user output:
2809
-- TEST CASE 5:
---- input:
346
2
---- correct output:
173
0
173.0
692
8
---- user output:
119716
-- TEST CASE 6:
---- input:
347
2
---- correct output:
173
1
173.5
694
8
---- user output:
120409
*-*-*-*-*-*-*-*-*-*-*-*-*-*-*-*-*-*-*-*-*-*-*-*
== RUN (2025-08-25 14:27:50)
-- CODE: 
numero - 10 
print(10)
-- EXECUTION TIME: 
0.0
-- TEST CASE 1:
---- input:
14
2
---- correct output:
7
0
7.0
28
8
-- ERROR:
Traceback (most recent call last):
  File "XXXX", line 1, in <module>
    numero - 10 
    ^^^^^^
NameError: name 'numero' is not defined
-- TEST CASE 2:
---- input:
8
5
---- correct output:
1
3
1.6
40
125
-- ERROR:
Traceback (most recent call last):
  File "XXXX", line 1, in <module>
    numero - 10 
    ^^^^^^
NameError: name 'numero' is not defined
-- TEST CASE 3:
---- input:
10
5
---- correct output:
2
0
2.0
50
125
-- ERROR:
Traceback (most recent call last):
  File "XXXX", line 1, in <module>
    numero - 10 
    ^^^^^^
NameError: name 'numero' is not defined
-- TEST CASE 4:
---- input:
53
2
---- correct output:
26
1
26.5
106
8
-- ERROR:
Traceback (most recent call last):
  File "XXXX", line 1, in <module>
    numero - 10 
    ^^^^^^
NameError: name 'numero' is not defined
-- TEST CASE 5:
---- input:
346
2
---- correct output:
173
0
173.0
692
8
-- ERROR:
Traceback (most recent call last):
  File "XXXX", line 1, in <module>
    numero - 10 
    ^^^^^^
NameError: name 'numero' is not defined
-- TEST CASE 6:
---- input:
347
2
---- correct output:
173
1
173.5
694
8
-- ERROR:
Traceback (most recent call last):
  File "XXXX", line 1, in <module>
    numero - 10 
    ^^^^^^
NameError: name 'numero' is not defined
*-*-*-*-*-*-*-*-*-*-*-*-*-*-*-*-*-*-*-*-*-*-*-*
== SUBMISSION (2025-08-25 14:44:16)
-- CODE: 
x=int(input("entre com o valor de x: "))
y=int(input("entre com o valor de y: "))
print(x+y)
print(x-y)
print(x*y)
print(x/y)
print(x//y)
print(x%y)
print(x**y)
-- EXECUTION TIME: 
0.01
-- TEST CASE 1:
---- input:
14
2
---- correct output:
7
0
7.0
28
8
---- user output:
196
-- TEST CASE 2:
---- input:
8
5
---- correct output:
1
3
1.6
40
125
---- user output:
32768
-- TEST CASE 3:
---- input:
10
5
---- correct output:
2
0
2.0
50
125
---- user output:
100000
-- TEST CASE 4:
---- input:
53
2
---- correct output:
26
1
26.5
106
8
---- user output:
2809
-- TEST CASE 5:
---- input:
346
2
---- correct output:
173
0
173.0
692
8
---- user output:
119716
-- TEST CASE 6:
---- input:
347
2
---- correct output:
173
1
173.5
694
8
---- user output:
120409
-- GRADE:
0%
*-*-*-*-*-*-*-*-*-*-*-*-*-*-*-*-*-*-*-*-*-*-*-*
== RUN (2025-08-25 14:34:38)
-- CODE: 
numero = 10
print(numero)

numero = numero + 5 # Soma 5 ao valor atual 
prin(numero)

numero = "Agora sou um texto"
print(numero)
-- EXECUTION TIME: 
0.0
-- TEST CASE 1:
---- input:
14
2
---- correct output:
7
0
7.0
28
8
-- ERROR:
Traceback (most recent call last):
  File "XXXX", line 5, in <module>
    prin(numero)
    ^^^^
NameError: name 'prin' is not defined. Did you mean: 'print'?
-- TEST CASE 2:
---- input:
8
5
---- correct output:
1
3
1.6
40
125
-- ERROR:
Traceback (most recent call last):
  File "XXXX", line 5, in <module>
    prin(numero)
    ^^^^
NameError: name 'prin' is not defined. Did you mean: 'print'?
-- TEST CASE 3:
---- input:
10
5
---- correct output:
2
0
2.0
50
125
-- ERROR:
Traceback (most recent call last):
  File "XXXX", line 5, in <module>
    prin(numero)
    ^^^^
NameError: name 'prin' is not defined. Did you mean: 'print'?
-- TEST CASE 4:
---- input:
53
2
---- correct output:
26
1
26.5
106
8
-- ERROR:
Traceback (most recent call last):
  File "XXXX", line 5, in <module>
    prin(numero)
    ^^^^
NameError: name 'prin' is not defined. Did you mean: 'print'?
-- TEST CASE 5:
---- input:
346
2
---- correct output:
173
0
173.0
692
8
-- ERROR:
Traceback (most recent call last):
  File "XXXX", line 5, in <module>
    prin(numero)
    ^^^^
NameError: name 'prin' is not defined. Did you mean: 'print'?
-- TEST CASE 6:
---- input:
347
2
---- correct output:
173
1
173.5
694
8
-- ERROR:
Traceback (most recent call last):
  File "XXXX", line 5, in <module>
    prin(numero)
    ^^^^
NameError: name 'prin' is not defined. Did you mean: 'print'?
*-*-*-*-*-*-*-*-*-*-*-*-*-*-*-*-*-*-*-*-*-*-*-*
== RUN (2025-08-25 14:49:16)
-- CODE: 
x=int(input("entre com o valor de x: "))
y=int(input("entre com o valor de y: "))
print(x//y)
print(x%y)
print(x/y)
print(x*y)
print(y**3)
-- EXECUTION TIME: 
0.0
-- TEST CASE 1:
---- input:
14
2
---- correct output:
7
0
7.0
28
8
---- user output:
8
-- TEST CASE 2:
---- input:
8
5
---- correct output:
1
3
1.6
40
125
---- user output:
125
-- TEST CASE 3:
---- input:
10
5
---- correct output:
2
0
2.0
50
125
---- user output:
125
-- TEST CASE 4:
---- input:
53
2
---- correct output:
26
1
26.5
106
8
---- user output:
8
-- TEST CASE 5:
---- input:
346
2
---- correct output:
173
0
173.0
692
8
---- user output:
8
-- TEST CASE 6:
---- input:
347
2
---- correct output:
173
1
173.5
694
8
---- user output:
8
*-*-*-*-*-*-*-*-*-*-*-*-*-*-*-*-*-*-*-*-*-*-*-*
== RUN (2025-08-25 14:48:15)
-- CODE: 
x=int(input("entre com o valor de x: "))
y=int(input("entre com o valor de y: "))
print(x+y)
print(x//y)
print(x//y)
print(x*y)
print(y**3)
-- EXECUTION TIME: 
0.0
-- TEST CASE 1:
---- input:
14
2
---- correct output:
7
0
7.0
28
8
---- user output:
8
-- TEST CASE 2:
---- input:
8
5
---- correct output:
1
3
1.6
40
125
---- user output:
125
-- TEST CASE 3:
---- input:
10
5
---- correct output:
2
0
2.0
50
125
---- user output:
125
-- TEST CASE 4:
---- input:
53
2
---- correct output:
26
1
26.5
106
8
---- user output:
8
-- TEST CASE 5:
---- input:
346
2
---- correct output:
173
0
173.0
692
8
---- user output:
8
-- TEST CASE 6:
---- input:
347
2
---- correct output:
173
1
173.5
694
8
---- user output:
8
*-*-*-*-*-*-*-*-*-*-*-*-*-*-*-*-*-*-*-*-*-*-*-*
== SUBMISSION (2025-08-25 14:43:05)
-- CODE: 
x=int(input("entre com o valor de x: "))
y=int(input("entre com o valor de y: "))
print(x+y)
print(x-y)
print(x*y)
print(x/y)
print(x//y)
print(x%y)
print(x**y)
-- EXECUTION TIME: 
0.01
-- TEST CASE 1:
---- input:
14
2
---- correct output:
7
0
7.0
28
8
---- user output:
196
-- TEST CASE 2:
---- input:
8
5
---- correct output:
1
3
1.6
40
125
---- user output:
32768
-- TEST CASE 3:
---- input:
10
5
---- correct output:
2
0
2.0
50
125
---- user output:
100000
-- TEST CASE 4:
---- input:
53
2
---- correct output:
26
1
26.5
106
8
---- user output:
2809
-- TEST CASE 5:
---- input:
346
2
---- correct output:
173
0
173.0
692
8
---- user output:
119716
-- TEST CASE 6:
---- input:
347
2
---- correct output:
173
1
173.5
694
8
---- user output:
120409
-- GRADE:
0%
*-*-*-*-*-*-*-*-*-*-*-*-*-*-*-*-*-*-*-*-*-*-*-*
== SUBMISSION (2025-08-25 14:43:16)
-- CODE: 
x=int(input("entre com o valor de x: "))
y=int(input("entre com o valor de y: "))
print(x+y)
print(x-y)
print(x*y)
print(x/y)
print(x//y)
print(x%y)
print(x**y)
-- EXECUTION TIME: 
0.01
-- TEST CASE 1:
---- input:
14
2
---- correct output:
7
0
7.0
28
8
---- user output:
196
-- TEST CASE 2:
---- input:
8
5
---- correct output:
1
3
1.6
40
125
---- user output:
32768
-- TEST CASE 3:
---- input:
10
5
---- correct output:
2
0
2.0
50
125
---- user output:
100000
-- TEST CASE 4:
---- input:
53
2
---- correct output:
26
1
26.5
106
8
---- user output:
2809
-- TEST CASE 5:
---- input:
346
2
---- correct output:
173
0
173.0
692
8
---- user output:
119716
-- TEST CASE 6:
---- input:
347
2
---- correct output:
173
1
173.5
694
8
---- user output:
120409
-- GRADE:
0%
*-*-*-*-*-*-*-*-*-*-*-*-*-*-*-*-*-*-*-*-*-*-*-*
== RUN (2025-08-25 14:43:32)
-- CODE: 
x=int(input("entre com o valor de x: "))
y=int(input("entre com o valor de y: "))
print(x+y)
print(x-y)
print(x*y)
print(x/y)
print(x//y)
print(x%y)
print(x**y)
-- EXECUTION TIME: 
0.0
-- TEST CASE 1:
---- input:
14
2
---- correct output:
7
0
7.0
28
8
---- user output:
196
-- TEST CASE 2:
---- input:
8
5
---- correct output:
1
3
1.6
40
125
---- user output:
32768
-- TEST CASE 3:
---- input:
10
5
---- correct output:
2
0
2.0
50
125
---- user output:
100000
-- TEST CASE 4:
---- input:
53
2
---- correct output:
26
1
26.5
106
8
---- user output:
2809
-- TEST CASE 5:
---- input:
346
2
---- correct output:
173
0
173.0
692
8
---- user output:
119716
-- TEST CASE 6:
---- input:
347
2
---- correct output:
173
1
173.5
694
8
---- user output:
120409
*-*-*-*-*-*-*-*-*-*-*-*-*-*-*-*-*-*-*-*-*-*-*-*
== RUN (2025-08-25 14:34:37)
-- CODE: 
numero = 10
print(numero)

numero = numero + 5 # Soma 5 ao valor atual 
prin(numero)

numero = "Agora sou um texto"
print(numero)
-- EXECUTION TIME: 
0.0
-- TEST CASE 1:
---- input:
14
2
---- correct output:
7
0
7.0
28
8
-- ERROR:
Traceback (most recent call last):
  File "XXXX", line 5, in <module>
    prin(numero)
    ^^^^
NameError: name 'prin' is not defined. Did you mean: 'print'?
-- TEST CASE 2:
---- input:
8
5
---- correct output:
1
3
1.6
40
125
-- ERROR:
Traceback (most recent call last):
  File "XXXX", line 5, in <module>
    prin(numero)
    ^^^^
NameError: name 'prin' is not defined. Did you mean: 'print'?
-- TEST CASE 3:
---- input:
10
5
---- correct output:
2
0
2.0
50
125
-- ERROR:
Traceback (most recent call last):
  File "XXXX", line 5, in <module>
    prin(numero)
    ^^^^
NameError: name 'prin' is not defined. Did you mean: 'print'?
-- TEST CASE 4:
---- input:
53
2
---- correct output:
26
1
26.5
106
8
-- ERROR:
Traceback (most recent call last):
  File "XXXX", line 5, in <module>
    prin(numero)
    ^^^^
NameError: name 'prin' is not defined. Did you mean: 'print'?
-- TEST CASE 5:
---- input:
346
2
---- correct output:
173
0
173.0
692
8
-- ERROR:
Traceback (most recent call last):
  File "XXXX", line 5, in <module>
    prin(numero)
    ^^^^
NameError: name 'prin' is not defined. Did you mean: 'print'?
-- TEST CASE 6:
---- input:
347
2
---- correct output:
173
1
173.5
694
8
-- ERROR:
Traceback (most recent call last):
  File "XXXX", line 5, in <module>
    prin(numero)
    ^^^^
NameError: name 'prin' is not defined. Did you mean: 'print'?
*-*-*-*-*-*-*-*-*-*-*-*-*-*-*-*-*-*-*-*-*-*-*-*
== RUN (2025-08-25 14:27:49)
-- CODE: 
numero - 10 
print(10)
-- EXECUTION TIME: 
0.0
-- TEST CASE 1:
---- input:
14
2
---- correct output:
7
0
7.0
28
8
-- ERROR:
Traceback (most recent call last):
  File "XXXX", line 1, in <module>
    numero - 10 
    ^^^^^^
NameError: name 'numero' is not defined
-- TEST CASE 2:
---- input:
8
5
---- correct output:
1
3
1.6
40
125
-- ERROR:
Traceback (most recent call last):
  File "XXXX", line 1, in <module>
    numero - 10 
    ^^^^^^
NameError: name 'numero' is not defined
-- TEST CASE 3:
---- input:
10
5
---- correct output:
2
0
2.0
50
125
-- ERROR:
Traceback (most recent call last):
  File "XXXX", line 1, in <module>
    numero - 10 
    ^^^^^^
NameError: name 'numero' is not defined
-- TEST CASE 4:
---- input:
53
2
---- correct output:
26
1
26.5
106
8
-- ERROR:
Traceback (most recent call last):
  File "XXXX", line 1, in <module>
    numero - 10 
    ^^^^^^
NameError: name 'numero' is not defined
-- TEST CASE 5:
---- input:
346
2
---- correct output:
173
0
173.0
692
8
-- ERROR:
Traceback (most recent call last):
  File "XXXX", line 1, in <module>
    numero - 10 
    ^^^^^^
NameError: name 'numero' is not defined
-- TEST CASE 6:
---- input:
347
2
---- correct output:
173
1
173.5
694
8
-- ERROR:
Traceback (most recent call last):
  File "XXXX", line 1, in <module>
    numero - 10 
    ^^^^^^
NameError: name 'numero' is not defined
*-*-*-*-*-*-*-*-*-*-*-*-*-*-*-*-*-*-*-*-*-*-*-*
== RUN (2025-08-25 14:45:04)
-- CODE: 
x=int(input("entre com o valor de x: "))
y=int(input("entre com o valor de y: "))
print(x+y)
print(x-y)
print(x*y)
print(x/y)
print(x%y)
print(y**3)
-- EXECUTION TIME: 
0.0
-- TEST CASE 1:
---- input:
14
2
---- correct output:
7
0
7.0
28
8
---- user output:
8
-- TEST CASE 2:
---- input:
8
5
---- correct output:
1
3
1.6
40
125
---- user output:
125
-- TEST CASE 3:
---- input:
10
5
---- correct output:
2
0
2.0
50
125
---- user output:
125
-- TEST CASE 4:
---- input:
53
2
---- correct output:
26
1
26.5
106
8
---- user output:
8
-- TEST CASE 5:
---- input:
346
2
---- correct output:
173
0
173.0
692
8
---- user output:
8
-- TEST CASE 6:
---- input:
347
2
---- correct output:
173
1
173.5
694
8
---- user output:
8
*-*-*-*-*-*-*-*-*-*-*-*-*-*-*-*-*-*-*-*-*-*-*-*
== RUN (2025-08-25 14:48:34)
-- CODE: 
x=int(input("entre com o valor de x: "))
y=int(input("entre com o valor de y: "))
print(x+y)
print(x//y)
print(x/y)
print(x*y)
print(y**3)
-- EXECUTION TIME: 
0.0
-- TEST CASE 1:
---- input:
14
2
---- correct output:
7
0
7.0
28
8
---- user output:
8
-- TEST CASE 2:
---- input:
8
5
---- correct output:
1
3
1.6
40
125
---- user output:
125
-- TEST CASE 3:
---- input:
10
5
---- correct output:
2
0
2.0
50
125
---- user output:
125
-- TEST CASE 4:
---- input:
53
2
---- correct output:
26
1
26.5
106
8
---- user output:
8
-- TEST CASE 5:
---- input:
346
2
---- correct output:
173
0
173.0
692
8
---- user output:
8
-- TEST CASE 6:
---- input:
347
2
---- correct output:
173
1
173.5
694
8
---- user output:
8
*-*-*-*-*-*-*-*-*-*-*-*-*-*-*-*-*-*-*-*-*-*-*-*
== SUBMISSION (2025-08-25 14:49:20)
-- CODE: 
x=int(input("entre com o valor de x: "))
y=int(input("entre com o valor de y: "))
print(x//y)
print(x%y)
print(x/y)
print(x*y)
print(y**3)
-- EXECUTION TIME: 
0.01
-- TEST CASE 1:
---- input:
14
2
---- correct output:
7
0
7.0
28
8
---- user output:
8
-- TEST CASE 2:
---- input:
8
5
---- correct output:
1
3
1.6
40
125
---- user output:
125
-- TEST CASE 3:
---- input:
10
5
---- correct output:
2
0
2.0
50
125
---- user output:
125
-- TEST CASE 4:
---- input:
53
2
---- correct output:
26
1
26.5
106
8
---- user output:
8
-- TEST CASE 5:
---- input:
346
2
---- correct output:
173
0
173.0
692
8
---- user output:
8
-- TEST CASE 6:
---- input:
347
2
---- correct output:
173
1
173.5
694
8
---- user output:
8
-- GRADE:
100%
*-*-*-*-*-*-*-*-*-*-*-*-*-*-*-*-*-*-*-*-*-*-*-*
== SUBMISSION (2025-08-25 14:48:38)
-- CODE: 
x=int(input("entre com o valor de x: "))
y=int(input("entre com o valor de y: "))
print(x+y)
print(x//y)
print(x/y)
print(x*y)
print(y**3)
-- EXECUTION TIME: 
0.01
-- TEST CASE 1:
---- input:
14
2
---- correct output:
7
0
7.0
28
8
---- user output:
8
-- TEST CASE 2:
---- input:
8
5
---- correct output:
1
3
1.6
40
125
---- user output:
125
-- TEST CASE 3:
---- input:
10
5
---- correct output:
2
0
2.0
50
125
---- user output:
125
-- TEST CASE 4:
---- input:
53
2
---- correct output:
26
1
26.5
106
8
---- user output:
8
-- TEST CASE 5:
---- input:
346
2
---- correct output:
173
0
173.0
692
8
---- user output:
8
-- TEST CASE 6:
---- input:
347
2
---- correct output:
173
1
173.5
694
8
---- user output:
8
-- GRADE:
0%
*-*-*-*-*-*-*-*-*-*-*-*-*-*-*-*-*-*-*-*-*-*-*-*
== RUN (2025-08-25 14:34:36)
-- CODE: 
numero = 10
print(numero)

numero = numero + 5 # Soma 5 ao valor atual 
prin(numero)

numero = "Agora sou um texto"
print(numero)
-- EXECUTION TIME: 
0.0
-- TEST CASE 1:
---- input:
14
2
---- correct output:
7
0
7.0
28
8
-- ERROR:
Traceback (most recent call last):
  File "XXXX", line 5, in <module>
    prin(numero)
    ^^^^
NameError: name 'prin' is not defined. Did you mean: 'print'?
-- TEST CASE 2:
---- input:
8
5
---- correct output:
1
3
1.6
40
125
-- ERROR:
Traceback (most recent call last):
  File "XXXX", line 5, in <module>
    prin(numero)
    ^^^^
NameError: name 'prin' is not defined. Did you mean: 'print'?
-- TEST CASE 3:
---- input:
10
5
---- correct output:
2
0
2.0
50
125
-- ERROR:
Traceback (most recent call last):
  File "XXXX", line 5, in <module>
    prin(numero)
    ^^^^
NameError: name 'prin' is not defined. Did you mean: 'print'?
-- TEST CASE 4:
---- input:
53
2
---- correct output:
26
1
26.5
106
8
-- ERROR:
Traceback (most recent call last):
  File "XXXX", line 5, in <module>
    prin(numero)
    ^^^^
NameError: name 'prin' is not defined. Did you mean: 'print'?
-- TEST CASE 5:
---- input:
346
2
---- correct output:
173
0
173.0
692
8
-- ERROR:
Traceback (most recent call last):
  File "XXXX", line 5, in <module>
    prin(numero)
    ^^^^
NameError: name 'prin' is not defined. Did you mean: 'print'?
-- TEST CASE 6:
---- input:
347
2
---- correct output:
173
1
173.5
694
8
-- ERROR:
Traceback (most recent call last):
  File "XXXX", line 5, in <module>
    prin(numero)
    ^^^^
NameError: name 'prin' is not defined. Did you mean: 'print'?
*-*-*-*-*-*-*-*-*-*-*-*-*-*-*-*-*-*-*-*-*-*-*-*
== RUN (2025-08-25 14:29:03)
-- CODE: 
numero = numero + 5
print(numero)
-- EXECUTION TIME: 
0.0
-- TEST CASE 1:
---- input:
14
2
---- correct output:
7
0
7.0
28
8
-- ERROR:
Traceback (most recent call last):
  File "XXXX", line 1, in <module>
    numero = numero + 5
             ^^^^^^
NameError: name 'numero' is not defined
-- TEST CASE 2:
---- input:
8
5
---- correct output:
1
3
1.6
40
125
-- ERROR:
Traceback (most recent call last):
  File "XXXX", line 1, in <module>
    numero = numero + 5
             ^^^^^^
NameError: name 'numero' is not defined
-- TEST CASE 3:
---- input:
10
5
---- correct output:
2
0
2.0
50
125
-- ERROR:
Traceback (most recent call last):
  File "XXXX", line 1, in <module>
    numero = numero + 5
             ^^^^^^
NameError: name 'numero' is not defined
-- TEST CASE 4:
---- input:
53
2
---- correct output:
26
1
26.5
106
8
-- ERROR:
Traceback (most recent call last):
  File "XXXX", line 1, in <module>
    numero = numero + 5
             ^^^^^^
NameError: name 'numero' is not defined
-- TEST CASE 5:
---- input:
346
2
---- correct output:
173
0
173.0
692
8
-- ERROR:
Traceback (most recent call last):
  File "XXXX", line 1, in <module>
    numero = numero + 5
             ^^^^^^
NameError: name 'numero' is not defined
-- TEST CASE 6:
---- input:
347
2
---- correct output:
173
1
173.5
694
8
-- ERROR:
Traceback (most recent call last):
  File "XXXX", line 1, in <module>
    numero = numero + 5
             ^^^^^^
NameError: name 'numero' is not defined
*-*-*-*-*-*-*-*-*-*-*-*-*-*-*-*-*-*-*-*-*-*-*-*
== SUBMISSION (2025-08-25 14:48:37)
-- CODE: 
x=int(input("entre com o valor de x: "))
y=int(input("entre com o valor de y: "))
print(x+y)
print(x//y)
print(x/y)
print(x*y)
print(y**3)
-- EXECUTION TIME: 
0.01
-- TEST CASE 1:
---- input:
14
2
---- correct output:
7
0
7.0
28
8
---- user output:
8
-- TEST CASE 2:
---- input:
8
5
---- correct output:
1
3
1.6
40
125
---- user output:
125
-- TEST CASE 3:
---- input:
10
5
---- correct output:
2
0
2.0
50
125
---- user output:
125
-- TEST CASE 4:
---- input:
53
2
---- correct output:
26
1
26.5
106
8
---- user output:
8
-- TEST CASE 5:
---- input:
346
2
---- correct output:
173
0
173.0
692
8
---- user output:
8
-- TEST CASE 6:
---- input:
347
2
---- correct output:
173
1
173.5
694
8
---- user output:
8
-- GRADE:
0%
*-*-*-*-*-*-*-*-*-*-*-*-*-*-*-*-*-*-*-*-*-*-*-*
== RUN (2025-08-25 14:29:22)
-- CODE: 
numero = numero + 5
print(10)
-- EXECUTION TIME: 
0.0
-- TEST CASE 1:
---- input:
14
2
---- correct output:
7
0
7.0
28
8
-- ERROR:
Traceback (most recent call last):
  File "XXXX", line 1, in <module>
    numero = numero + 5
             ^^^^^^
NameError: name 'numero' is not defined
-- TEST CASE 2:
---- input:
8
5
---- correct output:
1
3
1.6
40
125
-- ERROR:
Traceback (most recent call last):
  File "XXXX", line 1, in <module>
    numero = numero + 5
             ^^^^^^
NameError: name 'numero' is not defined
-- TEST CASE 3:
---- input:
10
5
---- correct output:
2
0
2.0
50
125
-- ERROR:
Traceback (most recent call last):
  File "XXXX", line 1, in <module>
    numero = numero + 5
             ^^^^^^
NameError: name 'numero' is not defined
-- TEST CASE 4:
---- input:
53
2
---- correct output:
26
1
26.5
106
8
-- ERROR:
Traceback (most recent call last):
  File "XXXX", line 1, in <module>
    numero = numero + 5
             ^^^^^^
NameError: name 'numero' is not defined
-- TEST CASE 5:
---- input:
346
2
---- correct output:
173
0
173.0
692
8
-- ERROR:
Traceback (most recent call last):
  File "XXXX", line 1, in <module>
    numero = numero + 5
             ^^^^^^
NameError: name 'numero' is not defined
-- TEST CASE 6:
---- input:
347
2
---- correct output:
173
1
173.5
694
8
-- ERROR:
Traceback (most recent call last):
  File "XXXX", line 1, in <module>
    numero = numero + 5
             ^^^^^^
NameError: name 'numero' is not defined
*-*-*-*-*-*-*-*-*-*-*-*-*-*-*-*-*-*-*-*-*-*-*-*
== SUBMISSION (2025-08-25 14:48:19)
-- CODE: 
x=int(input("entre com o valor de x: "))
y=int(input("entre com o valor de y: "))
print(x+y)
print(x//y)
print(x//y)
print(x*y)
print(y**3)
-- EXECUTION TIME: 
0.01
-- TEST CASE 1:
---- input:
14
2
---- correct output:
7
0
7.0
28
8
---- user output:
8
-- TEST CASE 2:
---- input:
8
5
---- correct output:
1
3
1.6
40
125
---- user output:
125
-- TEST CASE 3:
---- input:
10
5
---- correct output:
2
0
2.0
50
125
---- user output:
125
-- TEST CASE 4:
---- input:
53
2
---- correct output:
26
1
26.5
106
8
---- user output:
8
-- TEST CASE 5:
---- input:
346
2
---- correct output:
173
0
173.0
692
8
---- user output:
8
-- TEST CASE 6:
---- input:
347
2
---- correct output:
173
1
173.5
694
8
---- user output:
8
-- GRADE:
0%
*-*-*-*-*-*-*-*-*-*-*-*-*-*-*-*-*-*-*-*-*-*-*-*
== RUN (2025-08-25 14:29:21)
-- CODE: 
numero = numero + 5
print(10)
-- EXECUTION TIME: 
0.0
-- TEST CASE 1:
---- input:
14
2
---- correct output:
7
0
7.0
28
8
-- ERROR:
Traceback (most recent call last):
  File "XXXX", line 1, in <module>
    numero = numero + 5
             ^^^^^^
NameError: name 'numero' is not defined
-- TEST CASE 2:
---- input:
8
5
---- correct output:
1
3
1.6
40
125
-- ERROR:
Traceback (most recent call last):
  File "XXXX", line 1, in <module>
    numero = numero + 5
             ^^^^^^
NameError: name 'numero' is not defined
-- TEST CASE 3:
---- input:
10
5
---- correct output:
2
0
2.0
50
125
-- ERROR:
Traceback (most recent call last):
  File "XXXX", line 1, in <module>
    numero = numero + 5
             ^^^^^^
NameError: name 'numero' is not defined
-- TEST CASE 4:
---- input:
53
2
---- correct output:
26
1
26.5
106
8
-- ERROR:
Traceback (most recent call last):
  File "XXXX", line 1, in <module>
    numero = numero + 5
             ^^^^^^
NameError: name 'numero' is not defined
-- TEST CASE 5:
---- input:
346
2
---- correct output:
173
0
173.0
692
8
-- ERROR:
Traceback (most recent call last):
  File "XXXX", line 1, in <module>
    numero = numero + 5
             ^^^^^^
NameError: name 'numero' is not defined
-- TEST CASE 6:
---- input:
347
2
---- correct output:
173
1
173.5
694
8
-- ERROR:
Traceback (most recent call last):
  File "XXXX", line 1, in <module>
    numero = numero + 5
             ^^^^^^
NameError: name 'numero' is not defined
*-*-*-*-*-*-*-*-*-*-*-*-*-*-*-*-*-*-*-*-*-*-*-*
== RUN (2025-08-25 14:34:37)
-- CODE: 
numero = 10
print(numero)

numero = numero + 5 # Soma 5 ao valor atual 
prin(numero)

numero = "Agora sou um texto"
print(numero)
-- EXECUTION TIME: 
0.0
-- TEST CASE 1:
---- input:
14
2
---- correct output:
7
0
7.0
28
8
-- ERROR:
Traceback (most recent call last):
  File "XXXX", line 5, in <module>
    prin(numero)
    ^^^^
NameError: name 'prin' is not defined. Did you mean: 'print'?
-- TEST CASE 2:
---- input:
8
5
---- correct output:
1
3
1.6
40
125
-- ERROR:
Traceback (most recent call last):
  File "XXXX", line 5, in <module>
    prin(numero)
    ^^^^
NameError: name 'prin' is not defined. Did you mean: 'print'?
-- TEST CASE 3:
---- input:
10
5
---- correct output:
2
0
2.0
50
125
-- ERROR:
Traceback (most recent call last):
  File "XXXX", line 5, in <module>
    prin(numero)
    ^^^^
NameError: name 'prin' is not defined. Did you mean: 'print'?
-- TEST CASE 4:
---- input:
53
2
---- correct output:
26
1
26.5
106
8
-- ERROR:
Traceback (most recent call last):
  File "XXXX", line 5, in <module>
    prin(numero)
    ^^^^
NameError: name 'prin' is not defined. Did you mean: 'print'?
-- TEST CASE 5:
---- input:
346
2
---- correct output:
173
0
173.0
692
8
-- ERROR:
Traceback (most recent call last):
  File "XXXX", line 5, in <module>
    prin(numero)
    ^^^^
NameError: name 'prin' is not defined. Did you mean: 'print'?
-- TEST CASE 6:
---- input:
347
2
---- correct output:
173
1
173.5
694
8
-- ERROR:
Traceback (most recent call last):
  File "XXXX", line 5, in <module>
    prin(numero)
    ^^^^
NameError: name 'prin' is not defined. Did you mean: 'print'?
*-*-*-*-*-*-*-*-*-*-*-*-*-*-*-*-*-*-*-*-*-*-*-*
== SUBMISSION (2025-08-25 14:44:53)
-- CODE: 
x=int(input("entre com o valor de x: "))
y=int(input("entre com o valor de y: "))
print(x+y)
print(x-y)
print(x*y)
print(x/y)
print(x//y)
print(x%y)
print(y**3)
-- EXECUTION TIME: 
0.01
-- TEST CASE 1:
---- input:
14
2
---- correct output:
7
0
7.0
28
8
---- user output:
8
-- TEST CASE 2:
---- input:
8
5
---- correct output:
1
3
1.6
40
125
---- user output:
125
-- TEST CASE 3:
---- input:
10
5
---- correct output:
2
0
2.0
50
125
---- user output:
125
-- TEST CASE 4:
---- input:
53
2
---- correct output:
26
1
26.5
106
8
---- user output:
8
-- TEST CASE 5:
---- input:
346
2
---- correct output:
173
0
173.0
692
8
---- user output:
8
-- TEST CASE 6:
---- input:
347
2
---- correct output:
173
1
173.5
694
8
---- user output:
8
-- GRADE:
0%
*-*-*-*-*-*-*-*-*-*-*-*-*-*-*-*-*-*-*-*-*-*-*-*
== SUBMISSION (2025-08-25 14:47:56)
-- CODE: 
x=int(input("entre com o valor de x: "))
y=int(input("entre com o valor de y: "))
print(x+y)
print(x//y)
print(x//y)
print(x*y)
print(Y**3)
-- EXECUTION TIME: 
0.0
-- TEST CASE 1:
---- input:
14
2
---- correct output:
7
0
7.0
28
8
-- ERROR:
Traceback (most recent call last):
  File "XXXX", line 7, in <module>
    print(Y**3)
          ^
NameError: name 'Y' is not defined. Did you mean: 'y'?
-- TEST CASE 2:
---- input:
8
5
---- correct output:
1
3
1.6
40
125
-- ERROR:
Traceback (most recent call last):
  File "XXXX", line 7, in <module>
    print(Y**3)
          ^
NameError: name 'Y' is not defined. Did you mean: 'y'?
-- TEST CASE 3:
---- input:
10
5
---- correct output:
2
0
2.0
50
125
-- ERROR:
Traceback (most recent call last):
  File "XXXX", line 7, in <module>
    print(Y**3)
          ^
NameError: name 'Y' is not defined. Did you mean: 'y'?
-- TEST CASE 4:
---- input:
53
2
---- correct output:
26
1
26.5
106
8
-- ERROR:
Traceback (most recent call last):
  File "XXXX", line 7, in <module>
    print(Y**3)
          ^
NameError: name 'Y' is not defined. Did you mean: 'y'?
-- TEST CASE 5:
---- input:
346
2
---- correct output:
173
0
173.0
692
8
-- ERROR:
Traceback (most recent call last):
  File "XXXX", line 7, in <module>
    print(Y**3)
          ^
NameError: name 'Y' is not defined. Did you mean: 'y'?
-- TEST CASE 6:
---- input:
347
2
---- correct output:
173
1
173.5
694
8
-- ERROR:
Traceback (most recent call last):
  File "XXXX", line 7, in <module>
    print(Y**3)
          ^
NameError: name 'Y' is not defined. Did you mean: 'y'?
-- GRADE:
0%
*-*-*-*-*-*-*-*-*-*-*-*-*-*-*-*-*-*-*-*-*-*-*-*
== RUN (2025-08-25 14:43:48)
-- CODE: 
x=int(input("entre com o valor de x: "))
y=int(input("entre com o valor de y: "))
print(x+y)
print(x-y)
print(x*y)
print(x/y)
print(x//y)
print(x%y)
print(x**y)
-- EXECUTION TIME: 
0.0
-- TEST CASE 1:
---- input:
14
2
---- correct output:
7
0
7.0
28
8
---- user output:
196
-- TEST CASE 2:
---- input:
8
5
---- correct output:
1
3
1.6
40
125
---- user output:
32768
-- TEST CASE 3:
---- input:
10
5
---- correct output:
2
0
2.0
50
125
---- user output:
100000
-- TEST CASE 4:
---- input:
53
2
---- correct output:
26
1
26.5
106
8
---- user output:
2809
-- TEST CASE 5:
---- input:
346
2
---- correct output:
173
0
173.0
692
8
---- user output:
119716
-- TEST CASE 6:
---- input:
347
2
---- correct output:
173
1
173.5
694
8
---- user output:
120409
*-*-*-*-*-*-*-*-*-*-*-*-*-*-*-*-*-*-*-*-*-*-*-*
== RUN (2025-08-25 14:42:58)
-- CODE: 
x=int(input("entre com o valor de x: "))
y=int(input("entre com o valor de y: "))
print(x+y)
print(x-y)
print(x*y)
print(x/y)
print(x//y)
print(x%y)
print(x**y)
-- EXECUTION TIME: 
0.0
-- TEST CASE 1:
---- input:
14
2
---- correct output:
7
0
7.0
28
8
---- user output:
196
-- TEST CASE 2:
---- input:
8
5
---- correct output:
1
3
1.6
40
125
---- user output:
32768
-- TEST CASE 3:
---- input:
10
5
---- correct output:
2
0
2.0
50
125
---- user output:
100000
-- TEST CASE 4:
---- input:
53
2
---- correct output:
26
1
26.5
106
8
---- user output:
2809
-- TEST CASE 5:
---- input:
346
2
---- correct output:
173
0
173.0
692
8
---- user output:
119716
-- TEST CASE 6:
---- input:
347
2
---- correct output:
173
1
173.5
694
8
---- user output:
120409
*-*-*-*-*-*-*-*-*-*-*-*-*-*-*-*-*-*-*-*-*-*-*-*
== RUN (2025-08-25 14:29:04)
-- CODE: 
numero = numero + 5
print(numero)
-- EXECUTION TIME: 
0.0
-- TEST CASE 1:
---- input:
14
2
---- correct output:
7
0
7.0
28
8
-- ERROR:
Traceback (most recent call last):
  File "XXXX", line 1, in <module>
    numero = numero + 5
             ^^^^^^
NameError: name 'numero' is not defined
-- TEST CASE 2:
---- input:
8
5
---- correct output:
1
3
1.6
40
125
-- ERROR:
Traceback (most recent call last):
  File "XXXX", line 1, in <module>
    numero = numero + 5
             ^^^^^^
NameError: name 'numero' is not defined
-- TEST CASE 3:
---- input:
10
5
---- correct output:
2
0
2.0
50
125
-- ERROR:
Traceback (most recent call last):
  File "XXXX", line 1, in <module>
    numero = numero + 5
             ^^^^^^
NameError: name 'numero' is not defined
-- TEST CASE 4:
---- input:
53
2
---- correct output:
26
1
26.5
106
8
-- ERROR:
Traceback (most recent call last):
  File "XXXX", line 1, in <module>
    numero = numero + 5
             ^^^^^^
NameError: name 'numero' is not defined
-- TEST CASE 5:
---- input:
346
2
---- correct output:
173
0
173.0
692
8
-- ERROR:
Traceback (most recent call last):
  File "XXXX", line 1, in <module>
    numero = numero + 5
             ^^^^^^
NameError: name 'numero' is not defined
-- TEST CASE 6:
---- input:
347
2
---- correct output:
173
1
173.5
694
8
-- ERROR:
Traceback (most recent call last):
  File "XXXX", line 1, in <module>
    numero = numero + 5
             ^^^^^^
NameError: name 'numero' is not defined
*-*-*-*-*-*-*-*-*-*-*-*-*-*-*-*-*-*-*-*-*-*-*-*
== RUN (2025-08-25 14:44:49)
-- CODE: 
x=int(input("entre com o valor de x: "))
y=int(input("entre com o valor de y: "))
print(x+y)
print(x-y)
print(x*y)
print(x/y)
print(x//y)
print(x%y)
print(y**3)
-- EXECUTION TIME: 
0.0
-- TEST CASE 1:
---- input:
14
2
---- correct output:
7
0
7.0
28
8
---- user output:
8
-- TEST CASE 2:
---- input:
8
5
---- correct output:
1
3
1.6
40
125
---- user output:
125
-- TEST CASE 3:
---- input:
10
5
---- correct output:
2
0
2.0
50
125
---- user output:
125
-- TEST CASE 4:
---- input:
53
2
---- correct output:
26
1
26.5
106
8
---- user output:
8
-- TEST CASE 5:
---- input:
346
2
---- correct output:
173
0
173.0
692
8
---- user output:
8
-- TEST CASE 6:
---- input:
347
2
---- correct output:
173
1
173.5
694
8
---- user output:
8
*-*-*-*-*-*-*-*-*-*-*-*-*-*-*-*-*-*-*-*-*-*-*-*
== SUBMISSION (2025-08-25 14:47:57)
-- CODE: 
x=int(input("entre com o valor de x: "))
y=int(input("entre com o valor de y: "))
print(x+y)
print(x//y)
print(x//y)
print(x*y)
print(Y**3)
-- EXECUTION TIME: 
0.0
-- TEST CASE 1:
---- input:
14
2
---- correct output:
7
0
7.0
28
8
-- ERROR:
Traceback (most recent call last):
  File "XXXX", line 7, in <module>
    print(Y**3)
          ^
NameError: name 'Y' is not defined. Did you mean: 'y'?
-- TEST CASE 2:
---- input:
8
5
---- correct output:
1
3
1.6
40
125
-- ERROR:
Traceback (most recent call last):
  File "XXXX", line 7, in <module>
    print(Y**3)
          ^
NameError: name 'Y' is not defined. Did you mean: 'y'?
-- TEST CASE 3:
---- input:
10
5
---- correct output:
2
0
2.0
50
125
-- ERROR:
Traceback (most recent call last):
  File "XXXX", line 7, in <module>
    print(Y**3)
          ^
NameError: name 'Y' is not defined. Did you mean: 'y'?
-- TEST CASE 4:
---- input:
53
2
---- correct output:
26
1
26.5
106
8
-- ERROR:
Traceback (most recent call last):
  File "XXXX", line 7, in <module>
    print(Y**3)
          ^
NameError: name 'Y' is not defined. Did you mean: 'y'?
-- TEST CASE 5:
---- input:
346
2
---- correct output:
173
0
173.0
692
8
-- ERROR:
Traceback (most recent call last):
  File "XXXX", line 7, in <module>
    print(Y**3)
          ^
NameError: name 'Y' is not defined. Did you mean: 'y'?
-- TEST CASE 6:
---- input:
347
2
---- correct output:
173
1
173.5
694
8
-- ERROR:
Traceback (most recent call last):
  File "XXXX", line 7, in <module>
    print(Y**3)
          ^
NameError: name 'Y' is not defined. Did you mean: 'y'?
-- GRADE:
0%
*-*-*-*-*-*-*-*-*-*-*-*-*-*-*-*-*-*-*-*-*-*-*-*
== SUBMISSION (2025-08-25 14:45:08)
-- CODE: 
x=int(input("entre com o valor de x: "))
y=int(input("entre com o valor de y: "))
print(x+y)
print(x-y)
print(x*y)
print(x/y)
print(x%y)
print(y**3)
-- EXECUTION TIME: 
0.01
-- TEST CASE 1:
---- input:
14
2
---- correct output:
7
0
7.0
28
8
---- user output:
8
-- TEST CASE 2:
---- input:
8
5
---- correct output:
1
3
1.6
40
125
---- user output:
125
-- TEST CASE 3:
---- input:
10
5
---- correct output:
2
0
2.0
50
125
---- user output:
125
-- TEST CASE 4:
---- input:
53
2
---- correct output:
26
1
26.5
106
8
---- user output:
8
-- TEST CASE 5:
---- input:
346
2
---- correct output:
173
0
173.0
692
8
---- user output:
8
-- TEST CASE 6:
---- input:
347
2
---- correct output:
173
1
173.5
694
8
---- user output:
8
-- GRADE:
0%
*-*-*-*-*-*-*-*-*-*-*-*-*-*-*-*-*-*-*-*-*-*-*-*
== RUN (2025-08-25 14:34:37)
-- CODE: 
numero = 10
print(numero)

numero = numero + 5 # Soma 5 ao valor atual 
prin(numero)

numero = "Agora sou um texto"
print(numero)
-- EXECUTION TIME: 
0.0
-- TEST CASE 1:
---- input:
14
2
---- correct output:
7
0
7.0
28
8
-- ERROR:
Traceback (most recent call last):
  File "XXXX", line 5, in <module>
    prin(numero)
    ^^^^
NameError: name 'prin' is not defined. Did you mean: 'print'?
-- TEST CASE 2:
---- input:
8
5
---- correct output:
1
3
1.6
40
125
-- ERROR:
Traceback (most recent call last):
  File "XXXX", line 5, in <module>
    prin(numero)
    ^^^^
NameError: name 'prin' is not defined. Did you mean: 'print'?
-- TEST CASE 3:
---- input:
10
5
---- correct output:
2
0
2.0
50
125
-- ERROR:
Traceback (most recent call last):
  File "XXXX", line 5, in <module>
    prin(numero)
    ^^^^
NameError: name 'prin' is not defined. Did you mean: 'print'?
-- TEST CASE 4:
---- input:
53
2
---- correct output:
26
1
26.5
106
8
-- ERROR:
Traceback (most recent call last):
  File "XXXX", line 5, in <module>
    prin(numero)
    ^^^^
NameError: name 'prin' is not defined. Did you mean: 'print'?
-- TEST CASE 5:
---- input:
346
2
---- correct output:
173
0
173.0
692
8
-- ERROR:
Traceback (most recent call last):
  File "XXXX", line 5, in <module>
    prin(numero)
    ^^^^
NameError: name 'prin' is not defined. Did you mean: 'print'?
-- TEST CASE 6:
---- input:
347
2
---- correct output:
173
1
173.5
694
8
-- ERROR:
Traceback (most recent call last):
  File "XXXX", line 5, in <module>
    prin(numero)
    ^^^^
NameError: name 'prin' is not defined. Did you mean: 'print'?
*-*-*-*-*-*-*-*-*-*-*-*-*-*-*-*-*-*-*-*-*-*-*-*
== RUN (2025-08-25 14:29:04)
-- CODE: 
numero = numero + 5
print(numero)
-- EXECUTION TIME: 
0.0
-- TEST CASE 1:
---- input:
14
2
---- correct output:
7
0
7.0
28
8
-- ERROR:
Traceback (most recent call last):
  File "XXXX", line 1, in <module>
    numero = numero + 5
             ^^^^^^
NameError: name 'numero' is not defined
-- TEST CASE 2:
---- input:
8
5
---- correct output:
1
3
1.6
40
125
-- ERROR:
Traceback (most recent call last):
  File "XXXX", line 1, in <module>
    numero = numero + 5
             ^^^^^^
NameError: name 'numero' is not defined
-- TEST CASE 3:
---- input:
10
5
---- correct output:
2
0
2.0
50
125
-- ERROR:
Traceback (most recent call last):
  File "XXXX", line 1, in <module>
    numero = numero + 5
             ^^^^^^
NameError: name 'numero' is not defined
-- TEST CASE 4:
---- input:
53
2
---- correct output:
26
1
26.5
106
8
-- ERROR:
Traceback (most recent call last):
  File "XXXX", line 1, in <module>
    numero = numero + 5
             ^^^^^^
NameError: name 'numero' is not defined
-- TEST CASE 5:
---- input:
346
2
---- correct output:
173
0
173.0
692
8
-- ERROR:
Traceback (most recent call last):
  File "XXXX", line 1, in <module>
    numero = numero + 5
             ^^^^^^
NameError: name 'numero' is not defined
-- TEST CASE 6:
---- input:
347
2
---- correct output:
173
1
173.5
694
8
-- ERROR:
Traceback (most recent call last):
  File "XXXX", line 1, in <module>
    numero = numero + 5
             ^^^^^^
NameError: name 'numero' is not defined
*-*-*-*-*-*-*-*-*-*-*-*-*-*-*-*-*-*-*-*-*-*-*-*
