== SUBMISSION (2025-09-03 14:35:48)
-- CODE: 
x = int(input("Insira um numero de saida"))
y = int(input("divisor"))

if x%y == 0:
  prin(x//y)
  prin("sim")
else:
  print(x%y)
  print("nao")
-- EXECUTION TIME: 
0.00333333
-- TEST CASE 1:
---- input:
1243
5
---- correct output:
3
nao
---- user output:
nao
-- TEST CASE 2:
---- input:
432
3
---- correct output:
144
sim
-- ERROR:
Traceback (most recent call last):
  File "XXXX", line 5, in <module>
    prin(x//y)
    ^^^^
NameError: name 'prin' is not defined. Did you mean: 'print'?
-- TEST CASE 3:
---- input:
10
5
---- correct output:
2
sim
-- ERROR:
Traceback (most recent call last):
  File "XXXX", line 5, in <module>
    prin(x//y)
    ^^^^
NameError: name 'prin' is not defined. Did you mean: 'print'?
-- TEST CASE 4:
---- input:
0
12
---- correct output:
0
sim
-- ERROR:
Traceback (most recent call last):
  File "XXXX", line 5, in <module>
    prin(x//y)
    ^^^^
NameError: name 'prin' is not defined. Did you mean: 'print'?
-- TEST CASE 5:
---- input:
239
12
---- correct output:
11
nao
---- user output:
nao
-- TEST CASE 6:
---- input:
9
2
---- correct output:
1
nao
---- user output:
nao
-- GRADE:
0%
*-*-*-*-*-*-*-*-*-*-*-*-*-*-*-*-*-*-*-*-*-*-*-*
== RUN (2025-09-03 14:36:17)
-- CODE: 
x = int(input("Insira um numero de saida"))
y = int(input("divisor"))
if x%y == 0:
  prin(x//y)
  prin("sim")
else:
  print(x%y)
  print("nao")
-- EXECUTION TIME: 
0.0
-- TEST CASE 1:
---- input:
1243
5
---- correct output:
3
nao
---- user output:
nao
-- TEST CASE 2:
---- input:
432
3
---- correct output:
144
sim
-- ERROR:
Traceback (most recent call last):
  File "XXXX", line 4, in <module>
    prin(x//y)
    ^^^^
NameError: name 'prin' is not defined. Did you mean: 'print'?
-- TEST CASE 3:
---- input:
10
5
---- correct output:
2
sim
-- ERROR:
Traceback (most recent call last):
  File "XXXX", line 4, in <module>
    prin(x//y)
    ^^^^
NameError: name 'prin' is not defined. Did you mean: 'print'?
-- TEST CASE 4:
---- input:
0
12
---- correct output:
0
sim
-- ERROR:
Traceback (most recent call last):
  File "XXXX", line 4, in <module>
    prin(x//y)
    ^^^^
NameError: name 'prin' is not defined. Did you mean: 'print'?
-- TEST CASE 5:
---- input:
239
12
---- correct output:
11
nao
---- user output:
nao
-- TEST CASE 6:
---- input:
9
2
---- correct output:
1
nao
---- user output:
nao
*-*-*-*-*-*-*-*-*-*-*-*-*-*-*-*-*-*-*-*-*-*-*-*
== RUN (2025-09-03 14:35:39)
-- CODE: 
x = int(input("Insira um numero de saida"))
y = int(input("divisor"))

if x%y == 0:
  prin(x//y)
  prin("sim")
else:
  print(x%y)
  print("nao")
-- EXECUTION TIME: 
0.0
-- TEST CASE 1:
---- input:
1243
5
---- correct output:
3
nao
---- user output:
nao
-- TEST CASE 2:
---- input:
432
3
---- correct output:
144
sim
-- ERROR:
Traceback (most recent call last):
  File "XXXX", line 5, in <module>
    prin(x//y)
    ^^^^
NameError: name 'prin' is not defined. Did you mean: 'print'?
-- TEST CASE 3:
---- input:
10
5
---- correct output:
2
sim
-- ERROR:
Traceback (most recent call last):
  File "XXXX", line 5, in <module>
    prin(x//y)
    ^^^^
NameError: name 'prin' is not defined. Did you mean: 'print'?
-- TEST CASE 4:
---- input:
0
12
---- correct output:
0
sim
-- ERROR:
Traceback (most recent call last):
  File "XXXX", line 5, in <module>
    prin(x//y)
    ^^^^
NameError: name 'prin' is not defined. Did you mean: 'print'?
-- TEST CASE 5:
---- input:
239
12
---- correct output:
11
nao
---- user output:
nao
-- TEST CASE 6:
---- input:
9
2
---- correct output:
1
nao
---- user output:
nao
*-*-*-*-*-*-*-*-*-*-*-*-*-*-*-*-*-*-*-*-*-*-*-*
== SUBMISSION (2025-09-03 14:36:48)
-- CODE: 
x = int(input("Insira um numero de saida"))
y = int(input("divisor"))
if x%y == 0:
  print(x//y)
  print("sim")
else:
  print(x%y)
  print("nao")
-- EXECUTION TIME: 
0.01
-- TEST CASE 1:
---- input:
1243
5
---- correct output:
3
nao
---- user output:
nao
-- TEST CASE 2:
---- input:
432
3
---- correct output:
144
sim
---- user output:
sim
-- TEST CASE 3:
---- input:
10
5
---- correct output:
2
sim
---- user output:
sim
-- TEST CASE 4:
---- input:
0
12
---- correct output:
0
sim
---- user output:
sim
-- TEST CASE 5:
---- input:
239
12
---- correct output:
11
nao
---- user output:
nao
-- TEST CASE 6:
---- input:
9
2
---- correct output:
1
nao
---- user output:
nao
-- GRADE:
100%
*-*-*-*-*-*-*-*-*-*-*-*-*-*-*-*-*-*-*-*-*-*-*-*
== SUBMISSION (2025-09-03 14:36:08)
-- CODE: 
x = int(input("Insira um numero de saida"))
y = int(input("divisor"))

if x%y == 0:
  prin(x//y)
  prin("sim")
else:
  print(x%y)
  print("nao")
-- EXECUTION TIME: 
0.00666667
-- TEST CASE 1:
---- input:
1243
5
---- correct output:
3
nao
---- user output:
nao
-- TEST CASE 2:
---- input:
432
3
---- correct output:
144
sim
-- ERROR:
Traceback (most recent call last):
  File "XXXX", line 5, in <module>
    prin(x//y)
    ^^^^
NameError: name 'prin' is not defined. Did you mean: 'print'?
-- TEST CASE 3:
---- input:
10
5
---- correct output:
2
sim
-- ERROR:
Traceback (most recent call last):
  File "XXXX", line 5, in <module>
    prin(x//y)
    ^^^^
NameError: name 'prin' is not defined. Did you mean: 'print'?
-- TEST CASE 4:
---- input:
0
12
---- correct output:
0
sim
-- ERROR:
Traceback (most recent call last):
  File "XXXX", line 5, in <module>
    prin(x//y)
    ^^^^
NameError: name 'prin' is not defined. Did you mean: 'print'?
-- TEST CASE 5:
---- input:
239
12
---- correct output:
11
nao
---- user output:
nao
-- TEST CASE 6:
---- input:
9
2
---- correct output:
1
nao
---- user output:
nao
-- GRADE:
0%
*-*-*-*-*-*-*-*-*-*-*-*-*-*-*-*-*-*-*-*-*-*-*-*
