== SUBMISSION (2025-08-11 15:44:29)
-- CODE: 
print(250/6)round(2)
-- EXECUTION TIME: 
0.0
-- TEST CASE 1:
---- input:
xx
---- correct output:
41.67
-- ERROR:
File "XXXX", line 1
    print(250/6)round(2)
                ^^^^^
SyntaxError: invalid syntax
-- TEST CASE 2:
---- input:
xx
---- correct output:
41.67
-- ERROR:
File "XXXX", line 1
    print(250/6)round(2)
                ^^^^^
SyntaxError: invalid syntax
-- GRADE:
0%
*-*-*-*-*-*-*-*-*-*-*-*-*-*-*-*-*-*-*-*-*-*-*-*
== SUBMISSION (2025-08-11 15:41:14)
-- CODE: 
print(250/6)
-- EXECUTION TIME: 
0.01
-- TEST CASE 1:
---- input:
xx
---- correct output:
41.67
---- user output:
41.666666666666664
-- TEST CASE 2:
---- input:
xx
---- correct output:
41.67
---- user output:
41.666666666666664
-- GRADE:
0%
*-*-*-*-*-*-*-*-*-*-*-*-*-*-*-*-*-*-*-*-*-*-*-*
== SUBMISSION (2025-08-11 15:44:30)
-- CODE: 
print(250/6)round(2)
-- EXECUTION TIME: 
0.0
-- TEST CASE 1:
---- input:
xx
---- correct output:
41.67
-- ERROR:
File "XXXX", line 1
    print(250/6)round(2)
                ^^^^^
SyntaxError: invalid syntax
-- TEST CASE 2:
---- input:
xx
---- correct output:
41.67
-- ERROR:
File "XXXX", line 1
    print(250/6)round(2)
                ^^^^^
SyntaxError: invalid syntax
-- GRADE:
0%
*-*-*-*-*-*-*-*-*-*-*-*-*-*-*-*-*-*-*-*-*-*-*-*
== SUBMISSION (2025-08-11 15:41:40)
-- CODE: 
print(250/6)x
-- EXECUTION TIME: 
0.0
-- TEST CASE 1:
---- input:
xx
---- correct output:
41.67
-- ERROR:
File "XXXX", line 1
    print(250/6)x
                ^
SyntaxError: invalid syntax
-- TEST CASE 2:
---- input:
xx
---- correct output:
41.67
-- ERROR:
File "XXXX", line 1
    print(250/6)x
                ^
SyntaxError: invalid syntax
-- GRADE:
0%
*-*-*-*-*-*-*-*-*-*-*-*-*-*-*-*-*-*-*-*-*-*-*-*
== SUBMISSION (2025-08-11 15:42:12)
-- CODE: 
print(250/6)
print(x)
-- EXECUTION TIME: 
0.0
-- TEST CASE 1:
---- input:
xx
---- correct output:
41.67
-- ERROR:
Traceback (most recent call last):
  File "XXXX", line 2, in <module>
    print(x)
          ^
NameError: name 'x' is not defined
-- TEST CASE 2:
---- input:
xx
---- correct output:
41.67
-- ERROR:
Traceback (most recent call last):
  File "XXXX", line 2, in <module>
    print(x)
          ^
NameError: name 'x' is not defined
-- GRADE:
0%
*-*-*-*-*-*-*-*-*-*-*-*-*-*-*-*-*-*-*-*-*-*-*-*
== SUBMISSION (2025-08-11 15:39:57)
-- CODE: 
print(250/6)
-- EXECUTION TIME: 
0.01
-- TEST CASE 1:
---- input:
xx
---- correct output:
41.67
---- user output:
41.666666666666664
-- TEST CASE 2:
---- input:
xx
---- correct output:
41.67
---- user output:
41.666666666666664
-- GRADE:
0%
*-*-*-*-*-*-*-*-*-*-*-*-*-*-*-*-*-*-*-*-*-*-*-*
== SUBMISSION (2025-08-11 15:44:26)
-- CODE: 
print(250/6)round(2)
-- EXECUTION TIME: 
0.0
-- TEST CASE 1:
---- input:
xx
---- correct output:
41.67
-- ERROR:
File "XXXX", line 1
    print(250/6)round(2)
                ^^^^^
SyntaxError: invalid syntax
-- TEST CASE 2:
---- input:
xx
---- correct output:
41.67
-- ERROR:
File "XXXX", line 1
    print(250/6)round(2)
                ^^^^^
SyntaxError: invalid syntax
-- GRADE:
0%
*-*-*-*-*-*-*-*-*-*-*-*-*-*-*-*-*-*-*-*-*-*-*-*
== SUBMISSION (2025-08-11 15:42:09)
-- CODE: 
print(250/6)
print(x)
-- EXECUTION TIME: 
0.0
-- TEST CASE 1:
---- input:
xx
---- correct output:
41.67
-- ERROR:
Traceback (most recent call last):
  File "XXXX", line 2, in <module>
    print(x)
          ^
NameError: name 'x' is not defined
-- TEST CASE 2:
---- input:
xx
---- correct output:
41.67
-- ERROR:
Traceback (most recent call last):
  File "XXXX", line 2, in <module>
    print(x)
          ^
NameError: name 'x' is not defined
-- GRADE:
0%
*-*-*-*-*-*-*-*-*-*-*-*-*-*-*-*-*-*-*-*-*-*-*-*
== SUBMISSION (2025-08-11 15:39:37)
-- CODE: 
print(250/6)
-- EXECUTION TIME: 
0.01
-- TEST CASE 1:
---- input:
xx
---- correct output:
41.67
---- user output:
41.666666666666664
-- TEST CASE 2:
---- input:
xx
---- correct output:
41.67
---- user output:
41.666666666666664
-- GRADE:
0%
*-*-*-*-*-*-*-*-*-*-*-*-*-*-*-*-*-*-*-*-*-*-*-*
== SUBMISSION (2025-08-11 15:42:34)
-- CODE: 
print(250/6) print(x)
-- EXECUTION TIME: 
0.0
-- TEST CASE 1:
---- input:
xx
---- correct output:
41.67
-- ERROR:
File "XXXX", line 1
    print(250/6) print(x)
                 ^^^^^
SyntaxError: invalid syntax
-- TEST CASE 2:
---- input:
xx
---- correct output:
41.67
-- ERROR:
File "XXXX", line 1
    print(250/6) print(x)
                 ^^^^^
SyntaxError: invalid syntax
-- GRADE:
0%
*-*-*-*-*-*-*-*-*-*-*-*-*-*-*-*-*-*-*-*-*-*-*-*
== SUBMISSION (2025-08-11 15:39:00)
-- CODE: 
print(250/6)
-- EXECUTION TIME: 
0.01
-- TEST CASE 1:
---- input:
xx
---- correct output:
41.67
---- user output:
41.666666666666664
-- TEST CASE 2:
---- input:
xx
---- correct output:
41.67
---- user output:
41.666666666666664
-- GRADE:
0%
*-*-*-*-*-*-*-*-*-*-*-*-*-*-*-*-*-*-*-*-*-*-*-*
== SUBMISSION (2025-08-11 15:45:18)
-- CODE: 
print(250/6 round(2)
      
-- EXECUTION TIME: 
0.0
-- TEST CASE 1:
---- input:
xx
---- correct output:
41.67
-- ERROR:
File "XXXX", line 1
    print(250/6 round(2)
         ^
SyntaxError: '(' was never closed
-- TEST CASE 2:
---- input:
xx
---- correct output:
41.67
-- ERROR:
File "XXXX", line 1
    print(250/6 round(2)
         ^
SyntaxError: '(' was never closed
-- GRADE:
0%
*-*-*-*-*-*-*-*-*-*-*-*-*-*-*-*-*-*-*-*-*-*-*-*
== SUBMISSION (2025-08-11 15:41:38)
-- CODE: 
print(250/6)x
-- EXECUTION TIME: 
0.0
-- TEST CASE 1:
---- input:
xx
---- correct output:
41.67
-- ERROR:
File "XXXX", line 1
    print(250/6)x
                ^
SyntaxError: invalid syntax
-- TEST CASE 2:
---- input:
xx
---- correct output:
41.67
-- ERROR:
File "XXXX", line 1
    print(250/6)x
                ^
SyntaxError: invalid syntax
-- GRADE:
0%
*-*-*-*-*-*-*-*-*-*-*-*-*-*-*-*-*-*-*-*-*-*-*-*
== SUBMISSION (2025-08-11 15:42:11)
-- CODE: 
print(250/6)
print(x)
-- EXECUTION TIME: 
0.0
-- TEST CASE 1:
---- input:
xx
---- correct output:
41.67
-- ERROR:
Traceback (most recent call last):
  File "XXXX", line 2, in <module>
    print(x)
          ^
NameError: name 'x' is not defined
-- TEST CASE 2:
---- input:
xx
---- correct output:
41.67
-- ERROR:
Traceback (most recent call last):
  File "XXXX", line 2, in <module>
    print(x)
          ^
NameError: name 'x' is not defined
-- GRADE:
0%
*-*-*-*-*-*-*-*-*-*-*-*-*-*-*-*-*-*-*-*-*-*-*-*
== SUBMISSION (2025-08-11 15:46:37)
-- CODE: 
print(250/6 round(250/6,2) 
-- EXECUTION TIME: 
0.0
-- TEST CASE 1:
---- input:
xx
---- correct output:
41.67
-- ERROR:
File "XXXX", line 1
    print(250/6 round(250/6,2) 
         ^
SyntaxError: '(' was never closed
-- TEST CASE 2:
---- input:
xx
---- correct output:
41.67
-- ERROR:
File "XXXX", line 1
    print(250/6 round(250/6,2) 
         ^
SyntaxError: '(' was never closed
-- GRADE:
0%
*-*-*-*-*-*-*-*-*-*-*-*-*-*-*-*-*-*-*-*-*-*-*-*
== SUBMISSION (2025-08-11 15:42:12)
-- CODE: 
print(250/6)
print(x)
-- EXECUTION TIME: 
0.0
-- TEST CASE 1:
---- input:
xx
---- correct output:
41.67
-- ERROR:
Traceback (most recent call last):
  File "XXXX", line 2, in <module>
    print(x)
          ^
NameError: name 'x' is not defined
-- TEST CASE 2:
---- input:
xx
---- correct output:
41.67
-- ERROR:
Traceback (most recent call last):
  File "XXXX", line 2, in <module>
    print(x)
          ^
NameError: name 'x' is not defined
-- GRADE:
0%
*-*-*-*-*-*-*-*-*-*-*-*-*-*-*-*-*-*-*-*-*-*-*-*
== SUBMISSION (2025-08-11 15:46:54)
-- CODE: 
print(round(250/6,2) 
-- EXECUTION TIME: 
0.0
-- TEST CASE 1:
---- input:
xx
---- correct output:
41.67
-- ERROR:
File "XXXX", line 1
    print(round(250/6,2) 
         ^
SyntaxError: '(' was never closed
-- TEST CASE 2:
---- input:
xx
---- correct output:
41.67
-- ERROR:
File "XXXX", line 1
    print(round(250/6,2) 
         ^
SyntaxError: '(' was never closed
-- GRADE:
0%
*-*-*-*-*-*-*-*-*-*-*-*-*-*-*-*-*-*-*-*-*-*-*-*
== SUBMISSION (2025-08-11 15:41:28)
-- CODE: 
print(x250/6)
-- EXECUTION TIME: 
0.0
-- TEST CASE 1:
---- input:
xx
---- correct output:
41.67
-- ERROR:
Traceback (most recent call last):
  File "XXXX", line 1, in <module>
    print(x250/6)
          ^^^^
NameError: name 'x250' is not defined
-- TEST CASE 2:
---- input:
xx
---- correct output:
41.67
-- ERROR:
Traceback (most recent call last):
  File "XXXX", line 1, in <module>
    print(x250/6)
          ^^^^
NameError: name 'x250' is not defined
-- GRADE:
0%
*-*-*-*-*-*-*-*-*-*-*-*-*-*-*-*-*-*-*-*-*-*-*-*
== SUBMISSION (2025-08-11 15:44:25)
-- CODE: 
print(250/6)round(2)
-- EXECUTION TIME: 
0.0
-- TEST CASE 1:
---- input:
xx
---- correct output:
41.67
-- ERROR:
File "XXXX", line 1
    print(250/6)round(2)
                ^^^^^
SyntaxError: invalid syntax
-- TEST CASE 2:
---- input:
xx
---- correct output:
41.67
-- ERROR:
File "XXXX", line 1
    print(250/6)round(2)
                ^^^^^
SyntaxError: invalid syntax
-- GRADE:
0%
*-*-*-*-*-*-*-*-*-*-*-*-*-*-*-*-*-*-*-*-*-*-*-*
== SUBMISSION (2025-08-11 15:39:58)
-- CODE: 
print(250/6)
-- EXECUTION TIME: 
0.01
-- TEST CASE 1:
---- input:
xx
---- correct output:
41.67
---- user output:
41.666666666666664
-- TEST CASE 2:
---- input:
xx
---- correct output:
41.67
---- user output:
41.666666666666664
-- GRADE:
0%
*-*-*-*-*-*-*-*-*-*-*-*-*-*-*-*-*-*-*-*-*-*-*-*
== SUBMISSION (2025-08-11 15:47:09)
-- CODE: 
print(round(250/6,2))
-- EXECUTION TIME: 
0.01
-- TEST CASE 1:
---- input:
xx
---- correct output:
41.67
---- user output:
41.67
-- TEST CASE 2:
---- input:
xx
---- correct output:
41.67
---- user output:
41.67
-- GRADE:
100%
*-*-*-*-*-*-*-*-*-*-*-*-*-*-*-*-*-*-*-*-*-*-*-*
== SUBMISSION (2025-08-11 15:44:24)
-- CODE: 
print(250/6)round(2)
-- EXECUTION TIME: 
0.0
-- TEST CASE 1:
---- input:
xx
---- correct output:
41.67
-- ERROR:
File "XXXX", line 1
    print(250/6)round(2)
                ^^^^^
SyntaxError: invalid syntax
-- TEST CASE 2:
---- input:
xx
---- correct output:
41.67
-- ERROR:
File "XXXX", line 1
    print(250/6)round(2)
                ^^^^^
SyntaxError: invalid syntax
-- GRADE:
0%
*-*-*-*-*-*-*-*-*-*-*-*-*-*-*-*-*-*-*-*-*-*-*-*
== SUBMISSION (2025-08-11 15:42:12)
-- CODE: 
print(250/6)
print(x)
-- EXECUTION TIME: 
0.0
-- TEST CASE 1:
---- input:
xx
---- correct output:
41.67
-- ERROR:
Traceback (most recent call last):
  File "XXXX", line 2, in <module>
    print(x)
          ^
NameError: name 'x' is not defined
-- TEST CASE 2:
---- input:
xx
---- correct output:
41.67
-- ERROR:
Traceback (most recent call last):
  File "XXXX", line 2, in <module>
    print(x)
          ^
NameError: name 'x' is not defined
-- GRADE:
0%
*-*-*-*-*-*-*-*-*-*-*-*-*-*-*-*-*-*-*-*-*-*-*-*
== SUBMISSION (2025-08-11 15:46:55)
-- CODE: 
print(round(250/6,2) 
-- EXECUTION TIME: 
0.0
-- TEST CASE 1:
---- input:
xx
---- correct output:
41.67
-- ERROR:
File "XXXX", line 1
    print(round(250/6,2) 
         ^
SyntaxError: '(' was never closed
-- TEST CASE 2:
---- input:
xx
---- correct output:
41.67
-- ERROR:
File "XXXX", line 1
    print(round(250/6,2) 
         ^
SyntaxError: '(' was never closed
-- GRADE:
0%
*-*-*-*-*-*-*-*-*-*-*-*-*-*-*-*-*-*-*-*-*-*-*-*
== SUBMISSION (2025-08-11 15:42:54)
-- CODE: 
print(250/6,2) 
-- EXECUTION TIME: 
0.01
-- TEST CASE 1:
---- input:
xx
---- correct output:
41.67
---- user output:
41.666666666666664 2
-- TEST CASE 2:
---- input:
xx
---- correct output:
41.67
---- user output:
41.666666666666664 2
-- GRADE:
0%
*-*-*-*-*-*-*-*-*-*-*-*-*-*-*-*-*-*-*-*-*-*-*-*
== SUBMISSION (2025-08-11 15:45:19)
-- CODE: 
print(250/6 round(2)
      
-- EXECUTION TIME: 
0.0
-- TEST CASE 1:
---- input:
xx
---- correct output:
41.67
-- ERROR:
File "XXXX", line 1
    print(250/6 round(2)
         ^
SyntaxError: '(' was never closed
-- TEST CASE 2:
---- input:
xx
---- correct output:
41.67
-- ERROR:
File "XXXX", line 1
    print(250/6 round(2)
         ^
SyntaxError: '(' was never closed
-- GRADE:
0%
*-*-*-*-*-*-*-*-*-*-*-*-*-*-*-*-*-*-*-*-*-*-*-*
== SUBMISSION (2025-08-11 15:42:35)
-- CODE: 
print(250/6) print(x)
-- EXECUTION TIME: 
0.0
-- TEST CASE 1:
---- input:
xx
---- correct output:
41.67
-- ERROR:
File "XXXX", line 1
    print(250/6) print(x)
                 ^^^^^
SyntaxError: invalid syntax
-- TEST CASE 2:
---- input:
xx
---- correct output:
41.67
-- ERROR:
File "XXXX", line 1
    print(250/6) print(x)
                 ^^^^^
SyntaxError: invalid syntax
-- GRADE:
0%
*-*-*-*-*-*-*-*-*-*-*-*-*-*-*-*-*-*-*-*-*-*-*-*
== SUBMISSION (2025-08-11 15:42:34)
-- CODE: 
print(250/6) print(x)
-- EXECUTION TIME: 
0.0
-- TEST CASE 1:
---- input:
xx
---- correct output:
41.67
-- ERROR:
File "XXXX", line 1
    print(250/6) print(x)
                 ^^^^^
SyntaxError: invalid syntax
-- TEST CASE 2:
---- input:
xx
---- correct output:
41.67
-- ERROR:
File "XXXX", line 1
    print(250/6) print(x)
                 ^^^^^
SyntaxError: invalid syntax
-- GRADE:
0%
*-*-*-*-*-*-*-*-*-*-*-*-*-*-*-*-*-*-*-*-*-*-*-*
== RUN (2025-08-11 15:39:34)
-- CODE: 
print(250/6)
-- EXECUTION TIME: 
0.0
-- TEST CASE 1:
---- input:
xx
---- correct output:
41.67
---- user output:
41.666666666666664
-- TEST CASE 2:
---- input:
xx
---- correct output:
41.67
---- user output:
41.666666666666664
*-*-*-*-*-*-*-*-*-*-*-*-*-*-*-*-*-*-*-*-*-*-*-*
== SUBMISSION (2025-08-11 15:42:10)
-- CODE: 
print(250/6)
print(x)
-- EXECUTION TIME: 
0.0
-- TEST CASE 1:
---- input:
xx
---- correct output:
41.67
-- ERROR:
Traceback (most recent call last):
  File "XXXX", line 2, in <module>
    print(x)
          ^
NameError: name 'x' is not defined
-- TEST CASE 2:
---- input:
xx
---- correct output:
41.67
-- ERROR:
Traceback (most recent call last):
  File "XXXX", line 2, in <module>
    print(x)
          ^
NameError: name 'x' is not defined
-- GRADE:
0%
*-*-*-*-*-*-*-*-*-*-*-*-*-*-*-*-*-*-*-*-*-*-*-*
== SUBMISSION (2025-08-11 15:44:02)
-- CODE: 
print(250/6)round(41.66666666664,2)
-- EXECUTION TIME: 
0.0
-- TEST CASE 1:
---- input:
xx
---- correct output:
41.67
-- ERROR:
File "XXXX", line 1
    print(250/6)round(41.66666666664,2)
                ^^^^^
SyntaxError: invalid syntax
-- TEST CASE 2:
---- input:
xx
---- correct output:
41.67
-- ERROR:
File "XXXX", line 1
    print(250/6)round(41.66666666664,2)
                ^^^^^
SyntaxError: invalid syntax
-- GRADE:
0%
*-*-*-*-*-*-*-*-*-*-*-*-*-*-*-*-*-*-*-*-*-*-*-*
== SUBMISSION (2025-08-11 15:39:39)
-- CODE: 
print(250/6)
-- EXECUTION TIME: 
0.01
-- TEST CASE 1:
---- input:
xx
---- correct output:
41.67
---- user output:
41.666666666666664
-- TEST CASE 2:
---- input:
xx
---- correct output:
41.67
---- user output:
41.666666666666664
-- GRADE:
0%
*-*-*-*-*-*-*-*-*-*-*-*-*-*-*-*-*-*-*-*-*-*-*-*
