== SUBMISSION (2025-08-11 15:27:44)
-- CODE: 
print(250/6 round(,2)
-- EXECUTION TIME: 
0.0
-- TEST CASE 1:
---- input:
xx
---- correct output:
41.67
-- ERROR:
File "XXXX", line 1
    print(250/6 round(,2)
          ^^^^^^^^^^^
SyntaxError: invalid syntax. Perhaps you forgot a comma?
-- TEST CASE 2:
---- input:
xx
---- correct output:
41.67
-- ERROR:
File "XXXX", line 1
    print(250/6 round(,2)
          ^^^^^^^^^^^
SyntaxError: invalid syntax. Perhaps you forgot a comma?
-- GRADE:
0%
*-*-*-*-*-*-*-*-*-*-*-*-*-*-*-*-*-*-*-*-*-*-*-*
== SUBMISSION (2025-08-11 15:26:43)
-- CODE: 
print(250/6)
round(41.6666666667,2)
-- EXECUTION TIME: 
0.01
-- TEST CASE 1:
---- input:
xx
---- correct output:
41.67
---- user output:
41.666666666666664
-- TEST CASE 2:
---- input:
xx
---- correct output:
41.67
---- user output:
41.666666666666664
-- GRADE:
0%
*-*-*-*-*-*-*-*-*-*-*-*-*-*-*-*-*-*-*-*-*-*-*-*
== SUBMISSION (2025-08-11 15:26:32)
-- CODE: 
print(250/6)
round(41,6666666667,2)
-- EXECUTION TIME: 
0.0
-- TEST CASE 1:
---- input:
xx
---- correct output:
41.67
-- ERROR:
Traceback (most recent call last):
  File "XXXX", line 2, in <module>
    round(41,6666666667,2)
TypeError: round() takes at most 2 arguments (3 given)
-- TEST CASE 2:
---- input:
xx
---- correct output:
41.67
-- ERROR:
Traceback (most recent call last):
  File "XXXX", line 2, in <module>
    round(41,6666666667,2)
TypeError: round() takes at most 2 arguments (3 given)
-- GRADE:
0%
*-*-*-*-*-*-*-*-*-*-*-*-*-*-*-*-*-*-*-*-*-*-*-*
== SUBMISSION (2025-08-11 15:24:00)
-- CODE: 
print(250/6 round(x,2))
-- EXECUTION TIME: 
0.0
-- TEST CASE 1:
---- input:
xx
---- correct output:
41.67
-- ERROR:
File "XXXX", line 1
    print(250/6 round(x,2))
          ^^^^^^^^^^^^^^^^
SyntaxError: invalid syntax. Perhaps you forgot a comma?
-- TEST CASE 2:
---- input:
xx
---- correct output:
41.67
-- ERROR:
File "XXXX", line 1
    print(250/6 round(x,2))
          ^^^^^^^^^^^^^^^^
SyntaxError: invalid syntax. Perhaps you forgot a comma?
-- GRADE:
0%
*-*-*-*-*-*-*-*-*-*-*-*-*-*-*-*-*-*-*-*-*-*-*-*
== SUBMISSION (2025-08-11 15:24:38)
-- CODE: 
print(250/60)
round(x,2)
-- EXECUTION TIME: 
0.0
-- TEST CASE 1:
---- input:
xx
---- correct output:
41.67
-- ERROR:
Traceback (most recent call last):
  File "XXXX", line 2, in <module>
    round(x,2)
          ^
NameError: name 'x' is not defined
-- TEST CASE 2:
---- input:
xx
---- correct output:
41.67
-- ERROR:
Traceback (most recent call last):
  File "XXXX", line 2, in <module>
    round(x,2)
          ^
NameError: name 'x' is not defined
-- GRADE:
0%
*-*-*-*-*-*-*-*-*-*-*-*-*-*-*-*-*-*-*-*-*-*-*-*
== SUBMISSION (2025-08-11 15:27:54)
-- CODE: 
print(250/6(,2)
-- EXECUTION TIME: 
0.0
-- TEST CASE 1:
---- input:
xx
---- correct output:
41.67
-- ERROR:
File "XXXX", line 1
    print(250/6(,2)
                ^
SyntaxError: invalid syntax
-- TEST CASE 2:
---- input:
xx
---- correct output:
41.67
-- ERROR:
File "XXXX", line 1
    print(250/6(,2)
                ^
SyntaxError: invalid syntax
-- GRADE:
0%
*-*-*-*-*-*-*-*-*-*-*-*-*-*-*-*-*-*-*-*-*-*-*-*
== SUBMISSION (2025-08-11 15:28:57)
-- CODE: 
print(round(250/6,2))
-- EXECUTION TIME: 
0.01
-- TEST CASE 1:
---- input:
xx
---- correct output:
41.67
---- user output:
41.67
-- TEST CASE 2:
---- input:
xx
---- correct output:
41.67
---- user output:
41.67
-- GRADE:
100%
*-*-*-*-*-*-*-*-*-*-*-*-*-*-*-*-*-*-*-*-*-*-*-*
== SUBMISSION (2025-08-11 15:24:40)
-- CODE: 
print(250/60)
round(x,2)
-- EXECUTION TIME: 
0.0
-- TEST CASE 1:
---- input:
xx
---- correct output:
41.67
-- ERROR:
Traceback (most recent call last):
  File "XXXX", line 2, in <module>
    round(x,2)
          ^
NameError: name 'x' is not defined
-- TEST CASE 2:
---- input:
xx
---- correct output:
41.67
-- ERROR:
Traceback (most recent call last):
  File "XXXX", line 2, in <module>
    round(x,2)
          ^
NameError: name 'x' is not defined
-- GRADE:
0%
*-*-*-*-*-*-*-*-*-*-*-*-*-*-*-*-*-*-*-*-*-*-*-*
== SUBMISSION (2025-08-11 15:25:12)
-- CODE: 
print(250/60)
-- EXECUTION TIME: 
0.01
-- TEST CASE 1:
---- input:
xx
---- correct output:
41.67
---- user output:
4.166666666666667
-- TEST CASE 2:
---- input:
xx
---- correct output:
41.67
---- user output:
4.166666666666667
-- GRADE:
0%
*-*-*-*-*-*-*-*-*-*-*-*-*-*-*-*-*-*-*-*-*-*-*-*
== SUBMISSION (2025-08-11 15:27:55)
-- CODE: 
print(250/6(,2)
-- EXECUTION TIME: 
0.0
-- TEST CASE 1:
---- input:
xx
---- correct output:
41.67
-- ERROR:
File "XXXX", line 1
    print(250/6(,2)
                ^
SyntaxError: invalid syntax
-- TEST CASE 2:
---- input:
xx
---- correct output:
41.67
-- ERROR:
File "XXXX", line 1
    print(250/6(,2)
                ^
SyntaxError: invalid syntax
-- GRADE:
0%
*-*-*-*-*-*-*-*-*-*-*-*-*-*-*-*-*-*-*-*-*-*-*-*
== SUBMISSION (2025-08-11 15:24:54)
-- CODE: 
print(250/60)
round(x,2)
-- EXECUTION TIME: 
0.0
-- TEST CASE 1:
---- input:
xx
---- correct output:
41.67
-- ERROR:
Traceback (most recent call last):
  File "XXXX", line 2, in <module>
    round(x,2)
          ^
NameError: name 'x' is not defined
-- TEST CASE 2:
---- input:
xx
---- correct output:
41.67
-- ERROR:
Traceback (most recent call last):
  File "XXXX", line 2, in <module>
    round(x,2)
          ^
NameError: name 'x' is not defined
-- GRADE:
0%
*-*-*-*-*-*-*-*-*-*-*-*-*-*-*-*-*-*-*-*-*-*-*-*
