== RUN (2025-08-20 23:21:56)
-- CODE: 
tempC = float (input("Temperatura em celsius:"))
tempK = tempC + 273.15
print (roud ( tempK, 2))
-- EXECUTION TIME: 
0.0
-- TEST CASE 1:
---- input:
20.25
---- correct output:
293.4
-- ERROR:
Traceback (most recent call last):
  File "XXXX", line 3, in <module>
    print (roud ( tempK, 2))
           ^^^^
NameError: name 'roud' is not defined. Did you mean: 'round'?
-- TEST CASE 2:
---- input:
-10.0
---- correct output:
263.15
-- ERROR:
Traceback (most recent call last):
  File "XXXX", line 3, in <module>
    print (roud ( tempK, 2))
           ^^^^
NameError: name 'roud' is not defined. Did you mean: 'round'?
-- TEST CASE 3:
---- input:
-40.0
---- correct output:
233.15
-- ERROR:
Traceback (most recent call last):
  File "XXXX", line 3, in <module>
    print (roud ( tempK, 2))
           ^^^^
NameError: name 'roud' is not defined. Did you mean: 'round'?
-- TEST CASE 4:
---- input:
100.0
---- correct output:
373.15
-- ERROR:
Traceback (most recent call last):
  File "XXXX", line 3, in <module>
    print (roud ( tempK, 2))
           ^^^^
NameError: name 'roud' is not defined. Did you mean: 'round'?
-- TEST CASE 5:
---- input:
0.0
---- correct output:
273.15
-- ERROR:
Traceback (most recent call last):
  File "XXXX", line 3, in <module>
    print (roud ( tempK, 2))
           ^^^^
NameError: name 'roud' is not defined. Did you mean: 'round'?
-- TEST CASE 6:
---- input:
30.5
---- correct output:
303.65
-- ERROR:
Traceback (most recent call last):
  File "XXXX", line 3, in <module>
    print (roud ( tempK, 2))
           ^^^^
NameError: name 'roud' is not defined. Did you mean: 'round'?
*-*-*-*-*-*-*-*-*-*-*-*-*-*-*-*-*-*-*-*-*-*-*-*
== SUBMISSION (2025-08-20 23:34:55)
-- CODE: 
Celsius = float(input("Temperatura em celsius: "))
Kelvin = Celsius + 273.15
print (roud (Kelvin, 2))
-- EXECUTION TIME: 
0.0
-- TEST CASE 1:
---- input:
20.25
---- correct output:
293.4
-- ERROR:
Traceback (most recent call last):
  File "XXXX", line 3, in <module>
    print (roud (Kelvin, 2))
           ^^^^
NameError: name 'roud' is not defined. Did you mean: 'round'?
-- TEST CASE 2:
---- input:
-10.0
---- correct output:
263.15
-- ERROR:
Traceback (most recent call last):
  File "XXXX", line 3, in <module>
    print (roud (Kelvin, 2))
           ^^^^
NameError: name 'roud' is not defined. Did you mean: 'round'?
-- TEST CASE 3:
---- input:
-40.0
---- correct output:
233.15
-- ERROR:
Traceback (most recent call last):
  File "XXXX", line 3, in <module>
    print (roud (Kelvin, 2))
           ^^^^
NameError: name 'roud' is not defined. Did you mean: 'round'?
-- TEST CASE 4:
---- input:
100.0
---- correct output:
373.15
-- ERROR:
Traceback (most recent call last):
  File "XXXX", line 3, in <module>
    print (roud (Kelvin, 2))
           ^^^^
NameError: name 'roud' is not defined. Did you mean: 'round'?
-- TEST CASE 5:
---- input:
0.0
---- correct output:
273.15
-- ERROR:
Traceback (most recent call last):
  File "XXXX", line 3, in <module>
    print (roud (Kelvin, 2))
           ^^^^
NameError: name 'roud' is not defined. Did you mean: 'round'?
-- TEST CASE 6:
---- input:
30.5
---- correct output:
303.65
-- ERROR:
Traceback (most recent call last):
  File "XXXX", line 3, in <module>
    print (roud (Kelvin, 2))
           ^^^^
NameError: name 'roud' is not defined. Did you mean: 'round'?
-- GRADE:
0%
*-*-*-*-*-*-*-*-*-*-*-*-*-*-*-*-*-*-*-*-*-*-*-*
== RUN (2025-08-20 23:37:51)
-- CODE: 
tempC = float(input("Temperatura em Celsius: "))
tempK = tempC + 273.15
print(round(tempK, 2))
-- EXECUTION TIME: 
0.0
-- TEST CASE 1:
---- input:
20.25
---- correct output:
293.4
---- user output:
Temperatura em Celsius: 293.4
-- TEST CASE 2:
---- input:
-10.0
---- correct output:
263.15
---- user output:
Temperatura em Celsius: 263.15
-- TEST CASE 3:
---- input:
-40.0
---- correct output:
233.15
---- user output:
Temperatura em Celsius: 233.15
-- TEST CASE 4:
---- input:
100.0
---- correct output:
373.15
---- user output:
Temperatura em Celsius: 373.15
-- TEST CASE 5:
---- input:
0.0
---- correct output:
273.15
---- user output:
Temperatura em Celsius: 273.15
-- TEST CASE 6:
---- input:
30.5
---- correct output:
303.65
---- user output:
Temperatura em Celsius: 303.65
*-*-*-*-*-*-*-*-*-*-*-*-*-*-*-*-*-*-*-*-*-*-*-*
== RUN (2025-08-20 15:32:39)
-- CODE: 
tempC = float (input("Temperatura em celsius:"))
tempK = tempC + 273.15
print (roud ( tempK,2)
-- EXECUTION TIME: 
0.0
-- TEST CASE 1:
---- input:
20.25
---- correct output:
293.4
-- ERROR:
File "XXXX", line 3
    print (roud ( tempK,2)
          ^
SyntaxError: '(' was never closed
-- TEST CASE 2:
---- input:
-10.0
---- correct output:
263.15
-- ERROR:
File "XXXX", line 3
    print (roud ( tempK,2)
          ^
SyntaxError: '(' was never closed
-- TEST CASE 3:
---- input:
-40.0
---- correct output:
233.15
-- ERROR:
File "XXXX", line 3
    print (roud ( tempK,2)
          ^
SyntaxError: '(' was never closed
-- TEST CASE 4:
---- input:
100.0
---- correct output:
373.15
-- ERROR:
File "XXXX", line 3
    print (roud ( tempK,2)
          ^
SyntaxError: '(' was never closed
-- TEST CASE 5:
---- input:
0.0
---- correct output:
273.15
-- ERROR:
File "XXXX", line 3
    print (roud ( tempK,2)
          ^
SyntaxError: '(' was never closed
-- TEST CASE 6:
---- input:
30.5
---- correct output:
303.65
-- ERROR:
File "XXXX", line 3
    print (roud ( tempK,2)
          ^
SyntaxError: '(' was never closed
*-*-*-*-*-*-*-*-*-*-*-*-*-*-*-*-*-*-*-*-*-*-*-*
== SUBMISSION (2025-08-20 23:42:28)
-- CODE: 
tempC = float(input("Temperatura em Celsius: "))
tempK = tempC + 273.15
print(round(tempK, 2))
-- EXECUTION TIME: 
0.01
-- TEST CASE 1:
---- input:
20.25
---- correct output:
293.4
---- user output:
Temperatura em Celsius: 293.4
-- TEST CASE 2:
---- input:
-10.0
---- correct output:
263.15
---- user output:
Temperatura em Celsius: 263.15
-- TEST CASE 3:
---- input:
-40.0
---- correct output:
233.15
---- user output:
Temperatura em Celsius: 233.15
-- TEST CASE 4:
---- input:
100.0
---- correct output:
373.15
---- user output:
Temperatura em Celsius: 373.15
-- TEST CASE 5:
---- input:
0.0
---- correct output:
273.15
---- user output:
Temperatura em Celsius: 273.15
-- TEST CASE 6:
---- input:
30.5
---- correct output:
303.65
---- user output:
Temperatura em Celsius: 303.65
-- GRADE:
100%
*-*-*-*-*-*-*-*-*-*-*-*-*-*-*-*-*-*-*-*-*-*-*-*
== SUBMISSION (2025-08-20 15:31:40)
-- CODE: 
tempC = float (input("Temperatura em celsius:"))
tempK = tempC + 273.15
print (roud ( tempK,2))
-- EXECUTION TIME: 
0.0
-- TEST CASE 1:
---- input:
20.25
---- correct output:
293.4
-- ERROR:
Traceback (most recent call last):
  File "XXXX", line 3, in <module>
    print (roud ( tempK,2))
           ^^^^
NameError: name 'roud' is not defined. Did you mean: 'round'?
-- TEST CASE 2:
---- input:
-10.0
---- correct output:
263.15
-- ERROR:
Traceback (most recent call last):
  File "XXXX", line 3, in <module>
    print (roud ( tempK,2))
           ^^^^
NameError: name 'roud' is not defined. Did you mean: 'round'?
-- TEST CASE 3:
---- input:
-40.0
---- correct output:
233.15
-- ERROR:
Traceback (most recent call last):
  File "XXXX", line 3, in <module>
    print (roud ( tempK,2))
           ^^^^
NameError: name 'roud' is not defined. Did you mean: 'round'?
-- TEST CASE 4:
---- input:
100.0
---- correct output:
373.15
-- ERROR:
Traceback (most recent call last):
  File "XXXX", line 3, in <module>
    print (roud ( tempK,2))
           ^^^^
NameError: name 'roud' is not defined. Did you mean: 'round'?
-- TEST CASE 5:
---- input:
0.0
---- correct output:
273.15
-- ERROR:
Traceback (most recent call last):
  File "XXXX", line 3, in <module>
    print (roud ( tempK,2))
           ^^^^
NameError: name 'roud' is not defined. Did you mean: 'round'?
-- TEST CASE 6:
---- input:
30.5
---- correct output:
303.65
-- ERROR:
Traceback (most recent call last):
  File "XXXX", line 3, in <module>
    print (roud ( tempK,2))
           ^^^^
NameError: name 'roud' is not defined. Did you mean: 'round'?
-- GRADE:
0%
*-*-*-*-*-*-*-*-*-*-*-*-*-*-*-*-*-*-*-*-*-*-*-*
== SUBMISSION (2025-08-20 15:32:15)
-- CODE: 
tempC = float (input("Temperatura em celsius:"))
tempK = tempC + 273.15
print (roud ( tempK,2)
-- EXECUTION TIME: 
0.0
-- TEST CASE 1:
---- input:
20.25
---- correct output:
293.4
-- ERROR:
File "XXXX", line 3
    print (roud ( tempK,2)
          ^
SyntaxError: '(' was never closed
-- TEST CASE 2:
---- input:
-10.0
---- correct output:
263.15
-- ERROR:
File "XXXX", line 3
    print (roud ( tempK,2)
          ^
SyntaxError: '(' was never closed
-- TEST CASE 3:
---- input:
-40.0
---- correct output:
233.15
-- ERROR:
File "XXXX", line 3
    print (roud ( tempK,2)
          ^
SyntaxError: '(' was never closed
-- TEST CASE 4:
---- input:
100.0
---- correct output:
373.15
-- ERROR:
File "XXXX", line 3
    print (roud ( tempK,2)
          ^
SyntaxError: '(' was never closed
-- TEST CASE 5:
---- input:
0.0
---- correct output:
273.15
-- ERROR:
File "XXXX", line 3
    print (roud ( tempK,2)
          ^
SyntaxError: '(' was never closed
-- TEST CASE 6:
---- input:
30.5
---- correct output:
303.65
-- ERROR:
File "XXXX", line 3
    print (roud ( tempK,2)
          ^
SyntaxError: '(' was never closed
-- GRADE:
0%
*-*-*-*-*-*-*-*-*-*-*-*-*-*-*-*-*-*-*-*-*-*-*-*
== RUN (2025-08-20 23:19:40)
-- CODE: 
tempC = float (input("Temperatura em celsius:"))
tempK = tempC + 273.15
print (roud ( tempK,2))
-- EXECUTION TIME: 
0.0
-- TEST CASE 1:
---- input:
20.25
---- correct output:
293.4
-- ERROR:
Traceback (most recent call last):
  File "XXXX", line 3, in <module>
    print (roud ( tempK,2))
           ^^^^
NameError: name 'roud' is not defined. Did you mean: 'round'?
-- TEST CASE 2:
---- input:
-10.0
---- correct output:
263.15
-- ERROR:
Traceback (most recent call last):
  File "XXXX", line 3, in <module>
    print (roud ( tempK,2))
           ^^^^
NameError: name 'roud' is not defined. Did you mean: 'round'?
-- TEST CASE 3:
---- input:
-40.0
---- correct output:
233.15
-- ERROR:
Traceback (most recent call last):
  File "XXXX", line 3, in <module>
    print (roud ( tempK,2))
           ^^^^
NameError: name 'roud' is not defined. Did you mean: 'round'?
-- TEST CASE 4:
---- input:
100.0
---- correct output:
373.15
-- ERROR:
Traceback (most recent call last):
  File "XXXX", line 3, in <module>
    print (roud ( tempK,2))
           ^^^^
NameError: name 'roud' is not defined. Did you mean: 'round'?
-- TEST CASE 5:
---- input:
0.0
---- correct output:
273.15
-- ERROR:
Traceback (most recent call last):
  File "XXXX", line 3, in <module>
    print (roud ( tempK,2))
           ^^^^
NameError: name 'roud' is not defined. Did you mean: 'round'?
-- TEST CASE 6:
---- input:
30.5
---- correct output:
303.65
-- ERROR:
Traceback (most recent call last):
  File "XXXX", line 3, in <module>
    print (roud ( tempK,2))
           ^^^^
NameError: name 'roud' is not defined. Did you mean: 'round'?
*-*-*-*-*-*-*-*-*-*-*-*-*-*-*-*-*-*-*-*-*-*-*-*
== RUN (2025-08-20 23:22:47)
-- CODE: 
tempC = float (input("Temperatura em celsius: "))
tempK = tempC + 273.15
print (roud (tempK, 2))
-- EXECUTION TIME: 
0.0
-- TEST CASE 1:
---- input:
20.25
---- correct output:
293.4
-- ERROR:
Traceback (most recent call last):
  File "XXXX", line 3, in <module>
    print (roud (tempK, 2))
           ^^^^
NameError: name 'roud' is not defined. Did you mean: 'round'?
-- TEST CASE 2:
---- input:
-10.0
---- correct output:
263.15
-- ERROR:
Traceback (most recent call last):
  File "XXXX", line 3, in <module>
    print (roud (tempK, 2))
           ^^^^
NameError: name 'roud' is not defined. Did you mean: 'round'?
-- TEST CASE 3:
---- input:
-40.0
---- correct output:
233.15
-- ERROR:
Traceback (most recent call last):
  File "XXXX", line 3, in <module>
    print (roud (tempK, 2))
           ^^^^
NameError: name 'roud' is not defined. Did you mean: 'round'?
-- TEST CASE 4:
---- input:
100.0
---- correct output:
373.15
-- ERROR:
Traceback (most recent call last):
  File "XXXX", line 3, in <module>
    print (roud (tempK, 2))
           ^^^^
NameError: name 'roud' is not defined. Did you mean: 'round'?
-- TEST CASE 5:
---- input:
0.0
---- correct output:
273.15
-- ERROR:
Traceback (most recent call last):
  File "XXXX", line 3, in <module>
    print (roud (tempK, 2))
           ^^^^
NameError: name 'roud' is not defined. Did you mean: 'round'?
-- TEST CASE 6:
---- input:
30.5
---- correct output:
303.65
-- ERROR:
Traceback (most recent call last):
  File "XXXX", line 3, in <module>
    print (roud (tempK, 2))
           ^^^^
NameError: name 'roud' is not defined. Did you mean: 'round'?
*-*-*-*-*-*-*-*-*-*-*-*-*-*-*-*-*-*-*-*-*-*-*-*
== RUN (2025-08-20 23:36:32)
-- CODE: 
tempC = float(input("Temperatura em Celsius: "))
temp = tempC + 273.15
print (roud (tempK, 2))
-- EXECUTION TIME: 
0.0
-- TEST CASE 1:
---- input:
20.25
---- correct output:
293.4
-- ERROR:
Traceback (most recent call last):
  File "XXXX", line 3, in <module>
    print (roud (tempK, 2))
           ^^^^
NameError: name 'roud' is not defined. Did you mean: 'round'?
-- TEST CASE 2:
---- input:
-10.0
---- correct output:
263.15
-- ERROR:
Traceback (most recent call last):
  File "XXXX", line 3, in <module>
    print (roud (tempK, 2))
           ^^^^
NameError: name 'roud' is not defined. Did you mean: 'round'?
-- TEST CASE 3:
---- input:
-40.0
---- correct output:
233.15
-- ERROR:
Traceback (most recent call last):
  File "XXXX", line 3, in <module>
    print (roud (tempK, 2))
           ^^^^
NameError: name 'roud' is not defined. Did you mean: 'round'?
-- TEST CASE 4:
---- input:
100.0
---- correct output:
373.15
-- ERROR:
Traceback (most recent call last):
  File "XXXX", line 3, in <module>
    print (roud (tempK, 2))
           ^^^^
NameError: name 'roud' is not defined. Did you mean: 'round'?
-- TEST CASE 5:
---- input:
0.0
---- correct output:
273.15
-- ERROR:
Traceback (most recent call last):
  File "XXXX", line 3, in <module>
    print (roud (tempK, 2))
           ^^^^
NameError: name 'roud' is not defined. Did you mean: 'round'?
-- TEST CASE 6:
---- input:
30.5
---- correct output:
303.65
-- ERROR:
Traceback (most recent call last):
  File "XXXX", line 3, in <module>
    print (roud (tempK, 2))
           ^^^^
NameError: name 'roud' is not defined. Did you mean: 'round'?
*-*-*-*-*-*-*-*-*-*-*-*-*-*-*-*-*-*-*-*-*-*-*-*
== SUBMISSION (2025-08-20 23:24:06)
-- CODE: 
tempC = float (input("Temperatura em celsius: "))
tempK = tempC + 273.15
print (roud (tempK, 2))
-- EXECUTION TIME: 
0.0
-- TEST CASE 1:
---- input:
20.25
---- correct output:
293.4
-- ERROR:
Traceback (most recent call last):
  File "XXXX", line 3, in <module>
    print (roud (tempK, 2))
           ^^^^
NameError: name 'roud' is not defined. Did you mean: 'round'?
-- TEST CASE 2:
---- input:
-10.0
---- correct output:
263.15
-- ERROR:
Traceback (most recent call last):
  File "XXXX", line 3, in <module>
    print (roud (tempK, 2))
           ^^^^
NameError: name 'roud' is not defined. Did you mean: 'round'?
-- TEST CASE 3:
---- input:
-40.0
---- correct output:
233.15
-- ERROR:
Traceback (most recent call last):
  File "XXXX", line 3, in <module>
    print (roud (tempK, 2))
           ^^^^
NameError: name 'roud' is not defined. Did you mean: 'round'?
-- TEST CASE 4:
---- input:
100.0
---- correct output:
373.15
-- ERROR:
Traceback (most recent call last):
  File "XXXX", line 3, in <module>
    print (roud (tempK, 2))
           ^^^^
NameError: name 'roud' is not defined. Did you mean: 'round'?
-- TEST CASE 5:
---- input:
0.0
---- correct output:
273.15
-- ERROR:
Traceback (most recent call last):
  File "XXXX", line 3, in <module>
    print (roud (tempK, 2))
           ^^^^
NameError: name 'roud' is not defined. Did you mean: 'round'?
-- TEST CASE 6:
---- input:
30.5
---- correct output:
303.65
-- ERROR:
Traceback (most recent call last):
  File "XXXX", line 3, in <module>
    print (roud (tempK, 2))
           ^^^^
NameError: name 'roud' is not defined. Did you mean: 'round'?
-- GRADE:
0%
*-*-*-*-*-*-*-*-*-*-*-*-*-*-*-*-*-*-*-*-*-*-*-*
== RUN (2025-08-20 23:19:19)
-- CODE: 
tempC = float (input("Temperatura em celsius:"))
tempK = tempC + 273.15
print (roud ( tempK,2)
-- EXECUTION TIME: 
0.0
-- TEST CASE 1:
---- input:
20.25
---- correct output:
293.4
-- ERROR:
File "XXXX", line 3
    print (roud ( tempK,2)
          ^
SyntaxError: '(' was never closed
-- TEST CASE 2:
---- input:
-10.0
---- correct output:
263.15
-- ERROR:
File "XXXX", line 3
    print (roud ( tempK,2)
          ^
SyntaxError: '(' was never closed
-- TEST CASE 3:
---- input:
-40.0
---- correct output:
233.15
-- ERROR:
File "XXXX", line 3
    print (roud ( tempK,2)
          ^
SyntaxError: '(' was never closed
-- TEST CASE 4:
---- input:
100.0
---- correct output:
373.15
-- ERROR:
File "XXXX", line 3
    print (roud ( tempK,2)
          ^
SyntaxError: '(' was never closed
-- TEST CASE 5:
---- input:
0.0
---- correct output:
273.15
-- ERROR:
File "XXXX", line 3
    print (roud ( tempK,2)
          ^
SyntaxError: '(' was never closed
-- TEST CASE 6:
---- input:
30.5
---- correct output:
303.65
-- ERROR:
File "XXXX", line 3
    print (roud ( tempK,2)
          ^
SyntaxError: '(' was never closed
*-*-*-*-*-*-*-*-*-*-*-*-*-*-*-*-*-*-*-*-*-*-*-*
== SUBMISSION (2025-08-20 23:19:50)
-- CODE: 
tempC = float (input("Temperatura em celsius:"))
tempK = tempC + 273.15
print (roud ( tempK,2))
-- EXECUTION TIME: 
0.0
-- TEST CASE 1:
---- input:
20.25
---- correct output:
293.4
-- ERROR:
Traceback (most recent call last):
  File "XXXX", line 3, in <module>
    print (roud ( tempK,2))
           ^^^^
NameError: name 'roud' is not defined. Did you mean: 'round'?
-- TEST CASE 2:
---- input:
-10.0
---- correct output:
263.15
-- ERROR:
Traceback (most recent call last):
  File "XXXX", line 3, in <module>
    print (roud ( tempK,2))
           ^^^^
NameError: name 'roud' is not defined. Did you mean: 'round'?
-- TEST CASE 3:
---- input:
-40.0
---- correct output:
233.15
-- ERROR:
Traceback (most recent call last):
  File "XXXX", line 3, in <module>
    print (roud ( tempK,2))
           ^^^^
NameError: name 'roud' is not defined. Did you mean: 'round'?
-- TEST CASE 4:
---- input:
100.0
---- correct output:
373.15
-- ERROR:
Traceback (most recent call last):
  File "XXXX", line 3, in <module>
    print (roud ( tempK,2))
           ^^^^
NameError: name 'roud' is not defined. Did you mean: 'round'?
-- TEST CASE 5:
---- input:
0.0
---- correct output:
273.15
-- ERROR:
Traceback (most recent call last):
  File "XXXX", line 3, in <module>
    print (roud ( tempK,2))
           ^^^^
NameError: name 'roud' is not defined. Did you mean: 'round'?
-- TEST CASE 6:
---- input:
30.5
---- correct output:
303.65
-- ERROR:
Traceback (most recent call last):
  File "XXXX", line 3, in <module>
    print (roud ( tempK,2))
           ^^^^
NameError: name 'roud' is not defined. Did you mean: 'round'?
-- GRADE:
0%
*-*-*-*-*-*-*-*-*-*-*-*-*-*-*-*-*-*-*-*-*-*-*-*
== RUN (2025-08-20 23:34:52)
-- CODE: 
Celsius = float(input("Temperatura em celsius: "))
Kelvin = Celsius + 273.15
print (roud (Kelvin, 2))
-- EXECUTION TIME: 
0.0
-- TEST CASE 1:
---- input:
20.25
---- correct output:
293.4
-- ERROR:
Traceback (most recent call last):
  File "XXXX", line 3, in <module>
    print (roud (Kelvin, 2))
           ^^^^
NameError: name 'roud' is not defined. Did you mean: 'round'?
-- TEST CASE 2:
---- input:
-10.0
---- correct output:
263.15
-- ERROR:
Traceback (most recent call last):
  File "XXXX", line 3, in <module>
    print (roud (Kelvin, 2))
           ^^^^
NameError: name 'roud' is not defined. Did you mean: 'round'?
-- TEST CASE 3:
---- input:
-40.0
---- correct output:
233.15
-- ERROR:
Traceback (most recent call last):
  File "XXXX", line 3, in <module>
    print (roud (Kelvin, 2))
           ^^^^
NameError: name 'roud' is not defined. Did you mean: 'round'?
-- TEST CASE 4:
---- input:
100.0
---- correct output:
373.15
-- ERROR:
Traceback (most recent call last):
  File "XXXX", line 3, in <module>
    print (roud (Kelvin, 2))
           ^^^^
NameError: name 'roud' is not defined. Did you mean: 'round'?
-- TEST CASE 5:
---- input:
0.0
---- correct output:
273.15
-- ERROR:
Traceback (most recent call last):
  File "XXXX", line 3, in <module>
    print (roud (Kelvin, 2))
           ^^^^
NameError: name 'roud' is not defined. Did you mean: 'round'?
-- TEST CASE 6:
---- input:
30.5
---- correct output:
303.65
-- ERROR:
Traceback (most recent call last):
  File "XXXX", line 3, in <module>
    print (roud (Kelvin, 2))
           ^^^^
NameError: name 'roud' is not defined. Did you mean: 'round'?
*-*-*-*-*-*-*-*-*-*-*-*-*-*-*-*-*-*-*-*-*-*-*-*
== RUN (2025-08-20 23:24:06)
-- CODE: 
tempC = float (input("Temperatura em celsius: "))
tempK = tempC + 273.15
print (roud (tempK, 2))
-- EXECUTION TIME: 
0.0
-- TEST CASE 1:
---- input:
20.25
---- correct output:
293.4
-- ERROR:
Traceback (most recent call last):
  File "XXXX", line 3, in <module>
    print (roud (tempK, 2))
           ^^^^
NameError: name 'roud' is not defined. Did you mean: 'round'?
-- TEST CASE 2:
---- input:
-10.0
---- correct output:
263.15
-- ERROR:
Traceback (most recent call last):
  File "XXXX", line 3, in <module>
    print (roud (tempK, 2))
           ^^^^
NameError: name 'roud' is not defined. Did you mean: 'round'?
-- TEST CASE 3:
---- input:
-40.0
---- correct output:
233.15
-- ERROR:
Traceback (most recent call last):
  File "XXXX", line 3, in <module>
    print (roud (tempK, 2))
           ^^^^
NameError: name 'roud' is not defined. Did you mean: 'round'?
-- TEST CASE 4:
---- input:
100.0
---- correct output:
373.15
-- ERROR:
Traceback (most recent call last):
  File "XXXX", line 3, in <module>
    print (roud (tempK, 2))
           ^^^^
NameError: name 'roud' is not defined. Did you mean: 'round'?
-- TEST CASE 5:
---- input:
0.0
---- correct output:
273.15
-- ERROR:
Traceback (most recent call last):
  File "XXXX", line 3, in <module>
    print (roud (tempK, 2))
           ^^^^
NameError: name 'roud' is not defined. Did you mean: 'round'?
-- TEST CASE 6:
---- input:
30.5
---- correct output:
303.65
-- ERROR:
Traceback (most recent call last):
  File "XXXX", line 3, in <module>
    print (roud (tempK, 2))
           ^^^^
NameError: name 'roud' is not defined. Did you mean: 'round'?
*-*-*-*-*-*-*-*-*-*-*-*-*-*-*-*-*-*-*-*-*-*-*-*
== SUBMISSION (2025-08-20 23:26:35)
-- CODE: 
tempC = float(input("Temperatura em celsius: "))
tempK = tempC + 273.15
print (roud (tempK, 2))
-- EXECUTION TIME: 
0.0
-- TEST CASE 1:
---- input:
20.25
---- correct output:
293.4
-- ERROR:
Traceback (most recent call last):
  File "XXXX", line 3, in <module>
    print (roud (tempK, 2))
           ^^^^
NameError: name 'roud' is not defined. Did you mean: 'round'?
-- TEST CASE 2:
---- input:
-10.0
---- correct output:
263.15
-- ERROR:
Traceback (most recent call last):
  File "XXXX", line 3, in <module>
    print (roud (tempK, 2))
           ^^^^
NameError: name 'roud' is not defined. Did you mean: 'round'?
-- TEST CASE 3:
---- input:
-40.0
---- correct output:
233.15
-- ERROR:
Traceback (most recent call last):
  File "XXXX", line 3, in <module>
    print (roud (tempK, 2))
           ^^^^
NameError: name 'roud' is not defined. Did you mean: 'round'?
-- TEST CASE 4:
---- input:
100.0
---- correct output:
373.15
-- ERROR:
Traceback (most recent call last):
  File "XXXX", line 3, in <module>
    print (roud (tempK, 2))
           ^^^^
NameError: name 'roud' is not defined. Did you mean: 'round'?
-- TEST CASE 5:
---- input:
0.0
---- correct output:
273.15
-- ERROR:
Traceback (most recent call last):
  File "XXXX", line 3, in <module>
    print (roud (tempK, 2))
           ^^^^
NameError: name 'roud' is not defined. Did you mean: 'round'?
-- TEST CASE 6:
---- input:
30.5
---- correct output:
303.65
-- ERROR:
Traceback (most recent call last):
  File "XXXX", line 3, in <module>
    print (roud (tempK, 2))
           ^^^^
NameError: name 'roud' is not defined. Did you mean: 'round'?
-- GRADE:
0%
*-*-*-*-*-*-*-*-*-*-*-*-*-*-*-*-*-*-*-*-*-*-*-*
== RUN (2025-08-20 23:42:16)
-- CODE: 
tempC = float(input("Temperatura em Celsius: "))
tempK = tempC + 273.15
print(round(tempK, 2))
-- EXECUTION TIME: 
0.0
-- TEST CASE 1:
---- input:
20.25
---- correct output:
293.4
---- user output:
Temperatura em Celsius: 293.4
-- TEST CASE 2:
---- input:
-10.0
---- correct output:
263.15
---- user output:
Temperatura em Celsius: 263.15
-- TEST CASE 3:
---- input:
-40.0
---- correct output:
233.15
---- user output:
Temperatura em Celsius: 233.15
-- TEST CASE 4:
---- input:
100.0
---- correct output:
373.15
---- user output:
Temperatura em Celsius: 373.15
-- TEST CASE 5:
---- input:
0.0
---- correct output:
273.15
---- user output:
Temperatura em Celsius: 273.15
-- TEST CASE 6:
---- input:
30.5
---- correct output:
303.65
---- user output:
Temperatura em Celsius: 303.65
*-*-*-*-*-*-*-*-*-*-*-*-*-*-*-*-*-*-*-*-*-*-*-*
== RUN (2025-08-20 15:31:29)
-- CODE: 
tempC = float (input("Temperatura em celsius:"))
tempK = tempC + 273.15
print (roud ( tempK,2))
-- EXECUTION TIME: 
0.0
-- TEST CASE 1:
---- input:
20.25
---- correct output:
293.4
-- ERROR:
Traceback (most recent call last):
  File "XXXX", line 3, in <module>
    print (roud ( tempK,2))
           ^^^^
NameError: name 'roud' is not defined. Did you mean: 'round'?
-- TEST CASE 2:
---- input:
-10.0
---- correct output:
263.15
-- ERROR:
Traceback (most recent call last):
  File "XXXX", line 3, in <module>
    print (roud ( tempK,2))
           ^^^^
NameError: name 'roud' is not defined. Did you mean: 'round'?
-- TEST CASE 3:
---- input:
-40.0
---- correct output:
233.15
-- ERROR:
Traceback (most recent call last):
  File "XXXX", line 3, in <module>
    print (roud ( tempK,2))
           ^^^^
NameError: name 'roud' is not defined. Did you mean: 'round'?
-- TEST CASE 4:
---- input:
100.0
---- correct output:
373.15
-- ERROR:
Traceback (most recent call last):
  File "XXXX", line 3, in <module>
    print (roud ( tempK,2))
           ^^^^
NameError: name 'roud' is not defined. Did you mean: 'round'?
-- TEST CASE 5:
---- input:
0.0
---- correct output:
273.15
-- ERROR:
Traceback (most recent call last):
  File "XXXX", line 3, in <module>
    print (roud ( tempK,2))
           ^^^^
NameError: name 'roud' is not defined. Did you mean: 'round'?
-- TEST CASE 6:
---- input:
30.5
---- correct output:
303.65
-- ERROR:
Traceback (most recent call last):
  File "XXXX", line 3, in <module>
    print (roud ( tempK,2))
           ^^^^
NameError: name 'roud' is not defined. Did you mean: 'round'?
*-*-*-*-*-*-*-*-*-*-*-*-*-*-*-*-*-*-*-*-*-*-*-*
== SUBMISSION (2025-08-20 23:34:54)
-- CODE: 
Celsius = float(input("Temperatura em celsius: "))
Kelvin = Celsius + 273.15
print (roud (Kelvin, 2))
-- EXECUTION TIME: 
0.0
-- TEST CASE 1:
---- input:
20.25
---- correct output:
293.4
-- ERROR:
Traceback (most recent call last):
  File "XXXX", line 3, in <module>
    print (roud (Kelvin, 2))
           ^^^^
NameError: name 'roud' is not defined. Did you mean: 'round'?
-- TEST CASE 2:
---- input:
-10.0
---- correct output:
263.15
-- ERROR:
Traceback (most recent call last):
  File "XXXX", line 3, in <module>
    print (roud (Kelvin, 2))
           ^^^^
NameError: name 'roud' is not defined. Did you mean: 'round'?
-- TEST CASE 3:
---- input:
-40.0
---- correct output:
233.15
-- ERROR:
Traceback (most recent call last):
  File "XXXX", line 3, in <module>
    print (roud (Kelvin, 2))
           ^^^^
NameError: name 'roud' is not defined. Did you mean: 'round'?
-- TEST CASE 4:
---- input:
100.0
---- correct output:
373.15
-- ERROR:
Traceback (most recent call last):
  File "XXXX", line 3, in <module>
    print (roud (Kelvin, 2))
           ^^^^
NameError: name 'roud' is not defined. Did you mean: 'round'?
-- TEST CASE 5:
---- input:
0.0
---- correct output:
273.15
-- ERROR:
Traceback (most recent call last):
  File "XXXX", line 3, in <module>
    print (roud (Kelvin, 2))
           ^^^^
NameError: name 'roud' is not defined. Did you mean: 'round'?
-- TEST CASE 6:
---- input:
30.5
---- correct output:
303.65
-- ERROR:
Traceback (most recent call last):
  File "XXXX", line 3, in <module>
    print (roud (Kelvin, 2))
           ^^^^
NameError: name 'roud' is not defined. Did you mean: 'round'?
-- GRADE:
0%
*-*-*-*-*-*-*-*-*-*-*-*-*-*-*-*-*-*-*-*-*-*-*-*
== SUBMISSION (2025-08-20 15:32:14)
-- CODE: 
tempC = float (input("Temperatura em celsius:"))
tempK = tempC + 273.15
print (roud ( tempK,2)
-- EXECUTION TIME: 
0.0
-- TEST CASE 1:
---- input:
20.25
---- correct output:
293.4
-- ERROR:
File "XXXX", line 3
    print (roud ( tempK,2)
          ^
SyntaxError: '(' was never closed
-- TEST CASE 2:
---- input:
-10.0
---- correct output:
263.15
-- ERROR:
File "XXXX", line 3
    print (roud ( tempK,2)
          ^
SyntaxError: '(' was never closed
-- TEST CASE 3:
---- input:
-40.0
---- correct output:
233.15
-- ERROR:
File "XXXX", line 3
    print (roud ( tempK,2)
          ^
SyntaxError: '(' was never closed
-- TEST CASE 4:
---- input:
100.0
---- correct output:
373.15
-- ERROR:
File "XXXX", line 3
    print (roud ( tempK,2)
          ^
SyntaxError: '(' was never closed
-- TEST CASE 5:
---- input:
0.0
---- correct output:
273.15
-- ERROR:
File "XXXX", line 3
    print (roud ( tempK,2)
          ^
SyntaxError: '(' was never closed
-- TEST CASE 6:
---- input:
30.5
---- correct output:
303.65
-- ERROR:
File "XXXX", line 3
    print (roud ( tempK,2)
          ^
SyntaxError: '(' was never closed
-- GRADE:
0%
*-*-*-*-*-*-*-*-*-*-*-*-*-*-*-*-*-*-*-*-*-*-*-*
== RUN (2025-08-20 15:32:13)
-- CODE: 
tempC = float (input("Temperatura em celsius:"))
tempK = tempC + 273.15
print (roud ( tempK,2)
-- EXECUTION TIME: 
0.0
-- TEST CASE 1:
---- input:
20.25
---- correct output:
293.4
-- ERROR:
File "XXXX", line 3
    print (roud ( tempK,2)
          ^
SyntaxError: '(' was never closed
-- TEST CASE 2:
---- input:
-10.0
---- correct output:
263.15
-- ERROR:
File "XXXX", line 3
    print (roud ( tempK,2)
          ^
SyntaxError: '(' was never closed
-- TEST CASE 3:
---- input:
-40.0
---- correct output:
233.15
-- ERROR:
File "XXXX", line 3
    print (roud ( tempK,2)
          ^
SyntaxError: '(' was never closed
-- TEST CASE 4:
---- input:
100.0
---- correct output:
373.15
-- ERROR:
File "XXXX", line 3
    print (roud ( tempK,2)
          ^
SyntaxError: '(' was never closed
-- TEST CASE 5:
---- input:
0.0
---- correct output:
273.15
-- ERROR:
File "XXXX", line 3
    print (roud ( tempK,2)
          ^
SyntaxError: '(' was never closed
-- TEST CASE 6:
---- input:
30.5
---- correct output:
303.65
-- ERROR:
File "XXXX", line 3
    print (roud ( tempK,2)
          ^
SyntaxError: '(' was never closed
*-*-*-*-*-*-*-*-*-*-*-*-*-*-*-*-*-*-*-*-*-*-*-*
== RUN (2025-08-20 23:23:22)
-- CODE: 
tempC = float (input("Temperatura em celsius: "))
tempK = tempC + 273.15
print (roud (tempK, 2))
-- EXECUTION TIME: 
0.0
-- TEST CASE 1:
---- input:
20.25
---- correct output:
293.4
-- ERROR:
Traceback (most recent call last):
  File "XXXX", line 3, in <module>
    print (roud (tempK, 2))
           ^^^^
NameError: name 'roud' is not defined. Did you mean: 'round'?
-- TEST CASE 2:
---- input:
-10.0
---- correct output:
263.15
-- ERROR:
Traceback (most recent call last):
  File "XXXX", line 3, in <module>
    print (roud (tempK, 2))
           ^^^^
NameError: name 'roud' is not defined. Did you mean: 'round'?
-- TEST CASE 3:
---- input:
-40.0
---- correct output:
233.15
-- ERROR:
Traceback (most recent call last):
  File "XXXX", line 3, in <module>
    print (roud (tempK, 2))
           ^^^^
NameError: name 'roud' is not defined. Did you mean: 'round'?
-- TEST CASE 4:
---- input:
100.0
---- correct output:
373.15
-- ERROR:
Traceback (most recent call last):
  File "XXXX", line 3, in <module>
    print (roud (tempK, 2))
           ^^^^
NameError: name 'roud' is not defined. Did you mean: 'round'?
-- TEST CASE 5:
---- input:
0.0
---- correct output:
273.15
-- ERROR:
Traceback (most recent call last):
  File "XXXX", line 3, in <module>
    print (roud (tempK, 2))
           ^^^^
NameError: name 'roud' is not defined. Did you mean: 'round'?
-- TEST CASE 6:
---- input:
30.5
---- correct output:
303.65
-- ERROR:
Traceback (most recent call last):
  File "XXXX", line 3, in <module>
    print (roud (tempK, 2))
           ^^^^
NameError: name 'roud' is not defined. Did you mean: 'round'?
*-*-*-*-*-*-*-*-*-*-*-*-*-*-*-*-*-*-*-*-*-*-*-*
