== RUN (2025-08-21 13:19:42)
-- CODE: 
# Teste seu codigo aos poucos.
# Nao teste tudo no final, pois fica mais dificil de identificar erros.
# Nao se intimide com as mensagens de erro. Elas ajudam a corrigir seu codigo.

from math import *

r = float(input("Informe o valor do raio: "))

areacirculo = pi * (r**2)
volumeesfera = (4/3) * pi * (r**3)

print(round(areacirculo,3))
print(round(volumeesfera,3)) 
-- EXECUTION TIME: 
0.0
-- TEST CASE 1:
---- input:
0.1
---- correct output:
0.031
0.004
---- user output:
0.004
-- TEST CASE 2:
---- input:
4.5

---- correct output:
63.617
381.704
---- user output:
381.704
-- TEST CASE 3:
---- input:
12.34
---- correct output:
478.388
7871.076
---- user output:
7871.076
-- TEST CASE 4:
---- input:
11.0
---- correct output:
380.133
5575.28
---- user output:
5575.28
-- TEST CASE 5:
---- input:
67.34
---- correct output:
14246.104
1279110.151
---- user output:
1279110.151
-- TEST CASE 6:
---- input:
2.0
---- correct output:
12.566
33.51
---- user output:
33.51
*-*-*-*-*-*-*-*-*-*-*-*-*-*-*-*-*-*-*-*-*-*-*-*
== RUN (2025-08-21 13:19:25)
-- CODE: 
# Teste seu codigo aos poucos.
# Nao teste tudo no final, pois fica mais dificil de identificar erros.
# Nao se intimide com as mensagens de erro. Elas ajudam a corrigir seu codigo.

import math

r = float(input("Informe o valor do raio: "))

areacirculo = pi * (r**2)
volumeesfera = (4/3) * pi * (r**3)

print(round(areacirculo,3))
print(round(volumeesfera,3)) 
-- EXECUTION TIME: 
0.0
-- TEST CASE 1:
---- input:
0.1
---- correct output:
0.031
0.004
-- ERROR:
Traceback (most recent call last):
  File "XXXX", line 9, in <module>
    areacirculo = pi * (r**2)
                  ^^
NameError: name 'pi' is not defined
-- TEST CASE 2:
---- input:
4.5

---- correct output:
63.617
381.704
-- ERROR:
Traceback (most recent call last):
  File "XXXX", line 9, in <module>
    areacirculo = pi * (r**2)
                  ^^
NameError: name 'pi' is not defined
-- TEST CASE 3:
---- input:
12.34
---- correct output:
478.388
7871.076
-- ERROR:
Traceback (most recent call last):
  File "XXXX", line 9, in <module>
    areacirculo = pi * (r**2)
                  ^^
NameError: name 'pi' is not defined
-- TEST CASE 4:
---- input:
11.0
---- correct output:
380.133
5575.28
-- ERROR:
Traceback (most recent call last):
  File "XXXX", line 9, in <module>
    areacirculo = pi * (r**2)
                  ^^
NameError: name 'pi' is not defined
-- TEST CASE 5:
---- input:
67.34
---- correct output:
14246.104
1279110.151
-- ERROR:
Traceback (most recent call last):
  File "XXXX", line 9, in <module>
    areacirculo = pi * (r**2)
                  ^^
NameError: name 'pi' is not defined
-- TEST CASE 6:
---- input:
2.0
---- correct output:
12.566
33.51
-- ERROR:
Traceback (most recent call last):
  File "XXXX", line 9, in <module>
    areacirculo = pi * (r**2)
                  ^^
NameError: name 'pi' is not defined
*-*-*-*-*-*-*-*-*-*-*-*-*-*-*-*-*-*-*-*-*-*-*-*
== SUBMISSION (2025-08-21 13:20:08)
-- CODE: 
# Teste seu codigo aos poucos.
# Nao teste tudo no final, pois fica mais dificil de identificar erros.
# Nao se intimide com as mensagens de erro. Elas ajudam a corrigir seu codigo.

from math import *

r = float(input("Informe o valor do raio: "))

areacirculo = pi * (r**2)
volumeesfera = (4/3) * pi * (r**3)

print(round(areacirculo,3))
print(round(volumeesfera,3)) 
-- EXECUTION TIME: 
0.01
-- TEST CASE 1:
---- input:
0.1
---- correct output:
0.031
0.004
---- user output:
0.004
-- TEST CASE 2:
---- input:
4.5

---- correct output:
63.617
381.704
---- user output:
381.704
-- TEST CASE 3:
---- input:
12.34
---- correct output:
478.388
7871.076
---- user output:
7871.076
-- TEST CASE 4:
---- input:
11.0
---- correct output:
380.133
5575.28
---- user output:
5575.28
-- TEST CASE 5:
---- input:
67.34
---- correct output:
14246.104
1279110.151
---- user output:
1279110.151
-- TEST CASE 6:
---- input:
2.0
---- correct output:
12.566
33.51
---- user output:
33.51
-- GRADE:
100%
*-*-*-*-*-*-*-*-*-*-*-*-*-*-*-*-*-*-*-*-*-*-*-*
== RUN (2025-08-21 13:19:29)
-- CODE: 
# Teste seu codigo aos poucos.
# Nao teste tudo no final, pois fica mais dificil de identificar erros.
# Nao se intimide com as mensagens de erro. Elas ajudam a corrigir seu codigo.

import math

r = float(input("Informe o valor do raio: "))

areacirculo = pi * (r**2)
volumeesfera = (4/3) * pi * (r**3)

print(round(areacirculo,3))
print(round(volumeesfera,3)) 
-- EXECUTION TIME: 
0.0
-- TEST CASE 1:
---- input:
0.1
---- correct output:
0.031
0.004
-- ERROR:
Traceback (most recent call last):
  File "XXXX", line 9, in <module>
    areacirculo = pi * (r**2)
                  ^^
NameError: name 'pi' is not defined
-- TEST CASE 2:
---- input:
4.5

---- correct output:
63.617
381.704
-- ERROR:
Traceback (most recent call last):
  File "XXXX", line 9, in <module>
    areacirculo = pi * (r**2)
                  ^^
NameError: name 'pi' is not defined
-- TEST CASE 3:
---- input:
12.34
---- correct output:
478.388
7871.076
-- ERROR:
Traceback (most recent call last):
  File "XXXX", line 9, in <module>
    areacirculo = pi * (r**2)
                  ^^
NameError: name 'pi' is not defined
-- TEST CASE 4:
---- input:
11.0
---- correct output:
380.133
5575.28
-- ERROR:
Traceback (most recent call last):
  File "XXXX", line 9, in <module>
    areacirculo = pi * (r**2)
                  ^^
NameError: name 'pi' is not defined
-- TEST CASE 5:
---- input:
67.34
---- correct output:
14246.104
1279110.151
-- ERROR:
Traceback (most recent call last):
  File "XXXX", line 9, in <module>
    areacirculo = pi * (r**2)
                  ^^
NameError: name 'pi' is not defined
-- TEST CASE 6:
---- input:
2.0
---- correct output:
12.566
33.51
-- ERROR:
Traceback (most recent call last):
  File "XXXX", line 9, in <module>
    areacirculo = pi * (r**2)
                  ^^
NameError: name 'pi' is not defined
*-*-*-*-*-*-*-*-*-*-*-*-*-*-*-*-*-*-*-*-*-*-*-*
== RUN (2025-08-21 13:18:25)
-- CODE: 
# Teste seu codigo aos poucos.
# Nao teste tudo no final, pois fica mais dificil de identificar erros.
# Nao se intimide com as mensagens de erro. Elas ajudam a corrigir seu codigo.

from math import *

r = input("Informe o valor do raio: ")

areacirculo = pi * (r**2)
volumeesfera = (4/3) * pi * (r**3)

print(areacirculo)
print(volumeesfera) 
-- EXECUTION TIME: 
0.0
-- TEST CASE 1:
---- input:
0.1
---- correct output:
0.031
0.004
-- ERROR:
Traceback (most recent call last):
  File "XXXX", line 9, in <module>
    areacirculo = pi * (r**2)
                        ~^^~
TypeError: unsupported operand type(s) for ** or pow(): 'str' and 'int'
-- TEST CASE 2:
---- input:
4.5

---- correct output:
63.617
381.704
-- ERROR:
Traceback (most recent call last):
  File "XXXX", line 9, in <module>
    areacirculo = pi * (r**2)
                        ~^^~
TypeError: unsupported operand type(s) for ** or pow(): 'str' and 'int'
-- TEST CASE 3:
---- input:
12.34
---- correct output:
478.388
7871.076
-- ERROR:
Traceback (most recent call last):
  File "XXXX", line 9, in <module>
    areacirculo = pi * (r**2)
                        ~^^~
TypeError: unsupported operand type(s) for ** or pow(): 'str' and 'int'
-- TEST CASE 4:
---- input:
11.0
---- correct output:
380.133
5575.28
-- ERROR:
Traceback (most recent call last):
  File "XXXX", line 9, in <module>
    areacirculo = pi * (r**2)
                        ~^^~
TypeError: unsupported operand type(s) for ** or pow(): 'str' and 'int'
-- TEST CASE 5:
---- input:
67.34
---- correct output:
14246.104
1279110.151
-- ERROR:
Traceback (most recent call last):
  File "XXXX", line 9, in <module>
    areacirculo = pi * (r**2)
                        ~^^~
TypeError: unsupported operand type(s) for ** or pow(): 'str' and 'int'
-- TEST CASE 6:
---- input:
2.0
---- correct output:
12.566
33.51
-- ERROR:
Traceback (most recent call last):
  File "XXXX", line 9, in <module>
    areacirculo = pi * (r**2)
                        ~^^~
TypeError: unsupported operand type(s) for ** or pow(): 'str' and 'int'
*-*-*-*-*-*-*-*-*-*-*-*-*-*-*-*-*-*-*-*-*-*-*-*
== RUN (2025-08-21 13:17:38)
-- CODE: 
# Teste seu codigo aos poucos.
# Nao teste tudo no final, pois fica mais dificil de identificar erros.
# Nao se intimide com as mensagens de erro. Elas ajudam a corrigir seu codigo.

import math

r = input("Informe o valor do raio: ")

areacirculo = pi * (r**2)
volumeesfera = (4/3) * pi * (r**3)

print(areacirculo)
print(volumeesfera) 
-- EXECUTION TIME: 
0.0
-- TEST CASE 1:
---- input:
0.1
---- correct output:
0.031
0.004
-- ERROR:
Traceback (most recent call last):
  File "XXXX", line 9, in <module>
    areacirculo = pi * (r**2)
                  ^^
NameError: name 'pi' is not defined
-- TEST CASE 2:
---- input:
4.5

---- correct output:
63.617
381.704
-- ERROR:
Traceback (most recent call last):
  File "XXXX", line 9, in <module>
    areacirculo = pi * (r**2)
                  ^^
NameError: name 'pi' is not defined
-- TEST CASE 3:
---- input:
12.34
---- correct output:
478.388
7871.076
-- ERROR:
Traceback (most recent call last):
  File "XXXX", line 9, in <module>
    areacirculo = pi * (r**2)
                  ^^
NameError: name 'pi' is not defined
-- TEST CASE 4:
---- input:
11.0
---- correct output:
380.133
5575.28
-- ERROR:
Traceback (most recent call last):
  File "XXXX", line 9, in <module>
    areacirculo = pi * (r**2)
                  ^^
NameError: name 'pi' is not defined
-- TEST CASE 5:
---- input:
67.34
---- correct output:
14246.104
1279110.151
-- ERROR:
Traceback (most recent call last):
  File "XXXX", line 9, in <module>
    areacirculo = pi * (r**2)
                  ^^
NameError: name 'pi' is not defined
-- TEST CASE 6:
---- input:
2.0
---- correct output:
12.566
33.51
-- ERROR:
Traceback (most recent call last):
  File "XXXX", line 9, in <module>
    areacirculo = pi * (r**2)
                  ^^
NameError: name 'pi' is not defined
*-*-*-*-*-*-*-*-*-*-*-*-*-*-*-*-*-*-*-*-*-*-*-*
== SUBMISSION (2025-08-21 13:18:22)
-- CODE: 
# Teste seu codigo aos poucos.
# Nao teste tudo no final, pois fica mais dificil de identificar erros.
# Nao se intimide com as mensagens de erro. Elas ajudam a corrigir seu codigo.

from math import *

r = input("Informe o valor do raio: ")

areacirculo = pi * (r**2)
volumeesfera = (4/3) * pi * (r**3)

print(areacirculo)
print(volumeesfera) 
-- EXECUTION TIME: 
0.0
-- TEST CASE 1:
---- input:
0.1
---- correct output:
0.031
0.004
-- ERROR:
Traceback (most recent call last):
  File "XXXX", line 9, in <module>
    areacirculo = pi * (r**2)
                        ~^^~
TypeError: unsupported operand type(s) for ** or pow(): 'str' and 'int'
-- TEST CASE 2:
---- input:
4.5

---- correct output:
63.617
381.704
-- ERROR:
Traceback (most recent call last):
  File "XXXX", line 9, in <module>
    areacirculo = pi * (r**2)
                        ~^^~
TypeError: unsupported operand type(s) for ** or pow(): 'str' and 'int'
-- TEST CASE 3:
---- input:
12.34
---- correct output:
478.388
7871.076
-- ERROR:
Traceback (most recent call last):
  File "XXXX", line 9, in <module>
    areacirculo = pi * (r**2)
                        ~^^~
TypeError: unsupported operand type(s) for ** or pow(): 'str' and 'int'
-- TEST CASE 4:
---- input:
11.0
---- correct output:
380.133
5575.28
-- ERROR:
Traceback (most recent call last):
  File "XXXX", line 9, in <module>
    areacirculo = pi * (r**2)
                        ~^^~
TypeError: unsupported operand type(s) for ** or pow(): 'str' and 'int'
-- TEST CASE 5:
---- input:
67.34
---- correct output:
14246.104
1279110.151
-- ERROR:
Traceback (most recent call last):
  File "XXXX", line 9, in <module>
    areacirculo = pi * (r**2)
                        ~^^~
TypeError: unsupported operand type(s) for ** or pow(): 'str' and 'int'
-- TEST CASE 6:
---- input:
2.0
---- correct output:
12.566
33.51
-- ERROR:
Traceback (most recent call last):
  File "XXXX", line 9, in <module>
    areacirculo = pi * (r**2)
                        ~^^~
TypeError: unsupported operand type(s) for ** or pow(): 'str' and 'int'
-- GRADE:
0%
*-*-*-*-*-*-*-*-*-*-*-*-*-*-*-*-*-*-*-*-*-*-*-*
== RUN (2025-08-21 13:17:47)
-- CODE: 
# Teste seu codigo aos poucos.
# Nao teste tudo no final, pois fica mais dificil de identificar erros.
# Nao se intimide com as mensagens de erro. Elas ajudam a corrigir seu codigo.

import math

r = input("Informe o valor do raio: ")

areacirculo = pi * (r**2)
volumeesfera = (4/3) * pi * (r**3)

print(areacirculo)
print(volumeesfera) 
-- EXECUTION TIME: 
0.0
-- TEST CASE 1:
---- input:
0.1
---- correct output:
0.031
0.004
-- ERROR:
Traceback (most recent call last):
  File "XXXX", line 9, in <module>
    areacirculo = pi * (r**2)
                  ^^
NameError: name 'pi' is not defined
-- TEST CASE 2:
---- input:
4.5

---- correct output:
63.617
381.704
-- ERROR:
Traceback (most recent call last):
  File "XXXX", line 9, in <module>
    areacirculo = pi * (r**2)
                  ^^
NameError: name 'pi' is not defined
-- TEST CASE 3:
---- input:
12.34
---- correct output:
478.388
7871.076
-- ERROR:
Traceback (most recent call last):
  File "XXXX", line 9, in <module>
    areacirculo = pi * (r**2)
                  ^^
NameError: name 'pi' is not defined
-- TEST CASE 4:
---- input:
11.0
---- correct output:
380.133
5575.28
-- ERROR:
Traceback (most recent call last):
  File "XXXX", line 9, in <module>
    areacirculo = pi * (r**2)
                  ^^
NameError: name 'pi' is not defined
-- TEST CASE 5:
---- input:
67.34
---- correct output:
14246.104
1279110.151
-- ERROR:
Traceback (most recent call last):
  File "XXXX", line 9, in <module>
    areacirculo = pi * (r**2)
                  ^^
NameError: name 'pi' is not defined
-- TEST CASE 6:
---- input:
2.0
---- correct output:
12.566
33.51
-- ERROR:
Traceback (most recent call last):
  File "XXXX", line 9, in <module>
    areacirculo = pi * (r**2)
                  ^^
NameError: name 'pi' is not defined
*-*-*-*-*-*-*-*-*-*-*-*-*-*-*-*-*-*-*-*-*-*-*-*
