== RUN (2025-08-20 23:46:33)
-- CODE: 
# Use este codigo como ponto de partida
# Leitura de valores de entrada
var = input()

# Impressao de saidas
print(var)
-- EXECUTION TIME: 
0.0
-- TEST CASE 1:
---- input:
Gandalf
---- correct output:
Gandalf
---- user output:
Gandalf
-- TEST CASE 2:
---- input:
Donald Knuth
---- correct output:
Donald Knuth
---- user output:
Donald Knuth
-- TEST CASE 3:
---- input:
Python
---- correct output:
Python
---- user output:
Python
-- TEST CASE 4:
---- input:
Ada Lovelace
---- correct output:
Ada Lovelace
---- user output:
Ada Lovelace
-- TEST CASE 5:
---- input:
Teste
---- correct output:
Teste
---- user output:
Teste
*-*-*-*-*-*-*-*-*-*-*-*-*-*-*-*-*-*-*-*-*-*-*-*
== SUBMISSION (2025-08-20 23:45:00)
-- CODE: 
# Use este codigo como ponto de partida
input(Ana)
# Leitura de valores de entrada
var = (input)

# Impressao de saidas
print(var)
-- EXECUTION TIME: 
0.0
-- TEST CASE 1:
---- input:
Gandalf
---- correct output:
Gandalf
-- ERROR:
Traceback (most recent call last):
  File "XXXX", line 2, in <module>
    input(Ana)
          ^^^
NameError: name 'Ana' is not defined. Did you mean: 'any'?
-- TEST CASE 2:
---- input:
Donald Knuth
---- correct output:
Donald Knuth
-- ERROR:
Traceback (most recent call last):
  File "XXXX", line 2, in <module>
    input(Ana)
          ^^^
NameError: name 'Ana' is not defined. Did you mean: 'any'?
-- TEST CASE 3:
---- input:
Python
---- correct output:
Python
-- ERROR:
Traceback (most recent call last):
  File "XXXX", line 2, in <module>
    input(Ana)
          ^^^
NameError: name 'Ana' is not defined. Did you mean: 'any'?
-- TEST CASE 4:
---- input:
Ada Lovelace
---- correct output:
Ada Lovelace
-- ERROR:
Traceback (most recent call last):
  File "XXXX", line 2, in <module>
    input(Ana)
          ^^^
NameError: name 'Ana' is not defined. Did you mean: 'any'?
-- TEST CASE 5:
---- input:
Teste
---- correct output:
Teste
-- ERROR:
Traceback (most recent call last):
  File "XXXX", line 2, in <module>
    input(Ana)
          ^^^
NameError: name 'Ana' is not defined. Did you mean: 'any'?
-- GRADE:
0%
*-*-*-*-*-*-*-*-*-*-*-*-*-*-*-*-*-*-*-*-*-*-*-*
== RUN (2025-08-20 23:44:28)
-- CODE: 
# Use este codigo como ponto de partida
input(Arnaldo)
# Leitura de valores de entrada
var = (Arnaldo)

# Impressao de saidas
print(var)
-- EXECUTION TIME: 
0.0
-- TEST CASE 1:
---- input:
Gandalf
---- correct output:
Gandalf
-- ERROR:
Traceback (most recent call last):
  File "XXXX", line 2, in <module>
    input(Arnaldo)
          ^^^^^^^
NameError: name 'Arnaldo' is not defined
-- TEST CASE 2:
---- input:
Donald Knuth
---- correct output:
Donald Knuth
-- ERROR:
Traceback (most recent call last):
  File "XXXX", line 2, in <module>
    input(Arnaldo)
          ^^^^^^^
NameError: name 'Arnaldo' is not defined
-- TEST CASE 3:
---- input:
Python
---- correct output:
Python
-- ERROR:
Traceback (most recent call last):
  File "XXXX", line 2, in <module>
    input(Arnaldo)
          ^^^^^^^
NameError: name 'Arnaldo' is not defined
-- TEST CASE 4:
---- input:
Ada Lovelace
---- correct output:
Ada Lovelace
-- ERROR:
Traceback (most recent call last):
  File "XXXX", line 2, in <module>
    input(Arnaldo)
          ^^^^^^^
NameError: name 'Arnaldo' is not defined
-- TEST CASE 5:
---- input:
Teste
---- correct output:
Teste
-- ERROR:
Traceback (most recent call last):
  File "XXXX", line 2, in <module>
    input(Arnaldo)
          ^^^^^^^
NameError: name 'Arnaldo' is not defined
*-*-*-*-*-*-*-*-*-*-*-*-*-*-*-*-*-*-*-*-*-*-*-*
== RUN (2025-08-20 23:44:58)
-- CODE: 
# Use este codigo como ponto de partida
input(Ana)
# Leitura de valores de entrada
var = (input)

# Impressao de saidas
print(var)
-- EXECUTION TIME: 
0.0
-- TEST CASE 1:
---- input:
Gandalf
---- correct output:
Gandalf
-- ERROR:
Traceback (most recent call last):
  File "XXXX", line 2, in <module>
    input(Ana)
          ^^^
NameError: name 'Ana' is not defined. Did you mean: 'any'?
-- TEST CASE 2:
---- input:
Donald Knuth
---- correct output:
Donald Knuth
-- ERROR:
Traceback (most recent call last):
  File "XXXX", line 2, in <module>
    input(Ana)
          ^^^
NameError: name 'Ana' is not defined. Did you mean: 'any'?
-- TEST CASE 3:
---- input:
Python
---- correct output:
Python
-- ERROR:
Traceback (most recent call last):
  File "XXXX", line 2, in <module>
    input(Ana)
          ^^^
NameError: name 'Ana' is not defined. Did you mean: 'any'?
-- TEST CASE 4:
---- input:
Ada Lovelace
---- correct output:
Ada Lovelace
-- ERROR:
Traceback (most recent call last):
  File "XXXX", line 2, in <module>
    input(Ana)
          ^^^
NameError: name 'Ana' is not defined. Did you mean: 'any'?
-- TEST CASE 5:
---- input:
Teste
---- correct output:
Teste
-- ERROR:
Traceback (most recent call last):
  File "XXXX", line 2, in <module>
    input(Ana)
          ^^^
NameError: name 'Ana' is not defined. Did you mean: 'any'?
*-*-*-*-*-*-*-*-*-*-*-*-*-*-*-*-*-*-*-*-*-*-*-*
== SUBMISSION (2025-08-20 23:47:15)
-- CODE: 
# Use este codigo como ponto de partida
# Leitura de valores de entrada
var = input()

# Impressao de saidas
print(var)
-- EXECUTION TIME: 
0.01
-- TEST CASE 1:
---- input:
Gandalf
---- correct output:
Gandalf
---- user output:
Gandalf
-- TEST CASE 2:
---- input:
Donald Knuth
---- correct output:
Donald Knuth
---- user output:
Donald Knuth
-- TEST CASE 3:
---- input:
Python
---- correct output:
Python
---- user output:
Python
-- TEST CASE 4:
---- input:
Ada Lovelace
---- correct output:
Ada Lovelace
---- user output:
Ada Lovelace
-- TEST CASE 5:
---- input:
Teste
---- correct output:
Teste
---- user output:
Teste
-- GRADE:
100%
*-*-*-*-*-*-*-*-*-*-*-*-*-*-*-*-*-*-*-*-*-*-*-*
== RUN (2025-08-20 23:45:03)
-- CODE: 
# Use este codigo como ponto de partida
input(Ana)
# Leitura de valores de entrada
var = (input)

# Impressao de saidas
print(var)
-- EXECUTION TIME: 
0.0
-- TEST CASE 1:
---- input:
Gandalf
---- correct output:
Gandalf
-- ERROR:
Traceback (most recent call last):
  File "XXXX", line 2, in <module>
    input(Ana)
          ^^^
NameError: name 'Ana' is not defined. Did you mean: 'any'?
-- TEST CASE 2:
---- input:
Donald Knuth
---- correct output:
Donald Knuth
-- ERROR:
Traceback (most recent call last):
  File "XXXX", line 2, in <module>
    input(Ana)
          ^^^
NameError: name 'Ana' is not defined. Did you mean: 'any'?
-- TEST CASE 3:
---- input:
Python
---- correct output:
Python
-- ERROR:
Traceback (most recent call last):
  File "XXXX", line 2, in <module>
    input(Ana)
          ^^^
NameError: name 'Ana' is not defined. Did you mean: 'any'?
-- TEST CASE 4:
---- input:
Ada Lovelace
---- correct output:
Ada Lovelace
-- ERROR:
Traceback (most recent call last):
  File "XXXX", line 2, in <module>
    input(Ana)
          ^^^
NameError: name 'Ana' is not defined. Did you mean: 'any'?
-- TEST CASE 5:
---- input:
Teste
---- correct output:
Teste
-- ERROR:
Traceback (most recent call last):
  File "XXXX", line 2, in <module>
    input(Ana)
          ^^^
NameError: name 'Ana' is not defined. Did you mean: 'any'?
*-*-*-*-*-*-*-*-*-*-*-*-*-*-*-*-*-*-*-*-*-*-*-*
== RUN (2025-08-20 23:44:38)
-- CODE: 
# Use este codigo como ponto de partida
input(Arnaldo)
# Leitura de valores de entrada
var = (input)

# Impressao de saidas
print(var)
-- EXECUTION TIME: 
0.0
-- TEST CASE 1:
---- input:
Gandalf
---- correct output:
Gandalf
-- ERROR:
Traceback (most recent call last):
  File "XXXX", line 2, in <module>
    input(Arnaldo)
          ^^^^^^^
NameError: name 'Arnaldo' is not defined
-- TEST CASE 2:
---- input:
Donald Knuth
---- correct output:
Donald Knuth
-- ERROR:
Traceback (most recent call last):
  File "XXXX", line 2, in <module>
    input(Arnaldo)
          ^^^^^^^
NameError: name 'Arnaldo' is not defined
-- TEST CASE 3:
---- input:
Python
---- correct output:
Python
-- ERROR:
Traceback (most recent call last):
  File "XXXX", line 2, in <module>
    input(Arnaldo)
          ^^^^^^^
NameError: name 'Arnaldo' is not defined
-- TEST CASE 4:
---- input:
Ada Lovelace
---- correct output:
Ada Lovelace
-- ERROR:
Traceback (most recent call last):
  File "XXXX", line 2, in <module>
    input(Arnaldo)
          ^^^^^^^
NameError: name 'Arnaldo' is not defined
-- TEST CASE 5:
---- input:
Teste
---- correct output:
Teste
-- ERROR:
Traceback (most recent call last):
  File "XXXX", line 2, in <module>
    input(Arnaldo)
          ^^^^^^^
NameError: name 'Arnaldo' is not defined
*-*-*-*-*-*-*-*-*-*-*-*-*-*-*-*-*-*-*-*-*-*-*-*
== RUN (2025-08-20 23:43:54)
-- CODE: 
# Use este codigo como ponto de partida
input(Arnaldo)
# Leitura de valores de entrada
var = Arnaldo

# Impressao de saidas
print(var)
-- EXECUTION TIME: 
0.0
-- TEST CASE 1:
---- input:
Gandalf
---- correct output:
Gandalf
-- ERROR:
Traceback (most recent call last):
  File "XXXX", line 2, in <module>
    input(Arnaldo)
          ^^^^^^^
NameError: name 'Arnaldo' is not defined
-- TEST CASE 2:
---- input:
Donald Knuth
---- correct output:
Donald Knuth
-- ERROR:
Traceback (most recent call last):
  File "XXXX", line 2, in <module>
    input(Arnaldo)
          ^^^^^^^
NameError: name 'Arnaldo' is not defined
-- TEST CASE 3:
---- input:
Python
---- correct output:
Python
-- ERROR:
Traceback (most recent call last):
  File "XXXX", line 2, in <module>
    input(Arnaldo)
          ^^^^^^^
NameError: name 'Arnaldo' is not defined
-- TEST CASE 4:
---- input:
Ada Lovelace
---- correct output:
Ada Lovelace
-- ERROR:
Traceback (most recent call last):
  File "XXXX", line 2, in <module>
    input(Arnaldo)
          ^^^^^^^
NameError: name 'Arnaldo' is not defined
-- TEST CASE 5:
---- input:
Teste
---- correct output:
Teste
-- ERROR:
Traceback (most recent call last):
  File "XXXX", line 2, in <module>
    input(Arnaldo)
          ^^^^^^^
NameError: name 'Arnaldo' is not defined
*-*-*-*-*-*-*-*-*-*-*-*-*-*-*-*-*-*-*-*-*-*-*-*
== RUN (2025-08-20 23:44:39)
-- CODE: 
# Use este codigo como ponto de partida
input(Arnaldo)
# Leitura de valores de entrada
var = (input)

# Impressao de saidas
print(var)
-- EXECUTION TIME: 
0.0
-- TEST CASE 1:
---- input:
Gandalf
---- correct output:
Gandalf
-- ERROR:
Traceback (most recent call last):
  File "XXXX", line 2, in <module>
    input(Arnaldo)
          ^^^^^^^
NameError: name 'Arnaldo' is not defined
-- TEST CASE 2:
---- input:
Donald Knuth
---- correct output:
Donald Knuth
-- ERROR:
Traceback (most recent call last):
  File "XXXX", line 2, in <module>
    input(Arnaldo)
          ^^^^^^^
NameError: name 'Arnaldo' is not defined
-- TEST CASE 3:
---- input:
Python
---- correct output:
Python
-- ERROR:
Traceback (most recent call last):
  File "XXXX", line 2, in <module>
    input(Arnaldo)
          ^^^^^^^
NameError: name 'Arnaldo' is not defined
-- TEST CASE 4:
---- input:
Ada Lovelace
---- correct output:
Ada Lovelace
-- ERROR:
Traceback (most recent call last):
  File "XXXX", line 2, in <module>
    input(Arnaldo)
          ^^^^^^^
NameError: name 'Arnaldo' is not defined
-- TEST CASE 5:
---- input:
Teste
---- correct output:
Teste
-- ERROR:
Traceback (most recent call last):
  File "XXXX", line 2, in <module>
    input(Arnaldo)
          ^^^^^^^
NameError: name 'Arnaldo' is not defined
*-*-*-*-*-*-*-*-*-*-*-*-*-*-*-*-*-*-*-*-*-*-*-*
