== SUBMISSION (2025-08-31 21:33:04)
-- CODE: 
x = int (input())
y = int (input())
q = x // y
r = x % y
div = x / y
prod = x * y
pot = y ** 3
print(q)
print(r)
prin(div)
print( prod)
print(pot)
-- EXECUTION TIME: 
0.0
-- TEST CASE 1:
---- input:
14
2
---- correct output:
7
0
7.0
28
8
-- ERROR:
Traceback (most recent call last):
  File "XXXX", line 10, in <module>
    prin(div)
    ^^^^
NameError: name 'prin' is not defined. Did you mean: 'print'?
-- TEST CASE 2:
---- input:
8
5
---- correct output:
1
3
1.6
40
125
-- ERROR:
Traceback (most recent call last):
  File "XXXX", line 10, in <module>
    prin(div)
    ^^^^
NameError: name 'prin' is not defined. Did you mean: 'print'?
-- TEST CASE 3:
---- input:
10
5
---- correct output:
2
0
2.0
50
125
-- ERROR:
Traceback (most recent call last):
  File "XXXX", line 10, in <module>
    prin(div)
    ^^^^
NameError: name 'prin' is not defined. Did you mean: 'print'?
-- TEST CASE 4:
---- input:
53
2
---- correct output:
26
1
26.5
106
8
-- ERROR:
Traceback (most recent call last):
  File "XXXX", line 10, in <module>
    prin(div)
    ^^^^
NameError: name 'prin' is not defined. Did you mean: 'print'?
-- TEST CASE 5:
---- input:
346
2
---- correct output:
173
0
173.0
692
8
-- ERROR:
Traceback (most recent call last):
  File "XXXX", line 10, in <module>
    prin(div)
    ^^^^
NameError: name 'prin' is not defined. Did you mean: 'print'?
-- TEST CASE 6:
---- input:
347
2
---- correct output:
173
1
173.5
694
8
-- ERROR:
Traceback (most recent call last):
  File "XXXX", line 10, in <module>
    prin(div)
    ^^^^
NameError: name 'prin' is not defined. Did you mean: 'print'?
-- GRADE:
0%
*-*-*-*-*-*-*-*-*-*-*-*-*-*-*-*-*-*-*-*-*-*-*-*
== RUN (2025-08-23 02:46:24)
-- CODE: 
x = int (input())
y = int (input())
q = x // y
r = x % y
div = x / y
prod = x * y
pot = y ** 3
print(q)
print (r)
print(div)
print( prod)
print(pot)
-- EXECUTION TIME: 
0.0
-- TEST CASE 1:
---- input:
14
2
---- correct output:
7
0
7.0
28
8
---- user output:
8
-- TEST CASE 2:
---- input:
8
5
---- correct output:
1
3
1.6
40
125
---- user output:
125
-- TEST CASE 3:
---- input:
10
5
---- correct output:
2
0
2.0
50
125
---- user output:
125
-- TEST CASE 4:
---- input:
53
2
---- correct output:
26
1
26.5
106
8
---- user output:
8
-- TEST CASE 5:
---- input:
346
2
---- correct output:
173
0
173.0
692
8
---- user output:
8
-- TEST CASE 6:
---- input:
347
2
---- correct output:
173
1
173.5
694
8
---- user output:
8
*-*-*-*-*-*-*-*-*-*-*-*-*-*-*-*-*-*-*-*-*-*-*-*
== RUN (2025-08-31 21:33:36)
-- CODE: 
x = int (input())
y = int (input())
q = x // y
r = x % y
div = x / y
prod = x * y
pot = y ** 3
print(q)
print(r)
prin(div)
print( prod)
print(pot)
-- EXECUTION TIME: 
0.0
-- TEST CASE 1:
---- input:
14
2
---- correct output:
7
0
7.0
28
8
-- ERROR:
Traceback (most recent call last):
  File "XXXX", line 10, in <module>
    prin(div)
    ^^^^
NameError: name 'prin' is not defined. Did you mean: 'print'?
-- TEST CASE 2:
---- input:
8
5
---- correct output:
1
3
1.6
40
125
-- ERROR:
Traceback (most recent call last):
  File "XXXX", line 10, in <module>
    prin(div)
    ^^^^
NameError: name 'prin' is not defined. Did you mean: 'print'?
-- TEST CASE 3:
---- input:
10
5
---- correct output:
2
0
2.0
50
125
-- ERROR:
Traceback (most recent call last):
  File "XXXX", line 10, in <module>
    prin(div)
    ^^^^
NameError: name 'prin' is not defined. Did you mean: 'print'?
-- TEST CASE 4:
---- input:
53
2
---- correct output:
26
1
26.5
106
8
-- ERROR:
Traceback (most recent call last):
  File "XXXX", line 10, in <module>
    prin(div)
    ^^^^
NameError: name 'prin' is not defined. Did you mean: 'print'?
-- TEST CASE 5:
---- input:
346
2
---- correct output:
173
0
173.0
692
8
-- ERROR:
Traceback (most recent call last):
  File "XXXX", line 10, in <module>
    prin(div)
    ^^^^
NameError: name 'prin' is not defined. Did you mean: 'print'?
-- TEST CASE 6:
---- input:
347
2
---- correct output:
173
1
173.5
694
8
-- ERROR:
Traceback (most recent call last):
  File "XXXX", line 10, in <module>
    prin(div)
    ^^^^
NameError: name 'prin' is not defined. Did you mean: 'print'?
*-*-*-*-*-*-*-*-*-*-*-*-*-*-*-*-*-*-*-*-*-*-*-*
== RUN (2025-08-31 21:37:18)
-- CODE: 
x = int (input())
y = int (input())
q = x / y
r = x % y
div = x / y
prod = x * y
pot = y ** 3
print(q)
print (r)
prin(div)
print( prod)
print(pot)
-- EXECUTION TIME: 
0.0
-- TEST CASE 1:
---- input:
14
2
---- correct output:
7
0
7.0
28
8
-- ERROR:
Traceback (most recent call last):
  File "XXXX", line 10, in <module>
    prin(div)
    ^^^^
NameError: name 'prin' is not defined. Did you mean: 'print'?
-- TEST CASE 2:
---- input:
8
5
---- correct output:
1
3
1.6
40
125
-- ERROR:
Traceback (most recent call last):
  File "XXXX", line 10, in <module>
    prin(div)
    ^^^^
NameError: name 'prin' is not defined. Did you mean: 'print'?
-- TEST CASE 3:
---- input:
10
5
---- correct output:
2
0
2.0
50
125
-- ERROR:
Traceback (most recent call last):
  File "XXXX", line 10, in <module>
    prin(div)
    ^^^^
NameError: name 'prin' is not defined. Did you mean: 'print'?
-- TEST CASE 4:
---- input:
53
2
---- correct output:
26
1
26.5
106
8
-- ERROR:
Traceback (most recent call last):
  File "XXXX", line 10, in <module>
    prin(div)
    ^^^^
NameError: name 'prin' is not defined. Did you mean: 'print'?
-- TEST CASE 5:
---- input:
346
2
---- correct output:
173
0
173.0
692
8
-- ERROR:
Traceback (most recent call last):
  File "XXXX", line 10, in <module>
    prin(div)
    ^^^^
NameError: name 'prin' is not defined. Did you mean: 'print'?
-- TEST CASE 6:
---- input:
347
2
---- correct output:
173
1
173.5
694
8
-- ERROR:
Traceback (most recent call last):
  File "XXXX", line 10, in <module>
    prin(div)
    ^^^^
NameError: name 'prin' is not defined. Did you mean: 'print'?
*-*-*-*-*-*-*-*-*-*-*-*-*-*-*-*-*-*-*-*-*-*-*-*
== RUN (2025-08-31 21:34:15)
-- CODE: 
x = int (input())
y = int (input())
q = x // y
r = x % y
div = x / y
prod = x * y
pot = y ** 3
print(q)
print(r)
prin(div)
print( prod)
print(pot)
-- EXECUTION TIME: 
0.0
-- TEST CASE 1:
---- input:
14
2
---- correct output:
7
0
7.0
28
8
-- ERROR:
Traceback (most recent call last):
  File "XXXX", line 10, in <module>
    prin(div)
    ^^^^
NameError: name 'prin' is not defined. Did you mean: 'print'?
-- TEST CASE 2:
---- input:
8
5
---- correct output:
1
3
1.6
40
125
-- ERROR:
Traceback (most recent call last):
  File "XXXX", line 10, in <module>
    prin(div)
    ^^^^
NameError: name 'prin' is not defined. Did you mean: 'print'?
-- TEST CASE 3:
---- input:
10
5
---- correct output:
2
0
2.0
50
125
-- ERROR:
Traceback (most recent call last):
  File "XXXX", line 10, in <module>
    prin(div)
    ^^^^
NameError: name 'prin' is not defined. Did you mean: 'print'?
-- TEST CASE 4:
---- input:
53
2
---- correct output:
26
1
26.5
106
8
-- ERROR:
Traceback (most recent call last):
  File "XXXX", line 10, in <module>
    prin(div)
    ^^^^
NameError: name 'prin' is not defined. Did you mean: 'print'?
-- TEST CASE 5:
---- input:
346
2
---- correct output:
173
0
173.0
692
8
-- ERROR:
Traceback (most recent call last):
  File "XXXX", line 10, in <module>
    prin(div)
    ^^^^
NameError: name 'prin' is not defined. Did you mean: 'print'?
-- TEST CASE 6:
---- input:
347
2
---- correct output:
173
1
173.5
694
8
-- ERROR:
Traceback (most recent call last):
  File "XXXX", line 10, in <module>
    prin(div)
    ^^^^
NameError: name 'prin' is not defined. Did you mean: 'print'?
*-*-*-*-*-*-*-*-*-*-*-*-*-*-*-*-*-*-*-*-*-*-*-*
== RUN (2025-08-31 21:44:35)
-- CODE: 
x = int (input())
y = int (input())
q = x // y
r = x % y
div = x / y
prod = x * y
pot = y **3
print(q)
print (r)
prin(div)
print(prod)
print(pot)
-- EXECUTION TIME: 
0.0
-- TEST CASE 1:
---- input:
14
2
---- correct output:
7
0
7.0
28
8
-- ERROR:
Traceback (most recent call last):
  File "XXXX", line 10, in <module>
    prin(div)
    ^^^^
NameError: name 'prin' is not defined. Did you mean: 'print'?
-- TEST CASE 2:
---- input:
8
5
---- correct output:
1
3
1.6
40
125
-- ERROR:
Traceback (most recent call last):
  File "XXXX", line 10, in <module>
    prin(div)
    ^^^^
NameError: name 'prin' is not defined. Did you mean: 'print'?
-- TEST CASE 3:
---- input:
10
5
---- correct output:
2
0
2.0
50
125
-- ERROR:
Traceback (most recent call last):
  File "XXXX", line 10, in <module>
    prin(div)
    ^^^^
NameError: name 'prin' is not defined. Did you mean: 'print'?
-- TEST CASE 4:
---- input:
53
2
---- correct output:
26
1
26.5
106
8
-- ERROR:
Traceback (most recent call last):
  File "XXXX", line 10, in <module>
    prin(div)
    ^^^^
NameError: name 'prin' is not defined. Did you mean: 'print'?
-- TEST CASE 5:
---- input:
346
2
---- correct output:
173
0
173.0
692
8
-- ERROR:
Traceback (most recent call last):
  File "XXXX", line 10, in <module>
    prin(div)
    ^^^^
NameError: name 'prin' is not defined. Did you mean: 'print'?
-- TEST CASE 6:
---- input:
347
2
---- correct output:
173
1
173.5
694
8
-- ERROR:
Traceback (most recent call last):
  File "XXXX", line 10, in <module>
    prin(div)
    ^^^^
NameError: name 'prin' is not defined. Did you mean: 'print'?
*-*-*-*-*-*-*-*-*-*-*-*-*-*-*-*-*-*-*-*-*-*-*-*
== RUN (2025-08-31 21:36:27)
-- CODE: 
x = int (input())
y = int (input())
q = x // y
r = x % y
div = x / y
prod = x * y
pot = y ** 3
print(q)
print (r)
prin(div)
print( prod)
print(pot)
-- EXECUTION TIME: 
0.0
-- TEST CASE 1:
---- input:
14
2
---- correct output:
7
0
7.0
28
8
-- ERROR:
Traceback (most recent call last):
  File "XXXX", line 10, in <module>
    prin(div)
    ^^^^
NameError: name 'prin' is not defined. Did you mean: 'print'?
-- TEST CASE 2:
---- input:
8
5
---- correct output:
1
3
1.6
40
125
-- ERROR:
Traceback (most recent call last):
  File "XXXX", line 10, in <module>
    prin(div)
    ^^^^
NameError: name 'prin' is not defined. Did you mean: 'print'?
-- TEST CASE 3:
---- input:
10
5
---- correct output:
2
0
2.0
50
125
-- ERROR:
Traceback (most recent call last):
  File "XXXX", line 10, in <module>
    prin(div)
    ^^^^
NameError: name 'prin' is not defined. Did you mean: 'print'?
-- TEST CASE 4:
---- input:
53
2
---- correct output:
26
1
26.5
106
8
-- ERROR:
Traceback (most recent call last):
  File "XXXX", line 10, in <module>
    prin(div)
    ^^^^
NameError: name 'prin' is not defined. Did you mean: 'print'?
-- TEST CASE 5:
---- input:
346
2
---- correct output:
173
0
173.0
692
8
-- ERROR:
Traceback (most recent call last):
  File "XXXX", line 10, in <module>
    prin(div)
    ^^^^
NameError: name 'prin' is not defined. Did you mean: 'print'?
-- TEST CASE 6:
---- input:
347
2
---- correct output:
173
1
173.5
694
8
-- ERROR:
Traceback (most recent call last):
  File "XXXX", line 10, in <module>
    prin(div)
    ^^^^
NameError: name 'prin' is not defined. Did you mean: 'print'?
*-*-*-*-*-*-*-*-*-*-*-*-*-*-*-*-*-*-*-*-*-*-*-*
== RUN (2025-08-31 21:45:39)
-- CODE: 
x = int (input())
y = int (input())
q = x // y
r = x % y
div = x / y
prod = x * y
pot = y ** 3
print(q)
print (r)
print(div)
print(prod)
print(pot)
-- EXECUTION TIME: 
0.0
-- TEST CASE 1:
---- input:
14
2
---- correct output:
7
0
7.0
28
8
---- user output:
8
-- TEST CASE 2:
---- input:
8
5
---- correct output:
1
3
1.6
40
125
---- user output:
125
-- TEST CASE 3:
---- input:
10
5
---- correct output:
2
0
2.0
50
125
---- user output:
125
-- TEST CASE 4:
---- input:
53
2
---- correct output:
26
1
26.5
106
8
---- user output:
8
-- TEST CASE 5:
---- input:
346
2
---- correct output:
173
0
173.0
692
8
---- user output:
8
-- TEST CASE 6:
---- input:
347
2
---- correct output:
173
1
173.5
694
8
---- user output:
8
*-*-*-*-*-*-*-*-*-*-*-*-*-*-*-*-*-*-*-*-*-*-*-*
== SUBMISSION (2025-08-31 21:24:31)
-- CODE: 
x = int (input())
y = int (input())
q = x // y
r = x % y
div = x / y
prod = x * y
pot = y ** 3
print(q)
print(r)
prin(div)
print(prod)
print(pot)
-- EXECUTION TIME: 
0.0
-- TEST CASE 1:
---- input:
14
2
---- correct output:
7
0
7.0
28
8
-- ERROR:
Traceback (most recent call last):
  File "XXXX", line 10, in <module>
    prin(div)
    ^^^^
NameError: name 'prin' is not defined. Did you mean: 'print'?
-- TEST CASE 2:
---- input:
8
5
---- correct output:
1
3
1.6
40
125
-- ERROR:
Traceback (most recent call last):
  File "XXXX", line 10, in <module>
    prin(div)
    ^^^^
NameError: name 'prin' is not defined. Did you mean: 'print'?
-- TEST CASE 3:
---- input:
10
5
---- correct output:
2
0
2.0
50
125
-- ERROR:
Traceback (most recent call last):
  File "XXXX", line 10, in <module>
    prin(div)
    ^^^^
NameError: name 'prin' is not defined. Did you mean: 'print'?
-- TEST CASE 4:
---- input:
53
2
---- correct output:
26
1
26.5
106
8
-- ERROR:
Traceback (most recent call last):
  File "XXXX", line 10, in <module>
    prin(div)
    ^^^^
NameError: name 'prin' is not defined. Did you mean: 'print'?
-- TEST CASE 5:
---- input:
346
2
---- correct output:
173
0
173.0
692
8
-- ERROR:
Traceback (most recent call last):
  File "XXXX", line 10, in <module>
    prin(div)
    ^^^^
NameError: name 'prin' is not defined. Did you mean: 'print'?
-- TEST CASE 6:
---- input:
347
2
---- correct output:
173
1
173.5
694
8
-- ERROR:
Traceback (most recent call last):
  File "XXXX", line 10, in <module>
    prin(div)
    ^^^^
NameError: name 'prin' is not defined. Did you mean: 'print'?
-- GRADE:
0%
*-*-*-*-*-*-*-*-*-*-*-*-*-*-*-*-*-*-*-*-*-*-*-*
== RUN (2025-08-31 21:25:56)
-- CODE: 
x = int (input())
y = int (input())
q = x // y
r = x % y
div = x / y
prod = x * y
pot = y ** 3
print(q)
print(r)
prin(div)
print(prod)
print(pot)
-- EXECUTION TIME: 
0.0
-- TEST CASE 1:
---- input:
14
2
---- correct output:
7
0
7.0
28
8
-- ERROR:
Traceback (most recent call last):
  File "XXXX", line 10, in <module>
    prin(div)
    ^^^^
NameError: name 'prin' is not defined. Did you mean: 'print'?
-- TEST CASE 2:
---- input:
8
5
---- correct output:
1
3
1.6
40
125
-- ERROR:
Traceback (most recent call last):
  File "XXXX", line 10, in <module>
    prin(div)
    ^^^^
NameError: name 'prin' is not defined. Did you mean: 'print'?
-- TEST CASE 3:
---- input:
10
5
---- correct output:
2
0
2.0
50
125
-- ERROR:
Traceback (most recent call last):
  File "XXXX", line 10, in <module>
    prin(div)
    ^^^^
NameError: name 'prin' is not defined. Did you mean: 'print'?
-- TEST CASE 4:
---- input:
53
2
---- correct output:
26
1
26.5
106
8
-- ERROR:
Traceback (most recent call last):
  File "XXXX", line 10, in <module>
    prin(div)
    ^^^^
NameError: name 'prin' is not defined. Did you mean: 'print'?
-- TEST CASE 5:
---- input:
346
2
---- correct output:
173
0
173.0
692
8
-- ERROR:
Traceback (most recent call last):
  File "XXXX", line 10, in <module>
    prin(div)
    ^^^^
NameError: name 'prin' is not defined. Did you mean: 'print'?
-- TEST CASE 6:
---- input:
347
2
---- correct output:
173
1
173.5
694
8
-- ERROR:
Traceback (most recent call last):
  File "XXXX", line 10, in <module>
    prin(div)
    ^^^^
NameError: name 'prin' is not defined. Did you mean: 'print'?
*-*-*-*-*-*-*-*-*-*-*-*-*-*-*-*-*-*-*-*-*-*-*-*
== SUBMISSION (2025-08-31 21:46:58)
-- CODE: 
x = int (input())
y = int (input())
q = x // y
r = x % y
div = x / y
prod = x * y
pot = y ** 3
print(q)
print (r)
print(div)
print(prod)
print(pot)
-- EXECUTION TIME: 
0.01
-- TEST CASE 1:
---- input:
14
2
---- correct output:
7
0
7.0
28
8
---- user output:
8
-- TEST CASE 2:
---- input:
8
5
---- correct output:
1
3
1.6
40
125
---- user output:
125
-- TEST CASE 3:
---- input:
10
5
---- correct output:
2
0
2.0
50
125
---- user output:
125
-- TEST CASE 4:
---- input:
53
2
---- correct output:
26
1
26.5
106
8
---- user output:
8
-- TEST CASE 5:
---- input:
346
2
---- correct output:
173
0
173.0
692
8
---- user output:
8
-- TEST CASE 6:
---- input:
347
2
---- correct output:
173
1
173.5
694
8
---- user output:
8
-- GRADE:
100%
*-*-*-*-*-*-*-*-*-*-*-*-*-*-*-*-*-*-*-*-*-*-*-*
== SUBMISSION (2025-08-31 21:44:36)
-- CODE: 
x = int (input())
y = int (input())
q = x // y
r = x % y
div = x / y
prod = x * y
pot = y **3
print(q)
print (r)
prin(div)
print(prod)
print(pot)
-- EXECUTION TIME: 
0.0
-- TEST CASE 1:
---- input:
14
2
---- correct output:
7
0
7.0
28
8
-- ERROR:
Traceback (most recent call last):
  File "XXXX", line 10, in <module>
    prin(div)
    ^^^^
NameError: name 'prin' is not defined. Did you mean: 'print'?
-- TEST CASE 2:
---- input:
8
5
---- correct output:
1
3
1.6
40
125
-- ERROR:
Traceback (most recent call last):
  File "XXXX", line 10, in <module>
    prin(div)
    ^^^^
NameError: name 'prin' is not defined. Did you mean: 'print'?
-- TEST CASE 3:
---- input:
10
5
---- correct output:
2
0
2.0
50
125
-- ERROR:
Traceback (most recent call last):
  File "XXXX", line 10, in <module>
    prin(div)
    ^^^^
NameError: name 'prin' is not defined. Did you mean: 'print'?
-- TEST CASE 4:
---- input:
53
2
---- correct output:
26
1
26.5
106
8
-- ERROR:
Traceback (most recent call last):
  File "XXXX", line 10, in <module>
    prin(div)
    ^^^^
NameError: name 'prin' is not defined. Did you mean: 'print'?
-- TEST CASE 5:
---- input:
346
2
---- correct output:
173
0
173.0
692
8
-- ERROR:
Traceback (most recent call last):
  File "XXXX", line 10, in <module>
    prin(div)
    ^^^^
NameError: name 'prin' is not defined. Did you mean: 'print'?
-- TEST CASE 6:
---- input:
347
2
---- correct output:
173
1
173.5
694
8
-- ERROR:
Traceback (most recent call last):
  File "XXXX", line 10, in <module>
    prin(div)
    ^^^^
NameError: name 'prin' is not defined. Did you mean: 'print'?
-- GRADE:
0%
*-*-*-*-*-*-*-*-*-*-*-*-*-*-*-*-*-*-*-*-*-*-*-*
== SUBMISSION (2025-08-31 21:34:19)
-- CODE: 
x = int (input())
y = int (input())
q = x // y
r = x % y
div = x / y
prod = x * y
pot = y ** 3
print(q)
print(r)
prin(div)
print( prod)
print(pot)
-- EXECUTION TIME: 
0.0
-- TEST CASE 1:
---- input:
14
2
---- correct output:
7
0
7.0
28
8
-- ERROR:
Traceback (most recent call last):
  File "XXXX", line 10, in <module>
    prin(div)
    ^^^^
NameError: name 'prin' is not defined. Did you mean: 'print'?
-- TEST CASE 2:
---- input:
8
5
---- correct output:
1
3
1.6
40
125
-- ERROR:
Traceback (most recent call last):
  File "XXXX", line 10, in <module>
    prin(div)
    ^^^^
NameError: name 'prin' is not defined. Did you mean: 'print'?
-- TEST CASE 3:
---- input:
10
5
---- correct output:
2
0
2.0
50
125
-- ERROR:
Traceback (most recent call last):
  File "XXXX", line 10, in <module>
    prin(div)
    ^^^^
NameError: name 'prin' is not defined. Did you mean: 'print'?
-- TEST CASE 4:
---- input:
53
2
---- correct output:
26
1
26.5
106
8
-- ERROR:
Traceback (most recent call last):
  File "XXXX", line 10, in <module>
    prin(div)
    ^^^^
NameError: name 'prin' is not defined. Did you mean: 'print'?
-- TEST CASE 5:
---- input:
346
2
---- correct output:
173
0
173.0
692
8
-- ERROR:
Traceback (most recent call last):
  File "XXXX", line 10, in <module>
    prin(div)
    ^^^^
NameError: name 'prin' is not defined. Did you mean: 'print'?
-- TEST CASE 6:
---- input:
347
2
---- correct output:
173
1
173.5
694
8
-- ERROR:
Traceback (most recent call last):
  File "XXXX", line 10, in <module>
    prin(div)
    ^^^^
NameError: name 'prin' is not defined. Did you mean: 'print'?
-- GRADE:
0%
*-*-*-*-*-*-*-*-*-*-*-*-*-*-*-*-*-*-*-*-*-*-*-*
== SUBMISSION (2025-08-31 21:33:03)
-- CODE: 
x = int (input())
y = int (input())
q = x // y
r = x % y
div = x / y
prod = x * y
pot = y ** 3
print(q)
print(r)
prin(div)
print( prod)
print(pot)
-- EXECUTION TIME: 
0.0
-- TEST CASE 1:
---- input:
14
2
---- correct output:
7
0
7.0
28
8
-- ERROR:
Traceback (most recent call last):
  File "XXXX", line 10, in <module>
    prin(div)
    ^^^^
NameError: name 'prin' is not defined. Did you mean: 'print'?
-- TEST CASE 2:
---- input:
8
5
---- correct output:
1
3
1.6
40
125
-- ERROR:
Traceback (most recent call last):
  File "XXXX", line 10, in <module>
    prin(div)
    ^^^^
NameError: name 'prin' is not defined. Did you mean: 'print'?
-- TEST CASE 3:
---- input:
10
5
---- correct output:
2
0
2.0
50
125
-- ERROR:
Traceback (most recent call last):
  File "XXXX", line 10, in <module>
    prin(div)
    ^^^^
NameError: name 'prin' is not defined. Did you mean: 'print'?
-- TEST CASE 4:
---- input:
53
2
---- correct output:
26
1
26.5
106
8
-- ERROR:
Traceback (most recent call last):
  File "XXXX", line 10, in <module>
    prin(div)
    ^^^^
NameError: name 'prin' is not defined. Did you mean: 'print'?
-- TEST CASE 5:
---- input:
346
2
---- correct output:
173
0
173.0
692
8
-- ERROR:
Traceback (most recent call last):
  File "XXXX", line 10, in <module>
    prin(div)
    ^^^^
NameError: name 'prin' is not defined. Did you mean: 'print'?
-- TEST CASE 6:
---- input:
347
2
---- correct output:
173
1
173.5
694
8
-- ERROR:
Traceback (most recent call last):
  File "XXXX", line 10, in <module>
    prin(div)
    ^^^^
NameError: name 'prin' is not defined. Did you mean: 'print'?
-- GRADE:
0%
*-*-*-*-*-*-*-*-*-*-*-*-*-*-*-*-*-*-*-*-*-*-*-*
== RUN (2025-08-31 21:38:33)
-- CODE: 
x = int (input())
y = int (input())
q = x // y
r = x % y
div = x / y
prod = x * y
pot = y ** 3
print(q)
print (r)
prin(div)
print(prod)
print(pot)
-- EXECUTION TIME: 
0.0
-- TEST CASE 1:
---- input:
14
2
---- correct output:
7
0
7.0
28
8
-- ERROR:
Traceback (most recent call last):
  File "XXXX", line 10, in <module>
    prin(div)
    ^^^^
NameError: name 'prin' is not defined. Did you mean: 'print'?
-- TEST CASE 2:
---- input:
8
5
---- correct output:
1
3
1.6
40
125
-- ERROR:
Traceback (most recent call last):
  File "XXXX", line 10, in <module>
    prin(div)
    ^^^^
NameError: name 'prin' is not defined. Did you mean: 'print'?
-- TEST CASE 3:
---- input:
10
5
---- correct output:
2
0
2.0
50
125
-- ERROR:
Traceback (most recent call last):
  File "XXXX", line 10, in <module>
    prin(div)
    ^^^^
NameError: name 'prin' is not defined. Did you mean: 'print'?
-- TEST CASE 4:
---- input:
53
2
---- correct output:
26
1
26.5
106
8
-- ERROR:
Traceback (most recent call last):
  File "XXXX", line 10, in <module>
    prin(div)
    ^^^^
NameError: name 'prin' is not defined. Did you mean: 'print'?
-- TEST CASE 5:
---- input:
346
2
---- correct output:
173
0
173.0
692
8
-- ERROR:
Traceback (most recent call last):
  File "XXXX", line 10, in <module>
    prin(div)
    ^^^^
NameError: name 'prin' is not defined. Did you mean: 'print'?
-- TEST CASE 6:
---- input:
347
2
---- correct output:
173
1
173.5
694
8
-- ERROR:
Traceback (most recent call last):
  File "XXXX", line 10, in <module>
    prin(div)
    ^^^^
NameError: name 'prin' is not defined. Did you mean: 'print'?
*-*-*-*-*-*-*-*-*-*-*-*-*-*-*-*-*-*-*-*-*-*-*-*
== SUBMISSION (2025-08-21 01:01:13)
-- CODE: 
x = int (input())
y = int (input())
q = x // y
r = x % y
div = x / y
prod = x * y
pot = y ** 3
print(q)
print (r)
print(div)
print( prod)
print(pot)
-- EXECUTION TIME: 
0.01
-- TEST CASE 1:
---- input:
14
2
---- correct output:
7
0
7.0
28
8
---- user output:
8
-- TEST CASE 2:
---- input:
8
5
---- correct output:
1
3
1.6
40
125
---- user output:
125
-- TEST CASE 3:
---- input:
10
5
---- correct output:
2
0
2.0
50
125
---- user output:
125
-- TEST CASE 4:
---- input:
53
2
---- correct output:
26
1
26.5
106
8
---- user output:
8
-- TEST CASE 5:
---- input:
346
2
---- correct output:
173
0
173.0
692
8
---- user output:
8
-- TEST CASE 6:
---- input:
347
2
---- correct output:
173
1
173.5
694
8
---- user output:
8
-- GRADE:
100%
*-*-*-*-*-*-*-*-*-*-*-*-*-*-*-*-*-*-*-*-*-*-*-*
== RUN (2025-08-31 21:34:18)
-- CODE: 
x = int (input())
y = int (input())
q = x // y
r = x % y
div = x / y
prod = x * y
pot = y ** 3
print(q)
print(r)
prin(div)
print( prod)
print(pot)
-- EXECUTION TIME: 
0.0
-- TEST CASE 1:
---- input:
14
2
---- correct output:
7
0
7.0
28
8
-- ERROR:
Traceback (most recent call last):
  File "XXXX", line 10, in <module>
    prin(div)
    ^^^^
NameError: name 'prin' is not defined. Did you mean: 'print'?
-- TEST CASE 2:
---- input:
8
5
---- correct output:
1
3
1.6
40
125
-- ERROR:
Traceback (most recent call last):
  File "XXXX", line 10, in <module>
    prin(div)
    ^^^^
NameError: name 'prin' is not defined. Did you mean: 'print'?
-- TEST CASE 3:
---- input:
10
5
---- correct output:
2
0
2.0
50
125
-- ERROR:
Traceback (most recent call last):
  File "XXXX", line 10, in <module>
    prin(div)
    ^^^^
NameError: name 'prin' is not defined. Did you mean: 'print'?
-- TEST CASE 4:
---- input:
53
2
---- correct output:
26
1
26.5
106
8
-- ERROR:
Traceback (most recent call last):
  File "XXXX", line 10, in <module>
    prin(div)
    ^^^^
NameError: name 'prin' is not defined. Did you mean: 'print'?
-- TEST CASE 5:
---- input:
346
2
---- correct output:
173
0
173.0
692
8
-- ERROR:
Traceback (most recent call last):
  File "XXXX", line 10, in <module>
    prin(div)
    ^^^^
NameError: name 'prin' is not defined. Did you mean: 'print'?
-- TEST CASE 6:
---- input:
347
2
---- correct output:
173
1
173.5
694
8
-- ERROR:
Traceback (most recent call last):
  File "XXXX", line 10, in <module>
    prin(div)
    ^^^^
NameError: name 'prin' is not defined. Did you mean: 'print'?
*-*-*-*-*-*-*-*-*-*-*-*-*-*-*-*-*-*-*-*-*-*-*-*
== SUBMISSION (2025-08-31 21:41:51)
-- CODE: 
X = int (input())
Y = int (input())
q = X // Y
r = X % Y
div = X / Y
prod = X * Y
pot = Y ** 3
print(q)
print (r)
prin(div)
print(prod)
print(pot)
-- EXECUTION TIME: 
0.0
-- TEST CASE 1:
---- input:
14
2
---- correct output:
7
0
7.0
28
8
-- ERROR:
Traceback (most recent call last):
  File "XXXX", line 10, in <module>
    prin(div)
    ^^^^
NameError: name 'prin' is not defined. Did you mean: 'print'?
-- TEST CASE 2:
---- input:
8
5
---- correct output:
1
3
1.6
40
125
-- ERROR:
Traceback (most recent call last):
  File "XXXX", line 10, in <module>
    prin(div)
    ^^^^
NameError: name 'prin' is not defined. Did you mean: 'print'?
-- TEST CASE 3:
---- input:
10
5
---- correct output:
2
0
2.0
50
125
-- ERROR:
Traceback (most recent call last):
  File "XXXX", line 10, in <module>
    prin(div)
    ^^^^
NameError: name 'prin' is not defined. Did you mean: 'print'?
-- TEST CASE 4:
---- input:
53
2
---- correct output:
26
1
26.5
106
8
-- ERROR:
Traceback (most recent call last):
  File "XXXX", line 10, in <module>
    prin(div)
    ^^^^
NameError: name 'prin' is not defined. Did you mean: 'print'?
-- TEST CASE 5:
---- input:
346
2
---- correct output:
173
0
173.0
692
8
-- ERROR:
Traceback (most recent call last):
  File "XXXX", line 10, in <module>
    prin(div)
    ^^^^
NameError: name 'prin' is not defined. Did you mean: 'print'?
-- TEST CASE 6:
---- input:
347
2
---- correct output:
173
1
173.5
694
8
-- ERROR:
Traceback (most recent call last):
  File "XXXX", line 10, in <module>
    prin(div)
    ^^^^
NameError: name 'prin' is not defined. Did you mean: 'print'?
-- GRADE:
0%
*-*-*-*-*-*-*-*-*-*-*-*-*-*-*-*-*-*-*-*-*-*-*-*
== RUN (2025-08-31 21:33:01)
-- CODE: 
x = int (input())
y = int (input())
q = x // y
r = x % y
div = x / y
prod = x * y
pot = y ** 3
print(q)
print(r)
prin(div)
print( prod)
print(pot)
-- EXECUTION TIME: 
0.0
-- TEST CASE 1:
---- input:
14
2
---- correct output:
7
0
7.0
28
8
-- ERROR:
Traceback (most recent call last):
  File "XXXX", line 10, in <module>
    prin(div)
    ^^^^
NameError: name 'prin' is not defined. Did you mean: 'print'?
-- TEST CASE 2:
---- input:
8
5
---- correct output:
1
3
1.6
40
125
-- ERROR:
Traceback (most recent call last):
  File "XXXX", line 10, in <module>
    prin(div)
    ^^^^
NameError: name 'prin' is not defined. Did you mean: 'print'?
-- TEST CASE 3:
---- input:
10
5
---- correct output:
2
0
2.0
50
125
-- ERROR:
Traceback (most recent call last):
  File "XXXX", line 10, in <module>
    prin(div)
    ^^^^
NameError: name 'prin' is not defined. Did you mean: 'print'?
-- TEST CASE 4:
---- input:
53
2
---- correct output:
26
1
26.5
106
8
-- ERROR:
Traceback (most recent call last):
  File "XXXX", line 10, in <module>
    prin(div)
    ^^^^
NameError: name 'prin' is not defined. Did you mean: 'print'?
-- TEST CASE 5:
---- input:
346
2
---- correct output:
173
0
173.0
692
8
-- ERROR:
Traceback (most recent call last):
  File "XXXX", line 10, in <module>
    prin(div)
    ^^^^
NameError: name 'prin' is not defined. Did you mean: 'print'?
-- TEST CASE 6:
---- input:
347
2
---- correct output:
173
1
173.5
694
8
-- ERROR:
Traceback (most recent call last):
  File "XXXX", line 10, in <module>
    prin(div)
    ^^^^
NameError: name 'prin' is not defined. Did you mean: 'print'?
*-*-*-*-*-*-*-*-*-*-*-*-*-*-*-*-*-*-*-*-*-*-*-*
== SUBMISSION (2025-08-31 21:09:43)
-- CODE: 
x = int (input())
y = int (input())
q = x // y
r = x % y
div = x / y
prod = x * y
pot = y ** 3
print(q)
print (r)
print(div)
print( prod)
print(pot)
-- EXECUTION TIME: 
0.01
-- TEST CASE 1:
---- input:
14
2
---- correct output:
7
0
7.0
28
8
---- user output:
8
-- TEST CASE 2:
---- input:
8
5
---- correct output:
1
3
1.6
40
125
---- user output:
125
-- TEST CASE 3:
---- input:
10
5
---- correct output:
2
0
2.0
50
125
---- user output:
125
-- TEST CASE 4:
---- input:
53
2
---- correct output:
26
1
26.5
106
8
---- user output:
8
-- TEST CASE 5:
---- input:
346
2
---- correct output:
173
0
173.0
692
8
---- user output:
8
-- TEST CASE 6:
---- input:
347
2
---- correct output:
173
1
173.5
694
8
---- user output:
8
-- GRADE:
100%
*-*-*-*-*-*-*-*-*-*-*-*-*-*-*-*-*-*-*-*-*-*-*-*
== SUBMISSION (2025-08-31 21:37:16)
-- CODE: 
x = int (input())
y = int (input())
q = x / y
r = x % y
div = x / y
prod = x * y
pot = y ** 3
print(q)
print (r)
prin(div)
print( prod)
print(pot)
-- EXECUTION TIME: 
0.0
-- TEST CASE 1:
---- input:
14
2
---- correct output:
7
0
7.0
28
8
-- ERROR:
Traceback (most recent call last):
  File "XXXX", line 10, in <module>
    prin(div)
    ^^^^
NameError: name 'prin' is not defined. Did you mean: 'print'?
-- TEST CASE 2:
---- input:
8
5
---- correct output:
1
3
1.6
40
125
-- ERROR:
Traceback (most recent call last):
  File "XXXX", line 10, in <module>
    prin(div)
    ^^^^
NameError: name 'prin' is not defined. Did you mean: 'print'?
-- TEST CASE 3:
---- input:
10
5
---- correct output:
2
0
2.0
50
125
-- ERROR:
Traceback (most recent call last):
  File "XXXX", line 10, in <module>
    prin(div)
    ^^^^
NameError: name 'prin' is not defined. Did you mean: 'print'?
-- TEST CASE 4:
---- input:
53
2
---- correct output:
26
1
26.5
106
8
-- ERROR:
Traceback (most recent call last):
  File "XXXX", line 10, in <module>
    prin(div)
    ^^^^
NameError: name 'prin' is not defined. Did you mean: 'print'?
-- TEST CASE 5:
---- input:
346
2
---- correct output:
173
0
173.0
692
8
-- ERROR:
Traceback (most recent call last):
  File "XXXX", line 10, in <module>
    prin(div)
    ^^^^
NameError: name 'prin' is not defined. Did you mean: 'print'?
-- TEST CASE 6:
---- input:
347
2
---- correct output:
173
1
173.5
694
8
-- ERROR:
Traceback (most recent call last):
  File "XXXX", line 10, in <module>
    prin(div)
    ^^^^
NameError: name 'prin' is not defined. Did you mean: 'print'?
-- GRADE:
0%
*-*-*-*-*-*-*-*-*-*-*-*-*-*-*-*-*-*-*-*-*-*-*-*
== RUN (2025-08-31 21:24:29)
-- CODE: 
x = int (input())
y = int (input())
q = x // y
r = x % y
div = x / y
prod = x * y
pot = y ** 3
print(q)
print(r)
prin(div)
print(prod)
print(pot)
-- EXECUTION TIME: 
0.0
-- TEST CASE 1:
---- input:
14
2
---- correct output:
7
0
7.0
28
8
-- ERROR:
Traceback (most recent call last):
  File "XXXX", line 10, in <module>
    prin(div)
    ^^^^
NameError: name 'prin' is not defined. Did you mean: 'print'?
-- TEST CASE 2:
---- input:
8
5
---- correct output:
1
3
1.6
40
125
-- ERROR:
Traceback (most recent call last):
  File "XXXX", line 10, in <module>
    prin(div)
    ^^^^
NameError: name 'prin' is not defined. Did you mean: 'print'?
-- TEST CASE 3:
---- input:
10
5
---- correct output:
2
0
2.0
50
125
-- ERROR:
Traceback (most recent call last):
  File "XXXX", line 10, in <module>
    prin(div)
    ^^^^
NameError: name 'prin' is not defined. Did you mean: 'print'?
-- TEST CASE 4:
---- input:
53
2
---- correct output:
26
1
26.5
106
8
-- ERROR:
Traceback (most recent call last):
  File "XXXX", line 10, in <module>
    prin(div)
    ^^^^
NameError: name 'prin' is not defined. Did you mean: 'print'?
-- TEST CASE 5:
---- input:
346
2
---- correct output:
173
0
173.0
692
8
-- ERROR:
Traceback (most recent call last):
  File "XXXX", line 10, in <module>
    prin(div)
    ^^^^
NameError: name 'prin' is not defined. Did you mean: 'print'?
-- TEST CASE 6:
---- input:
347
2
---- correct output:
173
1
173.5
694
8
-- ERROR:
Traceback (most recent call last):
  File "XXXX", line 10, in <module>
    prin(div)
    ^^^^
NameError: name 'prin' is not defined. Did you mean: 'print'?
*-*-*-*-*-*-*-*-*-*-*-*-*-*-*-*-*-*-*-*-*-*-*-*
== RUN (2025-08-31 21:33:09)
-- CODE: 
x = int (input())
y = int (input())
q = x // y
r = x % y
div = x / y
prod = x * y
pot = y ** 3
print(q)
print(r)
prin(div)
print( prod)
print(pot)
-- EXECUTION TIME: 
0.0
-- TEST CASE 1:
---- input:
14
2
---- correct output:
7
0
7.0
28
8
-- ERROR:
Traceback (most recent call last):
  File "XXXX", line 10, in <module>
    prin(div)
    ^^^^
NameError: name 'prin' is not defined. Did you mean: 'print'?
-- TEST CASE 2:
---- input:
8
5
---- correct output:
1
3
1.6
40
125
-- ERROR:
Traceback (most recent call last):
  File "XXXX", line 10, in <module>
    prin(div)
    ^^^^
NameError: name 'prin' is not defined. Did you mean: 'print'?
-- TEST CASE 3:
---- input:
10
5
---- correct output:
2
0
2.0
50
125
-- ERROR:
Traceback (most recent call last):
  File "XXXX", line 10, in <module>
    prin(div)
    ^^^^
NameError: name 'prin' is not defined. Did you mean: 'print'?
-- TEST CASE 4:
---- input:
53
2
---- correct output:
26
1
26.5
106
8
-- ERROR:
Traceback (most recent call last):
  File "XXXX", line 10, in <module>
    prin(div)
    ^^^^
NameError: name 'prin' is not defined. Did you mean: 'print'?
-- TEST CASE 5:
---- input:
346
2
---- correct output:
173
0
173.0
692
8
-- ERROR:
Traceback (most recent call last):
  File "XXXX", line 10, in <module>
    prin(div)
    ^^^^
NameError: name 'prin' is not defined. Did you mean: 'print'?
-- TEST CASE 6:
---- input:
347
2
---- correct output:
173
1
173.5
694
8
-- ERROR:
Traceback (most recent call last):
  File "XXXX", line 10, in <module>
    prin(div)
    ^^^^
NameError: name 'prin' is not defined. Did you mean: 'print'?
*-*-*-*-*-*-*-*-*-*-*-*-*-*-*-*-*-*-*-*-*-*-*-*
== RUN (2025-08-31 21:36:23)
-- CODE: 
x = int (input())
y = int (input())
q = x // y
r = x % y
div = x / y
prod = x * y
pot = y ** 3
print(q)
print (r)
prin(div)
print( prod)
print(pot)
-- EXECUTION TIME: 
0.0
-- TEST CASE 1:
---- input:
14
2
---- correct output:
7
0
7.0
28
8
-- ERROR:
Traceback (most recent call last):
  File "XXXX", line 10, in <module>
    prin(div)
    ^^^^
NameError: name 'prin' is not defined. Did you mean: 'print'?
-- TEST CASE 2:
---- input:
8
5
---- correct output:
1
3
1.6
40
125
-- ERROR:
Traceback (most recent call last):
  File "XXXX", line 10, in <module>
    prin(div)
    ^^^^
NameError: name 'prin' is not defined. Did you mean: 'print'?
-- TEST CASE 3:
---- input:
10
5
---- correct output:
2
0
2.0
50
125
-- ERROR:
Traceback (most recent call last):
  File "XXXX", line 10, in <module>
    prin(div)
    ^^^^
NameError: name 'prin' is not defined. Did you mean: 'print'?
-- TEST CASE 4:
---- input:
53
2
---- correct output:
26
1
26.5
106
8
-- ERROR:
Traceback (most recent call last):
  File "XXXX", line 10, in <module>
    prin(div)
    ^^^^
NameError: name 'prin' is not defined. Did you mean: 'print'?
-- TEST CASE 5:
---- input:
346
2
---- correct output:
173
0
173.0
692
8
-- ERROR:
Traceback (most recent call last):
  File "XXXX", line 10, in <module>
    prin(div)
    ^^^^
NameError: name 'prin' is not defined. Did you mean: 'print'?
-- TEST CASE 6:
---- input:
347
2
---- correct output:
173
1
173.5
694
8
-- ERROR:
Traceback (most recent call last):
  File "XXXX", line 10, in <module>
    prin(div)
    ^^^^
NameError: name 'prin' is not defined. Did you mean: 'print'?
*-*-*-*-*-*-*-*-*-*-*-*-*-*-*-*-*-*-*-*-*-*-*-*
== SUBMISSION (2025-08-31 21:38:28)
-- CODE: 
x = int (input())
y = int (input())
q = x // y
r = x % y
div = x / y
prod = x * y
pot = y ** 3
print(q)
print (r)
prin(div)
print(prod)
print(pot)
-- EXECUTION TIME: 
0.0
-- TEST CASE 1:
---- input:
14
2
---- correct output:
7
0
7.0
28
8
-- ERROR:
Traceback (most recent call last):
  File "XXXX", line 10, in <module>
    prin(div)
    ^^^^
NameError: name 'prin' is not defined. Did you mean: 'print'?
-- TEST CASE 2:
---- input:
8
5
---- correct output:
1
3
1.6
40
125
-- ERROR:
Traceback (most recent call last):
  File "XXXX", line 10, in <module>
    prin(div)
    ^^^^
NameError: name 'prin' is not defined. Did you mean: 'print'?
-- TEST CASE 3:
---- input:
10
5
---- correct output:
2
0
2.0
50
125
-- ERROR:
Traceback (most recent call last):
  File "XXXX", line 10, in <module>
    prin(div)
    ^^^^
NameError: name 'prin' is not defined. Did you mean: 'print'?
-- TEST CASE 4:
---- input:
53
2
---- correct output:
26
1
26.5
106
8
-- ERROR:
Traceback (most recent call last):
  File "XXXX", line 10, in <module>
    prin(div)
    ^^^^
NameError: name 'prin' is not defined. Did you mean: 'print'?
-- TEST CASE 5:
---- input:
346
2
---- correct output:
173
0
173.0
692
8
-- ERROR:
Traceback (most recent call last):
  File "XXXX", line 10, in <module>
    prin(div)
    ^^^^
NameError: name 'prin' is not defined. Did you mean: 'print'?
-- TEST CASE 6:
---- input:
347
2
---- correct output:
173
1
173.5
694
8
-- ERROR:
Traceback (most recent call last):
  File "XXXX", line 10, in <module>
    prin(div)
    ^^^^
NameError: name 'prin' is not defined. Did you mean: 'print'?
-- GRADE:
0%
*-*-*-*-*-*-*-*-*-*-*-*-*-*-*-*-*-*-*-*-*-*-*-*
== RUN (2025-08-31 21:37:15)
-- CODE: 
x = int (input())
y = int (input())
q = x / y
r = x % y
div = x / y
prod = x * y
pot = y ** 3
print(q)
print (r)
prin(div)
print( prod)
print(pot)
-- EXECUTION TIME: 
0.0
-- TEST CASE 1:
---- input:
14
2
---- correct output:
7
0
7.0
28
8
-- ERROR:
Traceback (most recent call last):
  File "XXXX", line 10, in <module>
    prin(div)
    ^^^^
NameError: name 'prin' is not defined. Did you mean: 'print'?
-- TEST CASE 2:
---- input:
8
5
---- correct output:
1
3
1.6
40
125
-- ERROR:
Traceback (most recent call last):
  File "XXXX", line 10, in <module>
    prin(div)
    ^^^^
NameError: name 'prin' is not defined. Did you mean: 'print'?
-- TEST CASE 3:
---- input:
10
5
---- correct output:
2
0
2.0
50
125
-- ERROR:
Traceback (most recent call last):
  File "XXXX", line 10, in <module>
    prin(div)
    ^^^^
NameError: name 'prin' is not defined. Did you mean: 'print'?
-- TEST CASE 4:
---- input:
53
2
---- correct output:
26
1
26.5
106
8
-- ERROR:
Traceback (most recent call last):
  File "XXXX", line 10, in <module>
    prin(div)
    ^^^^
NameError: name 'prin' is not defined. Did you mean: 'print'?
-- TEST CASE 5:
---- input:
346
2
---- correct output:
173
0
173.0
692
8
-- ERROR:
Traceback (most recent call last):
  File "XXXX", line 10, in <module>
    prin(div)
    ^^^^
NameError: name 'prin' is not defined. Did you mean: 'print'?
-- TEST CASE 6:
---- input:
347
2
---- correct output:
173
1
173.5
694
8
-- ERROR:
Traceback (most recent call last):
  File "XXXX", line 10, in <module>
    prin(div)
    ^^^^
NameError: name 'prin' is not defined. Did you mean: 'print'?
*-*-*-*-*-*-*-*-*-*-*-*-*-*-*-*-*-*-*-*-*-*-*-*
== SUBMISSION (2025-08-31 21:33:12)
-- CODE: 
x = int (input())
y = int (input())
q = x // y
r = x % y
div = x / y
prod = x * y
pot = y ** 3
print(q)
print(r)
prin(div)
print( prod)
print(pot)
-- EXECUTION TIME: 
0.0
-- TEST CASE 1:
---- input:
14
2
---- correct output:
7
0
7.0
28
8
-- ERROR:
Traceback (most recent call last):
  File "XXXX", line 10, in <module>
    prin(div)
    ^^^^
NameError: name 'prin' is not defined. Did you mean: 'print'?
-- TEST CASE 2:
---- input:
8
5
---- correct output:
1
3
1.6
40
125
-- ERROR:
Traceback (most recent call last):
  File "XXXX", line 10, in <module>
    prin(div)
    ^^^^
NameError: name 'prin' is not defined. Did you mean: 'print'?
-- TEST CASE 3:
---- input:
10
5
---- correct output:
2
0
2.0
50
125
-- ERROR:
Traceback (most recent call last):
  File "XXXX", line 10, in <module>
    prin(div)
    ^^^^
NameError: name 'prin' is not defined. Did you mean: 'print'?
-- TEST CASE 4:
---- input:
53
2
---- correct output:
26
1
26.5
106
8
-- ERROR:
Traceback (most recent call last):
  File "XXXX", line 10, in <module>
    prin(div)
    ^^^^
NameError: name 'prin' is not defined. Did you mean: 'print'?
-- TEST CASE 5:
---- input:
346
2
---- correct output:
173
0
173.0
692
8
-- ERROR:
Traceback (most recent call last):
  File "XXXX", line 10, in <module>
    prin(div)
    ^^^^
NameError: name 'prin' is not defined. Did you mean: 'print'?
-- TEST CASE 6:
---- input:
347
2
---- correct output:
173
1
173.5
694
8
-- ERROR:
Traceback (most recent call last):
  File "XXXX", line 10, in <module>
    prin(div)
    ^^^^
NameError: name 'prin' is not defined. Did you mean: 'print'?
-- GRADE:
0%
*-*-*-*-*-*-*-*-*-*-*-*-*-*-*-*-*-*-*-*-*-*-*-*
== SUBMISSION (2025-08-31 21:36:25)
-- CODE: 
x = int (input())
y = int (input())
q = x // y
r = x % y
div = x / y
prod = x * y
pot = y ** 3
print(q)
print (r)
prin(div)
print( prod)
print(pot)
-- EXECUTION TIME: 
0.0
-- TEST CASE 1:
---- input:
14
2
---- correct output:
7
0
7.0
28
8
-- ERROR:
Traceback (most recent call last):
  File "XXXX", line 10, in <module>
    prin(div)
    ^^^^
NameError: name 'prin' is not defined. Did you mean: 'print'?
-- TEST CASE 2:
---- input:
8
5
---- correct output:
1
3
1.6
40
125
-- ERROR:
Traceback (most recent call last):
  File "XXXX", line 10, in <module>
    prin(div)
    ^^^^
NameError: name 'prin' is not defined. Did you mean: 'print'?
-- TEST CASE 3:
---- input:
10
5
---- correct output:
2
0
2.0
50
125
-- ERROR:
Traceback (most recent call last):
  File "XXXX", line 10, in <module>
    prin(div)
    ^^^^
NameError: name 'prin' is not defined. Did you mean: 'print'?
-- TEST CASE 4:
---- input:
53
2
---- correct output:
26
1
26.5
106
8
-- ERROR:
Traceback (most recent call last):
  File "XXXX", line 10, in <module>
    prin(div)
    ^^^^
NameError: name 'prin' is not defined. Did you mean: 'print'?
-- TEST CASE 5:
---- input:
346
2
---- correct output:
173
0
173.0
692
8
-- ERROR:
Traceback (most recent call last):
  File "XXXX", line 10, in <module>
    prin(div)
    ^^^^
NameError: name 'prin' is not defined. Did you mean: 'print'?
-- TEST CASE 6:
---- input:
347
2
---- correct output:
173
1
173.5
694
8
-- ERROR:
Traceback (most recent call last):
  File "XXXX", line 10, in <module>
    prin(div)
    ^^^^
NameError: name 'prin' is not defined. Did you mean: 'print'?
-- GRADE:
0%
*-*-*-*-*-*-*-*-*-*-*-*-*-*-*-*-*-*-*-*-*-*-*-*
== RUN (2025-08-31 21:22:45)
-- CODE: 
x = int(input())
y = int(input())
q = x // y
r = x % y
div = x / y
prod = x * y
pot = y ** 3

print(q)
print(r)
prin(div)
print(prod)
print(pot)
-- EXECUTION TIME: 
0.0
-- TEST CASE 1:
---- input:
14
2
---- correct output:
7
0
7.0
28
8
-- ERROR:
Traceback (most recent call last):
  File "XXXX", line 11, in <module>
    prin(div)
    ^^^^
NameError: name 'prin' is not defined. Did you mean: 'print'?
-- TEST CASE 2:
---- input:
8
5
---- correct output:
1
3
1.6
40
125
-- ERROR:
Traceback (most recent call last):
  File "XXXX", line 11, in <module>
    prin(div)
    ^^^^
NameError: name 'prin' is not defined. Did you mean: 'print'?
-- TEST CASE 3:
---- input:
10
5
---- correct output:
2
0
2.0
50
125
-- ERROR:
Traceback (most recent call last):
  File "XXXX", line 11, in <module>
    prin(div)
    ^^^^
NameError: name 'prin' is not defined. Did you mean: 'print'?
-- TEST CASE 4:
---- input:
53
2
---- correct output:
26
1
26.5
106
8
-- ERROR:
Traceback (most recent call last):
  File "XXXX", line 11, in <module>
    prin(div)
    ^^^^
NameError: name 'prin' is not defined. Did you mean: 'print'?
-- TEST CASE 5:
---- input:
346
2
---- correct output:
173
0
173.0
692
8
-- ERROR:
Traceback (most recent call last):
  File "XXXX", line 11, in <module>
    prin(div)
    ^^^^
NameError: name 'prin' is not defined. Did you mean: 'print'?
-- TEST CASE 6:
---- input:
347
2
---- correct output:
173
1
173.5
694
8
-- ERROR:
Traceback (most recent call last):
  File "XXXX", line 11, in <module>
    prin(div)
    ^^^^
NameError: name 'prin' is not defined. Did you mean: 'print'?
*-*-*-*-*-*-*-*-*-*-*-*-*-*-*-*-*-*-*-*-*-*-*-*
== SUBMISSION (2025-08-31 21:44:33)
-- CODE: 
x = int (input())
y = int (input())
q = x // y
r = x % y
div = x / y
prod = x * y
pot = y **3
print(q)
print (r)
prin(div)
print(prod)
print(pot)
-- EXECUTION TIME: 
0.0
-- TEST CASE 1:
---- input:
14
2
---- correct output:
7
0
7.0
28
8
-- ERROR:
Traceback (most recent call last):
  File "XXXX", line 10, in <module>
    prin(div)
    ^^^^
NameError: name 'prin' is not defined. Did you mean: 'print'?
-- TEST CASE 2:
---- input:
8
5
---- correct output:
1
3
1.6
40
125
-- ERROR:
Traceback (most recent call last):
  File "XXXX", line 10, in <module>
    prin(div)
    ^^^^
NameError: name 'prin' is not defined. Did you mean: 'print'?
-- TEST CASE 3:
---- input:
10
5
---- correct output:
2
0
2.0
50
125
-- ERROR:
Traceback (most recent call last):
  File "XXXX", line 10, in <module>
    prin(div)
    ^^^^
NameError: name 'prin' is not defined. Did you mean: 'print'?
-- TEST CASE 4:
---- input:
53
2
---- correct output:
26
1
26.5
106
8
-- ERROR:
Traceback (most recent call last):
  File "XXXX", line 10, in <module>
    prin(div)
    ^^^^
NameError: name 'prin' is not defined. Did you mean: 'print'?
-- TEST CASE 5:
---- input:
346
2
---- correct output:
173
0
173.0
692
8
-- ERROR:
Traceback (most recent call last):
  File "XXXX", line 10, in <module>
    prin(div)
    ^^^^
NameError: name 'prin' is not defined. Did you mean: 'print'?
-- TEST CASE 6:
---- input:
347
2
---- correct output:
173
1
173.5
694
8
-- ERROR:
Traceback (most recent call last):
  File "XXXX", line 10, in <module>
    prin(div)
    ^^^^
NameError: name 'prin' is not defined. Did you mean: 'print'?
-- GRADE:
0%
*-*-*-*-*-*-*-*-*-*-*-*-*-*-*-*-*-*-*-*-*-*-*-*
== SUBMISSION (2025-08-31 21:33:39)
-- CODE: 
x = int (input())
y = int (input())
q = x // y
r = x % y
div = x / y
prod = x * y
pot = y ** 3
print(q)
print(r)
prin(div)
print( prod)
print(pot)
-- EXECUTION TIME: 
0.0
-- TEST CASE 1:
---- input:
14
2
---- correct output:
7
0
7.0
28
8
-- ERROR:
Traceback (most recent call last):
  File "XXXX", line 10, in <module>
    prin(div)
    ^^^^
NameError: name 'prin' is not defined. Did you mean: 'print'?
-- TEST CASE 2:
---- input:
8
5
---- correct output:
1
3
1.6
40
125
-- ERROR:
Traceback (most recent call last):
  File "XXXX", line 10, in <module>
    prin(div)
    ^^^^
NameError: name 'prin' is not defined. Did you mean: 'print'?
-- TEST CASE 3:
---- input:
10
5
---- correct output:
2
0
2.0
50
125
-- ERROR:
Traceback (most recent call last):
  File "XXXX", line 10, in <module>
    prin(div)
    ^^^^
NameError: name 'prin' is not defined. Did you mean: 'print'?
-- TEST CASE 4:
---- input:
53
2
---- correct output:
26
1
26.5
106
8
-- ERROR:
Traceback (most recent call last):
  File "XXXX", line 10, in <module>
    prin(div)
    ^^^^
NameError: name 'prin' is not defined. Did you mean: 'print'?
-- TEST CASE 5:
---- input:
346
2
---- correct output:
173
0
173.0
692
8
-- ERROR:
Traceback (most recent call last):
  File "XXXX", line 10, in <module>
    prin(div)
    ^^^^
NameError: name 'prin' is not defined. Did you mean: 'print'?
-- TEST CASE 6:
---- input:
347
2
---- correct output:
173
1
173.5
694
8
-- ERROR:
Traceback (most recent call last):
  File "XXXX", line 10, in <module>
    prin(div)
    ^^^^
NameError: name 'prin' is not defined. Did you mean: 'print'?
-- GRADE:
0%
*-*-*-*-*-*-*-*-*-*-*-*-*-*-*-*-*-*-*-*-*-*-*-*
== SUBMISSION (2025-08-23 02:46:26)
-- CODE: 
x = int (input())
y = int (input())
q = x // y
r = x % y
div = x / y
prod = x * y
pot = y ** 3
print(q)
print (r)
print(div)
print( prod)
print(pot)
-- EXECUTION TIME: 
0.01
-- TEST CASE 1:
---- input:
14
2
---- correct output:
7
0
7.0
28
8
---- user output:
8
-- TEST CASE 2:
---- input:
8
5
---- correct output:
1
3
1.6
40
125
---- user output:
125
-- TEST CASE 3:
---- input:
10
5
---- correct output:
2
0
2.0
50
125
---- user output:
125
-- TEST CASE 4:
---- input:
53
2
---- correct output:
26
1
26.5
106
8
---- user output:
8
-- TEST CASE 5:
---- input:
346
2
---- correct output:
173
0
173.0
692
8
---- user output:
8
-- TEST CASE 6:
---- input:
347
2
---- correct output:
173
1
173.5
694
8
---- user output:
8
-- GRADE:
100%
*-*-*-*-*-*-*-*-*-*-*-*-*-*-*-*-*-*-*-*-*-*-*-*
== SUBMISSION (2025-08-31 21:30:56)
-- CODE: 
x = int (input())
y = int (input())
q = x // y
r = x % y
div = x / y
prod = x * y
pot = y ** 3
print(q)
print(r)
prin(div)
print(prod)
print(pot)
-- EXECUTION TIME: 
0.0
-- TEST CASE 1:
---- input:
14
2
---- correct output:
7
0
7.0
28
8
-- ERROR:
Traceback (most recent call last):
  File "XXXX", line 10, in <module>
    prin(div)
    ^^^^
NameError: name 'prin' is not defined. Did you mean: 'print'?
-- TEST CASE 2:
---- input:
8
5
---- correct output:
1
3
1.6
40
125
-- ERROR:
Traceback (most recent call last):
  File "XXXX", line 10, in <module>
    prin(div)
    ^^^^
NameError: name 'prin' is not defined. Did you mean: 'print'?
-- TEST CASE 3:
---- input:
10
5
---- correct output:
2
0
2.0
50
125
-- ERROR:
Traceback (most recent call last):
  File "XXXX", line 10, in <module>
    prin(div)
    ^^^^
NameError: name 'prin' is not defined. Did you mean: 'print'?
-- TEST CASE 4:
---- input:
53
2
---- correct output:
26
1
26.5
106
8
-- ERROR:
Traceback (most recent call last):
  File "XXXX", line 10, in <module>
    prin(div)
    ^^^^
NameError: name 'prin' is not defined. Did you mean: 'print'?
-- TEST CASE 5:
---- input:
346
2
---- correct output:
173
0
173.0
692
8
-- ERROR:
Traceback (most recent call last):
  File "XXXX", line 10, in <module>
    prin(div)
    ^^^^
NameError: name 'prin' is not defined. Did you mean: 'print'?
-- TEST CASE 6:
---- input:
347
2
---- correct output:
173
1
173.5
694
8
-- ERROR:
Traceback (most recent call last):
  File "XXXX", line 10, in <module>
    prin(div)
    ^^^^
NameError: name 'prin' is not defined. Did you mean: 'print'?
-- GRADE:
0%
*-*-*-*-*-*-*-*-*-*-*-*-*-*-*-*-*-*-*-*-*-*-*-*
== SUBMISSION (2025-08-31 21:33:33)
-- CODE: 
x = int (input())
y = int (input())
q = x // y
r = x % y
div = x / y
prod = x * y
pot = y ** 3
print(q)
print(r)
prin(div)
print( prod)
print(pot)
-- EXECUTION TIME: 
0.0
-- TEST CASE 1:
---- input:
14
2
---- correct output:
7
0
7.0
28
8
-- ERROR:
Traceback (most recent call last):
  File "XXXX", line 10, in <module>
    prin(div)
    ^^^^
NameError: name 'prin' is not defined. Did you mean: 'print'?
-- TEST CASE 2:
---- input:
8
5
---- correct output:
1
3
1.6
40
125
-- ERROR:
Traceback (most recent call last):
  File "XXXX", line 10, in <module>
    prin(div)
    ^^^^
NameError: name 'prin' is not defined. Did you mean: 'print'?
-- TEST CASE 3:
---- input:
10
5
---- correct output:
2
0
2.0
50
125
-- ERROR:
Traceback (most recent call last):
  File "XXXX", line 10, in <module>
    prin(div)
    ^^^^
NameError: name 'prin' is not defined. Did you mean: 'print'?
-- TEST CASE 4:
---- input:
53
2
---- correct output:
26
1
26.5
106
8
-- ERROR:
Traceback (most recent call last):
  File "XXXX", line 10, in <module>
    prin(div)
    ^^^^
NameError: name 'prin' is not defined. Did you mean: 'print'?
-- TEST CASE 5:
---- input:
346
2
---- correct output:
173
0
173.0
692
8
-- ERROR:
Traceback (most recent call last):
  File "XXXX", line 10, in <module>
    prin(div)
    ^^^^
NameError: name 'prin' is not defined. Did you mean: 'print'?
-- TEST CASE 6:
---- input:
347
2
---- correct output:
173
1
173.5
694
8
-- ERROR:
Traceback (most recent call last):
  File "XXXX", line 10, in <module>
    prin(div)
    ^^^^
NameError: name 'prin' is not defined. Did you mean: 'print'?
-- GRADE:
0%
*-*-*-*-*-*-*-*-*-*-*-*-*-*-*-*-*-*-*-*-*-*-*-*
== SUBMISSION (2025-08-31 21:45:40)
-- CODE: 
x = int (input())
y = int (input())
q = x // y
r = x % y
div = x / y
prod = x * y
pot = y ** 3
print(q)
print (r)
print(div)
print(prod)
print(pot)
-- EXECUTION TIME: 
0.01
-- TEST CASE 1:
---- input:
14
2
---- correct output:
7
0
7.0
28
8
---- user output:
8
-- TEST CASE 2:
---- input:
8
5
---- correct output:
1
3
1.6
40
125
---- user output:
125
-- TEST CASE 3:
---- input:
10
5
---- correct output:
2
0
2.0
50
125
---- user output:
125
-- TEST CASE 4:
---- input:
53
2
---- correct output:
26
1
26.5
106
8
---- user output:
8
-- TEST CASE 5:
---- input:
346
2
---- correct output:
173
0
173.0
692
8
---- user output:
8
-- TEST CASE 6:
---- input:
347
2
---- correct output:
173
1
173.5
694
8
---- user output:
8
-- GRADE:
100%
*-*-*-*-*-*-*-*-*-*-*-*-*-*-*-*-*-*-*-*-*-*-*-*
== RUN (2025-08-31 21:41:49)
-- CODE: 
X = int (input())
Y = int (input())
q = X // Y
r = X % Y
div = X / Y
prod = X * Y
pot = Y ** 3
print(q)
print (r)
prin(div)
print(prod)
print(pot)
-- EXECUTION TIME: 
0.0
-- TEST CASE 1:
---- input:
14
2
---- correct output:
7
0
7.0
28
8
-- ERROR:
Traceback (most recent call last):
  File "XXXX", line 10, in <module>
    prin(div)
    ^^^^
NameError: name 'prin' is not defined. Did you mean: 'print'?
-- TEST CASE 2:
---- input:
8
5
---- correct output:
1
3
1.6
40
125
-- ERROR:
Traceback (most recent call last):
  File "XXXX", line 10, in <module>
    prin(div)
    ^^^^
NameError: name 'prin' is not defined. Did you mean: 'print'?
-- TEST CASE 3:
---- input:
10
5
---- correct output:
2
0
2.0
50
125
-- ERROR:
Traceback (most recent call last):
  File "XXXX", line 10, in <module>
    prin(div)
    ^^^^
NameError: name 'prin' is not defined. Did you mean: 'print'?
-- TEST CASE 4:
---- input:
53
2
---- correct output:
26
1
26.5
106
8
-- ERROR:
Traceback (most recent call last):
  File "XXXX", line 10, in <module>
    prin(div)
    ^^^^
NameError: name 'prin' is not defined. Did you mean: 'print'?
-- TEST CASE 5:
---- input:
346
2
---- correct output:
173
0
173.0
692
8
-- ERROR:
Traceback (most recent call last):
  File "XXXX", line 10, in <module>
    prin(div)
    ^^^^
NameError: name 'prin' is not defined. Did you mean: 'print'?
-- TEST CASE 6:
---- input:
347
2
---- correct output:
173
1
173.5
694
8
-- ERROR:
Traceback (most recent call last):
  File "XXXX", line 10, in <module>
    prin(div)
    ^^^^
NameError: name 'prin' is not defined. Did you mean: 'print'?
*-*-*-*-*-*-*-*-*-*-*-*-*-*-*-*-*-*-*-*-*-*-*-*
== SUBMISSION (2025-08-31 21:30:35)
-- CODE: 
x = int (input())
y = int (input())
q = x // y
r = x % y
div = x / y
prod = x * y
pot = y ** 3
print(q)
print(r)
prin(div)
print(prod)
print(pot)
-- EXECUTION TIME: 
0.0
-- TEST CASE 1:
---- input:
14
2
---- correct output:
7
0
7.0
28
8
-- ERROR:
Traceback (most recent call last):
  File "XXXX", line 10, in <module>
    prin(div)
    ^^^^
NameError: name 'prin' is not defined. Did you mean: 'print'?
-- TEST CASE 2:
---- input:
8
5
---- correct output:
1
3
1.6
40
125
-- ERROR:
Traceback (most recent call last):
  File "XXXX", line 10, in <module>
    prin(div)
    ^^^^
NameError: name 'prin' is not defined. Did you mean: 'print'?
-- TEST CASE 3:
---- input:
10
5
---- correct output:
2
0
2.0
50
125
-- ERROR:
Traceback (most recent call last):
  File "XXXX", line 10, in <module>
    prin(div)
    ^^^^
NameError: name 'prin' is not defined. Did you mean: 'print'?
-- TEST CASE 4:
---- input:
53
2
---- correct output:
26
1
26.5
106
8
-- ERROR:
Traceback (most recent call last):
  File "XXXX", line 10, in <module>
    prin(div)
    ^^^^
NameError: name 'prin' is not defined. Did you mean: 'print'?
-- TEST CASE 5:
---- input:
346
2
---- correct output:
173
0
173.0
692
8
-- ERROR:
Traceback (most recent call last):
  File "XXXX", line 10, in <module>
    prin(div)
    ^^^^
NameError: name 'prin' is not defined. Did you mean: 'print'?
-- TEST CASE 6:
---- input:
347
2
---- correct output:
173
1
173.5
694
8
-- ERROR:
Traceback (most recent call last):
  File "XXXX", line 10, in <module>
    prin(div)
    ^^^^
NameError: name 'prin' is not defined. Did you mean: 'print'?
-- GRADE:
0%
*-*-*-*-*-*-*-*-*-*-*-*-*-*-*-*-*-*-*-*-*-*-*-*
== SUBMISSION (2025-08-31 21:22:46)
-- CODE: 
x = int(input())
y = int(input())
q = x // y
r = x % y
div = x / y
prod = x * y
pot = y ** 3

print(q)
print(r)
prin(div)
print(prod)
print(pot)
-- EXECUTION TIME: 
0.0
-- TEST CASE 1:
---- input:
14
2
---- correct output:
7
0
7.0
28
8
-- ERROR:
Traceback (most recent call last):
  File "XXXX", line 11, in <module>
    prin(div)
    ^^^^
NameError: name 'prin' is not defined. Did you mean: 'print'?
-- TEST CASE 2:
---- input:
8
5
---- correct output:
1
3
1.6
40
125
-- ERROR:
Traceback (most recent call last):
  File "XXXX", line 11, in <module>
    prin(div)
    ^^^^
NameError: name 'prin' is not defined. Did you mean: 'print'?
-- TEST CASE 3:
---- input:
10
5
---- correct output:
2
0
2.0
50
125
-- ERROR:
Traceback (most recent call last):
  File "XXXX", line 11, in <module>
    prin(div)
    ^^^^
NameError: name 'prin' is not defined. Did you mean: 'print'?
-- TEST CASE 4:
---- input:
53
2
---- correct output:
26
1
26.5
106
8
-- ERROR:
Traceback (most recent call last):
  File "XXXX", line 11, in <module>
    prin(div)
    ^^^^
NameError: name 'prin' is not defined. Did you mean: 'print'?
-- TEST CASE 5:
---- input:
346
2
---- correct output:
173
0
173.0
692
8
-- ERROR:
Traceback (most recent call last):
  File "XXXX", line 11, in <module>
    prin(div)
    ^^^^
NameError: name 'prin' is not defined. Did you mean: 'print'?
-- TEST CASE 6:
---- input:
347
2
---- correct output:
173
1
173.5
694
8
-- ERROR:
Traceback (most recent call last):
  File "XXXX", line 11, in <module>
    prin(div)
    ^^^^
NameError: name 'prin' is not defined. Did you mean: 'print'?
-- GRADE:
0%
*-*-*-*-*-*-*-*-*-*-*-*-*-*-*-*-*-*-*-*-*-*-*-*
