== RUN (2025-08-28 19:20:57)
-- CODE: 
numero_de_dias = float(input("digite o numero"))

#dados do aluguel

valor_total = 80 * numero_de_dia + numero_de_dias*(18/100)

print(round(valor_total,2))
-- EXECUTION TIME: 
0.0
-- TEST CASE 1:
---- input:
5
---- correct output:
330.4
-- ERROR:
Traceback (most recent call last):
  File "XXXX", line 5, in <module>
    valor_total = 80 * numero_de_dia + numero_de_dias*(18/100)
                       ^^^^^^^^^^^^^
NameError: name 'numero_de_dia' is not defined. Did you mean: 'numero_de_dias'?
-- TEST CASE 2:
---- input:
4
---- correct output:
271.4
-- ERROR:
Traceback (most recent call last):
  File "XXXX", line 5, in <module>
    valor_total = 80 * numero_de_dia + numero_de_dias*(18/100)
                       ^^^^^^^^^^^^^
NameError: name 'numero_de_dia' is not defined. Did you mean: 'numero_de_dias'?
-- TEST CASE 3:
---- input:
9
---- correct output:
566.4
-- ERROR:
Traceback (most recent call last):
  File "XXXX", line 5, in <module>
    valor_total = 80 * numero_de_dia + numero_de_dias*(18/100)
                       ^^^^^^^^^^^^^
NameError: name 'numero_de_dia' is not defined. Did you mean: 'numero_de_dias'?
-- TEST CASE 4:
---- input:
7
---- correct output:
448.4
-- ERROR:
Traceback (most recent call last):
  File "XXXX", line 5, in <module>
    valor_total = 80 * numero_de_dia + numero_de_dias*(18/100)
                       ^^^^^^^^^^^^^
NameError: name 'numero_de_dia' is not defined. Did you mean: 'numero_de_dias'?
-- TEST CASE 5:
---- input:
1
---- correct output:
94.4
-- ERROR:
Traceback (most recent call last):
  File "XXXX", line 5, in <module>
    valor_total = 80 * numero_de_dia + numero_de_dias*(18/100)
                       ^^^^^^^^^^^^^
NameError: name 'numero_de_dia' is not defined. Did you mean: 'numero_de_dias'?
-- TEST CASE 6:
---- input:
4
---- correct output:
271.4
-- ERROR:
Traceback (most recent call last):
  File "XXXX", line 5, in <module>
    valor_total = 80 * numero_de_dia + numero_de_dias*(18/100)
                       ^^^^^^^^^^^^^
NameError: name 'numero_de_dia' is not defined. Did you mean: 'numero_de_dias'?
*-*-*-*-*-*-*-*-*-*-*-*-*-*-*-*-*-*-*-*-*-*-*-*
