== RUN (2025-08-27 23:04:04)
-- CODE: 
Celsius = float(inpur())
Kelvin = round(Celsius + 273.15, 2)
print (Kelvin)
-- EXECUTION TIME: 
0.0
-- TEST CASE 1:
---- input:
20.25
---- correct output:
293.4
-- ERROR:
Traceback (most recent call last):
  File "XXXX", line 1, in <module>
    Celsius = float(inpur())
                    ^^^^^
NameError: name 'inpur' is not defined. Did you mean: 'input'?
-- TEST CASE 2:
---- input:
-10.0
---- correct output:
263.15
-- ERROR:
Traceback (most recent call last):
  File "XXXX", line 1, in <module>
    Celsius = float(inpur())
                    ^^^^^
NameError: name 'inpur' is not defined. Did you mean: 'input'?
-- TEST CASE 3:
---- input:
-40.0
---- correct output:
233.15
-- ERROR:
Traceback (most recent call last):
  File "XXXX", line 1, in <module>
    Celsius = float(inpur())
                    ^^^^^
NameError: name 'inpur' is not defined. Did you mean: 'input'?
-- TEST CASE 4:
---- input:
100.0
---- correct output:
373.15
-- ERROR:
Traceback (most recent call last):
  File "XXXX", line 1, in <module>
    Celsius = float(inpur())
                    ^^^^^
NameError: name 'inpur' is not defined. Did you mean: 'input'?
-- TEST CASE 5:
---- input:
0.0
---- correct output:
273.15
-- ERROR:
Traceback (most recent call last):
  File "XXXX", line 1, in <module>
    Celsius = float(inpur())
                    ^^^^^
NameError: name 'inpur' is not defined. Did you mean: 'input'?
-- TEST CASE 6:
---- input:
30.5
---- correct output:
303.65
-- ERROR:
Traceback (most recent call last):
  File "XXXX", line 1, in <module>
    Celsius = float(inpur())
                    ^^^^^
NameError: name 'inpur' is not defined. Did you mean: 'input'?
*-*-*-*-*-*-*-*-*-*-*-*-*-*-*-*-*-*-*-*-*-*-*-*
== RUN (2025-08-27 23:04:29)
-- CODE: 
Celsius = float(input())
Kelvin = round(Celsius + 273.15, 2)
print (Kelvin)
-- EXECUTION TIME: 
0.0
-- TEST CASE 1:
---- input:
20.25
---- correct output:
293.4
---- user output:
293.4
-- TEST CASE 2:
---- input:
-10.0
---- correct output:
263.15
---- user output:
263.15
-- TEST CASE 3:
---- input:
-40.0
---- correct output:
233.15
---- user output:
233.15
-- TEST CASE 4:
---- input:
100.0
---- correct output:
373.15
---- user output:
373.15
-- TEST CASE 5:
---- input:
0.0
---- correct output:
273.15
---- user output:
273.15
-- TEST CASE 6:
---- input:
30.5
---- correct output:
303.65
---- user output:
303.65
*-*-*-*-*-*-*-*-*-*-*-*-*-*-*-*-*-*-*-*-*-*-*-*
== RUN (2025-08-27 23:03:41)
-- CODE: 
Celsius = float(inpur())
Kelvin = round(Celsius + 273.15)
print (Kelvin)
-- EXECUTION TIME: 
0.0
-- TEST CASE 1:
---- input:
20.25
---- correct output:
293.4
-- ERROR:
Traceback (most recent call last):
  File "XXXX", line 1, in <module>
    Celsius = float(inpur())
                    ^^^^^
NameError: name 'inpur' is not defined. Did you mean: 'input'?
-- TEST CASE 2:
---- input:
-10.0
---- correct output:
263.15
-- ERROR:
Traceback (most recent call last):
  File "XXXX", line 1, in <module>
    Celsius = float(inpur())
                    ^^^^^
NameError: name 'inpur' is not defined. Did you mean: 'input'?
-- TEST CASE 3:
---- input:
-40.0
---- correct output:
233.15
-- ERROR:
Traceback (most recent call last):
  File "XXXX", line 1, in <module>
    Celsius = float(inpur())
                    ^^^^^
NameError: name 'inpur' is not defined. Did you mean: 'input'?
-- TEST CASE 4:
---- input:
100.0
---- correct output:
373.15
-- ERROR:
Traceback (most recent call last):
  File "XXXX", line 1, in <module>
    Celsius = float(inpur())
                    ^^^^^
NameError: name 'inpur' is not defined. Did you mean: 'input'?
-- TEST CASE 5:
---- input:
0.0
---- correct output:
273.15
-- ERROR:
Traceback (most recent call last):
  File "XXXX", line 1, in <module>
    Celsius = float(inpur())
                    ^^^^^
NameError: name 'inpur' is not defined. Did you mean: 'input'?
-- TEST CASE 6:
---- input:
30.5
---- correct output:
303.65
-- ERROR:
Traceback (most recent call last):
  File "XXXX", line 1, in <module>
    Celsius = float(inpur())
                    ^^^^^
NameError: name 'inpur' is not defined. Did you mean: 'input'?
*-*-*-*-*-*-*-*-*-*-*-*-*-*-*-*-*-*-*-*-*-*-*-*
== RUN (2025-08-21 19:25:36)
-- CODE: 
Celsius = float(input())
Kelvin = round(Celsius + 273.15, 2)
print (Kelvin)
-- EXECUTION TIME: 
0.0
-- TEST CASE 1:
---- input:
20.25
---- correct output:
293.4
---- user output:
293.4
-- TEST CASE 2:
---- input:
-10.0
---- correct output:
263.15
---- user output:
263.15
-- TEST CASE 3:
---- input:
-40.0
---- correct output:
233.15
---- user output:
233.15
-- TEST CASE 4:
---- input:
100.0
---- correct output:
373.15
---- user output:
373.15
-- TEST CASE 5:
---- input:
0.0
---- correct output:
273.15
---- user output:
273.15
-- TEST CASE 6:
---- input:
30.5
---- correct output:
303.65
---- user output:
303.65
*-*-*-*-*-*-*-*-*-*-*-*-*-*-*-*-*-*-*-*-*-*-*-*
== RUN (2025-08-27 23:04:03)
-- CODE: 
Celsius = float(inpur())
Kelvin = round(Celsius + 273.15, 2)
print (Kelvin)
-- EXECUTION TIME: 
0.0
-- TEST CASE 1:
---- input:
20.25
---- correct output:
293.4
-- ERROR:
Traceback (most recent call last):
  File "XXXX", line 1, in <module>
    Celsius = float(inpur())
                    ^^^^^
NameError: name 'inpur' is not defined. Did you mean: 'input'?
-- TEST CASE 2:
---- input:
-10.0
---- correct output:
263.15
-- ERROR:
Traceback (most recent call last):
  File "XXXX", line 1, in <module>
    Celsius = float(inpur())
                    ^^^^^
NameError: name 'inpur' is not defined. Did you mean: 'input'?
-- TEST CASE 3:
---- input:
-40.0
---- correct output:
233.15
-- ERROR:
Traceback (most recent call last):
  File "XXXX", line 1, in <module>
    Celsius = float(inpur())
                    ^^^^^
NameError: name 'inpur' is not defined. Did you mean: 'input'?
-- TEST CASE 4:
---- input:
100.0
---- correct output:
373.15
-- ERROR:
Traceback (most recent call last):
  File "XXXX", line 1, in <module>
    Celsius = float(inpur())
                    ^^^^^
NameError: name 'inpur' is not defined. Did you mean: 'input'?
-- TEST CASE 5:
---- input:
0.0
---- correct output:
273.15
-- ERROR:
Traceback (most recent call last):
  File "XXXX", line 1, in <module>
    Celsius = float(inpur())
                    ^^^^^
NameError: name 'inpur' is not defined. Did you mean: 'input'?
-- TEST CASE 6:
---- input:
30.5
---- correct output:
303.65
-- ERROR:
Traceback (most recent call last):
  File "XXXX", line 1, in <module>
    Celsius = float(inpur())
                    ^^^^^
NameError: name 'inpur' is not defined. Did you mean: 'input'?
*-*-*-*-*-*-*-*-*-*-*-*-*-*-*-*-*-*-*-*-*-*-*-*
== RUN (2025-08-27 23:04:14)
-- CODE: 
Celsius = float(input())
Kelvin = round(Celsius + 273.15, 2)
print (Kelvin)
-- EXECUTION TIME: 
0.0
-- TEST CASE 1:
---- input:
20.25
---- correct output:
293.4
---- user output:
293.4
-- TEST CASE 2:
---- input:
-10.0
---- correct output:
263.15
---- user output:
263.15
-- TEST CASE 3:
---- input:
-40.0
---- correct output:
233.15
---- user output:
233.15
-- TEST CASE 4:
---- input:
100.0
---- correct output:
373.15
---- user output:
373.15
-- TEST CASE 5:
---- input:
0.0
---- correct output:
273.15
---- user output:
273.15
-- TEST CASE 6:
---- input:
30.5
---- correct output:
303.65
---- user output:
303.65
*-*-*-*-*-*-*-*-*-*-*-*-*-*-*-*-*-*-*-*-*-*-*-*
== RUN (2025-08-21 19:24:07)
-- CODE: 
Celsius = float(input())
Kelvin = Celsius + 273.15
print (Kelvin)
-- EXECUTION TIME: 
0.0
-- TEST CASE 1:
---- input:
20.25
---- correct output:
293.4
---- user output:
293.4
-- TEST CASE 2:
---- input:
-10.0
---- correct output:
263.15
---- user output:
263.15
-- TEST CASE 3:
---- input:
-40.0
---- correct output:
233.15
---- user output:
233.14999999999998
-- TEST CASE 4:
---- input:
100.0
---- correct output:
373.15
---- user output:
373.15
-- TEST CASE 5:
---- input:
0.0
---- correct output:
273.15
---- user output:
273.15
-- TEST CASE 6:
---- input:
30.5
---- correct output:
303.65
---- user output:
303.65
*-*-*-*-*-*-*-*-*-*-*-*-*-*-*-*-*-*-*-*-*-*-*-*
== RUN (2025-08-27 23:04:05)
-- CODE: 
Celsius = float(inpur())
Kelvin = round(Celsius + 273.15, 2)
print (Kelvin)
-- EXECUTION TIME: 
0.0
-- TEST CASE 1:
---- input:
20.25
---- correct output:
293.4
-- ERROR:
Traceback (most recent call last):
  File "XXXX", line 1, in <module>
    Celsius = float(inpur())
                    ^^^^^
NameError: name 'inpur' is not defined. Did you mean: 'input'?
-- TEST CASE 2:
---- input:
-10.0
---- correct output:
263.15
-- ERROR:
Traceback (most recent call last):
  File "XXXX", line 1, in <module>
    Celsius = float(inpur())
                    ^^^^^
NameError: name 'inpur' is not defined. Did you mean: 'input'?
-- TEST CASE 3:
---- input:
-40.0
---- correct output:
233.15
-- ERROR:
Traceback (most recent call last):
  File "XXXX", line 1, in <module>
    Celsius = float(inpur())
                    ^^^^^
NameError: name 'inpur' is not defined. Did you mean: 'input'?
-- TEST CASE 4:
---- input:
100.0
---- correct output:
373.15
-- ERROR:
Traceback (most recent call last):
  File "XXXX", line 1, in <module>
    Celsius = float(inpur())
                    ^^^^^
NameError: name 'inpur' is not defined. Did you mean: 'input'?
-- TEST CASE 5:
---- input:
0.0
---- correct output:
273.15
-- ERROR:
Traceback (most recent call last):
  File "XXXX", line 1, in <module>
    Celsius = float(inpur())
                    ^^^^^
NameError: name 'inpur' is not defined. Did you mean: 'input'?
-- TEST CASE 6:
---- input:
30.5
---- correct output:
303.65
-- ERROR:
Traceback (most recent call last):
  File "XXXX", line 1, in <module>
    Celsius = float(inpur())
                    ^^^^^
NameError: name 'inpur' is not defined. Did you mean: 'input'?
*-*-*-*-*-*-*-*-*-*-*-*-*-*-*-*-*-*-*-*-*-*-*-*
== SUBMISSION (2025-08-21 19:25:51)
-- CODE: 
Celsius = float(input())
Kelvin = round(Celsius + 273.15, 2)
print (Kelvin)
-- EXECUTION TIME: 
0.01
-- TEST CASE 1:
---- input:
20.25
---- correct output:
293.4
---- user output:
293.4
-- TEST CASE 2:
---- input:
-10.0
---- correct output:
263.15
---- user output:
263.15
-- TEST CASE 3:
---- input:
-40.0
---- correct output:
233.15
---- user output:
233.15
-- TEST CASE 4:
---- input:
100.0
---- correct output:
373.15
---- user output:
373.15
-- TEST CASE 5:
---- input:
0.0
---- correct output:
273.15
---- user output:
273.15
-- TEST CASE 6:
---- input:
30.5
---- correct output:
303.65
---- user output:
303.65
-- GRADE:
100%
*-*-*-*-*-*-*-*-*-*-*-*-*-*-*-*-*-*-*-*-*-*-*-*
