== RUN (2025-08-21 18:38:04)
-- CODE: 
print(total)
total(40+35)

-- EXECUTION TIME: 
0.0
-- TEST CASE 1:
---- input:
xx
---- correct output:
75
-- ERROR:
Traceback (most recent call last):
  File "XXXX", line 1, in <module>
    print(total)
          ^^^^^
NameError: name 'total' is not defined
-- TEST CASE 2:
---- input:
xx
---- correct output:
75
-- ERROR:
Traceback (most recent call last):
  File "XXXX", line 1, in <module>
    print(total)
          ^^^^^
NameError: name 'total' is not defined
*-*-*-*-*-*-*-*-*-*-*-*-*-*-*-*-*-*-*-*-*-*-*-*
== SUBMISSION (2025-08-21 18:38:46)
-- CODE: 
print(35+40)

-- EXECUTION TIME: 
0.01
-- TEST CASE 1:
---- input:
xx
---- correct output:
75
---- user output:
75
-- TEST CASE 2:
---- input:
xx
---- correct output:
75
---- user output:
75
-- GRADE:
100%
*-*-*-*-*-*-*-*-*-*-*-*-*-*-*-*-*-*-*-*-*-*-*-*
== RUN (2025-08-21 18:37:23)
-- CODE: 
print(40+35)

-- EXECUTION TIME: 
0.0
-- TEST CASE 1:
---- input:
xx
---- correct output:
75
---- user output:
75
-- TEST CASE 2:
---- input:
xx
---- correct output:
75
---- user output:
75
*-*-*-*-*-*-*-*-*-*-*-*-*-*-*-*-*-*-*-*-*-*-*-*
== RUN (2025-08-21 18:38:14)
-- CODE: 
print(total)
total=35+40


-- EXECUTION TIME: 
0.0
-- TEST CASE 1:
---- input:
xx
---- correct output:
75
-- ERROR:
Traceback (most recent call last):
  File "XXXX", line 1, in <module>
    print(total)
          ^^^^^
NameError: name 'total' is not defined
-- TEST CASE 2:
---- input:
xx
---- correct output:
75
-- ERROR:
Traceback (most recent call last):
  File "XXXX", line 1, in <module>
    print(total)
          ^^^^^
NameError: name 'total' is not defined
*-*-*-*-*-*-*-*-*-*-*-*-*-*-*-*-*-*-*-*-*-*-*-*
== RUN (2025-08-21 18:38:15)
-- CODE: 
print(total)
total=35+40


-- EXECUTION TIME: 
0.0
-- TEST CASE 1:
---- input:
xx
---- correct output:
75
-- ERROR:
Traceback (most recent call last):
  File "XXXX", line 1, in <module>
    print(total)
          ^^^^^
NameError: name 'total' is not defined
-- TEST CASE 2:
---- input:
xx
---- correct output:
75
-- ERROR:
Traceback (most recent call last):
  File "XXXX", line 1, in <module>
    print(total)
          ^^^^^
NameError: name 'total' is not defined
*-*-*-*-*-*-*-*-*-*-*-*-*-*-*-*-*-*-*-*-*-*-*-*
== RUN (2025-08-21 18:38:44)
-- CODE: 
print(35+40)

-- EXECUTION TIME: 
0.0
-- TEST CASE 1:
---- input:
xx
---- correct output:
75
---- user output:
75
-- TEST CASE 2:
---- input:
xx
---- correct output:
75
---- user output:
75
*-*-*-*-*-*-*-*-*-*-*-*-*-*-*-*-*-*-*-*-*-*-*-*
