== RUN (2025-08-11 15:36:29)
-- CODE: 
# Use este codigo como ponto de partida

# Leitura de valores de entrada
var = Python

# Impressao de saida
print("var")
-- EXECUTION TIME: 
0.0
-- TEST CASE 1:
---- input:
Gandalf
---- correct output:
Gandalf
-- ERROR:
Traceback (most recent call last):
  File "XXXX", line 4, in <module>
    var = Python
          ^^^^^^
NameError: name 'Python' is not defined
-- TEST CASE 2:
---- input:
Donald Knuth
---- correct output:
Donald Knuth
-- ERROR:
Traceback (most recent call last):
  File "XXXX", line 4, in <module>
    var = Python
          ^^^^^^
NameError: name 'Python' is not defined
-- TEST CASE 3:
---- input:
Python
---- correct output:
Python
-- ERROR:
Traceback (most recent call last):
  File "XXXX", line 4, in <module>
    var = Python
          ^^^^^^
NameError: name 'Python' is not defined
-- TEST CASE 4:
---- input:
Ada Lovelace
---- correct output:
Ada Lovelace
-- ERROR:
Traceback (most recent call last):
  File "XXXX", line 4, in <module>
    var = Python
          ^^^^^^
NameError: name 'Python' is not defined
-- TEST CASE 5:
---- input:
Teste
---- correct output:
Teste
-- ERROR:
Traceback (most recent call last):
  File "XXXX", line 4, in <module>
    var = Python
          ^^^^^^
NameError: name 'Python' is not defined
*-*-*-*-*-*-*-*-*-*-*-*-*-*-*-*-*-*-*-*-*-*-*-*
== RUN (2025-08-11 15:34:23)
-- CODE: 
# Use este codigo como ponto de partida

# Leitura de valores de entrada
var = Python

# Impressao de saida
print(input(var))
-- EXECUTION TIME: 
0.0
-- TEST CASE 1:
---- input:
Gandalf
---- correct output:
Gandalf
-- ERROR:
Traceback (most recent call last):
  File "XXXX", line 4, in <module>
    var = Python
          ^^^^^^
NameError: name 'Python' is not defined
-- TEST CASE 2:
---- input:
Donald Knuth
---- correct output:
Donald Knuth
-- ERROR:
Traceback (most recent call last):
  File "XXXX", line 4, in <module>
    var = Python
          ^^^^^^
NameError: name 'Python' is not defined
-- TEST CASE 3:
---- input:
Python
---- correct output:
Python
-- ERROR:
Traceback (most recent call last):
  File "XXXX", line 4, in <module>
    var = Python
          ^^^^^^
NameError: name 'Python' is not defined
-- TEST CASE 4:
---- input:
Ada Lovelace
---- correct output:
Ada Lovelace
-- ERROR:
Traceback (most recent call last):
  File "XXXX", line 4, in <module>
    var = Python
          ^^^^^^
NameError: name 'Python' is not defined
-- TEST CASE 5:
---- input:
Teste
---- correct output:
Teste
-- ERROR:
Traceback (most recent call last):
  File "XXXX", line 4, in <module>
    var = Python
          ^^^^^^
NameError: name 'Python' is not defined
*-*-*-*-*-*-*-*-*-*-*-*-*-*-*-*-*-*-*-*-*-*-*-*
== RUN (2025-08-11 15:39:45)
-- CODE: 
# Use este codigo como ponto de partida

# Leitura de valores de entrada
var = Python

# Impressao de saida
print(input(var))
-- EXECUTION TIME: 
0.0
-- TEST CASE 1:
---- input:
Gandalf
---- correct output:
Gandalf
-- ERROR:
Traceback (most recent call last):
  File "XXXX", line 4, in <module>
    var = Python
          ^^^^^^
NameError: name 'Python' is not defined
-- TEST CASE 2:
---- input:
Donald Knuth
---- correct output:
Donald Knuth
-- ERROR:
Traceback (most recent call last):
  File "XXXX", line 4, in <module>
    var = Python
          ^^^^^^
NameError: name 'Python' is not defined
-- TEST CASE 3:
---- input:
Python
---- correct output:
Python
-- ERROR:
Traceback (most recent call last):
  File "XXXX", line 4, in <module>
    var = Python
          ^^^^^^
NameError: name 'Python' is not defined
-- TEST CASE 4:
---- input:
Ada Lovelace
---- correct output:
Ada Lovelace
-- ERROR:
Traceback (most recent call last):
  File "XXXX", line 4, in <module>
    var = Python
          ^^^^^^
NameError: name 'Python' is not defined
-- TEST CASE 5:
---- input:
Teste
---- correct output:
Teste
-- ERROR:
Traceback (most recent call last):
  File "XXXX", line 4, in <module>
    var = Python
          ^^^^^^
NameError: name 'Python' is not defined
*-*-*-*-*-*-*-*-*-*-*-*-*-*-*-*-*-*-*-*-*-*-*-*
== RUN (2025-08-11 15:36:16)
-- CODE: 
# Use este codigo como ponto de partida

# Leitura de valores de entrada
var = Python

# Impressao de saida
print(var)
-- EXECUTION TIME: 
0.0
-- TEST CASE 1:
---- input:
Gandalf
---- correct output:
Gandalf
-- ERROR:
Traceback (most recent call last):
  File "XXXX", line 4, in <module>
    var = Python
          ^^^^^^
NameError: name 'Python' is not defined
-- TEST CASE 2:
---- input:
Donald Knuth
---- correct output:
Donald Knuth
-- ERROR:
Traceback (most recent call last):
  File "XXXX", line 4, in <module>
    var = Python
          ^^^^^^
NameError: name 'Python' is not defined
-- TEST CASE 3:
---- input:
Python
---- correct output:
Python
-- ERROR:
Traceback (most recent call last):
  File "XXXX", line 4, in <module>
    var = Python
          ^^^^^^
NameError: name 'Python' is not defined
-- TEST CASE 4:
---- input:
Ada Lovelace
---- correct output:
Ada Lovelace
-- ERROR:
Traceback (most recent call last):
  File "XXXX", line 4, in <module>
    var = Python
          ^^^^^^
NameError: name 'Python' is not defined
-- TEST CASE 5:
---- input:
Teste
---- correct output:
Teste
-- ERROR:
Traceback (most recent call last):
  File "XXXX", line 4, in <module>
    var = Python
          ^^^^^^
NameError: name 'Python' is not defined
*-*-*-*-*-*-*-*-*-*-*-*-*-*-*-*-*-*-*-*-*-*-*-*
== RUN (2025-08-11 15:39:44)
-- CODE: 
# Use este codigo como ponto de partida

# Leitura de valores de entrada
var = Python

# Impressao de saida
print(input(var))
-- EXECUTION TIME: 
0.0
-- TEST CASE 1:
---- input:
Gandalf
---- correct output:
Gandalf
-- ERROR:
Traceback (most recent call last):
  File "XXXX", line 4, in <module>
    var = Python
          ^^^^^^
NameError: name 'Python' is not defined
-- TEST CASE 2:
---- input:
Donald Knuth
---- correct output:
Donald Knuth
-- ERROR:
Traceback (most recent call last):
  File "XXXX", line 4, in <module>
    var = Python
          ^^^^^^
NameError: name 'Python' is not defined
-- TEST CASE 3:
---- input:
Python
---- correct output:
Python
-- ERROR:
Traceback (most recent call last):
  File "XXXX", line 4, in <module>
    var = Python
          ^^^^^^
NameError: name 'Python' is not defined
-- TEST CASE 4:
---- input:
Ada Lovelace
---- correct output:
Ada Lovelace
-- ERROR:
Traceback (most recent call last):
  File "XXXX", line 4, in <module>
    var = Python
          ^^^^^^
NameError: name 'Python' is not defined
-- TEST CASE 5:
---- input:
Teste
---- correct output:
Teste
-- ERROR:
Traceback (most recent call last):
  File "XXXX", line 4, in <module>
    var = Python
          ^^^^^^
NameError: name 'Python' is not defined
*-*-*-*-*-*-*-*-*-*-*-*-*-*-*-*-*-*-*-*-*-*-*-*
== RUN (2025-08-11 15:36:28)
-- CODE: 
# Use este codigo como ponto de partida

# Leitura de valores de entrada
var = Python

# Impressao de saida
print("var")
-- EXECUTION TIME: 
0.0
-- TEST CASE 1:
---- input:
Gandalf
---- correct output:
Gandalf
-- ERROR:
Traceback (most recent call last):
  File "XXXX", line 4, in <module>
    var = Python
          ^^^^^^
NameError: name 'Python' is not defined
-- TEST CASE 2:
---- input:
Donald Knuth
---- correct output:
Donald Knuth
-- ERROR:
Traceback (most recent call last):
  File "XXXX", line 4, in <module>
    var = Python
          ^^^^^^
NameError: name 'Python' is not defined
-- TEST CASE 3:
---- input:
Python
---- correct output:
Python
-- ERROR:
Traceback (most recent call last):
  File "XXXX", line 4, in <module>
    var = Python
          ^^^^^^
NameError: name 'Python' is not defined
-- TEST CASE 4:
---- input:
Ada Lovelace
---- correct output:
Ada Lovelace
-- ERROR:
Traceback (most recent call last):
  File "XXXX", line 4, in <module>
    var = Python
          ^^^^^^
NameError: name 'Python' is not defined
-- TEST CASE 5:
---- input:
Teste
---- correct output:
Teste
-- ERROR:
Traceback (most recent call last):
  File "XXXX", line 4, in <module>
    var = Python
          ^^^^^^
NameError: name 'Python' is not defined
*-*-*-*-*-*-*-*-*-*-*-*-*-*-*-*-*-*-*-*-*-*-*-*
== RUN (2025-08-11 15:36:18)
-- CODE: 
# Use este codigo como ponto de partida

# Leitura de valores de entrada
var = Python

# Impressao de saida
print(var)
-- EXECUTION TIME: 
0.0
-- TEST CASE 1:
---- input:
Gandalf
---- correct output:
Gandalf
-- ERROR:
Traceback (most recent call last):
  File "XXXX", line 4, in <module>
    var = Python
          ^^^^^^
NameError: name 'Python' is not defined
-- TEST CASE 2:
---- input:
Donald Knuth
---- correct output:
Donald Knuth
-- ERROR:
Traceback (most recent call last):
  File "XXXX", line 4, in <module>
    var = Python
          ^^^^^^
NameError: name 'Python' is not defined
-- TEST CASE 3:
---- input:
Python
---- correct output:
Python
-- ERROR:
Traceback (most recent call last):
  File "XXXX", line 4, in <module>
    var = Python
          ^^^^^^
NameError: name 'Python' is not defined
-- TEST CASE 4:
---- input:
Ada Lovelace
---- correct output:
Ada Lovelace
-- ERROR:
Traceback (most recent call last):
  File "XXXX", line 4, in <module>
    var = Python
          ^^^^^^
NameError: name 'Python' is not defined
-- TEST CASE 5:
---- input:
Teste
---- correct output:
Teste
-- ERROR:
Traceback (most recent call last):
  File "XXXX", line 4, in <module>
    var = Python
          ^^^^^^
NameError: name 'Python' is not defined
*-*-*-*-*-*-*-*-*-*-*-*-*-*-*-*-*-*-*-*-*-*-*-*
== RUN (2025-08-11 15:36:48)
-- CODE: 
# Use este codigo como ponto de partida

# Leitura de valores de entrada
var = Python

# Impressao de saida
print(var.upper())
-- EXECUTION TIME: 
0.0
-- TEST CASE 1:
---- input:
Gandalf
---- correct output:
Gandalf
-- ERROR:
Traceback (most recent call last):
  File "XXXX", line 4, in <module>
    var = Python
          ^^^^^^
NameError: name 'Python' is not defined
-- TEST CASE 2:
---- input:
Donald Knuth
---- correct output:
Donald Knuth
-- ERROR:
Traceback (most recent call last):
  File "XXXX", line 4, in <module>
    var = Python
          ^^^^^^
NameError: name 'Python' is not defined
-- TEST CASE 3:
---- input:
Python
---- correct output:
Python
-- ERROR:
Traceback (most recent call last):
  File "XXXX", line 4, in <module>
    var = Python
          ^^^^^^
NameError: name 'Python' is not defined
-- TEST CASE 4:
---- input:
Ada Lovelace
---- correct output:
Ada Lovelace
-- ERROR:
Traceback (most recent call last):
  File "XXXX", line 4, in <module>
    var = Python
          ^^^^^^
NameError: name 'Python' is not defined
-- TEST CASE 5:
---- input:
Teste
---- correct output:
Teste
-- ERROR:
Traceback (most recent call last):
  File "XXXX", line 4, in <module>
    var = Python
          ^^^^^^
NameError: name 'Python' is not defined
*-*-*-*-*-*-*-*-*-*-*-*-*-*-*-*-*-*-*-*-*-*-*-*
== RUN (2025-08-11 15:37:09)
-- CODE: 
# Use este codigo como ponto de partida

# Leitura de valores de entrada
nome = Python

# Impressao de saida
print(nome.upper())
-- EXECUTION TIME: 
0.0
-- TEST CASE 1:
---- input:
Gandalf
---- correct output:
Gandalf
-- ERROR:
Traceback (most recent call last):
  File "XXXX", line 4, in <module>
    nome = Python
           ^^^^^^
NameError: name 'Python' is not defined
-- TEST CASE 2:
---- input:
Donald Knuth
---- correct output:
Donald Knuth
-- ERROR:
Traceback (most recent call last):
  File "XXXX", line 4, in <module>
    nome = Python
           ^^^^^^
NameError: name 'Python' is not defined
-- TEST CASE 3:
---- input:
Python
---- correct output:
Python
-- ERROR:
Traceback (most recent call last):
  File "XXXX", line 4, in <module>
    nome = Python
           ^^^^^^
NameError: name 'Python' is not defined
-- TEST CASE 4:
---- input:
Ada Lovelace
---- correct output:
Ada Lovelace
-- ERROR:
Traceback (most recent call last):
  File "XXXX", line 4, in <module>
    nome = Python
           ^^^^^^
NameError: name 'Python' is not defined
-- TEST CASE 5:
---- input:
Teste
---- correct output:
Teste
-- ERROR:
Traceback (most recent call last):
  File "XXXX", line 4, in <module>
    nome = Python
           ^^^^^^
NameError: name 'Python' is not defined
*-*-*-*-*-*-*-*-*-*-*-*-*-*-*-*-*-*-*-*-*-*-*-*
== RUN (2025-08-11 15:41:37)
-- CODE: 
# Use este codigo como ponto de partida

# Leitura de valores de entrada
var = input()

# Impressao de saida
print(var)
-- EXECUTION TIME: 
0.0
-- TEST CASE 1:
---- input:
Gandalf
---- correct output:
Gandalf
---- user output:
Gandalf
-- TEST CASE 2:
---- input:
Donald Knuth
---- correct output:
Donald Knuth
---- user output:
Donald Knuth
-- TEST CASE 3:
---- input:
Python
---- correct output:
Python
---- user output:
Python
-- TEST CASE 4:
---- input:
Ada Lovelace
---- correct output:
Ada Lovelace
---- user output:
Ada Lovelace
-- TEST CASE 5:
---- input:
Teste
---- correct output:
Teste
---- user output:
Teste
*-*-*-*-*-*-*-*-*-*-*-*-*-*-*-*-*-*-*-*-*-*-*-*
== RUN (2025-08-11 15:36:46)
-- CODE: 
# Use este codigo como ponto de partida

# Leitura de valores de entrada
var = Python

# Impressao de saida
print(var.upper())
-- EXECUTION TIME: 
0.0
-- TEST CASE 1:
---- input:
Gandalf
---- correct output:
Gandalf
-- ERROR:
Traceback (most recent call last):
  File "XXXX", line 4, in <module>
    var = Python
          ^^^^^^
NameError: name 'Python' is not defined
-- TEST CASE 2:
---- input:
Donald Knuth
---- correct output:
Donald Knuth
-- ERROR:
Traceback (most recent call last):
  File "XXXX", line 4, in <module>
    var = Python
          ^^^^^^
NameError: name 'Python' is not defined
-- TEST CASE 3:
---- input:
Python
---- correct output:
Python
-- ERROR:
Traceback (most recent call last):
  File "XXXX", line 4, in <module>
    var = Python
          ^^^^^^
NameError: name 'Python' is not defined
-- TEST CASE 4:
---- input:
Ada Lovelace
---- correct output:
Ada Lovelace
-- ERROR:
Traceback (most recent call last):
  File "XXXX", line 4, in <module>
    var = Python
          ^^^^^^
NameError: name 'Python' is not defined
-- TEST CASE 5:
---- input:
Teste
---- correct output:
Teste
-- ERROR:
Traceback (most recent call last):
  File "XXXX", line 4, in <module>
    var = Python
          ^^^^^^
NameError: name 'Python' is not defined
*-*-*-*-*-*-*-*-*-*-*-*-*-*-*-*-*-*-*-*-*-*-*-*
== RUN (2025-08-11 15:37:07)
-- CODE: 
# Use este codigo como ponto de partida

# Leitura de valores de entrada
nome = Python

# Impressao de saida
print(nome.upper())
-- EXECUTION TIME: 
0.0
-- TEST CASE 1:
---- input:
Gandalf
---- correct output:
Gandalf
-- ERROR:
Traceback (most recent call last):
  File "XXXX", line 4, in <module>
    nome = Python
           ^^^^^^
NameError: name 'Python' is not defined
-- TEST CASE 2:
---- input:
Donald Knuth
---- correct output:
Donald Knuth
-- ERROR:
Traceback (most recent call last):
  File "XXXX", line 4, in <module>
    nome = Python
           ^^^^^^
NameError: name 'Python' is not defined
-- TEST CASE 3:
---- input:
Python
---- correct output:
Python
-- ERROR:
Traceback (most recent call last):
  File "XXXX", line 4, in <module>
    nome = Python
           ^^^^^^
NameError: name 'Python' is not defined
-- TEST CASE 4:
---- input:
Ada Lovelace
---- correct output:
Ada Lovelace
-- ERROR:
Traceback (most recent call last):
  File "XXXX", line 4, in <module>
    nome = Python
           ^^^^^^
NameError: name 'Python' is not defined
-- TEST CASE 5:
---- input:
Teste
---- correct output:
Teste
-- ERROR:
Traceback (most recent call last):
  File "XXXX", line 4, in <module>
    nome = Python
           ^^^^^^
NameError: name 'Python' is not defined
*-*-*-*-*-*-*-*-*-*-*-*-*-*-*-*-*-*-*-*-*-*-*-*
== RUN (2025-08-11 15:33:53)
-- CODE: 
# Use este codigo como ponto de partida

# Leitura de valores de entrada
var = Python
input(var)
# Impressao de saida
print(input(var))
-- EXECUTION TIME: 
0.0
-- TEST CASE 1:
---- input:
Gandalf
---- correct output:
Gandalf
-- ERROR:
Traceback (most recent call last):
  File "XXXX", line 4, in <module>
    var = Python
          ^^^^^^
NameError: name 'Python' is not defined
-- TEST CASE 2:
---- input:
Donald Knuth
---- correct output:
Donald Knuth
-- ERROR:
Traceback (most recent call last):
  File "XXXX", line 4, in <module>
    var = Python
          ^^^^^^
NameError: name 'Python' is not defined
-- TEST CASE 3:
---- input:
Python
---- correct output:
Python
-- ERROR:
Traceback (most recent call last):
  File "XXXX", line 4, in <module>
    var = Python
          ^^^^^^
NameError: name 'Python' is not defined
-- TEST CASE 4:
---- input:
Ada Lovelace
---- correct output:
Ada Lovelace
-- ERROR:
Traceback (most recent call last):
  File "XXXX", line 4, in <module>
    var = Python
          ^^^^^^
NameError: name 'Python' is not defined
-- TEST CASE 5:
---- input:
Teste
---- correct output:
Teste
-- ERROR:
Traceback (most recent call last):
  File "XXXX", line 4, in <module>
    var = Python
          ^^^^^^
NameError: name 'Python' is not defined
*-*-*-*-*-*-*-*-*-*-*-*-*-*-*-*-*-*-*-*-*-*-*-*
== RUN (2025-08-11 15:36:17)
-- CODE: 
# Use este codigo como ponto de partida

# Leitura de valores de entrada
var = Python

# Impressao de saida
print(var)
-- EXECUTION TIME: 
0.0
-- TEST CASE 1:
---- input:
Gandalf
---- correct output:
Gandalf
-- ERROR:
Traceback (most recent call last):
  File "XXXX", line 4, in <module>
    var = Python
          ^^^^^^
NameError: name 'Python' is not defined
-- TEST CASE 2:
---- input:
Donald Knuth
---- correct output:
Donald Knuth
-- ERROR:
Traceback (most recent call last):
  File "XXXX", line 4, in <module>
    var = Python
          ^^^^^^
NameError: name 'Python' is not defined
-- TEST CASE 3:
---- input:
Python
---- correct output:
Python
-- ERROR:
Traceback (most recent call last):
  File "XXXX", line 4, in <module>
    var = Python
          ^^^^^^
NameError: name 'Python' is not defined
-- TEST CASE 4:
---- input:
Ada Lovelace
---- correct output:
Ada Lovelace
-- ERROR:
Traceback (most recent call last):
  File "XXXX", line 4, in <module>
    var = Python
          ^^^^^^
NameError: name 'Python' is not defined
-- TEST CASE 5:
---- input:
Teste
---- correct output:
Teste
-- ERROR:
Traceback (most recent call last):
  File "XXXX", line 4, in <module>
    var = Python
          ^^^^^^
NameError: name 'Python' is not defined
*-*-*-*-*-*-*-*-*-*-*-*-*-*-*-*-*-*-*-*-*-*-*-*
== RUN (2025-08-11 15:39:44)
-- CODE: 
# Use este codigo como ponto de partida

# Leitura de valores de entrada
var = Python

# Impressao de saida
print(input(var))
-- EXECUTION TIME: 
0.0
-- TEST CASE 1:
---- input:
Gandalf
---- correct output:
Gandalf
-- ERROR:
Traceback (most recent call last):
  File "XXXX", line 4, in <module>
    var = Python
          ^^^^^^
NameError: name 'Python' is not defined
-- TEST CASE 2:
---- input:
Donald Knuth
---- correct output:
Donald Knuth
-- ERROR:
Traceback (most recent call last):
  File "XXXX", line 4, in <module>
    var = Python
          ^^^^^^
NameError: name 'Python' is not defined
-- TEST CASE 3:
---- input:
Python
---- correct output:
Python
-- ERROR:
Traceback (most recent call last):
  File "XXXX", line 4, in <module>
    var = Python
          ^^^^^^
NameError: name 'Python' is not defined
-- TEST CASE 4:
---- input:
Ada Lovelace
---- correct output:
Ada Lovelace
-- ERROR:
Traceback (most recent call last):
  File "XXXX", line 4, in <module>
    var = Python
          ^^^^^^
NameError: name 'Python' is not defined
-- TEST CASE 5:
---- input:
Teste
---- correct output:
Teste
-- ERROR:
Traceback (most recent call last):
  File "XXXX", line 4, in <module>
    var = Python
          ^^^^^^
NameError: name 'Python' is not defined
*-*-*-*-*-*-*-*-*-*-*-*-*-*-*-*-*-*-*-*-*-*-*-*
== RUN (2025-08-11 15:39:43)
-- CODE: 
# Use este codigo como ponto de partida

# Leitura de valores de entrada
var = Python

# Impressao de saida
print(input(var))
-- EXECUTION TIME: 
0.0
-- TEST CASE 1:
---- input:
Gandalf
---- correct output:
Gandalf
-- ERROR:
Traceback (most recent call last):
  File "XXXX", line 4, in <module>
    var = Python
          ^^^^^^
NameError: name 'Python' is not defined
-- TEST CASE 2:
---- input:
Donald Knuth
---- correct output:
Donald Knuth
-- ERROR:
Traceback (most recent call last):
  File "XXXX", line 4, in <module>
    var = Python
          ^^^^^^
NameError: name 'Python' is not defined
-- TEST CASE 3:
---- input:
Python
---- correct output:
Python
-- ERROR:
Traceback (most recent call last):
  File "XXXX", line 4, in <module>
    var = Python
          ^^^^^^
NameError: name 'Python' is not defined
-- TEST CASE 4:
---- input:
Ada Lovelace
---- correct output:
Ada Lovelace
-- ERROR:
Traceback (most recent call last):
  File "XXXX", line 4, in <module>
    var = Python
          ^^^^^^
NameError: name 'Python' is not defined
-- TEST CASE 5:
---- input:
Teste
---- correct output:
Teste
-- ERROR:
Traceback (most recent call last):
  File "XXXX", line 4, in <module>
    var = Python
          ^^^^^^
NameError: name 'Python' is not defined
*-*-*-*-*-*-*-*-*-*-*-*-*-*-*-*-*-*-*-*-*-*-*-*
== RUN (2025-08-11 15:33:32)
-- CODE: 
# Use este codigo como ponto de partida

# Leitura de valores de entrada
var = Python
input(var)
# Impressao de saida
-- EXECUTION TIME: 
0.0
-- TEST CASE 1:
---- input:
Gandalf
---- correct output:
Gandalf
-- ERROR:
Traceback (most recent call last):
  File "XXXX", line 4, in <module>
    var = Python
          ^^^^^^
NameError: name 'Python' is not defined
-- TEST CASE 2:
---- input:
Donald Knuth
---- correct output:
Donald Knuth
-- ERROR:
Traceback (most recent call last):
  File "XXXX", line 4, in <module>
    var = Python
          ^^^^^^
NameError: name 'Python' is not defined
-- TEST CASE 3:
---- input:
Python
---- correct output:
Python
-- ERROR:
Traceback (most recent call last):
  File "XXXX", line 4, in <module>
    var = Python
          ^^^^^^
NameError: name 'Python' is not defined
-- TEST CASE 4:
---- input:
Ada Lovelace
---- correct output:
Ada Lovelace
-- ERROR:
Traceback (most recent call last):
  File "XXXX", line 4, in <module>
    var = Python
          ^^^^^^
NameError: name 'Python' is not defined
-- TEST CASE 5:
---- input:
Teste
---- correct output:
Teste
-- ERROR:
Traceback (most recent call last):
  File "XXXX", line 4, in <module>
    var = Python
          ^^^^^^
NameError: name 'Python' is not defined
*-*-*-*-*-*-*-*-*-*-*-*-*-*-*-*-*-*-*-*-*-*-*-*
== RUN (2025-08-11 15:31:59)
-- CODE: 
# Use este codigo como ponto de partida

# Leitura de valores de entrada
var = Python

# Impressao de saidas
print(var.input())
-- EXECUTION TIME: 
0.0
-- TEST CASE 1:
---- input:
Gandalf
---- correct output:
Gandalf
-- ERROR:
Traceback (most recent call last):
  File "XXXX", line 4, in <module>
    var = Python
          ^^^^^^
NameError: name 'Python' is not defined
-- TEST CASE 2:
---- input:
Donald Knuth
---- correct output:
Donald Knuth
-- ERROR:
Traceback (most recent call last):
  File "XXXX", line 4, in <module>
    var = Python
          ^^^^^^
NameError: name 'Python' is not defined
-- TEST CASE 3:
---- input:
Python
---- correct output:
Python
-- ERROR:
Traceback (most recent call last):
  File "XXXX", line 4, in <module>
    var = Python
          ^^^^^^
NameError: name 'Python' is not defined
-- TEST CASE 4:
---- input:
Ada Lovelace
---- correct output:
Ada Lovelace
-- ERROR:
Traceback (most recent call last):
  File "XXXX", line 4, in <module>
    var = Python
          ^^^^^^
NameError: name 'Python' is not defined
-- TEST CASE 5:
---- input:
Teste
---- correct output:
Teste
-- ERROR:
Traceback (most recent call last):
  File "XXXX", line 4, in <module>
    var = Python
          ^^^^^^
NameError: name 'Python' is not defined
*-*-*-*-*-*-*-*-*-*-*-*-*-*-*-*-*-*-*-*-*-*-*-*
== RUN (2025-08-11 15:34:04)
-- CODE: 
# Use este codigo como ponto de partida

# Leitura de valores de entrada


# Impressao de saida
print(input(var))
-- EXECUTION TIME: 
0.0
-- TEST CASE 1:
---- input:
Gandalf
---- correct output:
Gandalf
-- ERROR:
Traceback (most recent call last):
  File "XXXX", line 7, in <module>
    print(input(var))
                ^^^
NameError: name 'var' is not defined. Did you mean: 'vars'?
-- TEST CASE 2:
---- input:
Donald Knuth
---- correct output:
Donald Knuth
-- ERROR:
Traceback (most recent call last):
  File "XXXX", line 7, in <module>
    print(input(var))
                ^^^
NameError: name 'var' is not defined. Did you mean: 'vars'?
-- TEST CASE 3:
---- input:
Python
---- correct output:
Python
-- ERROR:
Traceback (most recent call last):
  File "XXXX", line 7, in <module>
    print(input(var))
                ^^^
NameError: name 'var' is not defined. Did you mean: 'vars'?
-- TEST CASE 4:
---- input:
Ada Lovelace
---- correct output:
Ada Lovelace
-- ERROR:
Traceback (most recent call last):
  File "XXXX", line 7, in <module>
    print(input(var))
                ^^^
NameError: name 'var' is not defined. Did you mean: 'vars'?
-- TEST CASE 5:
---- input:
Teste
---- correct output:
Teste
-- ERROR:
Traceback (most recent call last):
  File "XXXX", line 7, in <module>
    print(input(var))
                ^^^
NameError: name 'var' is not defined. Did you mean: 'vars'?
*-*-*-*-*-*-*-*-*-*-*-*-*-*-*-*-*-*-*-*-*-*-*-*
== RUN (2025-08-11 15:33:31)
-- CODE: 
# Use este codigo como ponto de partida

# Leitura de valores de entrada
var = Python
input(var)
# Impressao de saida
-- EXECUTION TIME: 
0.0
-- TEST CASE 1:
---- input:
Gandalf
---- correct output:
Gandalf
-- ERROR:
Traceback (most recent call last):
  File "XXXX", line 4, in <module>
    var = Python
          ^^^^^^
NameError: name 'Python' is not defined
-- TEST CASE 2:
---- input:
Donald Knuth
---- correct output:
Donald Knuth
-- ERROR:
Traceback (most recent call last):
  File "XXXX", line 4, in <module>
    var = Python
          ^^^^^^
NameError: name 'Python' is not defined
-- TEST CASE 3:
---- input:
Python
---- correct output:
Python
-- ERROR:
Traceback (most recent call last):
  File "XXXX", line 4, in <module>
    var = Python
          ^^^^^^
NameError: name 'Python' is not defined
-- TEST CASE 4:
---- input:
Ada Lovelace
---- correct output:
Ada Lovelace
-- ERROR:
Traceback (most recent call last):
  File "XXXX", line 4, in <module>
    var = Python
          ^^^^^^
NameError: name 'Python' is not defined
-- TEST CASE 5:
---- input:
Teste
---- correct output:
Teste
-- ERROR:
Traceback (most recent call last):
  File "XXXX", line 4, in <module>
    var = Python
          ^^^^^^
NameError: name 'Python' is not defined
*-*-*-*-*-*-*-*-*-*-*-*-*-*-*-*-*-*-*-*-*-*-*-*
== RUN (2025-08-11 15:36:19)
-- CODE: 
# Use este codigo como ponto de partida

# Leitura de valores de entrada
var = Python

# Impressao de saida
print(var)
-- EXECUTION TIME: 
0.0
-- TEST CASE 1:
---- input:
Gandalf
---- correct output:
Gandalf
-- ERROR:
Traceback (most recent call last):
  File "XXXX", line 4, in <module>
    var = Python
          ^^^^^^
NameError: name 'Python' is not defined
-- TEST CASE 2:
---- input:
Donald Knuth
---- correct output:
Donald Knuth
-- ERROR:
Traceback (most recent call last):
  File "XXXX", line 4, in <module>
    var = Python
          ^^^^^^
NameError: name 'Python' is not defined
-- TEST CASE 3:
---- input:
Python
---- correct output:
Python
-- ERROR:
Traceback (most recent call last):
  File "XXXX", line 4, in <module>
    var = Python
          ^^^^^^
NameError: name 'Python' is not defined
-- TEST CASE 4:
---- input:
Ada Lovelace
---- correct output:
Ada Lovelace
-- ERROR:
Traceback (most recent call last):
  File "XXXX", line 4, in <module>
    var = Python
          ^^^^^^
NameError: name 'Python' is not defined
-- TEST CASE 5:
---- input:
Teste
---- correct output:
Teste
-- ERROR:
Traceback (most recent call last):
  File "XXXX", line 4, in <module>
    var = Python
          ^^^^^^
NameError: name 'Python' is not defined
*-*-*-*-*-*-*-*-*-*-*-*-*-*-*-*-*-*-*-*-*-*-*-*
== RUN (2025-08-11 15:36:47)
-- CODE: 
# Use este codigo como ponto de partida

# Leitura de valores de entrada
var = Python

# Impressao de saida
print(var.upper())
-- EXECUTION TIME: 
0.0
-- TEST CASE 1:
---- input:
Gandalf
---- correct output:
Gandalf
-- ERROR:
Traceback (most recent call last):
  File "XXXX", line 4, in <module>
    var = Python
          ^^^^^^
NameError: name 'Python' is not defined
-- TEST CASE 2:
---- input:
Donald Knuth
---- correct output:
Donald Knuth
-- ERROR:
Traceback (most recent call last):
  File "XXXX", line 4, in <module>
    var = Python
          ^^^^^^
NameError: name 'Python' is not defined
-- TEST CASE 3:
---- input:
Python
---- correct output:
Python
-- ERROR:
Traceback (most recent call last):
  File "XXXX", line 4, in <module>
    var = Python
          ^^^^^^
NameError: name 'Python' is not defined
-- TEST CASE 4:
---- input:
Ada Lovelace
---- correct output:
Ada Lovelace
-- ERROR:
Traceback (most recent call last):
  File "XXXX", line 4, in <module>
    var = Python
          ^^^^^^
NameError: name 'Python' is not defined
-- TEST CASE 5:
---- input:
Teste
---- correct output:
Teste
-- ERROR:
Traceback (most recent call last):
  File "XXXX", line 4, in <module>
    var = Python
          ^^^^^^
NameError: name 'Python' is not defined
*-*-*-*-*-*-*-*-*-*-*-*-*-*-*-*-*-*-*-*-*-*-*-*
== RUN (2025-08-11 15:32:01)
-- CODE: 
# Use este codigo como ponto de partida

# Leitura de valores de entrada
var = Python

# Impressao de saidas
print(var.input())
-- EXECUTION TIME: 
0.0
-- TEST CASE 1:
---- input:
Gandalf
---- correct output:
Gandalf
-- ERROR:
Traceback (most recent call last):
  File "XXXX", line 4, in <module>
    var = Python
          ^^^^^^
NameError: name 'Python' is not defined
-- TEST CASE 2:
---- input:
Donald Knuth
---- correct output:
Donald Knuth
-- ERROR:
Traceback (most recent call last):
  File "XXXX", line 4, in <module>
    var = Python
          ^^^^^^
NameError: name 'Python' is not defined
-- TEST CASE 3:
---- input:
Python
---- correct output:
Python
-- ERROR:
Traceback (most recent call last):
  File "XXXX", line 4, in <module>
    var = Python
          ^^^^^^
NameError: name 'Python' is not defined
-- TEST CASE 4:
---- input:
Ada Lovelace
---- correct output:
Ada Lovelace
-- ERROR:
Traceback (most recent call last):
  File "XXXX", line 4, in <module>
    var = Python
          ^^^^^^
NameError: name 'Python' is not defined
-- TEST CASE 5:
---- input:
Teste
---- correct output:
Teste
-- ERROR:
Traceback (most recent call last):
  File "XXXX", line 4, in <module>
    var = Python
          ^^^^^^
NameError: name 'Python' is not defined
*-*-*-*-*-*-*-*-*-*-*-*-*-*-*-*-*-*-*-*-*-*-*-*
== RUN (2025-08-11 15:31:11)
-- CODE: 
# Use este codigo como ponto de partida

# Leitura de valores de entrada
var = Python

# Impressao de saidas
print(input(var))
-- EXECUTION TIME: 
0.0
-- TEST CASE 1:
---- input:
Gandalf
---- correct output:
Gandalf
-- ERROR:
Traceback (most recent call last):
  File "XXXX", line 4, in <module>
    var = Python
          ^^^^^^
NameError: name 'Python' is not defined
-- TEST CASE 2:
---- input:
Donald Knuth
---- correct output:
Donald Knuth
-- ERROR:
Traceback (most recent call last):
  File "XXXX", line 4, in <module>
    var = Python
          ^^^^^^
NameError: name 'Python' is not defined
-- TEST CASE 3:
---- input:
Python
---- correct output:
Python
-- ERROR:
Traceback (most recent call last):
  File "XXXX", line 4, in <module>
    var = Python
          ^^^^^^
NameError: name 'Python' is not defined
-- TEST CASE 4:
---- input:
Ada Lovelace
---- correct output:
Ada Lovelace
-- ERROR:
Traceback (most recent call last):
  File "XXXX", line 4, in <module>
    var = Python
          ^^^^^^
NameError: name 'Python' is not defined
-- TEST CASE 5:
---- input:
Teste
---- correct output:
Teste
-- ERROR:
Traceback (most recent call last):
  File "XXXX", line 4, in <module>
    var = Python
          ^^^^^^
NameError: name 'Python' is not defined
*-*-*-*-*-*-*-*-*-*-*-*-*-*-*-*-*-*-*-*-*-*-*-*
== RUN (2025-08-11 15:36:45)
-- CODE: 
# Use este codigo como ponto de partida

# Leitura de valores de entrada
var = Python

# Impressao de saida
print(var.upper())
-- EXECUTION TIME: 
0.0
-- TEST CASE 1:
---- input:
Gandalf
---- correct output:
Gandalf
-- ERROR:
Traceback (most recent call last):
  File "XXXX", line 4, in <module>
    var = Python
          ^^^^^^
NameError: name 'Python' is not defined
-- TEST CASE 2:
---- input:
Donald Knuth
---- correct output:
Donald Knuth
-- ERROR:
Traceback (most recent call last):
  File "XXXX", line 4, in <module>
    var = Python
          ^^^^^^
NameError: name 'Python' is not defined
-- TEST CASE 3:
---- input:
Python
---- correct output:
Python
-- ERROR:
Traceback (most recent call last):
  File "XXXX", line 4, in <module>
    var = Python
          ^^^^^^
NameError: name 'Python' is not defined
-- TEST CASE 4:
---- input:
Ada Lovelace
---- correct output:
Ada Lovelace
-- ERROR:
Traceback (most recent call last):
  File "XXXX", line 4, in <module>
    var = Python
          ^^^^^^
NameError: name 'Python' is not defined
-- TEST CASE 5:
---- input:
Teste
---- correct output:
Teste
-- ERROR:
Traceback (most recent call last):
  File "XXXX", line 4, in <module>
    var = Python
          ^^^^^^
NameError: name 'Python' is not defined
*-*-*-*-*-*-*-*-*-*-*-*-*-*-*-*-*-*-*-*-*-*-*-*
== RUN (2025-08-11 15:33:52)
-- CODE: 
# Use este codigo como ponto de partida

# Leitura de valores de entrada
var = Python
input(var)
# Impressao de saida
print(input(var))
-- EXECUTION TIME: 
0.0
-- TEST CASE 1:
---- input:
Gandalf
---- correct output:
Gandalf
-- ERROR:
Traceback (most recent call last):
  File "XXXX", line 4, in <module>
    var = Python
          ^^^^^^
NameError: name 'Python' is not defined
-- TEST CASE 2:
---- input:
Donald Knuth
---- correct output:
Donald Knuth
-- ERROR:
Traceback (most recent call last):
  File "XXXX", line 4, in <module>
    var = Python
          ^^^^^^
NameError: name 'Python' is not defined
-- TEST CASE 3:
---- input:
Python
---- correct output:
Python
-- ERROR:
Traceback (most recent call last):
  File "XXXX", line 4, in <module>
    var = Python
          ^^^^^^
NameError: name 'Python' is not defined
-- TEST CASE 4:
---- input:
Ada Lovelace
---- correct output:
Ada Lovelace
-- ERROR:
Traceback (most recent call last):
  File "XXXX", line 4, in <module>
    var = Python
          ^^^^^^
NameError: name 'Python' is not defined
-- TEST CASE 5:
---- input:
Teste
---- correct output:
Teste
-- ERROR:
Traceback (most recent call last):
  File "XXXX", line 4, in <module>
    var = Python
          ^^^^^^
NameError: name 'Python' is not defined
*-*-*-*-*-*-*-*-*-*-*-*-*-*-*-*-*-*-*-*-*-*-*-*
== RUN (2025-08-11 15:37:10)
-- CODE: 
# Use este codigo como ponto de partida

# Leitura de valores de entrada
nome = Python

# Impressao de saida
print(nome.upper())
-- EXECUTION TIME: 
0.0
-- TEST CASE 1:
---- input:
Gandalf
---- correct output:
Gandalf
-- ERROR:
Traceback (most recent call last):
  File "XXXX", line 4, in <module>
    nome = Python
           ^^^^^^
NameError: name 'Python' is not defined
-- TEST CASE 2:
---- input:
Donald Knuth
---- correct output:
Donald Knuth
-- ERROR:
Traceback (most recent call last):
  File "XXXX", line 4, in <module>
    nome = Python
           ^^^^^^
NameError: name 'Python' is not defined
-- TEST CASE 3:
---- input:
Python
---- correct output:
Python
-- ERROR:
Traceback (most recent call last):
  File "XXXX", line 4, in <module>
    nome = Python
           ^^^^^^
NameError: name 'Python' is not defined
-- TEST CASE 4:
---- input:
Ada Lovelace
---- correct output:
Ada Lovelace
-- ERROR:
Traceback (most recent call last):
  File "XXXX", line 4, in <module>
    nome = Python
           ^^^^^^
NameError: name 'Python' is not defined
-- TEST CASE 5:
---- input:
Teste
---- correct output:
Teste
-- ERROR:
Traceback (most recent call last):
  File "XXXX", line 4, in <module>
    nome = Python
           ^^^^^^
NameError: name 'Python' is not defined
*-*-*-*-*-*-*-*-*-*-*-*-*-*-*-*-*-*-*-*-*-*-*-*
== RUN (2025-08-11 15:34:42)
-- CODE: 
# Use este codigo como ponto de partida

# Leitura de valores de entrada
var = Python

# Impressao de saida
print(var.input())
-- EXECUTION TIME: 
0.0
-- TEST CASE 1:
---- input:
Gandalf
---- correct output:
Gandalf
-- ERROR:
Traceback (most recent call last):
  File "XXXX", line 4, in <module>
    var = Python
          ^^^^^^
NameError: name 'Python' is not defined
-- TEST CASE 2:
---- input:
Donald Knuth
---- correct output:
Donald Knuth
-- ERROR:
Traceback (most recent call last):
  File "XXXX", line 4, in <module>
    var = Python
          ^^^^^^
NameError: name 'Python' is not defined
-- TEST CASE 3:
---- input:
Python
---- correct output:
Python
-- ERROR:
Traceback (most recent call last):
  File "XXXX", line 4, in <module>
    var = Python
          ^^^^^^
NameError: name 'Python' is not defined
-- TEST CASE 4:
---- input:
Ada Lovelace
---- correct output:
Ada Lovelace
-- ERROR:
Traceback (most recent call last):
  File "XXXX", line 4, in <module>
    var = Python
          ^^^^^^
NameError: name 'Python' is not defined
-- TEST CASE 5:
---- input:
Teste
---- correct output:
Teste
-- ERROR:
Traceback (most recent call last):
  File "XXXX", line 4, in <module>
    var = Python
          ^^^^^^
NameError: name 'Python' is not defined
*-*-*-*-*-*-*-*-*-*-*-*-*-*-*-*-*-*-*-*-*-*-*-*
== SUBMISSION (2025-08-11 15:41:45)
-- CODE: 
# Use este codigo como ponto de partida

# Leitura de valores de entrada
var = input()

# Impressao de saida
print(var)
-- EXECUTION TIME: 
0.01
-- TEST CASE 1:
---- input:
Gandalf
---- correct output:
Gandalf
---- user output:
Gandalf
-- TEST CASE 2:
---- input:
Donald Knuth
---- correct output:
Donald Knuth
---- user output:
Donald Knuth
-- TEST CASE 3:
---- input:
Python
---- correct output:
Python
---- user output:
Python
-- TEST CASE 4:
---- input:
Ada Lovelace
---- correct output:
Ada Lovelace
---- user output:
Ada Lovelace
-- TEST CASE 5:
---- input:
Teste
---- correct output:
Teste
---- user output:
Teste
-- GRADE:
100%
*-*-*-*-*-*-*-*-*-*-*-*-*-*-*-*-*-*-*-*-*-*-*-*
== RUN (2025-08-11 15:33:32)
-- CODE: 
# Use este codigo como ponto de partida

# Leitura de valores de entrada
var = Python
input(var)
# Impressao de saida
-- EXECUTION TIME: 
0.0
-- TEST CASE 1:
---- input:
Gandalf
---- correct output:
Gandalf
-- ERROR:
Traceback (most recent call last):
  File "XXXX", line 4, in <module>
    var = Python
          ^^^^^^
NameError: name 'Python' is not defined
-- TEST CASE 2:
---- input:
Donald Knuth
---- correct output:
Donald Knuth
-- ERROR:
Traceback (most recent call last):
  File "XXXX", line 4, in <module>
    var = Python
          ^^^^^^
NameError: name 'Python' is not defined
-- TEST CASE 3:
---- input:
Python
---- correct output:
Python
-- ERROR:
Traceback (most recent call last):
  File "XXXX", line 4, in <module>
    var = Python
          ^^^^^^
NameError: name 'Python' is not defined
-- TEST CASE 4:
---- input:
Ada Lovelace
---- correct output:
Ada Lovelace
-- ERROR:
Traceback (most recent call last):
  File "XXXX", line 4, in <module>
    var = Python
          ^^^^^^
NameError: name 'Python' is not defined
-- TEST CASE 5:
---- input:
Teste
---- correct output:
Teste
-- ERROR:
Traceback (most recent call last):
  File "XXXX", line 4, in <module>
    var = Python
          ^^^^^^
NameError: name 'Python' is not defined
*-*-*-*-*-*-*-*-*-*-*-*-*-*-*-*-*-*-*-*-*-*-*-*
== RUN (2025-08-11 15:36:49)
-- CODE: 
# Use este codigo como ponto de partida

# Leitura de valores de entrada
var = Python

# Impressao de saida
print(var.upper())
-- EXECUTION TIME: 
0.0
-- TEST CASE 1:
---- input:
Gandalf
---- correct output:
Gandalf
-- ERROR:
Traceback (most recent call last):
  File "XXXX", line 4, in <module>
    var = Python
          ^^^^^^
NameError: name 'Python' is not defined
-- TEST CASE 2:
---- input:
Donald Knuth
---- correct output:
Donald Knuth
-- ERROR:
Traceback (most recent call last):
  File "XXXX", line 4, in <module>
    var = Python
          ^^^^^^
NameError: name 'Python' is not defined
-- TEST CASE 3:
---- input:
Python
---- correct output:
Python
-- ERROR:
Traceback (most recent call last):
  File "XXXX", line 4, in <module>
    var = Python
          ^^^^^^
NameError: name 'Python' is not defined
-- TEST CASE 4:
---- input:
Ada Lovelace
---- correct output:
Ada Lovelace
-- ERROR:
Traceback (most recent call last):
  File "XXXX", line 4, in <module>
    var = Python
          ^^^^^^
NameError: name 'Python' is not defined
-- TEST CASE 5:
---- input:
Teste
---- correct output:
Teste
-- ERROR:
Traceback (most recent call last):
  File "XXXX", line 4, in <module>
    var = Python
          ^^^^^^
NameError: name 'Python' is not defined
*-*-*-*-*-*-*-*-*-*-*-*-*-*-*-*-*-*-*-*-*-*-*-*
== RUN (2025-08-11 15:35:27)
-- CODE: 
# Use este codigo como ponto de partida

# Leitura de valores de entrada
var = Python

# Impressao de saida
print(var.input(var))
-- EXECUTION TIME: 
0.0
-- TEST CASE 1:
---- input:
Gandalf
---- correct output:
Gandalf
-- ERROR:
Traceback (most recent call last):
  File "XXXX", line 4, in <module>
    var = Python
          ^^^^^^
NameError: name 'Python' is not defined
-- TEST CASE 2:
---- input:
Donald Knuth
---- correct output:
Donald Knuth
-- ERROR:
Traceback (most recent call last):
  File "XXXX", line 4, in <module>
    var = Python
          ^^^^^^
NameError: name 'Python' is not defined
-- TEST CASE 3:
---- input:
Python
---- correct output:
Python
-- ERROR:
Traceback (most recent call last):
  File "XXXX", line 4, in <module>
    var = Python
          ^^^^^^
NameError: name 'Python' is not defined
-- TEST CASE 4:
---- input:
Ada Lovelace
---- correct output:
Ada Lovelace
-- ERROR:
Traceback (most recent call last):
  File "XXXX", line 4, in <module>
    var = Python
          ^^^^^^
NameError: name 'Python' is not defined
-- TEST CASE 5:
---- input:
Teste
---- correct output:
Teste
-- ERROR:
Traceback (most recent call last):
  File "XXXX", line 4, in <module>
    var = Python
          ^^^^^^
NameError: name 'Python' is not defined
*-*-*-*-*-*-*-*-*-*-*-*-*-*-*-*-*-*-*-*-*-*-*-*
== RUN (2025-08-11 15:35:28)
-- CODE: 
# Use este codigo como ponto de partida

# Leitura de valores de entrada
var = Python

# Impressao de saida
print(var.input(var))
-- EXECUTION TIME: 
0.0
-- TEST CASE 1:
---- input:
Gandalf
---- correct output:
Gandalf
-- ERROR:
Traceback (most recent call last):
  File "XXXX", line 4, in <module>
    var = Python
          ^^^^^^
NameError: name 'Python' is not defined
-- TEST CASE 2:
---- input:
Donald Knuth
---- correct output:
Donald Knuth
-- ERROR:
Traceback (most recent call last):
  File "XXXX", line 4, in <module>
    var = Python
          ^^^^^^
NameError: name 'Python' is not defined
-- TEST CASE 3:
---- input:
Python
---- correct output:
Python
-- ERROR:
Traceback (most recent call last):
  File "XXXX", line 4, in <module>
    var = Python
          ^^^^^^
NameError: name 'Python' is not defined
-- TEST CASE 4:
---- input:
Ada Lovelace
---- correct output:
Ada Lovelace
-- ERROR:
Traceback (most recent call last):
  File "XXXX", line 4, in <module>
    var = Python
          ^^^^^^
NameError: name 'Python' is not defined
-- TEST CASE 5:
---- input:
Teste
---- correct output:
Teste
-- ERROR:
Traceback (most recent call last):
  File "XXXX", line 4, in <module>
    var = Python
          ^^^^^^
NameError: name 'Python' is not defined
*-*-*-*-*-*-*-*-*-*-*-*-*-*-*-*-*-*-*-*-*-*-*-*
== RUN (2025-08-11 15:34:04)
-- CODE: 
# Use este codigo como ponto de partida

# Leitura de valores de entrada


# Impressao de saida
print(input(var))
-- EXECUTION TIME: 
0.0
-- TEST CASE 1:
---- input:
Gandalf
---- correct output:
Gandalf
-- ERROR:
Traceback (most recent call last):
  File "XXXX", line 7, in <module>
    print(input(var))
                ^^^
NameError: name 'var' is not defined. Did you mean: 'vars'?
-- TEST CASE 2:
---- input:
Donald Knuth
---- correct output:
Donald Knuth
-- ERROR:
Traceback (most recent call last):
  File "XXXX", line 7, in <module>
    print(input(var))
                ^^^
NameError: name 'var' is not defined. Did you mean: 'vars'?
-- TEST CASE 3:
---- input:
Python
---- correct output:
Python
-- ERROR:
Traceback (most recent call last):
  File "XXXX", line 7, in <module>
    print(input(var))
                ^^^
NameError: name 'var' is not defined. Did you mean: 'vars'?
-- TEST CASE 4:
---- input:
Ada Lovelace
---- correct output:
Ada Lovelace
-- ERROR:
Traceback (most recent call last):
  File "XXXX", line 7, in <module>
    print(input(var))
                ^^^
NameError: name 'var' is not defined. Did you mean: 'vars'?
-- TEST CASE 5:
---- input:
Teste
---- correct output:
Teste
-- ERROR:
Traceback (most recent call last):
  File "XXXX", line 7, in <module>
    print(input(var))
                ^^^
NameError: name 'var' is not defined. Did you mean: 'vars'?
*-*-*-*-*-*-*-*-*-*-*-*-*-*-*-*-*-*-*-*-*-*-*-*
