== RUN (2025-08-20 17:43:26)
-- CODE: 
c = float(input(""))
k = c + 273.15
print(round(k, 2))
-- EXECUTION TIME: 
0.0
-- TEST CASE 1:
---- input:
20.25
---- correct output:
293.4
---- user output:
293.4
-- TEST CASE 2:
---- input:
-10.0
---- correct output:
263.15
---- user output:
263.15
-- TEST CASE 3:
---- input:
-40.0
---- correct output:
233.15
---- user output:
233.15
-- TEST CASE 4:
---- input:
100.0
---- correct output:
373.15
---- user output:
373.15
-- TEST CASE 5:
---- input:
0.0
---- correct output:
273.15
---- user output:
273.15
-- TEST CASE 6:
---- input:
30.5
---- correct output:
303.65
---- user output:
303.65
*-*-*-*-*-*-*-*-*-*-*-*-*-*-*-*-*-*-*-*-*-*-*-*
== RUN (2025-08-20 12:31:19)
-- CODE: 
c = float(input(""))
k = c + 273,15
print(round(k, 2))
-- EXECUTION TIME: 
0.0
-- TEST CASE 1:
---- input:
20.25
---- correct output:
293.4
-- ERROR:
Traceback (most recent call last):
  File "XXXX", line 3, in <module>
    print(round(k, 2))
          ^^^^^^^^^^^
TypeError: type tuple doesn't define __round__ method
-- TEST CASE 2:
---- input:
-10.0
---- correct output:
263.15
-- ERROR:
Traceback (most recent call last):
  File "XXXX", line 3, in <module>
    print(round(k, 2))
          ^^^^^^^^^^^
TypeError: type tuple doesn't define __round__ method
-- TEST CASE 3:
---- input:
-40.0
---- correct output:
233.15
-- ERROR:
Traceback (most recent call last):
  File "XXXX", line 3, in <module>
    print(round(k, 2))
          ^^^^^^^^^^^
TypeError: type tuple doesn't define __round__ method
-- TEST CASE 4:
---- input:
100.0
---- correct output:
373.15
-- ERROR:
Traceback (most recent call last):
  File "XXXX", line 3, in <module>
    print(round(k, 2))
          ^^^^^^^^^^^
TypeError: type tuple doesn't define __round__ method
-- TEST CASE 5:
---- input:
0.0
---- correct output:
273.15
-- ERROR:
Traceback (most recent call last):
  File "XXXX", line 3, in <module>
    print(round(k, 2))
          ^^^^^^^^^^^
TypeError: type tuple doesn't define __round__ method
-- TEST CASE 6:
---- input:
30.5
---- correct output:
303.65
-- ERROR:
Traceback (most recent call last):
  File "XXXX", line 3, in <module>
    print(round(k, 2))
          ^^^^^^^^^^^
TypeError: type tuple doesn't define __round__ method
*-*-*-*-*-*-*-*-*-*-*-*-*-*-*-*-*-*-*-*-*-*-*-*
== RUN (2025-08-20 12:33:30)
-- CODE: 
c = float(input(""))
k = c + 273,15
print(k)
-- EXECUTION TIME: 
0.0
-- TEST CASE 1:
---- input:
20.25
---- correct output:
293.4
---- user output:
(293.25, 15)
-- TEST CASE 2:
---- input:
-10.0
---- correct output:
263.15
---- user output:
(263.0, 15)
-- TEST CASE 3:
---- input:
-40.0
---- correct output:
233.15
---- user output:
(233.0, 15)
-- TEST CASE 4:
---- input:
100.0
---- correct output:
373.15
---- user output:
(373.0, 15)
-- TEST CASE 5:
---- input:
0.0
---- correct output:
273.15
---- user output:
(273.0, 15)
-- TEST CASE 6:
---- input:
30.5
---- correct output:
303.65
---- user output:
(303.5, 15)
*-*-*-*-*-*-*-*-*-*-*-*-*-*-*-*-*-*-*-*-*-*-*-*
== RUN (2025-08-20 12:32:01)
-- CODE: 
c = float(input(""))
k = c + 273,15
print(round(k, 2))
-- EXECUTION TIME: 
0.0
-- TEST CASE 1:
---- input:
20.25
---- correct output:
293.4
-- ERROR:
Traceback (most recent call last):
  File "XXXX", line 3, in <module>
    print(round(k, 2))
          ^^^^^^^^^^^
TypeError: type tuple doesn't define __round__ method
-- TEST CASE 2:
---- input:
-10.0
---- correct output:
263.15
-- ERROR:
Traceback (most recent call last):
  File "XXXX", line 3, in <module>
    print(round(k, 2))
          ^^^^^^^^^^^
TypeError: type tuple doesn't define __round__ method
-- TEST CASE 3:
---- input:
-40.0
---- correct output:
233.15
-- ERROR:
Traceback (most recent call last):
  File "XXXX", line 3, in <module>
    print(round(k, 2))
          ^^^^^^^^^^^
TypeError: type tuple doesn't define __round__ method
-- TEST CASE 4:
---- input:
100.0
---- correct output:
373.15
-- ERROR:
Traceback (most recent call last):
  File "XXXX", line 3, in <module>
    print(round(k, 2))
          ^^^^^^^^^^^
TypeError: type tuple doesn't define __round__ method
-- TEST CASE 5:
---- input:
0.0
---- correct output:
273.15
-- ERROR:
Traceback (most recent call last):
  File "XXXX", line 3, in <module>
    print(round(k, 2))
          ^^^^^^^^^^^
TypeError: type tuple doesn't define __round__ method
-- TEST CASE 6:
---- input:
30.5
---- correct output:
303.65
-- ERROR:
Traceback (most recent call last):
  File "XXXX", line 3, in <module>
    print(round(k, 2))
          ^^^^^^^^^^^
TypeError: type tuple doesn't define __round__ method
*-*-*-*-*-*-*-*-*-*-*-*-*-*-*-*-*-*-*-*-*-*-*-*
== RUN (2025-08-20 17:42:30)
-- CODE: 
c = float(input(""))
k = c + 273,15
print(k)
-- EXECUTION TIME: 
0.0
-- TEST CASE 1:
---- input:
20.25
---- correct output:
293.4
---- user output:
(293.25, 15)
-- TEST CASE 2:
---- input:
-10.0
---- correct output:
263.15
---- user output:
(263.0, 15)
-- TEST CASE 3:
---- input:
-40.0
---- correct output:
233.15
---- user output:
(233.0, 15)
-- TEST CASE 4:
---- input:
100.0
---- correct output:
373.15
---- user output:
(373.0, 15)
-- TEST CASE 5:
---- input:
0.0
---- correct output:
273.15
---- user output:
(273.0, 15)
-- TEST CASE 6:
---- input:
30.5
---- correct output:
303.65
---- user output:
(303.5, 15)
*-*-*-*-*-*-*-*-*-*-*-*-*-*-*-*-*-*-*-*-*-*-*-*
== RUN (2025-08-20 17:42:14)
-- CODE: 
c = float(input(""))
k = c + 273,15
print(k)
-- EXECUTION TIME: 
0.0
-- TEST CASE 1:
---- input:
20.25
---- correct output:
293.4
---- user output:
(293.25, 15)
-- TEST CASE 2:
---- input:
-10.0
---- correct output:
263.15
---- user output:
(263.0, 15)
-- TEST CASE 3:
---- input:
-40.0
---- correct output:
233.15
---- user output:
(233.0, 15)
-- TEST CASE 4:
---- input:
100.0
---- correct output:
373.15
---- user output:
(373.0, 15)
-- TEST CASE 5:
---- input:
0.0
---- correct output:
273.15
---- user output:
(273.0, 15)
-- TEST CASE 6:
---- input:
30.5
---- correct output:
303.65
---- user output:
(303.5, 15)
*-*-*-*-*-*-*-*-*-*-*-*-*-*-*-*-*-*-*-*-*-*-*-*
== RUN (2025-08-20 12:32:50)
-- CODE: 
c = float(input(""))
k = c + 273,15
print(round(k, 2))
-- EXECUTION TIME: 
0.0
-- TEST CASE 1:
---- input:
20.25
---- correct output:
293.4
-- ERROR:
Traceback (most recent call last):
  File "XXXX", line 3, in <module>
    print(round(k, 2))
          ^^^^^^^^^^^
TypeError: type tuple doesn't define __round__ method
-- TEST CASE 2:
---- input:
-10.0
---- correct output:
263.15
-- ERROR:
Traceback (most recent call last):
  File "XXXX", line 3, in <module>
    print(round(k, 2))
          ^^^^^^^^^^^
TypeError: type tuple doesn't define __round__ method
-- TEST CASE 3:
---- input:
-40.0
---- correct output:
233.15
-- ERROR:
Traceback (most recent call last):
  File "XXXX", line 3, in <module>
    print(round(k, 2))
          ^^^^^^^^^^^
TypeError: type tuple doesn't define __round__ method
-- TEST CASE 4:
---- input:
100.0
---- correct output:
373.15
-- ERROR:
Traceback (most recent call last):
  File "XXXX", line 3, in <module>
    print(round(k, 2))
          ^^^^^^^^^^^
TypeError: type tuple doesn't define __round__ method
-- TEST CASE 5:
---- input:
0.0
---- correct output:
273.15
-- ERROR:
Traceback (most recent call last):
  File "XXXX", line 3, in <module>
    print(round(k, 2))
          ^^^^^^^^^^^
TypeError: type tuple doesn't define __round__ method
-- TEST CASE 6:
---- input:
30.5
---- correct output:
303.65
-- ERROR:
Traceback (most recent call last):
  File "XXXX", line 3, in <module>
    print(round(k, 2))
          ^^^^^^^^^^^
TypeError: type tuple doesn't define __round__ method
*-*-*-*-*-*-*-*-*-*-*-*-*-*-*-*-*-*-*-*-*-*-*-*
== RUN (2025-08-20 17:43:06)
-- CODE: 
c = float(input(""))
k = c + 273.15
print(k)
-- EXECUTION TIME: 
0.0
-- TEST CASE 1:
---- input:
20.25
---- correct output:
293.4
---- user output:
293.4
-- TEST CASE 2:
---- input:
-10.0
---- correct output:
263.15
---- user output:
263.15
-- TEST CASE 3:
---- input:
-40.0
---- correct output:
233.15
---- user output:
233.14999999999998
-- TEST CASE 4:
---- input:
100.0
---- correct output:
373.15
---- user output:
373.15
-- TEST CASE 5:
---- input:
0.0
---- correct output:
273.15
---- user output:
273.15
-- TEST CASE 6:
---- input:
30.5
---- correct output:
303.65
---- user output:
303.65
*-*-*-*-*-*-*-*-*-*-*-*-*-*-*-*-*-*-*-*-*-*-*-*
== RUN (2025-08-20 12:32:27)
-- CODE: 
c = float(input(""))
k = c + 273,15
print(k)
-- EXECUTION TIME: 
0.0
-- TEST CASE 1:
---- input:
20.25
---- correct output:
293.4
---- user output:
(293.25, 15)
-- TEST CASE 2:
---- input:
-10.0
---- correct output:
263.15
---- user output:
(263.0, 15)
-- TEST CASE 3:
---- input:
-40.0
---- correct output:
233.15
---- user output:
(233.0, 15)
-- TEST CASE 4:
---- input:
100.0
---- correct output:
373.15
---- user output:
(373.0, 15)
-- TEST CASE 5:
---- input:
0.0
---- correct output:
273.15
---- user output:
(273.0, 15)
-- TEST CASE 6:
---- input:
30.5
---- correct output:
303.65
---- user output:
(303.5, 15)
*-*-*-*-*-*-*-*-*-*-*-*-*-*-*-*-*-*-*-*-*-*-*-*
== RUN (2025-08-20 12:31:04)
-- CODE: 
c = float(input(""))
k = c + 273,15
print(round(c, 2))
-- EXECUTION TIME: 
0.0
-- TEST CASE 1:
---- input:
20.25
---- correct output:
293.4
---- user output:
20.25
-- TEST CASE 2:
---- input:
-10.0
---- correct output:
263.15
---- user output:
-10.0
-- TEST CASE 3:
---- input:
-40.0
---- correct output:
233.15
---- user output:
-40.0
-- TEST CASE 4:
---- input:
100.0
---- correct output:
373.15
---- user output:
100.0
-- TEST CASE 5:
---- input:
0.0
---- correct output:
273.15
---- user output:
0.0
-- TEST CASE 6:
---- input:
30.5
---- correct output:
303.65
---- user output:
30.5
*-*-*-*-*-*-*-*-*-*-*-*-*-*-*-*-*-*-*-*-*-*-*-*
== SUBMISSION (2025-08-20 17:43:56)
-- CODE: 
c = float(input(""))
k = c + 273.15
print(round(k, 2))
-- EXECUTION TIME: 
0.01
-- TEST CASE 1:
---- input:
20.25
---- correct output:
293.4
---- user output:
293.4
-- TEST CASE 2:
---- input:
-10.0
---- correct output:
263.15
---- user output:
263.15
-- TEST CASE 3:
---- input:
-40.0
---- correct output:
233.15
---- user output:
233.15
-- TEST CASE 4:
---- input:
100.0
---- correct output:
373.15
---- user output:
373.15
-- TEST CASE 5:
---- input:
0.0
---- correct output:
273.15
---- user output:
273.15
-- TEST CASE 6:
---- input:
30.5
---- correct output:
303.65
---- user output:
303.65
-- GRADE:
100%
*-*-*-*-*-*-*-*-*-*-*-*-*-*-*-*-*-*-*-*-*-*-*-*
