== SUBMISSION (2025-08-12 22:56:41)
-- CODE: 
(xx+75)
-- EXECUTION TIME: 
0.0
-- TEST CASE 1:
---- input:
xx
---- correct output:
75
-- ERROR:
Traceback (most recent call last):
  File "XXXX", line 1, in <module>
    (xx+75)
     ^^
NameError: name 'xx' is not defined
-- TEST CASE 2:
---- input:
xx
---- correct output:
75
-- ERROR:
Traceback (most recent call last):
  File "XXXX", line 1, in <module>
    (xx+75)
     ^^
NameError: name 'xx' is not defined
-- GRADE:
0%
*-*-*-*-*-*-*-*-*-*-*-*-*-*-*-*-*-*-*-*-*-*-*-*
== SUBMISSION (2025-08-12 22:57:08)
-- CODE: 
(40+35=75)
-- EXECUTION TIME: 
0.0
-- TEST CASE 1:
---- input:
xx
---- correct output:
75
-- ERROR:
File "XXXX", line 1
    (40+35=75)
     ^^^^^
SyntaxError: cannot assign to expression here. Maybe you meant '==' instead of '='?
-- TEST CASE 2:
---- input:
xx
---- correct output:
75
-- ERROR:
File "XXXX", line 1
    (40+35=75)
     ^^^^^
SyntaxError: cannot assign to expression here. Maybe you meant '==' instead of '='?
-- GRADE:
0%
*-*-*-*-*-*-*-*-*-*-*-*-*-*-*-*-*-*-*-*-*-*-*-*
== SUBMISSION (2025-08-12 22:58:50)
-- CODE: 
print (35+40
      )
-- EXECUTION TIME: 
0.01
-- TEST CASE 1:
---- input:
xx
---- correct output:
75
---- user output:
75
-- TEST CASE 2:
---- input:
xx
---- correct output:
75
---- user output:
75
-- GRADE:
100%
*-*-*-*-*-*-*-*-*-*-*-*-*-*-*-*-*-*-*-*-*-*-*-*
== SUBMISSION (2025-08-12 22:56:18)
-- CODE: 
(xx)
-- EXECUTION TIME: 
0.0
-- TEST CASE 1:
---- input:
xx
---- correct output:
75
-- ERROR:
Traceback (most recent call last):
  File "XXXX", line 1, in <module>
    (xx)
     ^^
NameError: name 'xx' is not defined
-- TEST CASE 2:
---- input:
xx
---- correct output:
75
-- ERROR:
Traceback (most recent call last):
  File "XXXX", line 1, in <module>
    (xx)
     ^^
NameError: name 'xx' is not defined
-- GRADE:
0%
*-*-*-*-*-*-*-*-*-*-*-*-*-*-*-*-*-*-*-*-*-*-*-*
